[  1%] Built target riley_interfaces__cpp
[ 12%] Built target riley_interfaces__rosidl_generator_c
[ 57%] Built target riley_interfaces__rosidl_typesupport_introspection_c
[ 57%] Built target riley_interfaces__rosidl_typesupport_cpp
[ 57%] Built target riley_interfaces__rosidl_typesupport_introspection_cpp
[ 57%] Built target riley_interfaces__rosidl_typesupport_c
[ 69%] Built target riley_interfaces__rosidl_typesupport_fastrtps_cpp
[ 80%] Built target riley_interfaces__rosidl_typesupport_fastrtps_c
[ 80%] Built target riley_interfaces
[ 81%] Built target riley_interfaces__py
[ 91%] Built target riley_interfaces__python
[ 97%] Built target riley_interfaces__rosidl_typesupport_fastrtps_c__pyext
[ 97%] Built target riley_interfaces__rosidl_typesupport_introspection_c__pyext
[100%] Built target riley_interfaces__rosidl_typesupport_c__pyext
-- Install configuration: ""
-- Up-to-date: /home/student/rileyRobot_ws/install/riley_interfaces/share/ament_index/resource_index/rosidl_interfaces/riley_interfaces
-- Up-to-date: /home/student/rileyRobot_ws/install/riley_interfaces/include/riley_interfaces
-- Up-to-date: /home/student/rileyRobot_ws/install/riley_interfaces/include/riley_interfaces/msg
-- Up-to-date: /home/student/rileyRobot_ws/install/riley_interfaces/include/riley_interfaces/msg/detail
-- Up-to-date: /home/student/rileyRobot_ws/install/riley_interfaces/include/riley_interfaces/msg/detail/accelerometer__type_support.h
-- Up-to-date: /home/student/rileyRobot_ws/install/riley_interfaces/include/riley_interfaces/msg/detail/battery_status__struct.h
-- Up-to-date: /home/student/rileyRobot_ws/install/riley_interfaces/include/riley_interfaces/msg/detail/xbox_input__functions.c
-- Up-to-date: /home/student/rileyRobot_ws/install/riley_interfaces/include/riley_interfaces/msg/detail/battery_status__functions.h
-- Up-to-date: /home/student/rileyRobot_ws/install/riley_interfaces/include/riley_interfaces/msg/detail/accelerometer__functions.c
-- Up-to-date: /home/student/rileyRobot_ws/install/riley_interfaces/include/riley_interfaces/msg/detail/xbox_input__struct.h
-- Up-to-date: /home/student/rileyRobot_ws/install/riley_interfaces/include/riley_interfaces/msg/detail/xbox_input__type_support.h
-- Up-to-date: /home/student/rileyRobot_ws/install/riley_interfaces/include/riley_interfaces/msg/detail/battery_status__functions.c
-- Up-to-date: /home/student/rileyRobot_ws/install/riley_interfaces/include/riley_interfaces/msg/detail/xbox_input__functions.h
-- Up-to-date: /home/student/rileyRobot_ws/install/riley_interfaces/include/riley_interfaces/msg/detail/accelerometer__struct.h
-- Up-to-date: /home/student/rileyRobot_ws/install/riley_interfaces/include/riley_interfaces/msg/detail/camera_image__functions.c
-- Up-to-date: /home/student/rileyRobot_ws/install/riley_interfaces/include/riley_interfaces/msg/detail/imu_sensor_data__functions.c
-- Up-to-date: /home/student/rileyRobot_ws/install/riley_interfaces/include/riley_interfaces/msg/detail/gyroscope__type_support.h
-- Up-to-date: /home/student/rileyRobot_ws/install/riley_interfaces/include/riley_interfaces/msg/detail/gyroscope__functions.h
-- Up-to-date: /home/student/rileyRobot_ws/install/riley_interfaces/include/riley_interfaces/msg/detail/accelerometer__functions.h
-- Up-to-date: /home/student/rileyRobot_ws/install/riley_interfaces/include/riley_interfaces/msg/detail/battery_status__type_support.h
-- Up-to-date: /home/student/rileyRobot_ws/install/riley_interfaces/include/riley_interfaces/msg/detail/camera_image__functions.h
-- Up-to-date: /home/student/rileyRobot_ws/install/riley_interfaces/include/riley_interfaces/msg/detail/imu_sensor_data__struct.h
-- Up-to-date: /home/student/rileyRobot_ws/install/riley_interfaces/include/riley_interfaces/msg/detail/camera_image__struct.h
-- Up-to-date: /home/student/rileyRobot_ws/install/riley_interfaces/include/riley_interfaces/msg/detail/imu_sensor_data__functions.h
-- Up-to-date: /home/student/rileyRobot_ws/install/riley_interfaces/include/riley_interfaces/msg/detail/camera_image__type_support.h
-- Up-to-date: /home/student/rileyRobot_ws/install/riley_interfaces/include/riley_interfaces/msg/detail/gyroscope__struct.h
-- Up-to-date: /home/student/rileyRobot_ws/install/riley_interfaces/include/riley_interfaces/msg/detail/imu_sensor_data__type_support.h
-- Up-to-date: /home/student/rileyRobot_ws/install/riley_interfaces/include/riley_interfaces/msg/detail/gyroscope__functions.c
-- Up-to-date: /home/student/rileyRobot_ws/install/riley_interfaces/include/riley_interfaces/msg/accelerometer.h
-- Up-to-date: /home/student/rileyRobot_ws/install/riley_interfaces/include/riley_interfaces/msg/camera_image.h
-- Up-to-date: /home/student/rileyRobot_ws/install/riley_interfaces/include/riley_interfaces/msg/battery_status.h
-- Up-to-date: /home/student/rileyRobot_ws/install/riley_interfaces/include/riley_interfaces/msg/rosidl_generator_c__visibility_control.h
-- Up-to-date: /home/student/rileyRobot_ws/install/riley_interfaces/include/riley_interfaces/msg/gyroscope.h
-- Up-to-date: /home/student/rileyRobot_ws/install/riley_interfaces/include/riley_interfaces/msg/xbox_input.h
-- Up-to-date: /home/student/rileyRobot_ws/install/riley_interfaces/include/riley_interfaces/msg/imu_sensor_data.h
-- Up-to-date: /home/student/rileyRobot_ws/install/riley_interfaces/share/riley_interfaces/environment/library_path.sh
-- Up-to-date: /home/student/rileyRobot_ws/install/riley_interfaces/share/riley_interfaces/environment/library_path.dsv
-- Up-to-date: /home/student/rileyRobot_ws/install/riley_interfaces/lib/libriley_interfaces__rosidl_generator_c.so
-- Up-to-date: /home/student/rileyRobot_ws/install/riley_interfaces/include/riley_interfaces
-- Up-to-date: /home/student/rileyRobot_ws/install/riley_interfaces/include/riley_interfaces/msg
-- Up-to-date: /home/student/rileyRobot_ws/install/riley_interfaces/include/riley_interfaces/msg/detail
-- Up-to-date: /home/student/rileyRobot_ws/install/riley_interfaces/include/riley_interfaces/msg/detail/imu_sensor_data__rosidl_typesupport_fastrtps_c.h
-- Up-to-date: /home/student/rileyRobot_ws/install/riley_interfaces/include/riley_interfaces/msg/detail/camera_image__rosidl_typesupport_fastrtps_c.h
-- Up-to-date: /home/student/rileyRobot_ws/install/riley_interfaces/include/riley_interfaces/msg/detail/accelerometer__rosidl_typesupport_fastrtps_c.h
-- Up-to-date: /home/student/rileyRobot_ws/install/riley_interfaces/include/riley_interfaces/msg/detail/battery_status__rosidl_typesupport_fastrtps_c.h
-- Up-to-date: /home/student/rileyRobot_ws/install/riley_interfaces/include/riley_interfaces/msg/detail/gyroscope__rosidl_typesupport_fastrtps_c.h
-- Up-to-date: /home/student/rileyRobot_ws/install/riley_interfaces/include/riley_interfaces/msg/detail/xbox_input__rosidl_typesupport_fastrtps_c.h
-- Up-to-date: /home/student/rileyRobot_ws/install/riley_interfaces/include/riley_interfaces/msg/rosidl_typesupport_fastrtps_c__visibility_control.h
-- Up-to-date: /home/student/rileyRobot_ws/install/riley_interfaces/lib/libriley_interfaces__rosidl_typesupport_fastrtps_c.so
-- Up-to-date: /home/student/rileyRobot_ws/install/riley_interfaces/include/riley_interfaces
-- Up-to-date: /home/student/rileyRobot_ws/install/riley_interfaces/include/riley_interfaces/msg
-- Up-to-date: /home/student/rileyRobot_ws/install/riley_interfaces/include/riley_interfaces/msg/rosidl_typesupport_fastrtps_cpp__visibility_control.h
-- Up-to-date: /home/student/rileyRobot_ws/install/riley_interfaces/include/riley_interfaces/msg/detail
-- Up-to-date: /home/student/rileyRobot_ws/install/riley_interfaces/include/riley_interfaces/msg/detail/dds_fastrtps
-- Up-to-date: /home/student/rileyRobot_ws/install/riley_interfaces/include/riley_interfaces/msg/detail/battery_status__rosidl_typesupport_fastrtps_cpp.hpp
-- Up-to-date: /home/student/rileyRobot_ws/install/riley_interfaces/include/riley_interfaces/msg/detail/xbox_input__rosidl_typesupport_fastrtps_cpp.hpp
-- Up-to-date: /home/student/rileyRobot_ws/install/riley_interfaces/include/riley_interfaces/msg/detail/gyroscope__rosidl_typesupport_fastrtps_cpp.hpp
-- Up-to-date: /home/student/rileyRobot_ws/install/riley_interfaces/include/riley_interfaces/msg/detail/camera_image__rosidl_typesupport_fastrtps_cpp.hpp
-- Up-to-date: /home/student/rileyRobot_ws/install/riley_interfaces/include/riley_interfaces/msg/detail/accelerometer__rosidl_typesupport_fastrtps_cpp.hpp
-- Up-to-date: /home/student/rileyRobot_ws/install/riley_interfaces/include/riley_interfaces/msg/detail/imu_sensor_data__rosidl_typesupport_fastrtps_cpp.hpp
-- Up-to-date: /home/student/rileyRobot_ws/install/riley_interfaces/lib/libriley_interfaces__rosidl_typesupport_fastrtps_cpp.so
-- Up-to-date: /home/student/rileyRobot_ws/install/riley_interfaces/include/riley_interfaces
-- Up-to-date: /home/student/rileyRobot_ws/install/riley_interfaces/include/riley_interfaces/msg
-- Up-to-date: /home/student/rileyRobot_ws/install/riley_interfaces/include/riley_interfaces/msg/detail
-- Up-to-date: /home/student/rileyRobot_ws/install/riley_interfaces/include/riley_interfaces/msg/detail/battery_status__rosidl_typesupport_introspection_c.h
-- Up-to-date: /home/student/rileyRobot_ws/install/riley_interfaces/include/riley_interfaces/msg/detail/gyroscope__rosidl_typesupport_introspection_c.h
-- Up-to-date: /home/student/rileyRobot_ws/install/riley_interfaces/include/riley_interfaces/msg/detail/gyroscope__type_support.c
-- Up-to-date: /home/student/rileyRobot_ws/install/riley_interfaces/include/riley_interfaces/msg/detail/camera_image__type_support.c
-- Up-to-date: /home/student/rileyRobot_ws/install/riley_interfaces/include/riley_interfaces/msg/detail/imu_sensor_data__rosidl_typesupport_introspection_c.h
-- Up-to-date: /home/student/rileyRobot_ws/install/riley_interfaces/include/riley_interfaces/msg/detail/battery_status__type_support.c
-- Up-to-date: /home/student/rileyRobot_ws/install/riley_interfaces/include/riley_interfaces/msg/detail/camera_image__rosidl_typesupport_introspection_c.h
-- Up-to-date: /home/student/rileyRobot_ws/install/riley_interfaces/include/riley_interfaces/msg/detail/xbox_input__rosidl_typesupport_introspection_c.h
-- Up-to-date: /home/student/rileyRobot_ws/install/riley_interfaces/include/riley_interfaces/msg/detail/accelerometer__rosidl_typesupport_introspection_c.h
-- Up-to-date: /home/student/rileyRobot_ws/install/riley_interfaces/include/riley_interfaces/msg/detail/imu_sensor_data__type_support.c
-- Up-to-date: /home/student/rileyRobot_ws/install/riley_interfaces/include/riley_interfaces/msg/detail/accelerometer__type_support.c
-- Up-to-date: /home/student/rileyRobot_ws/install/riley_interfaces/include/riley_interfaces/msg/detail/xbox_input__type_support.c
-- Up-to-date: /home/student/rileyRobot_ws/install/riley_interfaces/include/riley_interfaces/msg/rosidl_typesupport_introspection_c__visibility_control.h
-- Up-to-date: /home/student/rileyRobot_ws/install/riley_interfaces/lib/libriley_interfaces__rosidl_typesupport_introspection_c.so
-- Up-to-date: /home/student/rileyRobot_ws/install/riley_interfaces/lib/libriley_interfaces__rosidl_typesupport_c.so
-- Up-to-date: /home/student/rileyRobot_ws/install/riley_interfaces/include/riley_interfaces
-- Up-to-date: /home/student/rileyRobot_ws/install/riley_interfaces/include/riley_interfaces/msg
-- Up-to-date: /home/student/rileyRobot_ws/install/riley_interfaces/include/riley_interfaces/msg/accelerometer.hpp
-- Up-to-date: /home/student/rileyRobot_ws/install/riley_interfaces/include/riley_interfaces/msg/xbox_input.hpp
-- Up-to-date: /home/student/rileyRobot_ws/install/riley_interfaces/include/riley_interfaces/msg/battery_status.hpp
-- Up-to-date: /home/student/rileyRobot_ws/install/riley_interfaces/include/riley_interfaces/msg/detail
-- Up-to-date: /home/student/rileyRobot_ws/install/riley_interfaces/include/riley_interfaces/msg/detail/battery_status__struct.hpp
-- Up-to-date: /home/student/rileyRobot_ws/install/riley_interfaces/include/riley_interfaces/msg/detail/camera_image__builder.hpp
-- Up-to-date: /home/student/rileyRobot_ws/install/riley_interfaces/include/riley_interfaces/msg/detail/imu_sensor_data__struct.hpp
-- Up-to-date: /home/student/rileyRobot_ws/install/riley_interfaces/include/riley_interfaces/msg/detail/battery_status__builder.hpp
-- Up-to-date: /home/student/rileyRobot_ws/install/riley_interfaces/include/riley_interfaces/msg/detail/accelerometer__struct.hpp
-- Up-to-date: /home/student/rileyRobot_ws/install/riley_interfaces/include/riley_interfaces/msg/detail/gyroscope__traits.hpp
-- Up-to-date: /home/student/rileyRobot_ws/install/riley_interfaces/include/riley_interfaces/msg/detail/imu_sensor_data__traits.hpp
-- Up-to-date: /home/student/rileyRobot_ws/install/riley_interfaces/include/riley_interfaces/msg/detail/xbox_input__builder.hpp
-- Up-to-date: /home/student/rileyRobot_ws/install/riley_interfaces/include/riley_interfaces/msg/detail/gyroscope__struct.hpp
-- Up-to-date: /home/student/rileyRobot_ws/install/riley_interfaces/include/riley_interfaces/msg/detail/camera_image__struct.hpp
-- Up-to-date: /home/student/rileyRobot_ws/install/riley_interfaces/include/riley_interfaces/msg/detail/accelerometer__traits.hpp
-- Up-to-date: /home/student/rileyRobot_ws/install/riley_interfaces/include/riley_interfaces/msg/detail/camera_image__traits.hpp
-- Up-to-date: /home/student/rileyRobot_ws/install/riley_interfaces/include/riley_interfaces/msg/detail/gyroscope__builder.hpp
-- Up-to-date: /home/student/rileyRobot_ws/install/riley_interfaces/include/riley_interfaces/msg/detail/imu_sensor_data__builder.hpp
-- Up-to-date: /home/student/rileyRobot_ws/install/riley_interfaces/include/riley_interfaces/msg/detail/accelerometer__builder.hpp
-- Up-to-date: /home/student/rileyRobot_ws/install/riley_interfaces/include/riley_interfaces/msg/detail/battery_status__traits.hpp
-- Up-to-date: /home/student/rileyRobot_ws/install/riley_interfaces/include/riley_interfaces/msg/detail/xbox_input__traits.hpp
-- Up-to-date: /home/student/rileyRobot_ws/install/riley_interfaces/include/riley_interfaces/msg/detail/xbox_input__struct.hpp
-- Up-to-date: /home/student/rileyRobot_ws/install/riley_interfaces/include/riley_interfaces/msg/imu_sensor_data.hpp
-- Up-to-date: /home/student/rileyRobot_ws/install/riley_interfaces/include/riley_interfaces/msg/gyroscope.hpp
-- Up-to-date: /home/student/rileyRobot_ws/install/riley_interfaces/include/riley_interfaces/msg/camera_image.hpp
-- Up-to-date: /home/student/rileyRobot_ws/install/riley_interfaces/include/riley_interfaces
-- Up-to-date: /home/student/rileyRobot_ws/install/riley_interfaces/include/riley_interfaces/msg
-- Up-to-date: /home/student/rileyRobot_ws/install/riley_interfaces/include/riley_interfaces/msg/detail
-- Up-to-date: /home/student/rileyRobot_ws/install/riley_interfaces/include/riley_interfaces/msg/detail/gyroscope__type_support.cpp
-- Up-to-date: /home/student/rileyRobot_ws/install/riley_interfaces/include/riley_interfaces/msg/detail/xbox_input__rosidl_typesupport_introspection_cpp.hpp
-- Up-to-date: /home/student/rileyRobot_ws/install/riley_interfaces/include/riley_interfaces/msg/detail/camera_image__rosidl_typesupport_introspection_cpp.hpp
-- Up-to-date: /home/student/rileyRobot_ws/install/riley_interfaces/include/riley_interfaces/msg/detail/xbox_input__type_support.cpp
-- Up-to-date: /home/student/rileyRobot_ws/install/riley_interfaces/include/riley_interfaces/msg/detail/imu_sensor_data__rosidl_typesupport_introspection_cpp.hpp
-- Up-to-date: /home/student/rileyRobot_ws/install/riley_interfaces/include/riley_interfaces/msg/detail/imu_sensor_data__type_support.cpp
-- Up-to-date: /home/student/rileyRobot_ws/install/riley_interfaces/include/riley_interfaces/msg/detail/gyroscope__rosidl_typesupport_introspection_cpp.hpp
-- Up-to-date: /home/student/rileyRobot_ws/install/riley_interfaces/include/riley_interfaces/msg/detail/battery_status__rosidl_typesupport_introspection_cpp.hpp
-- Up-to-date: /home/student/rileyRobot_ws/install/riley_interfaces/include/riley_interfaces/msg/detail/accelerometer__type_support.cpp
-- Up-to-date: /home/student/rileyRobot_ws/install/riley_interfaces/include/riley_interfaces/msg/detail/accelerometer__rosidl_typesupport_introspection_cpp.hpp
-- Up-to-date: /home/student/rileyRobot_ws/install/riley_interfaces/include/riley_interfaces/msg/detail/camera_image__type_support.cpp
-- Up-to-date: /home/student/rileyRobot_ws/install/riley_interfaces/include/riley_interfaces/msg/detail/battery_status__type_support.cpp
-- Up-to-date: /home/student/rileyRobot_ws/install/riley_interfaces/lib/libriley_interfaces__rosidl_typesupport_introspection_cpp.so
-- Up-to-date: /home/student/rileyRobot_ws/install/riley_interfaces/lib/libriley_interfaces__rosidl_typesupport_cpp.so
-- Up-to-date: /home/student/rileyRobot_ws/install/riley_interfaces/share/riley_interfaces/environment/pythonpath.sh
-- Up-to-date: /home/student/rileyRobot_ws/install/riley_interfaces/share/riley_interfaces/environment/pythonpath.dsv
-- Up-to-date: /home/student/rileyRobot_ws/install/riley_interfaces/lib/python3.8/site-packages/riley_interfaces/__init__.py
-- Up-to-date: /home/student/rileyRobot_ws/install/riley_interfaces/lib/python3.8/site-packages/riley_interfaces/msg
-- Up-to-date: /home/student/rileyRobot_ws/install/riley_interfaces/lib/python3.8/site-packages/riley_interfaces/msg/_gyroscope_s.c
-- Up-to-date: /home/student/rileyRobot_ws/install/riley_interfaces/lib/python3.8/site-packages/riley_interfaces/msg/_accelerometer_s.c
-- Up-to-date: /home/student/rileyRobot_ws/install/riley_interfaces/lib/python3.8/site-packages/riley_interfaces/msg/_gyroscope.py
-- Up-to-date: /home/student/rileyRobot_ws/install/riley_interfaces/lib/python3.8/site-packages/riley_interfaces/msg/_battery_status.py
-- Up-to-date: /home/student/rileyRobot_ws/install/riley_interfaces/lib/python3.8/site-packages/riley_interfaces/msg/_battery_status_s.c
-- Up-to-date: /home/student/rileyRobot_ws/install/riley_interfaces/lib/python3.8/site-packages/riley_interfaces/msg/_camera_image_s.c
-- Up-to-date: /home/student/rileyRobot_ws/install/riley_interfaces/lib/python3.8/site-packages/riley_interfaces/msg/_imu_sensor_data.py
-- Up-to-date: /home/student/rileyRobot_ws/install/riley_interfaces/lib/python3.8/site-packages/riley_interfaces/msg/_camera_image.py
-- Up-to-date: /home/student/rileyRobot_ws/install/riley_interfaces/lib/python3.8/site-packages/riley_interfaces/msg/_accelerometer.py
-- Up-to-date: /home/student/rileyRobot_ws/install/riley_interfaces/lib/python3.8/site-packages/riley_interfaces/msg/_imu_sensor_data_s.c
-- Up-to-date: /home/student/rileyRobot_ws/install/riley_interfaces/lib/python3.8/site-packages/riley_interfaces/msg/_xbox_input.py
-- Up-to-date: /home/student/rileyRobot_ws/install/riley_interfaces/lib/python3.8/site-packages/riley_interfaces/msg/_xbox_input_s.c
-- Up-to-date: /home/student/rileyRobot_ws/install/riley_interfaces/lib/python3.8/site-packages/riley_interfaces/msg/__init__.py
-- Up-to-date: /home/student/rileyRobot_ws/install/riley_interfaces/lib/python3.8/site-packages/riley_interfaces/riley_interfaces_s__rosidl_typesupport_fastrtps_c.cpython-38-x86_64-linux-gnu.so
-- Up-to-date: /home/student/rileyRobot_ws/install/riley_interfaces/lib/python3.8/site-packages/riley_interfaces/riley_interfaces_s__rosidl_typesupport_introspection_c.cpython-38-x86_64-linux-gnu.so
-- Up-to-date: /home/student/rileyRobot_ws/install/riley_interfaces/lib/python3.8/site-packages/riley_interfaces/riley_interfaces_s__rosidl_typesupport_c.cpython-38-x86_64-linux-gnu.so
-- Up-to-date: /home/student/rileyRobot_ws/install/riley_interfaces/lib/libriley_interfaces__python.so
-- Up-to-date: /home/student/rileyRobot_ws/install/riley_interfaces/share/riley_interfaces/msg/Accelerometer.idl
-- Up-to-date: /home/student/rileyRobot_ws/install/riley_interfaces/share/riley_interfaces/msg/BatteryStatus.idl
-- Up-to-date: /home/student/rileyRobot_ws/install/riley_interfaces/share/riley_interfaces/msg/CameraImage.idl
-- Up-to-date: /home/student/rileyRobot_ws/install/riley_interfaces/share/riley_interfaces/msg/Gyroscope.idl
-- Up-to-date: /home/student/rileyRobot_ws/install/riley_interfaces/share/riley_interfaces/msg/IMUSensorData.idl
-- Up-to-date: /home/student/rileyRobot_ws/install/riley_interfaces/share/riley_interfaces/msg/XboxInput.idl
-- Up-to-date: /home/student/rileyRobot_ws/install/riley_interfaces/share/riley_interfaces/msg/Accelerometer.msg
-- Up-to-date: /home/student/rileyRobot_ws/install/riley_interfaces/share/riley_interfaces/msg/BatteryStatus.msg
-- Up-to-date: /home/student/rileyRobot_ws/install/riley_interfaces/share/riley_interfaces/msg/CameraImage.msg
-- Up-to-date: /home/student/rileyRobot_ws/install/riley_interfaces/share/riley_interfaces/msg/Gyroscope.msg
-- Up-to-date: /home/student/rileyRobot_ws/install/riley_interfaces/share/riley_interfaces/msg/IMUSensorData.msg
-- Up-to-date: /home/student/rileyRobot_ws/install/riley_interfaces/share/riley_interfaces/msg/XboxInput.msg
-- Up-to-date: /home/student/rileyRobot_ws/install/riley_interfaces/share/ament_index/resource_index/package_run_dependencies/riley_interfaces
-- Up-to-date: /home/student/rileyRobot_ws/install/riley_interfaces/share/ament_index/resource_index/parent_prefix_path/riley_interfaces
-- Up-to-date: /home/student/rileyRobot_ws/install/riley_interfaces/share/riley_interfaces/environment/ament_prefix_path.sh
-- Up-to-date: /home/student/rileyRobot_ws/install/riley_interfaces/share/riley_interfaces/environment/ament_prefix_path.dsv
-- Up-to-date: /home/student/rileyRobot_ws/install/riley_interfaces/share/riley_interfaces/environment/path.sh
-- Up-to-date: /home/student/rileyRobot_ws/install/riley_interfaces/share/riley_interfaces/environment/path.dsv
-- Up-to-date: /home/student/rileyRobot_ws/install/riley_interfaces/share/riley_interfaces/local_setup.bash
-- Up-to-date: /home/student/rileyRobot_ws/install/riley_interfaces/share/riley_interfaces/local_setup.sh
-- Up-to-date: /home/student/rileyRobot_ws/install/riley_interfaces/share/riley_interfaces/local_setup.zsh
-- Up-to-date: /home/student/rileyRobot_ws/install/riley_interfaces/share/riley_interfaces/local_setup.dsv
-- Installing: /home/student/rileyRobot_ws/install/riley_interfaces/share/riley_interfaces/package.dsv
-- Up-to-date: /home/student/rileyRobot_ws/install/riley_interfaces/share/ament_index/resource_index/packages/riley_interfaces
-- Up-to-date: /home/student/rileyRobot_ws/install/riley_interfaces/share/riley_interfaces/cmake/riley_interfaces__rosidl_generator_cExport.cmake
-- Up-to-date: /home/student/rileyRobot_ws/install/riley_interfaces/share/riley_interfaces/cmake/riley_interfaces__rosidl_generator_cExport-noconfig.cmake
-- Up-to-date: /home/student/rileyRobot_ws/install/riley_interfaces/share/riley_interfaces/cmake/riley_interfaces__rosidl_typesupport_introspection_cExport.cmake
-- Up-to-date: /home/student/rileyRobot_ws/install/riley_interfaces/share/riley_interfaces/cmake/riley_interfaces__rosidl_typesupport_introspection_cExport-noconfig.cmake
-- Up-to-date: /home/student/rileyRobot_ws/install/riley_interfaces/share/riley_interfaces/cmake/riley_interfaces__rosidl_typesupport_cExport.cmake
-- Up-to-date: /home/student/rileyRobot_ws/install/riley_interfaces/share/riley_interfaces/cmake/riley_interfaces__rosidl_typesupport_cExport-noconfig.cmake
-- Up-to-date: /home/student/rileyRobot_ws/install/riley_interfaces/share/riley_interfaces/cmake/riley_interfaces__rosidl_generator_cppExport.cmake
-- Up-to-date: /home/student/rileyRobot_ws/install/riley_interfaces/share/riley_interfaces/cmake/riley_interfaces__rosidl_typesupport_introspection_cppExport.cmake
-- Up-to-date: /home/student/rileyRobot_ws/install/riley_interfaces/share/riley_interfaces/cmake/riley_interfaces__rosidl_typesupport_introspection_cppExport-noconfig.cmake
-- Up-to-date: /home/student/rileyRobot_ws/install/riley_interfaces/share/riley_interfaces/cmake/riley_interfaces__rosidl_typesupport_cppExport.cmake
-- Up-to-date: /home/student/rileyRobot_ws/install/riley_interfaces/share/riley_interfaces/cmake/riley_interfaces__rosidl_typesupport_cppExport-noconfig.cmake
-- Up-to-date: /home/student/rileyRobot_ws/install/riley_interfaces/share/riley_interfaces/cmake/rosidl_cmake-extras.cmake
-- Up-to-date: /home/student/rileyRobot_ws/install/riley_interfaces/share/riley_interfaces/cmake/ament_cmake_export_dependencies-extras.cmake
-- Up-to-date: /home/student/rileyRobot_ws/install/riley_interfaces/share/riley_interfaces/cmake/ament_cmake_export_libraries-extras.cmake
-- Up-to-date: /home/student/rileyRobot_ws/install/riley_interfaces/share/riley_interfaces/cmake/ament_cmake_export_targets-extras.cmake
-- Up-to-date: /home/student/rileyRobot_ws/install/riley_interfaces/share/riley_interfaces/cmake/ament_cmake_export_include_directories-extras.cmake
-- Up-to-date: /home/student/rileyRobot_ws/install/riley_interfaces/share/riley_interfaces/cmake/rosidl_cmake_export_typesupport_libraries-extras.cmake
-- Up-to-date: /home/student/rileyRobot_ws/install/riley_interfaces/share/riley_interfaces/cmake/rosidl_cmake_export_typesupport_targets-extras.cmake
-- Up-to-date: /home/student/rileyRobot_ws/install/riley_interfaces/share/riley_interfaces/cmake/riley_interfacesConfig.cmake
-- Up-to-date: /home/student/rileyRobot_ws/install/riley_interfaces/share/riley_interfaces/cmake/riley_interfacesConfig-version.cmake
-- Up-to-date: /home/student/rileyRobot_ws/install/riley_interfaces/share/riley_interfaces/package.xml
