[0.183s] DEBUG:colcon:Command line arguments: ['/usr/bin/colcon', 'build']
[0.183s] DEBUG:colcon:Parsed command line arguments: Namespace(allow_overriding=[], ament_cmake_args=None, base_paths=['.'], build_base='build', catkin_cmake_args=None, catkin_skip_building_tests=False, cmake_args=None, cmake_clean_cache=False, cmake_clean_first=False, cmake_force_configure=False, cmake_target=None, cmake_target_skip_unavailable=False, continue_on_error=False, event_handlers=None, executor='parallel', ignore_user_meta=False, install_base='install', log_base=None, log_level=None, main=<bound method BuildVerb.main of <colcon_core.verb.build.BuildVerb object at 0x7fb2eaf4ecd0>>, merge_install=False, metas=['./colcon.meta'], packages_above=None, packages_above_and_dependencies=None, packages_above_depth=None, packages_end=None, packages_ignore=None, packages_ignore_regex=None, packages_select=None, packages_select_build_failed=False, packages_select_by_dep=None, packages_select_regex=None, packages_select_test_failures=False, packages_skip=None, packages_skip_build_finished=False, packages_skip_by_dep=None, packages_skip_regex=None, packages_skip_test_passed=False, packages_skip_up_to=None, packages_start=None, packages_up_to=None, packages_up_to_regex=None, parallel_workers=12, paths=None, symlink_install=False, test_result_base=None, verb_extension=<colcon_core.verb.build.BuildVerb object at 0x7fb2eaf4ecd0>, verb_name='build', verb_parser=<colcon_defaults.argument_parser.defaults.DefaultArgumentsDecorator object at 0x7fb2eaf5a280>)
[0.189s] Level 1:colcon.colcon_core.package_discovery:discover_packages(colcon_meta) check parameters
[0.190s] Level 1:colcon.colcon_core.package_discovery:discover_packages(recursive) check parameters
[0.190s] Level 1:colcon.colcon_core.package_discovery:discover_packages(ignore) check parameters
[0.190s] Level 1:colcon.colcon_core.package_discovery:discover_packages(path) check parameters
[0.190s] Level 1:colcon.colcon_core.package_discovery:discover_packages(colcon_meta) discover
[0.190s] Level 1:colcon.colcon_core.package_discovery:discover_packages(recursive) discover
[0.190s] INFO:colcon.colcon_core.package_discovery:Crawling recursively for packages in '/home/student/rileyRobot_ws'
[0.190s] Level 1:colcon.colcon_core.package_identification:_identify(.) by extensions ['ignore', 'ignore_ament_install']
[0.190s] Level 1:colcon.colcon_core.package_identification:_identify(.) by extension 'ignore'
[0.190s] Level 1:colcon.colcon_core.package_identification:_identify(.) by extension 'ignore_ament_install'
[0.190s] Level 1:colcon.colcon_core.package_identification:_identify(.) by extensions ['colcon_pkg']
[0.190s] Level 1:colcon.colcon_core.package_identification:_identify(.) by extension 'colcon_pkg'
[0.191s] Level 1:colcon.colcon_core.package_identification:_identify(.) by extensions ['colcon_meta']
[0.191s] Level 1:colcon.colcon_core.package_identification:_identify(.) by extension 'colcon_meta'
[0.191s] Level 1:colcon.colcon_core.package_identification:_identify(.) by extensions ['ros']
[0.191s] Level 1:colcon.colcon_core.package_identification:_identify(.) by extension 'ros'
[0.205s] Level 1:colcon.colcon_core.package_identification:_identify(.) by extensions ['cmake', 'python']
[0.205s] Level 1:colcon.colcon_core.package_identification:_identify(.) by extension 'cmake'
[0.205s] Level 1:colcon.colcon_core.package_identification:_identify(.) by extension 'python'
[0.205s] Level 1:colcon.colcon_core.package_identification:_identify(.) by extensions ['python_setup_py']
[0.205s] Level 1:colcon.colcon_core.package_identification:_identify(.) by extension 'python_setup_py'
[0.205s] Level 1:colcon.colcon_core.package_identification:_identify(build) by extensions ['ignore', 'ignore_ament_install']
[0.205s] Level 1:colcon.colcon_core.package_identification:_identify(build) by extension 'ignore'
[0.205s] Level 1:colcon.colcon_core.package_identification:_identify(build) ignored
[0.206s] Level 1:colcon.colcon_core.package_identification:_identify(install) by extensions ['ignore', 'ignore_ament_install']
[0.206s] Level 1:colcon.colcon_core.package_identification:_identify(install) by extension 'ignore'
[0.206s] Level 1:colcon.colcon_core.package_identification:_identify(install) ignored
[0.206s] Level 1:colcon.colcon_core.package_identification:_identify(log) by extensions ['ignore', 'ignore_ament_install']
[0.206s] Level 1:colcon.colcon_core.package_identification:_identify(log) by extension 'ignore'
[0.206s] Level 1:colcon.colcon_core.package_identification:_identify(log) ignored
[0.206s] Level 1:colcon.colcon_core.package_identification:_identify(src) by extensions ['ignore', 'ignore_ament_install']
[0.206s] Level 1:colcon.colcon_core.package_identification:_identify(src) by extension 'ignore'
[0.206s] Level 1:colcon.colcon_core.package_identification:_identify(src) by extension 'ignore_ament_install'
[0.206s] Level 1:colcon.colcon_core.package_identification:_identify(src) by extensions ['colcon_pkg']
[0.206s] Level 1:colcon.colcon_core.package_identification:_identify(src) by extension 'colcon_pkg'
[0.207s] Level 1:colcon.colcon_core.package_identification:_identify(src) by extensions ['colcon_meta']
[0.207s] Level 1:colcon.colcon_core.package_identification:_identify(src) by extension 'colcon_meta'
[0.207s] Level 1:colcon.colcon_core.package_identification:_identify(src) by extensions ['ros']
[0.207s] Level 1:colcon.colcon_core.package_identification:_identify(src) by extension 'ros'
[0.207s] Level 1:colcon.colcon_core.package_identification:_identify(src) by extensions ['cmake', 'python']
[0.207s] Level 1:colcon.colcon_core.package_identification:_identify(src) by extension 'cmake'
[0.207s] Level 1:colcon.colcon_core.package_identification:_identify(src) by extension 'python'
[0.207s] Level 1:colcon.colcon_core.package_identification:_identify(src) by extensions ['python_setup_py']
[0.207s] Level 1:colcon.colcon_core.package_identification:_identify(src) by extension 'python_setup_py'
[0.207s] Level 1:colcon.colcon_core.package_identification:_identify(src/my_riley_robot_description) by extensions ['ignore', 'ignore_ament_install']
[0.207s] Level 1:colcon.colcon_core.package_identification:_identify(src/my_riley_robot_description) by extension 'ignore'
[0.207s] Level 1:colcon.colcon_core.package_identification:_identify(src/my_riley_robot_description) by extension 'ignore_ament_install'
[0.207s] Level 1:colcon.colcon_core.package_identification:_identify(src/my_riley_robot_description) by extensions ['colcon_pkg']
[0.207s] Level 1:colcon.colcon_core.package_identification:_identify(src/my_riley_robot_description) by extension 'colcon_pkg'
[0.207s] Level 1:colcon.colcon_core.package_identification:_identify(src/my_riley_robot_description) by extensions ['colcon_meta']
[0.208s] Level 1:colcon.colcon_core.package_identification:_identify(src/my_riley_robot_description) by extension 'colcon_meta'
[0.208s] Level 1:colcon.colcon_core.package_identification:_identify(src/my_riley_robot_description) by extensions ['ros']
[0.208s] Level 1:colcon.colcon_core.package_identification:_identify(src/my_riley_robot_description) by extension 'ros'
[0.210s] DEBUG:colcon.colcon_core.package_identification:Package 'src/my_riley_robot_description' with type 'ros.ament_cmake' and name 'my_riley_robot_description'
[0.211s] Level 1:colcon.colcon_core.package_identification:_identify(src/my_riley_robot_launcher) by extensions ['ignore', 'ignore_ament_install']
[0.211s] Level 1:colcon.colcon_core.package_identification:_identify(src/my_riley_robot_launcher) by extension 'ignore'
[0.211s] Level 1:colcon.colcon_core.package_identification:_identify(src/my_riley_robot_launcher) by extension 'ignore_ament_install'
[0.211s] Level 1:colcon.colcon_core.package_identification:_identify(src/my_riley_robot_launcher) by extensions ['colcon_pkg']
[0.211s] Level 1:colcon.colcon_core.package_identification:_identify(src/my_riley_robot_launcher) by extension 'colcon_pkg'
[0.211s] Level 1:colcon.colcon_core.package_identification:_identify(src/my_riley_robot_launcher) by extensions ['colcon_meta']
[0.211s] Level 1:colcon.colcon_core.package_identification:_identify(src/my_riley_robot_launcher) by extension 'colcon_meta'
[0.211s] Level 1:colcon.colcon_core.package_identification:_identify(src/my_riley_robot_launcher) by extensions ['ros']
[0.211s] Level 1:colcon.colcon_core.package_identification:_identify(src/my_riley_robot_launcher) by extension 'ros'
[0.212s] DEBUG:colcon.colcon_core.package_identification:Package 'src/my_riley_robot_launcher' with type 'ros.ament_cmake' and name 'my_riley_robot_launcher'
[0.212s] Level 1:colcon.colcon_core.package_identification:_identify(src/my_riley_robot_nav2) by extensions ['ignore', 'ignore_ament_install']
[0.212s] Level 1:colcon.colcon_core.package_identification:_identify(src/my_riley_robot_nav2) by extension 'ignore'
[0.212s] Level 1:colcon.colcon_core.package_identification:_identify(src/my_riley_robot_nav2) by extension 'ignore_ament_install'
[0.213s] Level 1:colcon.colcon_core.package_identification:_identify(src/my_riley_robot_nav2) by extensions ['colcon_pkg']
[0.213s] Level 1:colcon.colcon_core.package_identification:_identify(src/my_riley_robot_nav2) by extension 'colcon_pkg'
[0.213s] Level 1:colcon.colcon_core.package_identification:_identify(src/my_riley_robot_nav2) by extensions ['colcon_meta']
[0.213s] Level 1:colcon.colcon_core.package_identification:_identify(src/my_riley_robot_nav2) by extension 'colcon_meta'
[0.213s] Level 1:colcon.colcon_core.package_identification:_identify(src/my_riley_robot_nav2) by extensions ['ros']
[0.213s] Level 1:colcon.colcon_core.package_identification:_identify(src/my_riley_robot_nav2) by extension 'ros'
[0.213s] DEBUG:colcon.colcon_core.package_identification:Package 'src/my_riley_robot_nav2' with type 'ros.ament_cmake' and name 'my_riley_robot_nav2'
[0.213s] Level 1:colcon.colcon_core.package_identification:_identify(src/riley) by extensions ['ignore', 'ignore_ament_install']
[0.214s] Level 1:colcon.colcon_core.package_identification:_identify(src/riley) by extension 'ignore'
[0.214s] Level 1:colcon.colcon_core.package_identification:_identify(src/riley) by extension 'ignore_ament_install'
[0.214s] Level 1:colcon.colcon_core.package_identification:_identify(src/riley) by extensions ['colcon_pkg']
[0.214s] Level 1:colcon.colcon_core.package_identification:_identify(src/riley) by extension 'colcon_pkg'
[0.214s] Level 1:colcon.colcon_core.package_identification:_identify(src/riley) by extensions ['colcon_meta']
[0.214s] Level 1:colcon.colcon_core.package_identification:_identify(src/riley) by extension 'colcon_meta'
[0.214s] Level 1:colcon.colcon_core.package_identification:_identify(src/riley) by extensions ['ros']
[0.214s] Level 1:colcon.colcon_core.package_identification:_identify(src/riley) by extension 'ros'
[0.215s] DEBUG:colcon.colcon_core.package_identification:Package 'src/riley' with type 'ros.ament_python' and name 'riley'
[0.215s] Level 1:colcon.colcon_core.package_identification:_identify(src/riley_interfaces) by extensions ['ignore', 'ignore_ament_install']
[0.215s] Level 1:colcon.colcon_core.package_identification:_identify(src/riley_interfaces) by extension 'ignore'
[0.215s] Level 1:colcon.colcon_core.package_identification:_identify(src/riley_interfaces) by extension 'ignore_ament_install'
[0.215s] Level 1:colcon.colcon_core.package_identification:_identify(src/riley_interfaces) by extensions ['colcon_pkg']
[0.215s] Level 1:colcon.colcon_core.package_identification:_identify(src/riley_interfaces) by extension 'colcon_pkg'
[0.215s] Level 1:colcon.colcon_core.package_identification:_identify(src/riley_interfaces) by extensions ['colcon_meta']
[0.215s] Level 1:colcon.colcon_core.package_identification:_identify(src/riley_interfaces) by extension 'colcon_meta'
[0.215s] Level 1:colcon.colcon_core.package_identification:_identify(src/riley_interfaces) by extensions ['ros']
[0.215s] Level 1:colcon.colcon_core.package_identification:_identify(src/riley_interfaces) by extension 'ros'
[0.216s] DEBUG:colcon.colcon_core.package_identification:Package 'src/riley_interfaces' with type 'ros.ament_cmake' and name 'riley_interfaces'
[0.216s] Level 1:colcon.colcon_core.package_identification:_identify(src/riley_robot_bringup) by extensions ['ignore', 'ignore_ament_install']
[0.216s] Level 1:colcon.colcon_core.package_identification:_identify(src/riley_robot_bringup) by extension 'ignore'
[0.216s] Level 1:colcon.colcon_core.package_identification:_identify(src/riley_robot_bringup) by extension 'ignore_ament_install'
[0.216s] Level 1:colcon.colcon_core.package_identification:_identify(src/riley_robot_bringup) by extensions ['colcon_pkg']
[0.216s] Level 1:colcon.colcon_core.package_identification:_identify(src/riley_robot_bringup) by extension 'colcon_pkg'
[0.216s] Level 1:colcon.colcon_core.package_identification:_identify(src/riley_robot_bringup) by extensions ['colcon_meta']
[0.216s] Level 1:colcon.colcon_core.package_identification:_identify(src/riley_robot_bringup) by extension 'colcon_meta'
[0.216s] Level 1:colcon.colcon_core.package_identification:_identify(src/riley_robot_bringup) by extensions ['ros']
[0.216s] Level 1:colcon.colcon_core.package_identification:_identify(src/riley_robot_bringup) by extension 'ros'
[0.217s] DEBUG:colcon.colcon_core.package_identification:Failed to parse potential ROS package manifest in'src/riley_robot_bringup': Error(s) in package 'src/riley_robot_bringup/package.xml':
The manifest contains invalid XML:
no element found: line 1, column 0
[0.217s] Level 1:colcon.colcon_core.package_identification:_identify(src/riley_robot_bringup) by extensions ['cmake', 'python']
[0.217s] Level 1:colcon.colcon_core.package_identification:_identify(src/riley_robot_bringup) by extension 'cmake'
[0.217s] Level 1:colcon.colcon_core.package_identification:_identify(src/riley_robot_bringup) by extension 'python'
[0.217s] DEBUG:colcon.colcon_core.package_identification:Python package in 'src/riley_robot_bringup' passes arguments to the setup() function which requires a different identification extension than 'python'
[0.217s] Level 1:colcon.colcon_core.package_identification:_identify(src/riley_robot_bringup) by extensions ['python_setup_py']
[0.217s] Level 1:colcon.colcon_core.package_identification:_identify(src/riley_robot_bringup) by extension 'python_setup_py'
[0.588s] ERROR:colcon.colcon_core.package_identification:Exception in package identification extension 'python_setup_py' in 'src/riley_robot_bringup': Command '['/usr/bin/python3', '-c', "import sys;from setuptools.extern.packaging.specifiers import SpecifierSet;from distutils.core import run_setup;dist = run_setup(    'setup.py', script_args=('--dry-run',), stop_after='config');skip_keys = ('cmdclass', 'distclass', 'ext_modules', 'metadata');data = {    key: value for key, value in dist.__dict__.items()     if (        not key.startswith('_') and         not callable(value) and         key not in skip_keys and         key not in dist.display_option_names    )};data['metadata'] = {    k: v for k, v in dist.metadata.__dict__.items()     if k not in ('license_files', 'provides_extras')};sys.stdout.buffer.write(repr(data).encode('utf-8'))"]' returned non-zero exit status 1.
Traceback (most recent call last):
  File "/usr/lib/python3/dist-packages/colcon_core/package_identification/__init__.py", line 143, in _identify
    retval = extension.identify(_reused_descriptor_instance)
  File "/usr/lib/python3/dist-packages/colcon_python_setup_py/package_identification/python_setup_py.py", line 48, in identify
    config = get_setup_information(setup_py)
  File "/usr/lib/python3/dist-packages/colcon_python_setup_py/package_identification/python_setup_py.py", line 241, in get_setup_information
    _setup_information_cache[hashable_env] = _get_setup_information(
  File "/usr/lib/python3/dist-packages/colcon_python_setup_py/package_identification/python_setup_py.py", line 281, in _get_setup_information
    result = subprocess.run(
  File "/usr/lib/python3.8/subprocess.py", line 516, in run
    raise CalledProcessError(retcode, process.args,
subprocess.CalledProcessError: Command '['/usr/bin/python3', '-c', "import sys;from setuptools.extern.packaging.specifiers import SpecifierSet;from distutils.core import run_setup;dist = run_setup(    'setup.py', script_args=('--dry-run',), stop_after='config');skip_keys = ('cmdclass', 'distclass', 'ext_modules', 'metadata');data = {    key: value for key, value in dist.__dict__.items()     if (        not key.startswith('_') and         not callable(value) and         key not in skip_keys and         key not in dist.display_option_names    )};data['metadata'] = {    k: v for k, v in dist.metadata.__dict__.items()     if k not in ('license_files', 'provides_extras')};sys.stdout.buffer.write(repr(data).encode('utf-8'))"]' returned non-zero exit status 1.

[0.589s] Level 1:colcon.colcon_core.package_identification:_identify(src/riley_robot_bringup/resource) by extensions ['ignore', 'ignore_ament_install']
[0.589s] Level 1:colcon.colcon_core.package_identification:_identify(src/riley_robot_bringup/resource) by extension 'ignore'
[0.589s] Level 1:colcon.colcon_core.package_identification:_identify(src/riley_robot_bringup/resource) by extension 'ignore_ament_install'
[0.589s] Level 1:colcon.colcon_core.package_identification:_identify(src/riley_robot_bringup/resource) by extensions ['colcon_pkg']
[0.589s] Level 1:colcon.colcon_core.package_identification:_identify(src/riley_robot_bringup/resource) by extension 'colcon_pkg'
[0.589s] Level 1:colcon.colcon_core.package_identification:_identify(src/riley_robot_bringup/resource) by extensions ['colcon_meta']
[0.589s] Level 1:colcon.colcon_core.package_identification:_identify(src/riley_robot_bringup/resource) by extension 'colcon_meta'
[0.589s] Level 1:colcon.colcon_core.package_identification:_identify(src/riley_robot_bringup/resource) by extensions ['ros']
[0.590s] Level 1:colcon.colcon_core.package_identification:_identify(src/riley_robot_bringup/resource) by extension 'ros'
[0.590s] Level 1:colcon.colcon_core.package_identification:_identify(src/riley_robot_bringup/resource) by extensions ['cmake', 'python']
[0.590s] Level 1:colcon.colcon_core.package_identification:_identify(src/riley_robot_bringup/resource) by extension 'cmake'
[0.590s] Level 1:colcon.colcon_core.package_identification:_identify(src/riley_robot_bringup/resource) by extension 'python'
[0.590s] Level 1:colcon.colcon_core.package_identification:_identify(src/riley_robot_bringup/resource) by extensions ['python_setup_py']
[0.590s] Level 1:colcon.colcon_core.package_identification:_identify(src/riley_robot_bringup/resource) by extension 'python_setup_py'
[0.590s] Level 1:colcon.colcon_core.package_identification:_identify(src/riley_robot_bringup/riley_robot_bringup) by extensions ['ignore', 'ignore_ament_install']
[0.590s] Level 1:colcon.colcon_core.package_identification:_identify(src/riley_robot_bringup/riley_robot_bringup) by extension 'ignore'
[0.590s] Level 1:colcon.colcon_core.package_identification:_identify(src/riley_robot_bringup/riley_robot_bringup) by extension 'ignore_ament_install'
[0.590s] Level 1:colcon.colcon_core.package_identification:_identify(src/riley_robot_bringup/riley_robot_bringup) by extensions ['colcon_pkg']
[0.590s] Level 1:colcon.colcon_core.package_identification:_identify(src/riley_robot_bringup/riley_robot_bringup) by extension 'colcon_pkg'
[0.590s] Level 1:colcon.colcon_core.package_identification:_identify(src/riley_robot_bringup/riley_robot_bringup) by extensions ['colcon_meta']
[0.590s] Level 1:colcon.colcon_core.package_identification:_identify(src/riley_robot_bringup/riley_robot_bringup) by extension 'colcon_meta'
[0.591s] Level 1:colcon.colcon_core.package_identification:_identify(src/riley_robot_bringup/riley_robot_bringup) by extensions ['ros']
[0.591s] Level 1:colcon.colcon_core.package_identification:_identify(src/riley_robot_bringup/riley_robot_bringup) by extension 'ros'
[0.591s] Level 1:colcon.colcon_core.package_identification:_identify(src/riley_robot_bringup/riley_robot_bringup) by extensions ['cmake', 'python']
[0.591s] Level 1:colcon.colcon_core.package_identification:_identify(src/riley_robot_bringup/riley_robot_bringup) by extension 'cmake'
[0.591s] Level 1:colcon.colcon_core.package_identification:_identify(src/riley_robot_bringup/riley_robot_bringup) by extension 'python'
[0.591s] Level 1:colcon.colcon_core.package_identification:_identify(src/riley_robot_bringup/riley_robot_bringup) by extensions ['python_setup_py']
[0.591s] Level 1:colcon.colcon_core.package_identification:_identify(src/riley_robot_bringup/riley_robot_bringup) by extension 'python_setup_py'
[0.591s] Level 1:colcon.colcon_core.package_identification:_identify(src/riley_robot_bringup/test) by extensions ['ignore', 'ignore_ament_install']
[0.591s] Level 1:colcon.colcon_core.package_identification:_identify(src/riley_robot_bringup/test) by extension 'ignore'
[0.591s] Level 1:colcon.colcon_core.package_identification:_identify(src/riley_robot_bringup/test) by extension 'ignore_ament_install'
[0.591s] Level 1:colcon.colcon_core.package_identification:_identify(src/riley_robot_bringup/test) by extensions ['colcon_pkg']
[0.591s] Level 1:colcon.colcon_core.package_identification:_identify(src/riley_robot_bringup/test) by extension 'colcon_pkg'
[0.591s] Level 1:colcon.colcon_core.package_identification:_identify(src/riley_robot_bringup/test) by extensions ['colcon_meta']
[0.591s] Level 1:colcon.colcon_core.package_identification:_identify(src/riley_robot_bringup/test) by extension 'colcon_meta'
[0.591s] Level 1:colcon.colcon_core.package_identification:_identify(src/riley_robot_bringup/test) by extensions ['ros']
[0.592s] Level 1:colcon.colcon_core.package_identification:_identify(src/riley_robot_bringup/test) by extension 'ros'
[0.592s] Level 1:colcon.colcon_core.package_identification:_identify(src/riley_robot_bringup/test) by extensions ['cmake', 'python']
[0.592s] Level 1:colcon.colcon_core.package_identification:_identify(src/riley_robot_bringup/test) by extension 'cmake'
[0.592s] Level 1:colcon.colcon_core.package_identification:_identify(src/riley_robot_bringup/test) by extension 'python'
[0.592s] Level 1:colcon.colcon_core.package_identification:_identify(src/riley_robot_bringup/test) by extensions ['python_setup_py']
[0.592s] Level 1:colcon.colcon_core.package_identification:_identify(src/riley_robot_bringup/test) by extension 'python_setup_py'
[0.592s] Level 1:colcon.colcon_core.package_identification:_identify(src/riley_robot_teleop) by extensions ['ignore', 'ignore_ament_install']
[0.592s] Level 1:colcon.colcon_core.package_identification:_identify(src/riley_robot_teleop) by extension 'ignore'
[0.592s] Level 1:colcon.colcon_core.package_identification:_identify(src/riley_robot_teleop) by extension 'ignore_ament_install'
[0.592s] Level 1:colcon.colcon_core.package_identification:_identify(src/riley_robot_teleop) by extensions ['colcon_pkg']
[0.592s] Level 1:colcon.colcon_core.package_identification:_identify(src/riley_robot_teleop) by extension 'colcon_pkg'
[0.592s] Level 1:colcon.colcon_core.package_identification:_identify(src/riley_robot_teleop) by extensions ['colcon_meta']
[0.592s] Level 1:colcon.colcon_core.package_identification:_identify(src/riley_robot_teleop) by extension 'colcon_meta'
[0.592s] Level 1:colcon.colcon_core.package_identification:_identify(src/riley_robot_teleop) by extensions ['ros']
[0.593s] Level 1:colcon.colcon_core.package_identification:_identify(src/riley_robot_teleop) by extension 'ros'
[0.593s] DEBUG:colcon.colcon_core.package_identification:Package 'src/riley_robot_teleop' with type 'ros.ament_cmake' and name 'riley_robot_teleop'
[0.593s] Level 1:colcon.colcon_core.package_identification:_identify(src/xbox_input) by extensions ['ignore', 'ignore_ament_install']
[0.594s] Level 1:colcon.colcon_core.package_identification:_identify(src/xbox_input) by extension 'ignore'
[0.594s] Level 1:colcon.colcon_core.package_identification:_identify(src/xbox_input) by extension 'ignore_ament_install'
[0.594s] Level 1:colcon.colcon_core.package_identification:_identify(src/xbox_input) by extensions ['colcon_pkg']
[0.594s] Level 1:colcon.colcon_core.package_identification:_identify(src/xbox_input) by extension 'colcon_pkg'
[0.594s] Level 1:colcon.colcon_core.package_identification:_identify(src/xbox_input) by extensions ['colcon_meta']
[0.594s] Level 1:colcon.colcon_core.package_identification:_identify(src/xbox_input) by extension 'colcon_meta'
[0.594s] Level 1:colcon.colcon_core.package_identification:_identify(src/xbox_input) by extensions ['ros']
[0.594s] Level 1:colcon.colcon_core.package_identification:_identify(src/xbox_input) by extension 'ros'
[0.595s] DEBUG:colcon.colcon_core.package_identification:Package 'src/xbox_input' with type 'ros.ament_python' and name 'xbox_input'
[0.595s] Level 1:colcon.colcon_core.package_discovery:discover_packages(recursive) using defaults
[0.595s] Level 1:colcon.colcon_core.package_discovery:discover_packages(ignore) discover
[0.595s] Level 1:colcon.colcon_core.package_discovery:discover_packages(ignore) using defaults
[0.595s] Level 1:colcon.colcon_core.package_discovery:discover_packages(path) discover
[0.595s] Level 1:colcon.colcon_core.package_discovery:discover_packages(path) using defaults
[0.620s] Level 5:colcon.colcon_core.verb:set package 'my_riley_robot_description' build argument 'cmake_args' from command line to 'None'
[0.620s] Level 5:colcon.colcon_core.verb:set package 'my_riley_robot_description' build argument 'cmake_target' from command line to 'None'
[0.620s] Level 5:colcon.colcon_core.verb:set package 'my_riley_robot_description' build argument 'cmake_target_skip_unavailable' from command line to 'False'
[0.620s] Level 5:colcon.colcon_core.verb:set package 'my_riley_robot_description' build argument 'cmake_clean_cache' from command line to 'False'
[0.620s] Level 5:colcon.colcon_core.verb:set package 'my_riley_robot_description' build argument 'cmake_clean_first' from command line to 'False'
[0.621s] Level 5:colcon.colcon_core.verb:set package 'my_riley_robot_description' build argument 'cmake_force_configure' from command line to 'False'
[0.621s] Level 5:colcon.colcon_core.verb:set package 'my_riley_robot_description' build argument 'ament_cmake_args' from command line to 'None'
[0.621s] Level 5:colcon.colcon_core.verb:set package 'my_riley_robot_description' build argument 'catkin_cmake_args' from command line to 'None'
[0.621s] Level 5:colcon.colcon_core.verb:set package 'my_riley_robot_description' build argument 'catkin_skip_building_tests' from command line to 'False'
[0.621s] DEBUG:colcon.colcon_core.verb:Building package 'my_riley_robot_description' with the following arguments: {'ament_cmake_args': None, 'build_base': '/home/student/rileyRobot_ws/build/my_riley_robot_description', 'catkin_cmake_args': None, 'catkin_skip_building_tests': False, 'cmake_args': None, 'cmake_clean_cache': False, 'cmake_clean_first': False, 'cmake_force_configure': False, 'cmake_target': None, 'cmake_target_skip_unavailable': False, 'install_base': '/home/student/rileyRobot_ws/install/my_riley_robot_description', 'merge_install': False, 'path': '/home/student/rileyRobot_ws/src/my_riley_robot_description', 'symlink_install': False, 'test_result_base': None}
[0.622s] Level 5:colcon.colcon_core.verb:set package 'my_riley_robot_launcher' build argument 'cmake_args' from command line to 'None'
[0.622s] Level 5:colcon.colcon_core.verb:set package 'my_riley_robot_launcher' build argument 'cmake_target' from command line to 'None'
[0.622s] Level 5:colcon.colcon_core.verb:set package 'my_riley_robot_launcher' build argument 'cmake_target_skip_unavailable' from command line to 'False'
[0.622s] Level 5:colcon.colcon_core.verb:set package 'my_riley_robot_launcher' build argument 'cmake_clean_cache' from command line to 'False'
[0.622s] Level 5:colcon.colcon_core.verb:set package 'my_riley_robot_launcher' build argument 'cmake_clean_first' from command line to 'False'
[0.622s] Level 5:colcon.colcon_core.verb:set package 'my_riley_robot_launcher' build argument 'cmake_force_configure' from command line to 'False'
[0.622s] Level 5:colcon.colcon_core.verb:set package 'my_riley_robot_launcher' build argument 'ament_cmake_args' from command line to 'None'
[0.622s] Level 5:colcon.colcon_core.verb:set package 'my_riley_robot_launcher' build argument 'catkin_cmake_args' from command line to 'None'
[0.622s] Level 5:colcon.colcon_core.verb:set package 'my_riley_robot_launcher' build argument 'catkin_skip_building_tests' from command line to 'False'
[0.622s] DEBUG:colcon.colcon_core.verb:Building package 'my_riley_robot_launcher' with the following arguments: {'ament_cmake_args': None, 'build_base': '/home/student/rileyRobot_ws/build/my_riley_robot_launcher', 'catkin_cmake_args': None, 'catkin_skip_building_tests': False, 'cmake_args': None, 'cmake_clean_cache': False, 'cmake_clean_first': False, 'cmake_force_configure': False, 'cmake_target': None, 'cmake_target_skip_unavailable': False, 'install_base': '/home/student/rileyRobot_ws/install/my_riley_robot_launcher', 'merge_install': False, 'path': '/home/student/rileyRobot_ws/src/my_riley_robot_launcher', 'symlink_install': False, 'test_result_base': None}
[0.623s] Level 5:colcon.colcon_core.verb:set package 'my_riley_robot_nav2' build argument 'cmake_args' from command line to 'None'
[0.623s] Level 5:colcon.colcon_core.verb:set package 'my_riley_robot_nav2' build argument 'cmake_target' from command line to 'None'
[0.623s] Level 5:colcon.colcon_core.verb:set package 'my_riley_robot_nav2' build argument 'cmake_target_skip_unavailable' from command line to 'False'
[0.623s] Level 5:colcon.colcon_core.verb:set package 'my_riley_robot_nav2' build argument 'cmake_clean_cache' from command line to 'False'
[0.623s] Level 5:colcon.colcon_core.verb:set package 'my_riley_robot_nav2' build argument 'cmake_clean_first' from command line to 'False'
[0.623s] Level 5:colcon.colcon_core.verb:set package 'my_riley_robot_nav2' build argument 'cmake_force_configure' from command line to 'False'
[0.623s] Level 5:colcon.colcon_core.verb:set package 'my_riley_robot_nav2' build argument 'ament_cmake_args' from command line to 'None'
[0.623s] Level 5:colcon.colcon_core.verb:set package 'my_riley_robot_nav2' build argument 'catkin_cmake_args' from command line to 'None'
[0.623s] Level 5:colcon.colcon_core.verb:set package 'my_riley_robot_nav2' build argument 'catkin_skip_building_tests' from command line to 'False'
[0.623s] DEBUG:colcon.colcon_core.verb:Building package 'my_riley_robot_nav2' with the following arguments: {'ament_cmake_args': None, 'build_base': '/home/student/rileyRobot_ws/build/my_riley_robot_nav2', 'catkin_cmake_args': None, 'catkin_skip_building_tests': False, 'cmake_args': None, 'cmake_clean_cache': False, 'cmake_clean_first': False, 'cmake_force_configure': False, 'cmake_target': None, 'cmake_target_skip_unavailable': False, 'install_base': '/home/student/rileyRobot_ws/install/my_riley_robot_nav2', 'merge_install': False, 'path': '/home/student/rileyRobot_ws/src/my_riley_robot_nav2', 'symlink_install': False, 'test_result_base': None}
[0.624s] Level 5:colcon.colcon_core.verb:set package 'riley' build argument 'cmake_args' from command line to 'None'
[0.624s] Level 5:colcon.colcon_core.verb:set package 'riley' build argument 'cmake_target' from command line to 'None'
[0.624s] Level 5:colcon.colcon_core.verb:set package 'riley' build argument 'cmake_target_skip_unavailable' from command line to 'False'
[0.624s] Level 5:colcon.colcon_core.verb:set package 'riley' build argument 'cmake_clean_cache' from command line to 'False'
[0.624s] Level 5:colcon.colcon_core.verb:set package 'riley' build argument 'cmake_clean_first' from command line to 'False'
[0.624s] Level 5:colcon.colcon_core.verb:set package 'riley' build argument 'cmake_force_configure' from command line to 'False'
[0.624s] Level 5:colcon.colcon_core.verb:set package 'riley' build argument 'ament_cmake_args' from command line to 'None'
[0.624s] Level 5:colcon.colcon_core.verb:set package 'riley' build argument 'catkin_cmake_args' from command line to 'None'
[0.624s] Level 5:colcon.colcon_core.verb:set package 'riley' build argument 'catkin_skip_building_tests' from command line to 'False'
[0.624s] DEBUG:colcon.colcon_core.verb:Building package 'riley' with the following arguments: {'ament_cmake_args': None, 'build_base': '/home/student/rileyRobot_ws/build/riley', 'catkin_cmake_args': None, 'catkin_skip_building_tests': False, 'cmake_args': None, 'cmake_clean_cache': False, 'cmake_clean_first': False, 'cmake_force_configure': False, 'cmake_target': None, 'cmake_target_skip_unavailable': False, 'install_base': '/home/student/rileyRobot_ws/install/riley', 'merge_install': False, 'path': '/home/student/rileyRobot_ws/src/riley', 'symlink_install': False, 'test_result_base': None}
[0.625s] Level 5:colcon.colcon_core.verb:set package 'riley_interfaces' build argument 'cmake_args' from command line to 'None'
[0.625s] Level 5:colcon.colcon_core.verb:set package 'riley_interfaces' build argument 'cmake_target' from command line to 'None'
[0.625s] Level 5:colcon.colcon_core.verb:set package 'riley_interfaces' build argument 'cmake_target_skip_unavailable' from command line to 'False'
[0.625s] Level 5:colcon.colcon_core.verb:set package 'riley_interfaces' build argument 'cmake_clean_cache' from command line to 'False'
[0.625s] Level 5:colcon.colcon_core.verb:set package 'riley_interfaces' build argument 'cmake_clean_first' from command line to 'False'
[0.625s] Level 5:colcon.colcon_core.verb:set package 'riley_interfaces' build argument 'cmake_force_configure' from command line to 'False'
[0.625s] Level 5:colcon.colcon_core.verb:set package 'riley_interfaces' build argument 'ament_cmake_args' from command line to 'None'
[0.625s] Level 5:colcon.colcon_core.verb:set package 'riley_interfaces' build argument 'catkin_cmake_args' from command line to 'None'
[0.625s] Level 5:colcon.colcon_core.verb:set package 'riley_interfaces' build argument 'catkin_skip_building_tests' from command line to 'False'
[0.626s] DEBUG:colcon.colcon_core.verb:Building package 'riley_interfaces' with the following arguments: {'ament_cmake_args': None, 'build_base': '/home/student/rileyRobot_ws/build/riley_interfaces', 'catkin_cmake_args': None, 'catkin_skip_building_tests': False, 'cmake_args': None, 'cmake_clean_cache': False, 'cmake_clean_first': False, 'cmake_force_configure': False, 'cmake_target': None, 'cmake_target_skip_unavailable': False, 'install_base': '/home/student/rileyRobot_ws/install/riley_interfaces', 'merge_install': False, 'path': '/home/student/rileyRobot_ws/src/riley_interfaces', 'symlink_install': False, 'test_result_base': None}
[0.626s] Level 5:colcon.colcon_core.verb:set package 'riley_robot_teleop' build argument 'cmake_args' from command line to 'None'
[0.626s] Level 5:colcon.colcon_core.verb:set package 'riley_robot_teleop' build argument 'cmake_target' from command line to 'None'
[0.626s] Level 5:colcon.colcon_core.verb:set package 'riley_robot_teleop' build argument 'cmake_target_skip_unavailable' from command line to 'False'
[0.626s] Level 5:colcon.colcon_core.verb:set package 'riley_robot_teleop' build argument 'cmake_clean_cache' from command line to 'False'
[0.627s] Level 5:colcon.colcon_core.verb:set package 'riley_robot_teleop' build argument 'cmake_clean_first' from command line to 'False'
[0.627s] Level 5:colcon.colcon_core.verb:set package 'riley_robot_teleop' build argument 'cmake_force_configure' from command line to 'False'
[0.627s] Level 5:colcon.colcon_core.verb:set package 'riley_robot_teleop' build argument 'ament_cmake_args' from command line to 'None'
[0.627s] Level 5:colcon.colcon_core.verb:set package 'riley_robot_teleop' build argument 'catkin_cmake_args' from command line to 'None'
[0.627s] Level 5:colcon.colcon_core.verb:set package 'riley_robot_teleop' build argument 'catkin_skip_building_tests' from command line to 'False'
[0.627s] DEBUG:colcon.colcon_core.verb:Building package 'riley_robot_teleop' with the following arguments: {'ament_cmake_args': None, 'build_base': '/home/student/rileyRobot_ws/build/riley_robot_teleop', 'catkin_cmake_args': None, 'catkin_skip_building_tests': False, 'cmake_args': None, 'cmake_clean_cache': False, 'cmake_clean_first': False, 'cmake_force_configure': False, 'cmake_target': None, 'cmake_target_skip_unavailable': False, 'install_base': '/home/student/rileyRobot_ws/install/riley_robot_teleop', 'merge_install': False, 'path': '/home/student/rileyRobot_ws/src/riley_robot_teleop', 'symlink_install': False, 'test_result_base': None}
[0.628s] Level 5:colcon.colcon_core.verb:set package 'xbox_input' build argument 'cmake_args' from command line to 'None'
[0.628s] Level 5:colcon.colcon_core.verb:set package 'xbox_input' build argument 'cmake_target' from command line to 'None'
[0.628s] Level 5:colcon.colcon_core.verb:set package 'xbox_input' build argument 'cmake_target_skip_unavailable' from command line to 'False'
[0.628s] Level 5:colcon.colcon_core.verb:set package 'xbox_input' build argument 'cmake_clean_cache' from command line to 'False'
[0.628s] Level 5:colcon.colcon_core.verb:set package 'xbox_input' build argument 'cmake_clean_first' from command line to 'False'
[0.628s] Level 5:colcon.colcon_core.verb:set package 'xbox_input' build argument 'cmake_force_configure' from command line to 'False'
[0.628s] Level 5:colcon.colcon_core.verb:set package 'xbox_input' build argument 'ament_cmake_args' from command line to 'None'
[0.628s] Level 5:colcon.colcon_core.verb:set package 'xbox_input' build argument 'catkin_cmake_args' from command line to 'None'
[0.628s] Level 5:colcon.colcon_core.verb:set package 'xbox_input' build argument 'catkin_skip_building_tests' from command line to 'False'
[0.628s] DEBUG:colcon.colcon_core.verb:Building package 'xbox_input' with the following arguments: {'ament_cmake_args': None, 'build_base': '/home/student/rileyRobot_ws/build/xbox_input', 'catkin_cmake_args': None, 'catkin_skip_building_tests': False, 'cmake_args': None, 'cmake_clean_cache': False, 'cmake_clean_first': False, 'cmake_force_configure': False, 'cmake_target': None, 'cmake_target_skip_unavailable': False, 'install_base': '/home/student/rileyRobot_ws/install/xbox_input', 'merge_install': False, 'path': '/home/student/rileyRobot_ws/src/xbox_input', 'symlink_install': False, 'test_result_base': None}
[0.633s] WARNING:colcon.colcon_core.verb:Some selected packages are already built in one or more underlay workspaces:
	'my_riley_robot_description' is in: /home/student/rileyRobot_ws/install/my_riley_robot_description
	'my_riley_robot_launcher' is in: /home/student/rileyRobot_ws/install/my_riley_robot_launcher
	'my_riley_robot_nav2' is in: /home/student/rileyRobot_ws/install/my_riley_robot_nav2
	'riley' is in: /home/student/rileyRobot_ws/install/riley
	'riley_interfaces' is in: /home/student/rileyRobot_ws/install/riley_interfaces
	'riley_robot_teleop' is in: /home/student/rileyRobot_ws/install/riley_robot_teleop
	'xbox_input' is in: /home/student/rileyRobot_ws/install/xbox_input
If a package in a merged underlay workspace is overridden and it installs headers, then all packages in the overlay must sort their include directories by workspace order. Failure to do so may result in build failures or undefined behavior at run time.
If the overridden package is used by another package in any underlay, then the overriding package in the overlay must be API and ABI compatible or undefined behavior at run time may occur.

If you understand the risks and want to override a package anyways, add the following to the command line:
	--allow-overriding my_riley_robot_description my_riley_robot_launcher my_riley_robot_nav2 riley riley_interfaces riley_robot_teleop xbox_input

This may be promoted to an error in a future release of colcon-core.
[0.633s] INFO:colcon.colcon_core.executor:Executing jobs using 'parallel' executor
[0.636s] DEBUG:colcon.colcon_parallel_executor.executor.parallel:run_until_complete
[0.636s] INFO:colcon.colcon_ros.task.ament_cmake.build:Building ROS package in '/home/student/rileyRobot_ws/src/riley_interfaces' with build type 'ament_cmake'
[0.636s] INFO:colcon.colcon_cmake.task.cmake.build:Building CMake package in '/home/student/rileyRobot_ws/src/riley_interfaces'
[0.641s] INFO:colcon.colcon_core.plugin_system:Skipping extension 'colcon_core.shell.bat': Not used on non-Windows systems
[0.641s] INFO:colcon.colcon_core.shell:Skip shell extension 'powershell' for command environment: Not usable outside of PowerShell
[0.641s] DEBUG:colcon.colcon_core.shell:Skip shell extension 'dsv' for command environment
[0.648s] INFO:colcon.colcon_ros.task.ament_cmake.build:Building ROS package in '/home/student/rileyRobot_ws/src/my_riley_robot_description' with build type 'ament_cmake'
[0.648s] INFO:colcon.colcon_cmake.task.cmake.build:Building CMake package in '/home/student/rileyRobot_ws/src/my_riley_robot_description'
[0.649s] INFO:colcon.colcon_core.shell:Skip shell extension 'powershell' for command environment: Not usable outside of PowerShell
[0.649s] DEBUG:colcon.colcon_core.shell:Skip shell extension 'dsv' for command environment
[0.656s] INFO:colcon.colcon_ros.task.ament_cmake.build:Building ROS package in '/home/student/rileyRobot_ws/src/my_riley_robot_launcher' with build type 'ament_cmake'
[0.656s] INFO:colcon.colcon_cmake.task.cmake.build:Building CMake package in '/home/student/rileyRobot_ws/src/my_riley_robot_launcher'
[0.657s] INFO:colcon.colcon_core.shell:Skip shell extension 'powershell' for command environment: Not usable outside of PowerShell
[0.657s] DEBUG:colcon.colcon_core.shell:Skip shell extension 'dsv' for command environment
[0.664s] INFO:colcon.colcon_ros.task.ament_cmake.build:Building ROS package in '/home/student/rileyRobot_ws/src/my_riley_robot_nav2' with build type 'ament_cmake'
[0.664s] INFO:colcon.colcon_cmake.task.cmake.build:Building CMake package in '/home/student/rileyRobot_ws/src/my_riley_robot_nav2'
[0.665s] INFO:colcon.colcon_core.shell:Skip shell extension 'powershell' for command environment: Not usable outside of PowerShell
[0.665s] DEBUG:colcon.colcon_core.shell:Skip shell extension 'dsv' for command environment
[0.671s] INFO:colcon.colcon_ros.task.ament_python.build:Building ROS package in '/home/student/rileyRobot_ws/src/riley' with build type 'ament_python'
[0.672s] Level 1:colcon.colcon_core.shell:create_environment_hook('riley', 'ament_prefix_path')
[0.672s] INFO:colcon.colcon_core.shell:Creating environment hook '/home/student/rileyRobot_ws/install/riley/share/riley/hook/ament_prefix_path.ps1'
[0.674s] INFO:colcon.colcon_core.shell:Creating environment descriptor '/home/student/rileyRobot_ws/install/riley/share/riley/hook/ament_prefix_path.dsv'
[0.674s] INFO:colcon.colcon_core.shell:Creating environment hook '/home/student/rileyRobot_ws/install/riley/share/riley/hook/ament_prefix_path.sh'
[0.675s] INFO:colcon.colcon_core.shell:Skip shell extension 'powershell' for command environment: Not usable outside of PowerShell
[0.675s] DEBUG:colcon.colcon_core.shell:Skip shell extension 'dsv' for command environment
[0.682s] INFO:colcon.colcon_ros.task.ament_cmake.build:Building ROS package in '/home/student/rileyRobot_ws/src/riley_robot_teleop' with build type 'ament_cmake'
[0.682s] INFO:colcon.colcon_cmake.task.cmake.build:Building CMake package in '/home/student/rileyRobot_ws/src/riley_robot_teleop'
[0.683s] INFO:colcon.colcon_core.shell:Skip shell extension 'powershell' for command environment: Not usable outside of PowerShell
[0.683s] DEBUG:colcon.colcon_core.shell:Skip shell extension 'dsv' for command environment
[0.699s] DEBUG:colcon.colcon_core.event_handler.log_command:Invoking command in '/home/student/rileyRobot_ws/build/riley_interfaces': CMAKE_PREFIX_PATH=${CMAKE_PREFIX_PATH}:/home/student/rileyRobot_ws/install/xbox_input:/home/student/rileyRobot_ws/install/riley:/opt/ros/foxy /usr/bin/cmake --build /home/student/rileyRobot_ws/build/riley_interfaces -- -j12 -l12
[0.706s] DEBUG:colcon.colcon_core.event_handler.log_command:Invoking command in '/home/student/rileyRobot_ws/build/my_riley_robot_description': CMAKE_PREFIX_PATH=${CMAKE_PREFIX_PATH}:/home/student/rileyRobot_ws/install/xbox_input:/home/student/rileyRobot_ws/install/riley:/opt/ros/foxy /usr/bin/cmake --build /home/student/rileyRobot_ws/build/my_riley_robot_description -- -j12 -l12
[0.712s] DEBUG:colcon.colcon_core.event_handler.log_command:Invoking command in '/home/student/rileyRobot_ws/build/my_riley_robot_launcher': CMAKE_PREFIX_PATH=${CMAKE_PREFIX_PATH}:/home/student/rileyRobot_ws/install/xbox_input:/home/student/rileyRobot_ws/install/riley:/opt/ros/foxy /usr/bin/cmake --build /home/student/rileyRobot_ws/build/my_riley_robot_launcher -- -j12 -l12
[0.720s] DEBUG:colcon.colcon_core.event_handler.log_command:Invoking command in '/home/student/rileyRobot_ws/build/my_riley_robot_nav2': CMAKE_PREFIX_PATH=${CMAKE_PREFIX_PATH}:/home/student/rileyRobot_ws/install/xbox_input:/home/student/rileyRobot_ws/install/riley:/opt/ros/foxy /usr/bin/cmake --build /home/student/rileyRobot_ws/build/my_riley_robot_nav2 -- -j12 -l12
[1.020s] INFO:colcon.colcon_core.task.python.build:Building Python package in '/home/student/rileyRobot_ws/src/riley'
[1.021s] INFO:colcon.colcon_core.shell:Skip shell extension 'powershell' for command environment: Not usable outside of PowerShell
[1.021s] DEBUG:colcon.colcon_core.shell:Skip shell extension 'dsv' for command environment
[1.036s] DEBUG:colcon.colcon_core.event_handler.log_command:Invoking command in '/home/student/rileyRobot_ws/build/riley_robot_teleop': CMAKE_PREFIX_PATH=${CMAKE_PREFIX_PATH}:/home/student/rileyRobot_ws/install/xbox_input:/home/student/rileyRobot_ws/install/riley:/opt/ros/foxy /usr/bin/cmake --build /home/student/rileyRobot_ws/build/riley_robot_teleop -- -j12 -l12
[1.048s] DEBUG:colcon.colcon_core.event_handler.log_command:Invoked command in '/home/student/rileyRobot_ws/build/riley_interfaces' returned '0': CMAKE_PREFIX_PATH=${CMAKE_PREFIX_PATH}:/home/student/rileyRobot_ws/install/xbox_input:/home/student/rileyRobot_ws/install/riley:/opt/ros/foxy /usr/bin/cmake --build /home/student/rileyRobot_ws/build/riley_interfaces -- -j12 -l12
[1.049s] DEBUG:colcon.colcon_core.event_handler.log_command:Invoked command in '/home/student/rileyRobot_ws/build/my_riley_robot_description' returned '0': CMAKE_PREFIX_PATH=${CMAKE_PREFIX_PATH}:/home/student/rileyRobot_ws/install/xbox_input:/home/student/rileyRobot_ws/install/riley:/opt/ros/foxy /usr/bin/cmake --build /home/student/rileyRobot_ws/build/my_riley_robot_description -- -j12 -l12
[1.050s] DEBUG:colcon.colcon_core.event_handler.log_command:Invoked command in '/home/student/rileyRobot_ws/build/my_riley_robot_nav2' returned '0': CMAKE_PREFIX_PATH=${CMAKE_PREFIX_PATH}:/home/student/rileyRobot_ws/install/xbox_input:/home/student/rileyRobot_ws/install/riley:/opt/ros/foxy /usr/bin/cmake --build /home/student/rileyRobot_ws/build/my_riley_robot_nav2 -- -j12 -l12
[1.051s] DEBUG:colcon.colcon_core.event_handler.log_command:Invoked command in '/home/student/rileyRobot_ws/build/my_riley_robot_launcher' returned '0': CMAKE_PREFIX_PATH=${CMAKE_PREFIX_PATH}:/home/student/rileyRobot_ws/install/xbox_input:/home/student/rileyRobot_ws/install/riley:/opt/ros/foxy /usr/bin/cmake --build /home/student/rileyRobot_ws/build/my_riley_robot_launcher -- -j12 -l12
[1.084s] DEBUG:colcon.colcon_core.event_handler.log_command:Invoking command in '/home/student/rileyRobot_ws/build/my_riley_robot_description': CMAKE_PREFIX_PATH=${CMAKE_PREFIX_PATH}:/home/student/rileyRobot_ws/install/xbox_input:/home/student/rileyRobot_ws/install/riley:/opt/ros/foxy /usr/bin/cmake --install /home/student/rileyRobot_ws/build/my_riley_robot_description
[1.087s] DEBUG:colcon.colcon_core.event_handler.log_command:Invoked command in '/home/student/rileyRobot_ws/build/riley_robot_teleop' returned '0': CMAKE_PREFIX_PATH=${CMAKE_PREFIX_PATH}:/home/student/rileyRobot_ws/install/xbox_input:/home/student/rileyRobot_ws/install/riley:/opt/ros/foxy /usr/bin/cmake --build /home/student/rileyRobot_ws/build/riley_robot_teleop -- -j12 -l12
[1.093s] DEBUG:colcon.colcon_core.event_handler.log_command:Invoking command in '/home/student/rileyRobot_ws/build/my_riley_robot_nav2': CMAKE_PREFIX_PATH=${CMAKE_PREFIX_PATH}:/home/student/rileyRobot_ws/install/xbox_input:/home/student/rileyRobot_ws/install/riley:/opt/ros/foxy /usr/bin/cmake --install /home/student/rileyRobot_ws/build/my_riley_robot_nav2
[1.099s] DEBUG:colcon.colcon_core.event_handler.log_command:Invoking command in '/home/student/rileyRobot_ws/build/my_riley_robot_launcher': CMAKE_PREFIX_PATH=${CMAKE_PREFIX_PATH}:/home/student/rileyRobot_ws/install/xbox_input:/home/student/rileyRobot_ws/install/riley:/opt/ros/foxy /usr/bin/cmake --install /home/student/rileyRobot_ws/build/my_riley_robot_launcher
[1.104s] Level 1:colcon.colcon_core.environment:create_environment_scripts_only(my_riley_robot_description)
[1.119s] Level 1:colcon.colcon_core.environment:checking '/home/student/rileyRobot_ws/install/my_riley_robot_description' for CMake module files
[1.121s] Level 1:colcon.colcon_core.environment:checking '/home/student/rileyRobot_ws/install/my_riley_robot_description' for CMake config files
[1.125s] Level 1:colcon.colcon_core.shell:create_environment_hook('my_riley_robot_description', 'cmake_prefix_path')
[1.125s] INFO:colcon.colcon_core.shell:Creating environment hook '/home/student/rileyRobot_ws/install/my_riley_robot_description/share/my_riley_robot_description/hook/cmake_prefix_path.ps1'
[1.126s] INFO:colcon.colcon_core.shell:Creating environment descriptor '/home/student/rileyRobot_ws/install/my_riley_robot_description/share/my_riley_robot_description/hook/cmake_prefix_path.dsv'
[1.127s] INFO:colcon.colcon_core.shell:Creating environment hook '/home/student/rileyRobot_ws/install/my_riley_robot_description/share/my_riley_robot_description/hook/cmake_prefix_path.sh'
[1.128s] Level 1:colcon.colcon_core.environment:checking '/home/student/rileyRobot_ws/install/my_riley_robot_description/lib'
[1.129s] Level 1:colcon.colcon_core.environment:checking '/home/student/rileyRobot_ws/install/my_riley_robot_description/bin'
[1.129s] Level 1:colcon.colcon_core.environment:checking '/home/student/rileyRobot_ws/install/my_riley_robot_description/lib/pkgconfig/my_riley_robot_description.pc'
[1.129s] Level 1:colcon.colcon_core.environment:checking '/home/student/rileyRobot_ws/install/my_riley_robot_description/lib/python3.8/site-packages'
[1.130s] INFO:colcon.colcon_core.shell:Creating package script '/home/student/rileyRobot_ws/install/my_riley_robot_description/share/my_riley_robot_description/package.ps1'
[1.131s] INFO:colcon.colcon_core.shell:Creating package descriptor '/home/student/rileyRobot_ws/install/my_riley_robot_description/share/my_riley_robot_description/package.dsv'
[1.132s] INFO:colcon.colcon_core.shell:Creating package script '/home/student/rileyRobot_ws/install/my_riley_robot_description/share/my_riley_robot_description/package.sh'
[1.134s] INFO:colcon.colcon_core.shell:Creating package script '/home/student/rileyRobot_ws/install/my_riley_robot_description/share/my_riley_robot_description/package.bash'
[1.135s] INFO:colcon.colcon_core.shell:Creating package script '/home/student/rileyRobot_ws/install/my_riley_robot_description/share/my_riley_robot_description/package.zsh'
[1.136s] Level 1:colcon.colcon_core.environment:create_file_with_runtime_dependencies(/home/student/rileyRobot_ws/install/my_riley_robot_description/share/colcon-core/packages/my_riley_robot_description)
[1.142s] Level 1:colcon.colcon_core.environment:create_environment_scripts_only(my_riley_robot_nav2)
[1.144s] Level 1:colcon.colcon_core.environment:checking '/home/student/rileyRobot_ws/install/my_riley_robot_nav2' for CMake module files
[1.145s] Level 1:colcon.colcon_core.environment:checking '/home/student/rileyRobot_ws/install/my_riley_robot_nav2' for CMake config files
[1.146s] Level 1:colcon.colcon_core.shell:create_environment_hook('my_riley_robot_nav2', 'cmake_prefix_path')
[1.147s] INFO:colcon.colcon_core.shell:Creating environment hook '/home/student/rileyRobot_ws/install/my_riley_robot_nav2/share/my_riley_robot_nav2/hook/cmake_prefix_path.ps1'
[1.148s] INFO:colcon.colcon_core.shell:Creating environment descriptor '/home/student/rileyRobot_ws/install/my_riley_robot_nav2/share/my_riley_robot_nav2/hook/cmake_prefix_path.dsv'
[1.149s] INFO:colcon.colcon_core.shell:Creating environment hook '/home/student/rileyRobot_ws/install/my_riley_robot_nav2/share/my_riley_robot_nav2/hook/cmake_prefix_path.sh'
[1.150s] Level 1:colcon.colcon_core.environment:checking '/home/student/rileyRobot_ws/install/my_riley_robot_nav2/bin'
[1.150s] Level 1:colcon.colcon_core.environment:checking '/home/student/rileyRobot_ws/install/my_riley_robot_nav2/lib/pkgconfig/my_riley_robot_nav2.pc'
[1.150s] Level 1:colcon.colcon_core.environment:checking '/home/student/rileyRobot_ws/install/my_riley_robot_nav2/lib/python3.8/site-packages'
[1.151s] INFO:colcon.colcon_core.shell:Creating package script '/home/student/rileyRobot_ws/install/my_riley_robot_nav2/share/my_riley_robot_nav2/package.ps1'
[1.152s] INFO:colcon.colcon_core.shell:Creating package descriptor '/home/student/rileyRobot_ws/install/my_riley_robot_nav2/share/my_riley_robot_nav2/package.dsv'
[1.153s] INFO:colcon.colcon_core.shell:Creating package script '/home/student/rileyRobot_ws/install/my_riley_robot_nav2/share/my_riley_robot_nav2/package.sh'
[1.154s] INFO:colcon.colcon_core.shell:Creating package script '/home/student/rileyRobot_ws/install/my_riley_robot_nav2/share/my_riley_robot_nav2/package.bash'
[1.155s] INFO:colcon.colcon_core.shell:Creating package script '/home/student/rileyRobot_ws/install/my_riley_robot_nav2/share/my_riley_robot_nav2/package.zsh'
[1.156s] Level 1:colcon.colcon_core.environment:create_file_with_runtime_dependencies(/home/student/rileyRobot_ws/install/my_riley_robot_nav2/share/colcon-core/packages/my_riley_robot_nav2)
[1.167s] Level 1:colcon.colcon_core.environment:create_environment_scripts_only(my_riley_robot_launcher)
[1.169s] Level 1:colcon.colcon_core.environment:checking '/home/student/rileyRobot_ws/install/my_riley_robot_launcher' for CMake module files
[1.172s] DEBUG:colcon.colcon_core.event_handler.log_command:Invoked command in '/home/student/rileyRobot_ws/build/my_riley_robot_description' returned '0': CMAKE_PREFIX_PATH=${CMAKE_PREFIX_PATH}:/home/student/rileyRobot_ws/install/xbox_input:/home/student/rileyRobot_ws/install/riley:/opt/ros/foxy /usr/bin/cmake --install /home/student/rileyRobot_ws/build/my_riley_robot_description
[1.173s] Level 1:colcon.colcon_core.environment:checking '/home/student/rileyRobot_ws/install/my_riley_robot_launcher' for CMake config files
[1.178s] DEBUG:colcon.colcon_core.event_handler.log_command:Invoked command in '/home/student/rileyRobot_ws/build/my_riley_robot_nav2' returned '0': CMAKE_PREFIX_PATH=${CMAKE_PREFIX_PATH}:/home/student/rileyRobot_ws/install/xbox_input:/home/student/rileyRobot_ws/install/riley:/opt/ros/foxy /usr/bin/cmake --install /home/student/rileyRobot_ws/build/my_riley_robot_nav2
[1.179s] DEBUG:colcon.colcon_core.event_handler.log_command:Invoking command in '/home/student/rileyRobot_ws/build/riley_robot_teleop': CMAKE_PREFIX_PATH=${CMAKE_PREFIX_PATH}:/home/student/rileyRobot_ws/install/xbox_input:/home/student/rileyRobot_ws/install/riley:/opt/ros/foxy /usr/bin/cmake --install /home/student/rileyRobot_ws/build/riley_robot_teleop
[1.179s] DEBUG:colcon.colcon_core.event_handler.log_command:Invoked command in '/home/student/rileyRobot_ws/build/my_riley_robot_launcher' returned '0': CMAKE_PREFIX_PATH=${CMAKE_PREFIX_PATH}:/home/student/rileyRobot_ws/install/xbox_input:/home/student/rileyRobot_ws/install/riley:/opt/ros/foxy /usr/bin/cmake --install /home/student/rileyRobot_ws/build/my_riley_robot_launcher
[1.180s] Level 1:colcon.colcon_core.shell:create_environment_hook('my_riley_robot_launcher', 'cmake_prefix_path')
[1.181s] INFO:colcon.colcon_core.shell:Creating environment hook '/home/student/rileyRobot_ws/install/my_riley_robot_launcher/share/my_riley_robot_launcher/hook/cmake_prefix_path.ps1'
[1.183s] INFO:colcon.colcon_core.shell:Creating environment descriptor '/home/student/rileyRobot_ws/install/my_riley_robot_launcher/share/my_riley_robot_launcher/hook/cmake_prefix_path.dsv'
[1.184s] INFO:colcon.colcon_core.shell:Creating environment hook '/home/student/rileyRobot_ws/install/my_riley_robot_launcher/share/my_riley_robot_launcher/hook/cmake_prefix_path.sh'
[1.184s] Level 1:colcon.colcon_core.environment:checking '/home/student/rileyRobot_ws/install/my_riley_robot_launcher/bin'
[1.185s] Level 1:colcon.colcon_core.environment:checking '/home/student/rileyRobot_ws/install/my_riley_robot_launcher/lib/pkgconfig/my_riley_robot_launcher.pc'
[1.185s] Level 1:colcon.colcon_core.environment:checking '/home/student/rileyRobot_ws/install/my_riley_robot_launcher/lib/python3.8/site-packages'
[1.186s] INFO:colcon.colcon_core.shell:Creating package script '/home/student/rileyRobot_ws/install/my_riley_robot_launcher/share/my_riley_robot_launcher/package.ps1'
[1.186s] INFO:colcon.colcon_core.shell:Creating package descriptor '/home/student/rileyRobot_ws/install/my_riley_robot_launcher/share/my_riley_robot_launcher/package.dsv'
[1.187s] INFO:colcon.colcon_core.shell:Creating package script '/home/student/rileyRobot_ws/install/my_riley_robot_launcher/share/my_riley_robot_launcher/package.sh'
[1.187s] INFO:colcon.colcon_core.shell:Creating package script '/home/student/rileyRobot_ws/install/my_riley_robot_launcher/share/my_riley_robot_launcher/package.bash'
[1.188s] INFO:colcon.colcon_core.shell:Creating package script '/home/student/rileyRobot_ws/install/my_riley_robot_launcher/share/my_riley_robot_launcher/package.zsh'
[1.188s] Level 1:colcon.colcon_core.environment:create_file_with_runtime_dependencies(/home/student/rileyRobot_ws/install/my_riley_robot_launcher/share/colcon-core/packages/my_riley_robot_launcher)
[1.194s] Level 1:colcon.colcon_core.environment:create_environment_scripts_only(my_riley_robot_description)
[1.195s] Level 1:colcon.colcon_core.environment:checking '/home/student/rileyRobot_ws/install/my_riley_robot_description' for CMake module files
[1.196s] Level 1:colcon.colcon_core.environment:checking '/home/student/rileyRobot_ws/install/my_riley_robot_description' for CMake config files
[1.196s] Level 1:colcon.colcon_core.shell:create_environment_hook('my_riley_robot_description', 'cmake_prefix_path')
[1.197s] INFO:colcon.colcon_core.shell:Creating environment hook '/home/student/rileyRobot_ws/install/my_riley_robot_description/share/my_riley_robot_description/hook/cmake_prefix_path.ps1'
[1.198s] INFO:colcon.colcon_core.shell:Creating environment descriptor '/home/student/rileyRobot_ws/install/my_riley_robot_description/share/my_riley_robot_description/hook/cmake_prefix_path.dsv'
[1.198s] INFO:colcon.colcon_core.shell:Creating environment hook '/home/student/rileyRobot_ws/install/my_riley_robot_description/share/my_riley_robot_description/hook/cmake_prefix_path.sh'
[1.199s] Level 1:colcon.colcon_core.environment:checking '/home/student/rileyRobot_ws/install/my_riley_robot_description/lib'
[1.199s] Level 1:colcon.colcon_core.environment:checking '/home/student/rileyRobot_ws/install/my_riley_robot_description/bin'
[1.199s] Level 1:colcon.colcon_core.environment:checking '/home/student/rileyRobot_ws/install/my_riley_robot_description/lib/pkgconfig/my_riley_robot_description.pc'
[1.199s] Level 1:colcon.colcon_core.environment:checking '/home/student/rileyRobot_ws/install/my_riley_robot_description/lib/python3.8/site-packages'
[1.200s] INFO:colcon.colcon_core.shell:Creating package script '/home/student/rileyRobot_ws/install/my_riley_robot_description/share/my_riley_robot_description/package.ps1'
[1.200s] INFO:colcon.colcon_core.shell:Creating package descriptor '/home/student/rileyRobot_ws/install/my_riley_robot_description/share/my_riley_robot_description/package.dsv'
[1.201s] INFO:colcon.colcon_core.shell:Creating package script '/home/student/rileyRobot_ws/install/my_riley_robot_description/share/my_riley_robot_description/package.sh'
[1.201s] INFO:colcon.colcon_core.shell:Creating package script '/home/student/rileyRobot_ws/install/my_riley_robot_description/share/my_riley_robot_description/package.bash'
[1.202s] INFO:colcon.colcon_core.shell:Creating package script '/home/student/rileyRobot_ws/install/my_riley_robot_description/share/my_riley_robot_description/package.zsh'
[1.202s] Level 1:colcon.colcon_core.environment:create_file_with_runtime_dependencies(/home/student/rileyRobot_ws/install/my_riley_robot_description/share/colcon-core/packages/my_riley_robot_description)
[1.207s] Level 1:colcon.colcon_core.environment:create_environment_scripts_only(riley_robot_teleop)
[1.209s] Level 1:colcon.colcon_core.environment:checking '/home/student/rileyRobot_ws/install/riley_robot_teleop' for CMake module files
[1.209s] DEBUG:colcon.colcon_core.event_handler.log_command:Invoking command in '/home/student/rileyRobot_ws/build/riley_interfaces': CMAKE_PREFIX_PATH=${CMAKE_PREFIX_PATH}:/home/student/rileyRobot_ws/install/xbox_input:/home/student/rileyRobot_ws/install/riley:/opt/ros/foxy /usr/bin/cmake --install /home/student/rileyRobot_ws/build/riley_interfaces
[1.210s] DEBUG:colcon.colcon_core.event_handler.log_command:Invoked command in '/home/student/rileyRobot_ws/build/riley_robot_teleop' returned '0': CMAKE_PREFIX_PATH=${CMAKE_PREFIX_PATH}:/home/student/rileyRobot_ws/install/xbox_input:/home/student/rileyRobot_ws/install/riley:/opt/ros/foxy /usr/bin/cmake --install /home/student/rileyRobot_ws/build/riley_robot_teleop
[1.210s] Level 1:colcon.colcon_core.environment:checking '/home/student/rileyRobot_ws/install/riley_robot_teleop' for CMake config files
[1.210s] Level 1:colcon.colcon_core.shell:create_environment_hook('riley_robot_teleop', 'cmake_prefix_path')
[1.211s] INFO:colcon.colcon_core.shell:Creating environment hook '/home/student/rileyRobot_ws/install/riley_robot_teleop/share/riley_robot_teleop/hook/cmake_prefix_path.ps1'
[1.212s] INFO:colcon.colcon_core.shell:Creating environment descriptor '/home/student/rileyRobot_ws/install/riley_robot_teleop/share/riley_robot_teleop/hook/cmake_prefix_path.dsv'
[1.212s] INFO:colcon.colcon_core.shell:Creating environment hook '/home/student/rileyRobot_ws/install/riley_robot_teleop/share/riley_robot_teleop/hook/cmake_prefix_path.sh'
[1.213s] Level 1:colcon.colcon_core.environment:checking '/home/student/rileyRobot_ws/install/riley_robot_teleop/bin'
[1.213s] Level 1:colcon.colcon_core.environment:checking '/home/student/rileyRobot_ws/install/riley_robot_teleop/lib/pkgconfig/riley_robot_teleop.pc'
[1.213s] Level 1:colcon.colcon_core.environment:checking '/home/student/rileyRobot_ws/install/riley_robot_teleop/lib/python3.8/site-packages'
[1.214s] INFO:colcon.colcon_core.shell:Creating package script '/home/student/rileyRobot_ws/install/riley_robot_teleop/share/riley_robot_teleop/package.ps1'
[1.214s] INFO:colcon.colcon_core.shell:Creating package descriptor '/home/student/rileyRobot_ws/install/riley_robot_teleop/share/riley_robot_teleop/package.dsv'
[1.215s] INFO:colcon.colcon_core.shell:Creating package script '/home/student/rileyRobot_ws/install/riley_robot_teleop/share/riley_robot_teleop/package.sh'
[1.215s] INFO:colcon.colcon_core.shell:Creating package script '/home/student/rileyRobot_ws/install/riley_robot_teleop/share/riley_robot_teleop/package.bash'
[1.216s] INFO:colcon.colcon_core.shell:Creating package script '/home/student/rileyRobot_ws/install/riley_robot_teleop/share/riley_robot_teleop/package.zsh'
[1.216s] Level 1:colcon.colcon_core.environment:create_file_with_runtime_dependencies(/home/student/rileyRobot_ws/install/riley_robot_teleop/share/colcon-core/packages/riley_robot_teleop)
[1.220s] Level 1:colcon.colcon_core.environment:create_environment_scripts_only(my_riley_robot_nav2)
[1.222s] Level 1:colcon.colcon_core.environment:checking '/home/student/rileyRobot_ws/install/my_riley_robot_nav2' for CMake module files
[1.222s] Level 1:colcon.colcon_core.environment:checking '/home/student/rileyRobot_ws/install/my_riley_robot_nav2' for CMake config files
[1.223s] Level 1:colcon.colcon_core.shell:create_environment_hook('my_riley_robot_nav2', 'cmake_prefix_path')
[1.223s] INFO:colcon.colcon_core.shell:Creating environment hook '/home/student/rileyRobot_ws/install/my_riley_robot_nav2/share/my_riley_robot_nav2/hook/cmake_prefix_path.ps1'
[1.224s] INFO:colcon.colcon_core.shell:Creating environment descriptor '/home/student/rileyRobot_ws/install/my_riley_robot_nav2/share/my_riley_robot_nav2/hook/cmake_prefix_path.dsv'
[1.224s] INFO:colcon.colcon_core.shell:Creating environment hook '/home/student/rileyRobot_ws/install/my_riley_robot_nav2/share/my_riley_robot_nav2/hook/cmake_prefix_path.sh'
[1.225s] Level 1:colcon.colcon_core.environment:checking '/home/student/rileyRobot_ws/install/my_riley_robot_nav2/bin'
[1.225s] Level 1:colcon.colcon_core.environment:checking '/home/student/rileyRobot_ws/install/my_riley_robot_nav2/lib/pkgconfig/my_riley_robot_nav2.pc'
[1.225s] Level 1:colcon.colcon_core.environment:checking '/home/student/rileyRobot_ws/install/my_riley_robot_nav2/lib/python3.8/site-packages'
[1.226s] INFO:colcon.colcon_core.shell:Creating package script '/home/student/rileyRobot_ws/install/my_riley_robot_nav2/share/my_riley_robot_nav2/package.ps1'
[1.226s] INFO:colcon.colcon_core.shell:Creating package descriptor '/home/student/rileyRobot_ws/install/my_riley_robot_nav2/share/my_riley_robot_nav2/package.dsv'
[1.227s] INFO:colcon.colcon_core.shell:Creating package script '/home/student/rileyRobot_ws/install/my_riley_robot_nav2/share/my_riley_robot_nav2/package.sh'
[1.227s] INFO:colcon.colcon_core.shell:Creating package script '/home/student/rileyRobot_ws/install/my_riley_robot_nav2/share/my_riley_robot_nav2/package.bash'
[1.228s] INFO:colcon.colcon_core.shell:Creating package script '/home/student/rileyRobot_ws/install/my_riley_robot_nav2/share/my_riley_robot_nav2/package.zsh'
[1.228s] Level 1:colcon.colcon_core.environment:create_file_with_runtime_dependencies(/home/student/rileyRobot_ws/install/my_riley_robot_nav2/share/colcon-core/packages/my_riley_robot_nav2)
[1.231s] Level 1:colcon.colcon_core.environment:create_environment_scripts_only(my_riley_robot_launcher)
[1.232s] Level 1:colcon.colcon_core.environment:checking '/home/student/rileyRobot_ws/install/my_riley_robot_launcher' for CMake module files
[1.236s] Level 1:colcon.colcon_core.environment:checking '/home/student/rileyRobot_ws/install/my_riley_robot_launcher' for CMake config files
[1.239s] Level 1:colcon.colcon_core.shell:create_environment_hook('my_riley_robot_launcher', 'cmake_prefix_path')
[1.240s] INFO:colcon.colcon_core.shell:Creating environment hook '/home/student/rileyRobot_ws/install/my_riley_robot_launcher/share/my_riley_robot_launcher/hook/cmake_prefix_path.ps1'
[1.241s] INFO:colcon.colcon_core.shell:Creating environment descriptor '/home/student/rileyRobot_ws/install/my_riley_robot_launcher/share/my_riley_robot_launcher/hook/cmake_prefix_path.dsv'
[1.242s] INFO:colcon.colcon_core.shell:Creating environment hook '/home/student/rileyRobot_ws/install/my_riley_robot_launcher/share/my_riley_robot_launcher/hook/cmake_prefix_path.sh'
[1.244s] Level 1:colcon.colcon_core.environment:checking '/home/student/rileyRobot_ws/install/my_riley_robot_launcher/bin'
[1.244s] Level 1:colcon.colcon_core.environment:checking '/home/student/rileyRobot_ws/install/my_riley_robot_launcher/lib/pkgconfig/my_riley_robot_launcher.pc'
[1.244s] Level 1:colcon.colcon_core.environment:checking '/home/student/rileyRobot_ws/install/my_riley_robot_launcher/lib/python3.8/site-packages'
[1.245s] INFO:colcon.colcon_core.shell:Creating package script '/home/student/rileyRobot_ws/install/my_riley_robot_launcher/share/my_riley_robot_launcher/package.ps1'
[1.246s] INFO:colcon.colcon_core.shell:Creating package descriptor '/home/student/rileyRobot_ws/install/my_riley_robot_launcher/share/my_riley_robot_launcher/package.dsv'
[1.247s] INFO:colcon.colcon_core.shell:Creating package script '/home/student/rileyRobot_ws/install/my_riley_robot_launcher/share/my_riley_robot_launcher/package.sh'
[1.248s] INFO:colcon.colcon_core.shell:Creating package script '/home/student/rileyRobot_ws/install/my_riley_robot_launcher/share/my_riley_robot_launcher/package.bash'
[1.250s] INFO:colcon.colcon_core.shell:Creating package script '/home/student/rileyRobot_ws/install/my_riley_robot_launcher/share/my_riley_robot_launcher/package.zsh'
[1.251s] Level 1:colcon.colcon_core.environment:create_file_with_runtime_dependencies(/home/student/rileyRobot_ws/install/my_riley_robot_launcher/share/colcon-core/packages/my_riley_robot_launcher)
[1.253s] Level 1:colcon.colcon_core.environment:create_environment_scripts_only(riley_robot_teleop)
[1.254s] Level 1:colcon.colcon_core.environment:checking '/home/student/rileyRobot_ws/install/riley_robot_teleop' for CMake module files
[1.256s] Level 1:colcon.colcon_core.environment:checking '/home/student/rileyRobot_ws/install/riley_robot_teleop' for CMake config files
[1.258s] Level 1:colcon.colcon_core.shell:create_environment_hook('riley_robot_teleop', 'cmake_prefix_path')
[1.259s] INFO:colcon.colcon_core.shell:Creating environment hook '/home/student/rileyRobot_ws/install/riley_robot_teleop/share/riley_robot_teleop/hook/cmake_prefix_path.ps1'
[1.260s] INFO:colcon.colcon_core.shell:Creating environment descriptor '/home/student/rileyRobot_ws/install/riley_robot_teleop/share/riley_robot_teleop/hook/cmake_prefix_path.dsv'
[1.261s] INFO:colcon.colcon_core.shell:Creating environment hook '/home/student/rileyRobot_ws/install/riley_robot_teleop/share/riley_robot_teleop/hook/cmake_prefix_path.sh'
[1.263s] Level 1:colcon.colcon_core.environment:checking '/home/student/rileyRobot_ws/install/riley_robot_teleop/bin'
[1.263s] Level 1:colcon.colcon_core.environment:checking '/home/student/rileyRobot_ws/install/riley_robot_teleop/lib/pkgconfig/riley_robot_teleop.pc'
[1.263s] Level 1:colcon.colcon_core.environment:checking '/home/student/rileyRobot_ws/install/riley_robot_teleop/lib/python3.8/site-packages'
[1.264s] INFO:colcon.colcon_core.shell:Creating package script '/home/student/rileyRobot_ws/install/riley_robot_teleop/share/riley_robot_teleop/package.ps1'
[1.265s] INFO:colcon.colcon_core.shell:Creating package descriptor '/home/student/rileyRobot_ws/install/riley_robot_teleop/share/riley_robot_teleop/package.dsv'
[1.266s] INFO:colcon.colcon_core.shell:Creating package script '/home/student/rileyRobot_ws/install/riley_robot_teleop/share/riley_robot_teleop/package.sh'
[1.267s] INFO:colcon.colcon_core.shell:Creating package script '/home/student/rileyRobot_ws/install/riley_robot_teleop/share/riley_robot_teleop/package.bash'
[1.269s] INFO:colcon.colcon_core.shell:Creating package script '/home/student/rileyRobot_ws/install/riley_robot_teleop/share/riley_robot_teleop/package.zsh'
[1.270s] Level 1:colcon.colcon_core.environment:create_file_with_runtime_dependencies(/home/student/rileyRobot_ws/install/riley_robot_teleop/share/colcon-core/packages/riley_robot_teleop)
[1.279s] Level 1:colcon.colcon_core.environment:create_environment_scripts_only(riley_interfaces)
[1.280s] Level 1:colcon.colcon_core.environment:checking '/home/student/rileyRobot_ws/install/riley_interfaces' for CMake module files
[1.281s] DEBUG:colcon.colcon_core.event_handler.log_command:Invoked command in '/home/student/rileyRobot_ws/build/riley_interfaces' returned '0': CMAKE_PREFIX_PATH=${CMAKE_PREFIX_PATH}:/home/student/rileyRobot_ws/install/xbox_input:/home/student/rileyRobot_ws/install/riley:/opt/ros/foxy /usr/bin/cmake --install /home/student/rileyRobot_ws/build/riley_interfaces
[1.281s] Level 1:colcon.colcon_core.environment:checking '/home/student/rileyRobot_ws/install/riley_interfaces' for CMake config files
[1.282s] Level 1:colcon.colcon_core.shell:create_environment_hook('riley_interfaces', 'cmake_prefix_path')
[1.282s] INFO:colcon.colcon_core.shell:Creating environment hook '/home/student/rileyRobot_ws/install/riley_interfaces/share/riley_interfaces/hook/cmake_prefix_path.ps1'
[1.283s] INFO:colcon.colcon_core.shell:Creating environment descriptor '/home/student/rileyRobot_ws/install/riley_interfaces/share/riley_interfaces/hook/cmake_prefix_path.dsv'
[1.283s] INFO:colcon.colcon_core.shell:Creating environment hook '/home/student/rileyRobot_ws/install/riley_interfaces/share/riley_interfaces/hook/cmake_prefix_path.sh'
[1.284s] Level 1:colcon.colcon_core.environment:checking '/home/student/rileyRobot_ws/install/riley_interfaces/lib'
[1.284s] Level 1:colcon.colcon_core.shell:create_environment_hook('riley_interfaces', 'ld_library_path_lib')
[1.284s] INFO:colcon.colcon_core.shell:Creating environment hook '/home/student/rileyRobot_ws/install/riley_interfaces/share/riley_interfaces/hook/ld_library_path_lib.ps1'
[1.285s] INFO:colcon.colcon_core.shell:Creating environment descriptor '/home/student/rileyRobot_ws/install/riley_interfaces/share/riley_interfaces/hook/ld_library_path_lib.dsv'
[1.285s] INFO:colcon.colcon_core.shell:Creating environment hook '/home/student/rileyRobot_ws/install/riley_interfaces/share/riley_interfaces/hook/ld_library_path_lib.sh'
[1.286s] Level 1:colcon.colcon_core.environment:checking '/home/student/rileyRobot_ws/install/riley_interfaces/bin'
[1.286s] Level 1:colcon.colcon_core.environment:checking '/home/student/rileyRobot_ws/install/riley_interfaces/lib/pkgconfig/riley_interfaces.pc'
[1.286s] Level 1:colcon.colcon_core.environment:checking '/home/student/rileyRobot_ws/install/riley_interfaces/lib/python3.8/site-packages'
[1.286s] Level 1:colcon.colcon_core.shell:create_environment_hook('riley_interfaces', 'pythonpath')
[1.286s] INFO:colcon.colcon_core.shell:Creating environment hook '/home/student/rileyRobot_ws/install/riley_interfaces/share/riley_interfaces/hook/pythonpath.ps1'
[1.287s] INFO:colcon.colcon_core.shell:Creating environment descriptor '/home/student/rileyRobot_ws/install/riley_interfaces/share/riley_interfaces/hook/pythonpath.dsv'
[1.287s] INFO:colcon.colcon_core.shell:Creating environment hook '/home/student/rileyRobot_ws/install/riley_interfaces/share/riley_interfaces/hook/pythonpath.sh'
[1.288s] INFO:colcon.colcon_core.shell:Creating package script '/home/student/rileyRobot_ws/install/riley_interfaces/share/riley_interfaces/package.ps1'
[1.289s] INFO:colcon.colcon_core.shell:Creating package descriptor '/home/student/rileyRobot_ws/install/riley_interfaces/share/riley_interfaces/package.dsv'
[1.289s] INFO:colcon.colcon_core.shell:Creating package script '/home/student/rileyRobot_ws/install/riley_interfaces/share/riley_interfaces/package.sh'
[1.290s] INFO:colcon.colcon_core.shell:Creating package script '/home/student/rileyRobot_ws/install/riley_interfaces/share/riley_interfaces/package.bash'
[1.290s] INFO:colcon.colcon_core.shell:Creating package script '/home/student/rileyRobot_ws/install/riley_interfaces/share/riley_interfaces/package.zsh'
[1.291s] Level 1:colcon.colcon_core.environment:create_file_with_runtime_dependencies(/home/student/rileyRobot_ws/install/riley_interfaces/share/colcon-core/packages/riley_interfaces)
[1.430s] Level 1:colcon.colcon_core.environment:create_environment_scripts_only(riley_interfaces)
[1.431s] Level 1:colcon.colcon_core.environment:checking '/home/student/rileyRobot_ws/install/riley_interfaces' for CMake module files
[1.432s] Level 1:colcon.colcon_core.environment:checking '/home/student/rileyRobot_ws/install/riley_interfaces' for CMake config files
[1.432s] Level 1:colcon.colcon_core.shell:create_environment_hook('riley_interfaces', 'cmake_prefix_path')
[1.433s] INFO:colcon.colcon_core.shell:Creating environment hook '/home/student/rileyRobot_ws/install/riley_interfaces/share/riley_interfaces/hook/cmake_prefix_path.ps1'
[1.433s] INFO:colcon.colcon_core.shell:Creating environment descriptor '/home/student/rileyRobot_ws/install/riley_interfaces/share/riley_interfaces/hook/cmake_prefix_path.dsv'
[1.434s] INFO:colcon.colcon_core.shell:Creating environment hook '/home/student/rileyRobot_ws/install/riley_interfaces/share/riley_interfaces/hook/cmake_prefix_path.sh'
[1.434s] Level 1:colcon.colcon_core.environment:checking '/home/student/rileyRobot_ws/install/riley_interfaces/lib'
[1.434s] Level 1:colcon.colcon_core.shell:create_environment_hook('riley_interfaces', 'ld_library_path_lib')
[1.435s] INFO:colcon.colcon_core.shell:Creating environment hook '/home/student/rileyRobot_ws/install/riley_interfaces/share/riley_interfaces/hook/ld_library_path_lib.ps1'
[1.435s] INFO:colcon.colcon_core.shell:Creating environment descriptor '/home/student/rileyRobot_ws/install/riley_interfaces/share/riley_interfaces/hook/ld_library_path_lib.dsv'
[1.436s] INFO:colcon.colcon_core.shell:Creating environment hook '/home/student/rileyRobot_ws/install/riley_interfaces/share/riley_interfaces/hook/ld_library_path_lib.sh'
[1.436s] Level 1:colcon.colcon_core.environment:checking '/home/student/rileyRobot_ws/install/riley_interfaces/bin'
[1.436s] Level 1:colcon.colcon_core.environment:checking '/home/student/rileyRobot_ws/install/riley_interfaces/lib/pkgconfig/riley_interfaces.pc'
[1.436s] Level 1:colcon.colcon_core.environment:checking '/home/student/rileyRobot_ws/install/riley_interfaces/lib/python3.8/site-packages'
[1.436s] Level 1:colcon.colcon_core.shell:create_environment_hook('riley_interfaces', 'pythonpath')
[1.437s] INFO:colcon.colcon_core.shell:Creating environment hook '/home/student/rileyRobot_ws/install/riley_interfaces/share/riley_interfaces/hook/pythonpath.ps1'
[1.437s] INFO:colcon.colcon_core.shell:Creating environment descriptor '/home/student/rileyRobot_ws/install/riley_interfaces/share/riley_interfaces/hook/pythonpath.dsv'
[1.438s] INFO:colcon.colcon_core.shell:Creating environment hook '/home/student/rileyRobot_ws/install/riley_interfaces/share/riley_interfaces/hook/pythonpath.sh'
[1.439s] INFO:colcon.colcon_core.shell:Creating package script '/home/student/rileyRobot_ws/install/riley_interfaces/share/riley_interfaces/package.ps1'
[1.440s] INFO:colcon.colcon_core.shell:Creating package descriptor '/home/student/rileyRobot_ws/install/riley_interfaces/share/riley_interfaces/package.dsv'
[1.440s] INFO:colcon.colcon_core.shell:Creating package script '/home/student/rileyRobot_ws/install/riley_interfaces/share/riley_interfaces/package.sh'
[1.441s] INFO:colcon.colcon_core.shell:Creating package script '/home/student/rileyRobot_ws/install/riley_interfaces/share/riley_interfaces/package.bash'
[1.441s] INFO:colcon.colcon_core.shell:Creating package script '/home/student/rileyRobot_ws/install/riley_interfaces/share/riley_interfaces/package.zsh'
[1.442s] Level 1:colcon.colcon_core.environment:create_file_with_runtime_dependencies(/home/student/rileyRobot_ws/install/riley_interfaces/share/colcon-core/packages/riley_interfaces)
[1.442s] INFO:colcon.colcon_ros.task.ament_python.build:Building ROS package in '/home/student/rileyRobot_ws/src/xbox_input' with build type 'ament_python'
[1.443s] Level 1:colcon.colcon_core.shell:create_environment_hook('xbox_input', 'ament_prefix_path')
[1.443s] INFO:colcon.colcon_core.shell:Creating environment hook '/home/student/rileyRobot_ws/install/xbox_input/share/xbox_input/hook/ament_prefix_path.ps1'
[1.444s] INFO:colcon.colcon_core.shell:Creating environment descriptor '/home/student/rileyRobot_ws/install/xbox_input/share/xbox_input/hook/ament_prefix_path.dsv'
[1.445s] INFO:colcon.colcon_core.shell:Creating environment hook '/home/student/rileyRobot_ws/install/xbox_input/share/xbox_input/hook/ament_prefix_path.sh'
[1.445s] INFO:colcon.colcon_core.shell:Skip shell extension 'powershell' for command environment: Not usable outside of PowerShell
[1.446s] DEBUG:colcon.colcon_core.shell:Skip shell extension 'dsv' for command environment
[1.766s] INFO:colcon.colcon_core.task.python.build:Building Python package in '/home/student/rileyRobot_ws/src/xbox_input'
[1.767s] INFO:colcon.colcon_core.shell:Skip shell extension 'powershell' for command environment: Not usable outside of PowerShell
[1.767s] DEBUG:colcon.colcon_core.shell:Skip shell extension 'dsv' for command environment
[1.778s] DEBUG:colcon.colcon_core.event_handler.log_command:Invoking command in '/home/student/rileyRobot_ws/src/riley': PYTHONPATH=/home/student/rileyRobot_ws/install/riley/lib/python3.8/site-packages:${PYTHONPATH} /usr/bin/python3 setup.py egg_info --egg-base ../../build/riley build --build-base /home/student/rileyRobot_ws/build/riley/build install --prefix /home/student/rileyRobot_ws/install/riley --record /home/student/rileyRobot_ws/build/riley/install.log --single-version-externally-managed
[2.157s] Level 1:colcon.colcon_core.environment:checking '/home/student/rileyRobot_ws/install/riley' for CMake module files
[2.157s] DEBUG:colcon.colcon_core.event_handler.log_command:Invoked command in '/home/student/rileyRobot_ws/src/riley' returned '0': PYTHONPATH=/home/student/rileyRobot_ws/install/riley/lib/python3.8/site-packages:${PYTHONPATH} /usr/bin/python3 setup.py egg_info --egg-base ../../build/riley build --build-base /home/student/rileyRobot_ws/build/riley/build install --prefix /home/student/rileyRobot_ws/install/riley --record /home/student/rileyRobot_ws/build/riley/install.log --single-version-externally-managed
[2.158s] Level 1:colcon.colcon_core.environment:checking '/home/student/rileyRobot_ws/install/riley' for CMake config files
[2.159s] Level 1:colcon.colcon_core.environment:checking '/home/student/rileyRobot_ws/install/riley/lib'
[2.159s] Level 1:colcon.colcon_core.environment:checking '/home/student/rileyRobot_ws/install/riley/bin'
[2.159s] Level 1:colcon.colcon_core.environment:checking '/home/student/rileyRobot_ws/install/riley/lib/pkgconfig/riley.pc'
[2.159s] Level 1:colcon.colcon_core.environment:checking '/home/student/rileyRobot_ws/install/riley/lib/python3.8/site-packages'
[2.159s] Level 1:colcon.colcon_core.shell:create_environment_hook('riley', 'pythonpath')
[2.160s] INFO:colcon.colcon_core.shell:Creating environment hook '/home/student/rileyRobot_ws/install/riley/share/riley/hook/pythonpath.ps1'
[2.160s] INFO:colcon.colcon_core.shell:Creating environment descriptor '/home/student/rileyRobot_ws/install/riley/share/riley/hook/pythonpath.dsv'
[2.161s] INFO:colcon.colcon_core.shell:Creating environment hook '/home/student/rileyRobot_ws/install/riley/share/riley/hook/pythonpath.sh'
[2.161s] Level 1:colcon.colcon_core.environment:create_environment_scripts_only(riley)
[2.162s] INFO:colcon.colcon_core.shell:Creating package script '/home/student/rileyRobot_ws/install/riley/share/riley/package.ps1'
[2.162s] INFO:colcon.colcon_core.shell:Creating package descriptor '/home/student/rileyRobot_ws/install/riley/share/riley/package.dsv'
[2.163s] INFO:colcon.colcon_core.shell:Creating package script '/home/student/rileyRobot_ws/install/riley/share/riley/package.sh'
[2.163s] INFO:colcon.colcon_core.shell:Creating package script '/home/student/rileyRobot_ws/install/riley/share/riley/package.bash'
[2.164s] INFO:colcon.colcon_core.shell:Creating package script '/home/student/rileyRobot_ws/install/riley/share/riley/package.zsh'
[2.164s] Level 1:colcon.colcon_core.environment:create_file_with_runtime_dependencies(/home/student/rileyRobot_ws/install/riley/share/colcon-core/packages/riley)
[2.268s] DEBUG:colcon.colcon_core.event_handler.log_command:Invoking command in '/home/student/rileyRobot_ws/src/xbox_input': CMAKE_PREFIX_PATH=/home/student/rileyRobot_ws/install/riley_interfaces:/home/student/rileyRobot_ws/install/riley_robot_teleop:/home/student/rileyRobot_ws/install/my_riley_robot_nav2:/home/student/rileyRobot_ws/install/my_riley_robot_launcher:/home/student/rileyRobot_ws/install/my_riley_robot_description PYTHONPATH=/home/student/rileyRobot_ws/install/xbox_input/lib/python3.8/site-packages:/home/student/rileyRobot_ws/install/riley_interfaces/lib/python3.8/site-packages:/home/student/rileyRobot_ws/install/xbox_input/lib/python3.8/site-packages:/home/student/rileyRobot_ws/install/riley/lib/python3.8/site-packages:/opt/ros/foxy/lib/python3.8/site-packages /usr/bin/python3 setup.py egg_info --egg-base ../../build/xbox_input build --build-base /home/student/rileyRobot_ws/build/xbox_input/build install --prefix /home/student/rileyRobot_ws/install/xbox_input --record /home/student/rileyRobot_ws/build/xbox_input/install.log --single-version-externally-managed
[2.648s] Level 1:colcon.colcon_core.environment:checking '/home/student/rileyRobot_ws/install/xbox_input' for CMake module files
[2.649s] DEBUG:colcon.colcon_core.event_handler.log_command:Invoked command in '/home/student/rileyRobot_ws/src/xbox_input' returned '0': CMAKE_PREFIX_PATH=/home/student/rileyRobot_ws/install/riley_interfaces:/home/student/rileyRobot_ws/install/riley_robot_teleop:/home/student/rileyRobot_ws/install/my_riley_robot_nav2:/home/student/rileyRobot_ws/install/my_riley_robot_launcher:/home/student/rileyRobot_ws/install/my_riley_robot_description PYTHONPATH=/home/student/rileyRobot_ws/install/xbox_input/lib/python3.8/site-packages:/home/student/rileyRobot_ws/install/riley_interfaces/lib/python3.8/site-packages:/home/student/rileyRobot_ws/install/xbox_input/lib/python3.8/site-packages:/home/student/rileyRobot_ws/install/riley/lib/python3.8/site-packages:/opt/ros/foxy/lib/python3.8/site-packages /usr/bin/python3 setup.py egg_info --egg-base ../../build/xbox_input build --build-base /home/student/rileyRobot_ws/build/xbox_input/build install --prefix /home/student/rileyRobot_ws/install/xbox_input --record /home/student/rileyRobot_ws/build/xbox_input/install.log --single-version-externally-managed
[2.649s] Level 1:colcon.colcon_core.environment:checking '/home/student/rileyRobot_ws/install/xbox_input' for CMake config files
[2.650s] Level 1:colcon.colcon_core.environment:checking '/home/student/rileyRobot_ws/install/xbox_input/lib'
[2.650s] Level 1:colcon.colcon_core.environment:checking '/home/student/rileyRobot_ws/install/xbox_input/bin'
[2.650s] Level 1:colcon.colcon_core.environment:checking '/home/student/rileyRobot_ws/install/xbox_input/lib/pkgconfig/xbox_input.pc'
[2.650s] Level 1:colcon.colcon_core.environment:checking '/home/student/rileyRobot_ws/install/xbox_input/lib/python3.8/site-packages'
[2.650s] Level 1:colcon.colcon_core.shell:create_environment_hook('xbox_input', 'pythonpath')
[2.651s] INFO:colcon.colcon_core.shell:Creating environment hook '/home/student/rileyRobot_ws/install/xbox_input/share/xbox_input/hook/pythonpath.ps1'
[2.651s] INFO:colcon.colcon_core.shell:Creating environment descriptor '/home/student/rileyRobot_ws/install/xbox_input/share/xbox_input/hook/pythonpath.dsv'
[2.652s] INFO:colcon.colcon_core.shell:Creating environment hook '/home/student/rileyRobot_ws/install/xbox_input/share/xbox_input/hook/pythonpath.sh'
[2.652s] Level 1:colcon.colcon_core.environment:create_environment_scripts_only(xbox_input)
[2.653s] INFO:colcon.colcon_core.shell:Creating package script '/home/student/rileyRobot_ws/install/xbox_input/share/xbox_input/package.ps1'
[2.653s] INFO:colcon.colcon_core.shell:Creating package descriptor '/home/student/rileyRobot_ws/install/xbox_input/share/xbox_input/package.dsv'
[2.654s] INFO:colcon.colcon_core.shell:Creating package script '/home/student/rileyRobot_ws/install/xbox_input/share/xbox_input/package.sh'
[2.654s] INFO:colcon.colcon_core.shell:Creating package script '/home/student/rileyRobot_ws/install/xbox_input/share/xbox_input/package.bash'
[2.655s] INFO:colcon.colcon_core.shell:Creating package script '/home/student/rileyRobot_ws/install/xbox_input/share/xbox_input/package.zsh'
[2.655s] Level 1:colcon.colcon_core.environment:create_file_with_runtime_dependencies(/home/student/rileyRobot_ws/install/xbox_input/share/colcon-core/packages/xbox_input)
[2.655s] DEBUG:colcon.colcon_parallel_executor.executor.parallel:closing loop
[2.656s] DEBUG:colcon.colcon_parallel_executor.executor.parallel:loop closed
[2.656s] DEBUG:colcon.colcon_parallel_executor.executor.parallel:run_until_complete finished with '0'
[2.656s] DEBUG:colcon.colcon_core.event_reactor:joining thread
[2.664s] INFO:colcon.colcon_core.plugin_system:Skipping extension 'colcon_notification.desktop_notification.terminal_notifier': Not used on non-Darwin systems
[2.664s] INFO:colcon.colcon_core.plugin_system:Skipping extension 'colcon_notification.desktop_notification.win32': Not used on non-Windows systems
[2.664s] INFO:colcon.colcon_notification.desktop_notification:Sending desktop notification using 'notify2'
[2.680s] DEBUG:colcon.colcon_core.event_reactor:joined thread
[2.680s] INFO:colcon.colcon_core.shell:Creating prefix script '/home/student/rileyRobot_ws/install/local_setup.ps1'
[2.682s] INFO:colcon.colcon_core.shell:Creating prefix util module '/home/student/rileyRobot_ws/install/_local_setup_util_ps1.py'
[2.683s] INFO:colcon.colcon_core.shell:Creating prefix chain script '/home/student/rileyRobot_ws/install/setup.ps1'
[2.685s] INFO:colcon.colcon_core.shell:Creating prefix script '/home/student/rileyRobot_ws/install/local_setup.sh'
[2.685s] INFO:colcon.colcon_core.shell:Creating prefix util module '/home/student/rileyRobot_ws/install/_local_setup_util_sh.py'
[2.686s] INFO:colcon.colcon_core.shell:Creating prefix chain script '/home/student/rileyRobot_ws/install/setup.sh'
[2.687s] INFO:colcon.colcon_core.shell:Creating prefix script '/home/student/rileyRobot_ws/install/local_setup.bash'
[2.688s] INFO:colcon.colcon_core.shell:Creating prefix chain script '/home/student/rileyRobot_ws/install/setup.bash'
[2.689s] INFO:colcon.colcon_core.shell:Creating prefix script '/home/student/rileyRobot_ws/install/local_setup.zsh'
[2.690s] INFO:colcon.colcon_core.shell:Creating prefix chain script '/home/student/rileyRobot_ws/install/setup.zsh'
