[0.063s] Invoking command in '/home/student/rileyRobot_ws/build/riley_interfaces': CMAKE_PREFIX_PATH=${CMAKE_PREFIX_PATH}:/home/student/rileyRobot_ws/install/xbox_input:/home/student/rileyRobot_ws/install/riley:/opt/ros/foxy /usr/bin/cmake --build /home/student/rileyRobot_ws/build/riley_interfaces -- -j12 -l12
[0.406s] [ 11%] Built target riley_interfaces__rosidl_generator_c
[0.407s] [ 12%] Built target riley_interfaces__cpp
[0.408s] [ 57%] Built target riley_interfaces__rosidl_typesupport_introspection_c
[0.409s] [ 57%] Built target riley_interfaces__rosidl_typesupport_c
[0.409s] [ 57%] Built target riley_interfaces__rosidl_typesupport_introspection_cpp
[0.410s] [ 57%] Built target riley_interfaces__rosidl_typesupport_cpp
[0.410s] [ 69%] Built target riley_interfaces__rosidl_typesupport_fastrtps_cpp
[0.411s] [ 80%] Built target riley_interfaces__rosidl_typesupport_fastrtps_c
[0.412s] [ 80%] Built target riley_interfaces
[0.414s] [ 81%] Built target riley_interfaces__py
[0.415s] [ 91%] Built target riley_interfaces__python
[0.417s] [ 95%] Built target riley_interfaces__rosidl_typesupport_c__pyext
[0.418s] [ 98%] Built target riley_interfaces__rosidl_typesupport_introspection_c__pyext
[0.419s] [100%] Built target riley_interfaces__rosidl_typesupport_fastrtps_c__pyext
[0.420s] Invoked command in '/home/student/rileyRobot_ws/build/riley_interfaces' returned '0': CMAKE_PREFIX_PATH=${CMAKE_PREFIX_PATH}:/home/student/rileyRobot_ws/install/xbox_input:/home/student/rileyRobot_ws/install/riley:/opt/ros/foxy /usr/bin/cmake --build /home/student/rileyRobot_ws/build/riley_interfaces -- -j12 -l12
[0.569s] Invoking command in '/home/student/rileyRobot_ws/build/riley_interfaces': CMAKE_PREFIX_PATH=${CMAKE_PREFIX_PATH}:/home/student/rileyRobot_ws/install/xbox_input:/home/student/rileyRobot_ws/install/riley:/opt/ros/foxy /usr/bin/cmake --install /home/student/rileyRobot_ws/build/riley_interfaces
[0.589s] -- Install configuration: ""
[0.589s] -- Up-to-date: /home/student/rileyRobot_ws/install/riley_interfaces/share/ament_index/resource_index/rosidl_interfaces/riley_interfaces
[0.589s] -- Up-to-date: /home/student/rileyRobot_ws/install/riley_interfaces/include/riley_interfaces
[0.589s] -- Up-to-date: /home/student/rileyRobot_ws/install/riley_interfaces/include/riley_interfaces/msg
[0.589s] -- Up-to-date: /home/student/rileyRobot_ws/install/riley_interfaces/include/riley_interfaces/msg/detail
[0.589s] -- Up-to-date: /home/student/rileyRobot_ws/install/riley_interfaces/include/riley_interfaces/msg/detail/accelerometer__type_support.h
[0.590s] -- Up-to-date: /home/student/rileyRobot_ws/install/riley_interfaces/include/riley_interfaces/msg/detail/battery_status__struct.h
[0.590s] -- Up-to-date: /home/student/rileyRobot_ws/install/riley_interfaces/include/riley_interfaces/msg/detail/xbox_input__functions.c
[0.590s] -- Up-to-date: /home/student/rileyRobot_ws/install/riley_interfaces/include/riley_interfaces/msg/detail/battery_status__functions.h
[0.590s] -- Up-to-date: /home/student/rileyRobot_ws/install/riley_interfaces/include/riley_interfaces/msg/detail/accelerometer__functions.c
[0.590s] -- Up-to-date: /home/student/rileyRobot_ws/install/riley_interfaces/include/riley_interfaces/msg/detail/xbox_input__struct.h
[0.590s] -- Up-to-date: /home/student/rileyRobot_ws/install/riley_interfaces/include/riley_interfaces/msg/detail/xbox_input__type_support.h
[0.590s] -- Up-to-date: /home/student/rileyRobot_ws/install/riley_interfaces/include/riley_interfaces/msg/detail/battery_status__functions.c
[0.590s] -- Up-to-date: /home/student/rileyRobot_ws/install/riley_interfaces/include/riley_interfaces/msg/detail/xbox_input__functions.h
[0.591s] -- Up-to-date: /home/student/rileyRobot_ws/install/riley_interfaces/include/riley_interfaces/msg/detail/accelerometer__struct.h
[0.591s] -- Up-to-date: /home/student/rileyRobot_ws/install/riley_interfaces/include/riley_interfaces/msg/detail/camera_image__functions.c
[0.591s] -- Up-to-date: /home/student/rileyRobot_ws/install/riley_interfaces/include/riley_interfaces/msg/detail/imu_sensor_data__functions.c
[0.591s] -- Up-to-date: /home/student/rileyRobot_ws/install/riley_interfaces/include/riley_interfaces/msg/detail/gyroscope__type_support.h
[0.591s] -- Up-to-date: /home/student/rileyRobot_ws/install/riley_interfaces/include/riley_interfaces/msg/detail/gyroscope__functions.h
[0.591s] -- Up-to-date: /home/student/rileyRobot_ws/install/riley_interfaces/include/riley_interfaces/msg/detail/accelerometer__functions.h
[0.591s] -- Up-to-date: /home/student/rileyRobot_ws/install/riley_interfaces/include/riley_interfaces/msg/detail/battery_status__type_support.h
[0.591s] -- Up-to-date: /home/student/rileyRobot_ws/install/riley_interfaces/include/riley_interfaces/msg/detail/camera_image__functions.h
[0.592s] -- Up-to-date: /home/student/rileyRobot_ws/install/riley_interfaces/include/riley_interfaces/msg/detail/imu_sensor_data__struct.h
[0.592s] -- Up-to-date: /home/student/rileyRobot_ws/install/riley_interfaces/include/riley_interfaces/msg/detail/camera_image__struct.h
[0.592s] -- Up-to-date: /home/student/rileyRobot_ws/install/riley_interfaces/include/riley_interfaces/msg/detail/imu_sensor_data__functions.h
[0.592s] -- Up-to-date: /home/student/rileyRobot_ws/install/riley_interfaces/include/riley_interfaces/msg/detail/camera_image__type_support.h
[0.593s] -- Up-to-date: /home/student/rileyRobot_ws/install/riley_interfaces/include/riley_interfaces/msg/detail/gyroscope__struct.h
[0.593s] -- Up-to-date: /home/student/rileyRobot_ws/install/riley_interfaces/include/riley_interfaces/msg/detail/imu_sensor_data__type_support.h
[0.593s] -- Up-to-date: /home/student/rileyRobot_ws/install/riley_interfaces/include/riley_interfaces/msg/detail/gyroscope__functions.c
[0.593s] -- Up-to-date: /home/student/rileyRobot_ws/install/riley_interfaces/include/riley_interfaces/msg/accelerometer.h
[0.594s] -- Up-to-date: /home/student/rileyRobot_ws/install/riley_interfaces/include/riley_interfaces/msg/camera_image.h
[0.594s] -- Up-to-date: /home/student/rileyRobot_ws/install/riley_interfaces/include/riley_interfaces/msg/battery_status.h
[0.594s] -- Up-to-date: /home/student/rileyRobot_ws/install/riley_interfaces/include/riley_interfaces/msg/rosidl_generator_c__visibility_control.h
[0.594s] -- Up-to-date: /home/student/rileyRobot_ws/install/riley_interfaces/include/riley_interfaces/msg/gyroscope.h
[0.595s] -- Up-to-date: /home/student/rileyRobot_ws/install/riley_interfaces/include/riley_interfaces/msg/xbox_input.h
[0.595s] -- Up-to-date: /home/student/rileyRobot_ws/install/riley_interfaces/include/riley_interfaces/msg/imu_sensor_data.h
[0.595s] -- Up-to-date: /home/student/rileyRobot_ws/install/riley_interfaces/share/riley_interfaces/environment/library_path.sh
[0.595s] -- Up-to-date: /home/student/rileyRobot_ws/install/riley_interfaces/share/riley_interfaces/environment/library_path.dsv
[0.596s] -- Up-to-date: /home/student/rileyRobot_ws/install/riley_interfaces/lib/libriley_interfaces__rosidl_generator_c.so
[0.596s] -- Up-to-date: /home/student/rileyRobot_ws/install/riley_interfaces/include/riley_interfaces
[0.597s] -- Up-to-date: /home/student/rileyRobot_ws/install/riley_interfaces/include/riley_interfaces/msg
[0.597s] -- Up-to-date: /home/student/rileyRobot_ws/install/riley_interfaces/include/riley_interfaces/msg/detail
[0.597s] -- Up-to-date: /home/student/rileyRobot_ws/install/riley_interfaces/include/riley_interfaces/msg/detail/imu_sensor_data__rosidl_typesupport_fastrtps_c.h
[0.598s] -- Up-to-date: /home/student/rileyRobot_ws/install/riley_interfaces/include/riley_interfaces/msg/detail/camera_image__rosidl_typesupport_fastrtps_c.h
[0.598s] -- Up-to-date: /home/student/rileyRobot_ws/install/riley_interfaces/include/riley_interfaces/msg/detail/accelerometer__rosidl_typesupport_fastrtps_c.h
[0.598s] -- Up-to-date: /home/student/rileyRobot_ws/install/riley_interfaces/include/riley_interfaces/msg/detail/battery_status__rosidl_typesupport_fastrtps_c.h
[0.599s] -- Up-to-date: /home/student/rileyRobot_ws/install/riley_interfaces/include/riley_interfaces/msg/detail/gyroscope__rosidl_typesupport_fastrtps_c.h
[0.599s] -- Up-to-date: /home/student/rileyRobot_ws/install/riley_interfaces/include/riley_interfaces/msg/detail/xbox_input__rosidl_typesupport_fastrtps_c.h
[0.600s] -- Up-to-date: /home/student/rileyRobot_ws/install/riley_interfaces/include/riley_interfaces/msg/rosidl_typesupport_fastrtps_c__visibility_control.h
[0.600s] -- Up-to-date: /home/student/rileyRobot_ws/install/riley_interfaces/lib/libriley_interfaces__rosidl_typesupport_fastrtps_c.so
[0.600s] -- Up-to-date: /home/student/rileyRobot_ws/install/riley_interfaces/include/riley_interfaces
[0.601s] -- Up-to-date: /home/student/rileyRobot_ws/install/riley_interfaces/include/riley_interfaces/msg
[0.601s] -- Up-to-date: /home/student/rileyRobot_ws/install/riley_interfaces/include/riley_interfaces/msg/rosidl_typesupport_fastrtps_cpp__visibility_control.h
[0.602s] -- Up-to-date: /home/student/rileyRobot_ws/install/riley_interfaces/include/riley_interfaces/msg/detail
[0.603s] -- Up-to-date: /home/student/rileyRobot_ws/install/riley_interfaces/include/riley_interfaces/msg/detail/dds_fastrtps
[0.603s] -- Up-to-date: /home/student/rileyRobot_ws/install/riley_interfaces/include/riley_interfaces/msg/detail/battery_status__rosidl_typesupport_fastrtps_cpp.hpp
[0.603s] -- Up-to-date: /home/student/rileyRobot_ws/install/riley_interfaces/include/riley_interfaces/msg/detail/xbox_input__rosidl_typesupport_fastrtps_cpp.hpp
[0.603s] -- Up-to-date: /home/student/rileyRobot_ws/install/riley_interfaces/include/riley_interfaces/msg/detail/gyroscope__rosidl_typesupport_fastrtps_cpp.hpp
[0.603s] -- Up-to-date: /home/student/rileyRobot_ws/install/riley_interfaces/include/riley_interfaces/msg/detail/camera_image__rosidl_typesupport_fastrtps_cpp.hpp
[0.605s] -- Up-to-date: /home/student/rileyRobot_ws/install/riley_interfaces/include/riley_interfaces/msg/detail/accelerometer__rosidl_typesupport_fastrtps_cpp.hpp
[0.605s] -- Up-to-date: /home/student/rileyRobot_ws/install/riley_interfaces/include/riley_interfaces/msg/detail/imu_sensor_data__rosidl_typesupport_fastrtps_cpp.hpp
[0.605s] -- Up-to-date: /home/student/rileyRobot_ws/install/riley_interfaces/lib/libriley_interfaces__rosidl_typesupport_fastrtps_cpp.so
[0.605s] -- Up-to-date: /home/student/rileyRobot_ws/install/riley_interfaces/include/riley_interfaces
[0.605s] -- Up-to-date: /home/student/rileyRobot_ws/install/riley_interfaces/include/riley_interfaces/msg
[0.606s] -- Up-to-date: /home/student/rileyRobot_ws/install/riley_interfaces/include/riley_interfaces/msg/detail
[0.606s] -- Up-to-date: /home/student/rileyRobot_ws/install/riley_interfaces/include/riley_interfaces/msg/detail/battery_status__rosidl_typesupport_introspection_c.h
[0.606s] -- Up-to-date: /home/student/rileyRobot_ws/install/riley_interfaces/include/riley_interfaces/msg/detail/gyroscope__rosidl_typesupport_introspection_c.h
[0.606s] -- Up-to-date: /home/student/rileyRobot_ws/install/riley_interfaces/include/riley_interfaces/msg/detail/gyroscope__type_support.c
[0.606s] -- Up-to-date: /home/student/rileyRobot_ws/install/riley_interfaces/include/riley_interfaces/msg/detail/camera_image__type_support.c
[0.606s] -- Up-to-date: /home/student/rileyRobot_ws/install/riley_interfaces/include/riley_interfaces/msg/detail/imu_sensor_data__rosidl_typesupport_introspection_c.h
[0.606s] -- Up-to-date: /home/student/rileyRobot_ws/install/riley_interfaces/include/riley_interfaces/msg/detail/battery_status__type_support.c
[0.606s] -- Up-to-date: /home/student/rileyRobot_ws/install/riley_interfaces/include/riley_interfaces/msg/detail/camera_image__rosidl_typesupport_introspection_c.h
[0.607s] -- Up-to-date: /home/student/rileyRobot_ws/install/riley_interfaces/include/riley_interfaces/msg/detail/xbox_input__rosidl_typesupport_introspection_c.h
[0.607s] -- Up-to-date: /home/student/rileyRobot_ws/install/riley_interfaces/include/riley_interfaces/msg/detail/accelerometer__rosidl_typesupport_introspection_c.h
[0.607s] -- Up-to-date: /home/student/rileyRobot_ws/install/riley_interfaces/include/riley_interfaces/msg/detail/imu_sensor_data__type_support.c
[0.607s] -- Up-to-date: /home/student/rileyRobot_ws/install/riley_interfaces/include/riley_interfaces/msg/detail/accelerometer__type_support.c
[0.607s] -- Up-to-date: /home/student/rileyRobot_ws/install/riley_interfaces/include/riley_interfaces/msg/detail/xbox_input__type_support.c
[0.607s] -- Up-to-date: /home/student/rileyRobot_ws/install/riley_interfaces/include/riley_interfaces/msg/rosidl_typesupport_introspection_c__visibility_control.h
[0.607s] -- Up-to-date: /home/student/rileyRobot_ws/install/riley_interfaces/lib/libriley_interfaces__rosidl_typesupport_introspection_c.so
[0.607s] -- Up-to-date: /home/student/rileyRobot_ws/install/riley_interfaces/lib/libriley_interfaces__rosidl_typesupport_c.so
[0.608s] -- Up-to-date: /home/student/rileyRobot_ws/install/riley_interfaces/include/riley_interfaces
[0.608s] -- Up-to-date: /home/student/rileyRobot_ws/install/riley_interfaces/include/riley_interfaces/msg
[0.608s] -- Up-to-date: /home/student/rileyRobot_ws/install/riley_interfaces/include/riley_interfaces/msg/accelerometer.hpp
[0.608s] -- Up-to-date: /home/student/rileyRobot_ws/install/riley_interfaces/include/riley_interfaces/msg/xbox_input.hpp
[0.608s] -- Up-to-date: /home/student/rileyRobot_ws/install/riley_interfaces/include/riley_interfaces/msg/battery_status.hpp
[0.608s] -- Up-to-date: /home/student/rileyRobot_ws/install/riley_interfaces/include/riley_interfaces/msg/detail
[0.609s] -- Up-to-date: /home/student/rileyRobot_ws/install/riley_interfaces/include/riley_interfaces/msg/detail/battery_status__struct.hpp
[0.609s] -- Up-to-date: /home/student/rileyRobot_ws/install/riley_interfaces/include/riley_interfaces/msg/detail/camera_image__builder.hpp
[0.609s] -- Up-to-date: /home/student/rileyRobot_ws/install/riley_interfaces/include/riley_interfaces/msg/detail/imu_sensor_data__struct.hpp
[0.609s] -- Up-to-date: /home/student/rileyRobot_ws/install/riley_interfaces/include/riley_interfaces/msg/detail/battery_status__builder.hpp
[0.609s] -- Up-to-date: /home/student/rileyRobot_ws/install/riley_interfaces/include/riley_interfaces/msg/detail/accelerometer__struct.hpp
[0.609s] -- Up-to-date: /home/student/rileyRobot_ws/install/riley_interfaces/include/riley_interfaces/msg/detail/gyroscope__traits.hpp
[0.609s] -- Up-to-date: /home/student/rileyRobot_ws/install/riley_interfaces/include/riley_interfaces/msg/detail/imu_sensor_data__traits.hpp
[0.610s] -- Up-to-date: /home/student/rileyRobot_ws/install/riley_interfaces/include/riley_interfaces/msg/detail/xbox_input__builder.hpp
[0.610s] -- Up-to-date: /home/student/rileyRobot_ws/install/riley_interfaces/include/riley_interfaces/msg/detail/gyroscope__struct.hpp
[0.611s] -- Up-to-date: /home/student/rileyRobot_ws/install/riley_interfaces/include/riley_interfaces/msg/detail/camera_image__struct.hpp
[0.611s] -- Up-to-date: /home/student/rileyRobot_ws/install/riley_interfaces/include/riley_interfaces/msg/detail/accelerometer__traits.hpp
[0.611s] -- Up-to-date: /home/student/rileyRobot_ws/install/riley_interfaces/include/riley_interfaces/msg/detail/camera_image__traits.hpp
[0.611s] -- Up-to-date: /home/student/rileyRobot_ws/install/riley_interfaces/include/riley_interfaces/msg/detail/gyroscope__builder.hpp
[0.611s] -- Up-to-date: /home/student/rileyRobot_ws/install/riley_interfaces/include/riley_interfaces/msg/detail/imu_sensor_data__builder.hpp
[0.612s] -- Up-to-date: /home/student/rileyRobot_ws/install/riley_interfaces/include/riley_interfaces/msg/detail/accelerometer__builder.hpp
[0.612s] -- Up-to-date: /home/student/rileyRobot_ws/install/riley_interfaces/include/riley_interfaces/msg/detail/battery_status__traits.hpp
[0.612s] -- Up-to-date: /home/student/rileyRobot_ws/install/riley_interfaces/include/riley_interfaces/msg/detail/xbox_input__traits.hpp
[0.612s] -- Up-to-date: /home/student/rileyRobot_ws/install/riley_interfaces/include/riley_interfaces/msg/detail/xbox_input__struct.hpp
[0.613s] -- Up-to-date: /home/student/rileyRobot_ws/install/riley_interfaces/include/riley_interfaces/msg/imu_sensor_data.hpp
[0.613s] -- Up-to-date: /home/student/rileyRobot_ws/install/riley_interfaces/include/riley_interfaces/msg/gyroscope.hpp
[0.613s] -- Up-to-date: /home/student/rileyRobot_ws/install/riley_interfaces/include/riley_interfaces/msg/camera_image.hpp
[0.613s] -- Up-to-date: /home/student/rileyRobot_ws/install/riley_interfaces/include/riley_interfaces
[0.614s] -- Up-to-date: /home/student/rileyRobot_ws/install/riley_interfaces/include/riley_interfaces/msg
[0.614s] -- Up-to-date: /home/student/rileyRobot_ws/install/riley_interfaces/include/riley_interfaces/msg/detail
[0.615s] -- Up-to-date: /home/student/rileyRobot_ws/install/riley_interfaces/include/riley_interfaces/msg/detail/gyroscope__type_support.cpp
[0.615s] -- Up-to-date: /home/student/rileyRobot_ws/install/riley_interfaces/include/riley_interfaces/msg/detail/xbox_input__rosidl_typesupport_introspection_cpp.hpp
[0.615s] -- Up-to-date: /home/student/rileyRobot_ws/install/riley_interfaces/include/riley_interfaces/msg/detail/camera_image__rosidl_typesupport_introspection_cpp.hpp
[0.615s] -- Up-to-date: /home/student/rileyRobot_ws/install/riley_interfaces/include/riley_interfaces/msg/detail/xbox_input__type_support.cpp
[0.615s] -- Up-to-date: /home/student/rileyRobot_ws/install/riley_interfaces/include/riley_interfaces/msg/detail/imu_sensor_data__rosidl_typesupport_introspection_cpp.hpp
[0.615s] -- Up-to-date: /home/student/rileyRobot_ws/install/riley_interfaces/include/riley_interfaces/msg/detail/imu_sensor_data__type_support.cpp
[0.616s] -- Up-to-date: /home/student/rileyRobot_ws/install/riley_interfaces/include/riley_interfaces/msg/detail/gyroscope__rosidl_typesupport_introspection_cpp.hpp
[0.616s] -- Up-to-date: /home/student/rileyRobot_ws/install/riley_interfaces/include/riley_interfaces/msg/detail/battery_status__rosidl_typesupport_introspection_cpp.hpp
[0.616s] -- Up-to-date: /home/student/rileyRobot_ws/install/riley_interfaces/include/riley_interfaces/msg/detail/accelerometer__type_support.cpp
[0.616s] -- Up-to-date: /home/student/rileyRobot_ws/install/riley_interfaces/include/riley_interfaces/msg/detail/accelerometer__rosidl_typesupport_introspection_cpp.hpp
[0.616s] -- Up-to-date: /home/student/rileyRobot_ws/install/riley_interfaces/include/riley_interfaces/msg/detail/camera_image__type_support.cpp
[0.617s] -- Up-to-date: /home/student/rileyRobot_ws/install/riley_interfaces/include/riley_interfaces/msg/detail/battery_status__type_support.cpp
[0.617s] -- Up-to-date: /home/student/rileyRobot_ws/install/riley_interfaces/lib/libriley_interfaces__rosidl_typesupport_introspection_cpp.so
[0.617s] -- Up-to-date: /home/student/rileyRobot_ws/install/riley_interfaces/lib/libriley_interfaces__rosidl_typesupport_cpp.so
[0.617s] -- Up-to-date: /home/student/rileyRobot_ws/install/riley_interfaces/share/riley_interfaces/environment/pythonpath.sh
[0.618s] -- Up-to-date: /home/student/rileyRobot_ws/install/riley_interfaces/share/riley_interfaces/environment/pythonpath.dsv
[0.618s] -- Up-to-date: /home/student/rileyRobot_ws/install/riley_interfaces/lib/python3.8/site-packages/riley_interfaces/__init__.py
[0.619s] -- Up-to-date: /home/student/rileyRobot_ws/install/riley_interfaces/lib/python3.8/site-packages/riley_interfaces/msg
[0.620s] -- Up-to-date: /home/student/rileyRobot_ws/install/riley_interfaces/lib/python3.8/site-packages/riley_interfaces/msg/_gyroscope_s.c
[0.621s] -- Up-to-date: /home/student/rileyRobot_ws/install/riley_interfaces/lib/python3.8/site-packages/riley_interfaces/msg/_accelerometer_s.c
[0.622s] -- Up-to-date: /home/student/rileyRobot_ws/install/riley_interfaces/lib/python3.8/site-packages/riley_interfaces/msg/_gyroscope.py
[0.622s] -- Up-to-date: /home/student/rileyRobot_ws/install/riley_interfaces/lib/python3.8/site-packages/riley_interfaces/msg/_battery_status.py
[0.623s] -- Up-to-date: /home/student/rileyRobot_ws/install/riley_interfaces/lib/python3.8/site-packages/riley_interfaces/msg/_battery_status_s.c
[0.623s] -- Up-to-date: /home/student/rileyRobot_ws/install/riley_interfaces/lib/python3.8/site-packages/riley_interfaces/msg/_camera_image_s.c
[0.624s] -- Up-to-date: /home/student/rileyRobot_ws/install/riley_interfaces/lib/python3.8/site-packages/riley_interfaces/msg/_imu_sensor_data.py
[0.624s] -- Up-to-date: /home/student/rileyRobot_ws/install/riley_interfaces/lib/python3.8/site-packages/riley_interfaces/msg/_camera_image.py
[0.624s] -- Up-to-date: /home/student/rileyRobot_ws/install/riley_interfaces/lib/python3.8/site-packages/riley_interfaces/msg/_accelerometer.py
[0.624s] -- Up-to-date: /home/student/rileyRobot_ws/install/riley_interfaces/lib/python3.8/site-packages/riley_interfaces/msg/_imu_sensor_data_s.c
[0.624s] -- Up-to-date: /home/student/rileyRobot_ws/install/riley_interfaces/lib/python3.8/site-packages/riley_interfaces/msg/_xbox_input.py
[0.624s] -- Up-to-date: /home/student/rileyRobot_ws/install/riley_interfaces/lib/python3.8/site-packages/riley_interfaces/msg/_xbox_input_s.c
[0.624s] -- Up-to-date: /home/student/rileyRobot_ws/install/riley_interfaces/lib/python3.8/site-packages/riley_interfaces/msg/__init__.py
[0.624s] -- Up-to-date: /home/student/rileyRobot_ws/install/riley_interfaces/lib/python3.8/site-packages/riley_interfaces/riley_interfaces_s__rosidl_typesupport_fastrtps_c.cpython-38-x86_64-linux-gnu.so
[0.625s] -- Up-to-date: /home/student/rileyRobot_ws/install/riley_interfaces/lib/python3.8/site-packages/riley_interfaces/riley_interfaces_s__rosidl_typesupport_introspection_c.cpython-38-x86_64-linux-gnu.so
[0.625s] -- Up-to-date: /home/student/rileyRobot_ws/install/riley_interfaces/lib/python3.8/site-packages/riley_interfaces/riley_interfaces_s__rosidl_typesupport_c.cpython-38-x86_64-linux-gnu.so
[0.625s] -- Up-to-date: /home/student/rileyRobot_ws/install/riley_interfaces/lib/libriley_interfaces__python.so
[0.625s] -- Up-to-date: /home/student/rileyRobot_ws/install/riley_interfaces/share/riley_interfaces/msg/Accelerometer.idl
[0.625s] -- Up-to-date: /home/student/rileyRobot_ws/install/riley_interfaces/share/riley_interfaces/msg/BatteryStatus.idl
[0.625s] -- Up-to-date: /home/student/rileyRobot_ws/install/riley_interfaces/share/riley_interfaces/msg/CameraImage.idl
[0.625s] -- Up-to-date: /home/student/rileyRobot_ws/install/riley_interfaces/share/riley_interfaces/msg/Gyroscope.idl
[0.625s] -- Up-to-date: /home/student/rileyRobot_ws/install/riley_interfaces/share/riley_interfaces/msg/IMUSensorData.idl
[0.625s] -- Up-to-date: /home/student/rileyRobot_ws/install/riley_interfaces/share/riley_interfaces/msg/XboxInput.idl
[0.625s] -- Up-to-date: /home/student/rileyRobot_ws/install/riley_interfaces/share/riley_interfaces/msg/Accelerometer.msg
[0.625s] -- Up-to-date: /home/student/rileyRobot_ws/install/riley_interfaces/share/riley_interfaces/msg/BatteryStatus.msg
[0.626s] -- Up-to-date: /home/student/rileyRobot_ws/install/riley_interfaces/share/riley_interfaces/msg/CameraImage.msg
[0.626s] -- Up-to-date: /home/student/rileyRobot_ws/install/riley_interfaces/share/riley_interfaces/msg/Gyroscope.msg
[0.626s] -- Up-to-date: /home/student/rileyRobot_ws/install/riley_interfaces/share/riley_interfaces/msg/IMUSensorData.msg
[0.626s] -- Up-to-date: /home/student/rileyRobot_ws/install/riley_interfaces/share/riley_interfaces/msg/XboxInput.msg
[0.626s] -- Up-to-date: /home/student/rileyRobot_ws/install/riley_interfaces/share/ament_index/resource_index/package_run_dependencies/riley_interfaces
[0.626s] -- Up-to-date: /home/student/rileyRobot_ws/install/riley_interfaces/share/ament_index/resource_index/parent_prefix_path/riley_interfaces
[0.626s] -- Up-to-date: /home/student/rileyRobot_ws/install/riley_interfaces/share/riley_interfaces/environment/ament_prefix_path.sh
[0.626s] -- Up-to-date: /home/student/rileyRobot_ws/install/riley_interfaces/share/riley_interfaces/environment/ament_prefix_path.dsv
[0.626s] -- Up-to-date: /home/student/rileyRobot_ws/install/riley_interfaces/share/riley_interfaces/environment/path.sh
[0.627s] -- Up-to-date: /home/student/rileyRobot_ws/install/riley_interfaces/share/riley_interfaces/environment/path.dsv
[0.627s] -- Up-to-date: /home/student/rileyRobot_ws/install/riley_interfaces/share/riley_interfaces/local_setup.bash
[0.627s] -- Up-to-date: /home/student/rileyRobot_ws/install/riley_interfaces/share/riley_interfaces/local_setup.sh
[0.627s] -- Up-to-date: /home/student/rileyRobot_ws/install/riley_interfaces/share/riley_interfaces/local_setup.zsh
[0.627s] -- Up-to-date: /home/student/rileyRobot_ws/install/riley_interfaces/share/riley_interfaces/local_setup.dsv
[0.627s] -- Installing: /home/student/rileyRobot_ws/install/riley_interfaces/share/riley_interfaces/package.dsv
[0.627s] -- Up-to-date: /home/student/rileyRobot_ws/install/riley_interfaces/share/ament_index/resource_index/packages/riley_interfaces
[0.627s] -- Up-to-date: /home/student/rileyRobot_ws/install/riley_interfaces/share/riley_interfaces/cmake/riley_interfaces__rosidl_generator_cExport.cmake
[0.627s] -- Up-to-date: /home/student/rileyRobot_ws/install/riley_interfaces/share/riley_interfaces/cmake/riley_interfaces__rosidl_generator_cExport-noconfig.cmake
[0.627s] -- Up-to-date: /home/student/rileyRobot_ws/install/riley_interfaces/share/riley_interfaces/cmake/riley_interfaces__rosidl_typesupport_introspection_cExport.cmake
[0.627s] -- Up-to-date: /home/student/rileyRobot_ws/install/riley_interfaces/share/riley_interfaces/cmake/riley_interfaces__rosidl_typesupport_introspection_cExport-noconfig.cmake
[0.627s] -- Up-to-date: /home/student/rileyRobot_ws/install/riley_interfaces/share/riley_interfaces/cmake/riley_interfaces__rosidl_typesupport_cExport.cmake
[0.628s] -- Up-to-date: /home/student/rileyRobot_ws/install/riley_interfaces/share/riley_interfaces/cmake/riley_interfaces__rosidl_typesupport_cExport-noconfig.cmake
[0.628s] -- Up-to-date: /home/student/rileyRobot_ws/install/riley_interfaces/share/riley_interfaces/cmake/riley_interfaces__rosidl_generator_cppExport.cmake
[0.628s] -- Up-to-date: /home/student/rileyRobot_ws/install/riley_interfaces/share/riley_interfaces/cmake/riley_interfaces__rosidl_typesupport_introspection_cppExport.cmake
[0.628s] -- Up-to-date: /home/student/rileyRobot_ws/install/riley_interfaces/share/riley_interfaces/cmake/riley_interfaces__rosidl_typesupport_introspection_cppExport-noconfig.cmake
[0.628s] -- Up-to-date: /home/student/rileyRobot_ws/install/riley_interfaces/share/riley_interfaces/cmake/riley_interfaces__rosidl_typesupport_cppExport.cmake
[0.628s] -- Up-to-date: /home/student/rileyRobot_ws/install/riley_interfaces/share/riley_interfaces/cmake/riley_interfaces__rosidl_typesupport_cppExport-noconfig.cmake
[0.628s] -- Up-to-date: /home/student/rileyRobot_ws/install/riley_interfaces/share/riley_interfaces/cmake/rosidl_cmake-extras.cmake
[0.628s] -- Up-to-date: /home/student/rileyRobot_ws/install/riley_interfaces/share/riley_interfaces/cmake/ament_cmake_export_dependencies-extras.cmake
[0.628s] -- Up-to-date: /home/student/rileyRobot_ws/install/riley_interfaces/share/riley_interfaces/cmake/ament_cmake_export_libraries-extras.cmake
[0.628s] -- Up-to-date: /home/student/rileyRobot_ws/install/riley_interfaces/share/riley_interfaces/cmake/ament_cmake_export_targets-extras.cmake
[0.629s] -- Up-to-date: /home/student/rileyRobot_ws/install/riley_interfaces/share/riley_interfaces/cmake/ament_cmake_export_include_directories-extras.cmake
[0.629s] -- Up-to-date: /home/student/rileyRobot_ws/install/riley_interfaces/share/riley_interfaces/cmake/rosidl_cmake_export_typesupport_libraries-extras.cmake
[0.629s] -- Up-to-date: /home/student/rileyRobot_ws/install/riley_interfaces/share/riley_interfaces/cmake/rosidl_cmake_export_typesupport_targets-extras.cmake
[0.629s] -- Up-to-date: /home/student/rileyRobot_ws/install/riley_interfaces/share/riley_interfaces/cmake/riley_interfacesConfig.cmake
[0.629s] -- Up-to-date: /home/student/rileyRobot_ws/install/riley_interfaces/share/riley_interfaces/cmake/riley_interfacesConfig-version.cmake
[0.629s] -- Up-to-date: /home/student/rileyRobot_ws/install/riley_interfaces/share/riley_interfaces/package.xml
[0.632s] Invoked command in '/home/student/rileyRobot_ws/build/riley_interfaces' returned '0': CMAKE_PREFIX_PATH=${CMAKE_PREFIX_PATH}:/home/student/rileyRobot_ws/install/xbox_input:/home/student/rileyRobot_ws/install/riley:/opt/ros/foxy /usr/bin/cmake --install /home/student/rileyRobot_ws/build/riley_interfaces
