-- The C compiler identification is GNU 9.4.0
-- The CXX compiler identification is GNU 9.4.0
-- Check for working C compiler: /usr/bin/cc
-- Check for working C compiler: /usr/bin/cc -- works
-- Detecting C compiler ABI info
-- Detecting C compiler ABI info - done
-- Detecting C compile features
-- Detecting C compile features - done
-- Check for working CXX compiler: /usr/bin/c++
-- Check for working CXX compiler: /usr/bin/c++ -- works
-- Detecting CXX compiler ABI info
-- Detecting CXX compiler ABI info - done
-- Detecting CXX compile features
-- Detecting CXX compile features - done
-- Found ament_cmake: 0.9.8 (/opt/ros/foxy/share/ament_cmake/cmake)
-- Found PythonInterp: /usr/bin/python3 (found suitable version "3.8.10", minimum required is "3") 
-- Using PYTHON_EXECUTABLE: /usr/bin/python3
-- Found urdf: 2.4.0 (/opt/ros/foxy/share/urdf/cmake)
-- Found gazebo_ros: 3.5.0 (/opt/ros/foxy/share/gazebo_ros/cmake)
-- Using all available rosidl_typesupport_c: rosidl_typesupport_fastrtps_c;rosidl_typesupport_introspection_c
-- Found rosidl_adapter: 1.2.0 (/opt/ros/foxy/share/rosidl_adapter/cmake)
-- Found OpenSSL: /usr/lib/x86_64-linux-gnu/libcrypto.so (found version "1.1.1f")  
-- Found FastRTPS: /opt/ros/foxy/include  
-- Using all available rosidl_typesupport_cpp: rosidl_typesupport_fastrtps_cpp;rosidl_typesupport_introspection_cpp
-- Found rmw_implementation_cmake: 1.0.2 (/opt/ros/foxy/share/rmw_implementation_cmake/cmake)
-- Using RMW implementation 'rmw_fastrtps_cpp' as default
-- Looking for pthread.h
-- Looking for pthread.h - found
-- Performing Test CMAKE_HAVE_LIBC_PTHREAD
-- Performing Test CMAKE_HAVE_LIBC_PTHREAD - Failed
-- Looking for pthread_create in pthreads
-- Looking for pthread_create in pthreads - not found
-- Looking for pthread_create in pthread
-- Looking for pthread_create in pthread - found
-- Found Threads: TRUE  
-- Found PkgConfig: /usr/bin/pkg-config (found version "0.29.1") 
-- Checking for module 'bullet>=2.82'
--   Found bullet, version 2.88
-- Found ccd: /usr/include (found suitable version "2.0", minimum required is "2.0") 
-- Found fcl: /usr/include (found suitable version "0.5.0", minimum required is "0.3.2") 
-- Found assimp: /usr/include (found version "5.0.0") 
-- Found DART: /usr/include (Required is at least version "6.6") found components: dart 
-- Found Boost: /usr/lib/x86_64-linux-gnu/cmake/Boost-1.71.0/BoostConfig.cmake (found suitable version "1.71.0", minimum required is "1.40.0") found components: thread system filesystem program_options regex iostreams date_time 
-- Found Protobuf: /usr/lib/x86_64-linux-gnu/libprotobuf.so;-lpthread (found version "3.6.1") 
-- Looking for ignition-math6 -- found version 6.7.0
-- Searching for dependencies of ignition-math6
-- Looking for OGRE...
-- OGRE_PREFIX_WATCH changed.
-- Checking for module 'OGRE'
--   Found OGRE, version 1.9.0
-- Found Ogre Ghadamon (1.9.0)
-- Found OGRE: optimized;/usr/lib/x86_64-linux-gnu/libOgreMain.so;debug;/usr/lib/x86_64-linux-gnu/libOgreMain.so
-- Looking for OGRE_Paging...
-- Found OGRE_Paging: optimized;/usr/lib/x86_64-linux-gnu/libOgrePaging.so;debug;/usr/lib/x86_64-linux-gnu/libOgrePaging.so
-- Looking for OGRE_Terrain...
-- Found OGRE_Terrain: optimized;/usr/lib/x86_64-linux-gnu/libOgreTerrain.so;debug;/usr/lib/x86_64-linux-gnu/libOgreTerrain.so
-- Looking for OGRE_Property...
-- Found OGRE_Property: optimized;/usr/lib/x86_64-linux-gnu/libOgreProperty.so;debug;/usr/lib/x86_64-linux-gnu/libOgreProperty.so
-- Looking for OGRE_RTShaderSystem...
-- Found OGRE_RTShaderSystem: optimized;/usr/lib/x86_64-linux-gnu/libOgreRTShaderSystem.so;debug;/usr/lib/x86_64-linux-gnu/libOgreRTShaderSystem.so
-- Looking for OGRE_Volume...
-- Found OGRE_Volume: optimized;/usr/lib/x86_64-linux-gnu/libOgreVolume.so;debug;/usr/lib/x86_64-linux-gnu/libOgreVolume.so
-- Looking for OGRE_Overlay...
-- Found OGRE_Overlay: optimized;/usr/lib/x86_64-linux-gnu/libOgreOverlay.so;debug;/usr/lib/x86_64-linux-gnu/libOgreOverlay.so
-- Looking for ignition-math6 -- found version 6.7.0
-- Looking for ignition-transport8 -- found version 8.2.0
-- Searching for dependencies of ignition-transport8
-- Found Protobuf: /usr/lib/x86_64-linux-gnu/libprotobuf.so;-lpthread (found suitable version "3.6.1", minimum required is "3") 
-- Config-file not installed for ZeroMQ -- checking for pkg-config
-- Checking for module 'libzmq >= 4'
--   Found libzmq , version 4.3.2
-- Found ZeroMQ: TRUE (Required is at least version "4") 
-- Checking for module 'uuid'
--   Found uuid, version 2.34.0
-- Found UUID: TRUE  
-- Looking for ignition-msgs5 -- found version 5.6.0
-- Searching for dependencies of ignition-msgs5
-- Looking for ignition-math6 -- found version 6.7.0
-- Checking for module 'tinyxml2'
--   Found tinyxml2, version 6.2.0
-- Looking for ignition-msgs5 -- found version 5.6.0
-- Looking for ignition-common3 -- found version 3.11.1
-- Searching for dependencies of ignition-common3
-- Looking for dlfcn.h - found
-- Looking for libdl - found
-- Found DL: TRUE  
-- Searching for <ignition-common3> component [graphics]
-- Looking for ignition-common3-graphics -- found version 3.11.1
-- Searching for dependencies of ignition-common3-graphics
-- Looking for ignition-math6 -- found version 6.7.0
-- Looking for ignition-fuel_tools4 -- found version 4.3.0
-- Searching for dependencies of ignition-fuel_tools4
-- Found CURL: /usr/lib/x86_64-linux-gnu/libcurl.so (found version "7.68.0")  
-- Checking for module 'jsoncpp'
--   Found jsoncpp, version 1.7.4
-- Found JSONCPP: TRUE  
-- Checking for module 'libzip'
--   Found libzip, version 1.5.1
-- Found ZIP: TRUE  
-- Looking for ignition-common3 -- found version 3.11.1
-- Looking for ignition-msgs5 -- found version 5.6.0
-- Gazebo version: 11.3
-- Found ament_lint_auto: 0.9.6 (/opt/ros/foxy/share/ament_lint_auto/cmake)
-- Added test 'copyright' to check source files copyright and LICENSE
-- Added test 'flake8' to check Python code syntax and style conventions
-- Added test 'lint_cmake' to check CMake code style
-- Added test 'pep257' to check Python code against some of the style conventions in PEP 257
-- Added test 'xmllint' to check XML markup files
-- Configuring done
-- Generating done
-- Build files have been written to: /home/student/rileyRobot_ws/build/my_riley_robot_description
-- Install configuration: ""
-- Installing: /home/student/rileyRobot_ws/install/my_riley_robot_description/share/my_riley_robot_description//launch
-- Installing: /home/student/rileyRobot_ws/install/my_riley_robot_description/share/my_riley_robot_description//launch/spawn_riley_robot_v2.py
-- Installing: /home/student/rileyRobot_ws/install/my_riley_robot_description/share/my_riley_robot_description//launch/publish_urdf.launch.py
-- Installing: /home/student/rileyRobot_ws/install/my_riley_robot_description/share/my_riley_robot_description//launch/spawn_riley_robot_launch.py
-- Installing: /home/student/rileyRobot_ws/install/my_riley_robot_description/share/my_riley_robot_description//launch/spawn_riley_robot.py
-- Installing: /home/student/rileyRobot_ws/install/my_riley_robot_description/share/my_riley_robot_description//launch/multi_riley_robot.launch.py
-- Installing: /home/student/rileyRobot_ws/install/my_riley_robot_description/share/my_riley_robot_description//launch/display.launch.py
-- Installing: /home/student/rileyRobot_ws/install/my_riley_robot_description/share/my_riley_robot_description//Riley_URDF
-- Installing: /home/student/rileyRobot_ws/install/my_riley_robot_description/share/my_riley_robot_description//Riley_URDF/riley_robot_original.urdf.xacro
-- Installing: /home/student/rileyRobot_ws/install/my_riley_robot_description/share/my_riley_robot_description//Riley_URDF/riley_robot.urdf
-- Installing: /home/student/rileyRobot_ws/install/my_riley_robot_description/share/my_riley_robot_description//Riley_URDF/riley_robot.urdf.xacro
-- Installing: /home/student/rileyRobot_ws/install/my_riley_robot_description/share/my_riley_robot_description//rviz
-- Installing: /home/student/rileyRobot_ws/install/my_riley_robot_description/share/my_riley_robot_description//rviz/urdf.rviz
-- Installing: /home/student/rileyRobot_ws/install/my_riley_robot_description/share/my_riley_robot_description//meshes
-- Installing: /home/student/rileyRobot_ws/install/my_riley_robot_description/share/my_riley_robot_description//meshes/RILey_assembly - Raspberry Pi 4 Model B-1 2.54 mm DUPONT MALE PIN HEADER, IO, 2X20, RPi4ModelB-1.STL
-- Installing: /home/student/rileyRobot_ws/install/my_riley_robot_description/share/my_riley_robot_description//meshes/RILey_assembly - PCB-1 MPU9250.STEP-1 C1_Predeterminado_Como mecanizada_.STEP-5.STL
-- Installing: /home/student/rileyRobot_ws/install/my_riley_robot_description/share/my_riley_robot_description//meshes/RILey_assembly - hex nut style 1 gradeab_din-18.STL
-- Installing: /home/student/rileyRobot_ws/install/my_riley_robot_description/share/my_riley_robot_description//meshes/RILey_assembly - Raspberry Pi 4 Model B-1 Display Connector, RPi4ModelB-1.STL
-- Installing: /home/student/rileyRobot_ws/install/my_riley_robot_description/share/my_riley_robot_description//meshes/RILey_assembly - PCB-1 MPU9250.STEP-1 V1.STEP-1.STL
-- Installing: /home/student/rileyRobot_ws/install/my_riley_robot_description/share/my_riley_robot_description//meshes/RILey_assembly - PCB-1 DRV 8825 With Headers Assem-2 0402 Resistor-7.STL
-- Installing: /home/student/rileyRobot_ws/install/my_riley_robot_description/share/my_riley_robot_description//meshes/RILey_assembly - PCB-1 zl262-8s_p2-54_l20-8_w2-54_h8-5.stp-1.STL
-- Installing: /home/student/rileyRobot_ws/install/my_riley_robot_description/share/my_riley_robot_description//meshes/RILey_assembly - PCB-1 MPU9250.STEP-1 R1.STEP-4.STL
-- Installing: /home/student/rileyRobot_ws/install/my_riley_robot_description/share/my_riley_robot_description//meshes/RILey_assembly - 3_battery_pack-2 link2-1.STL
-- Installing: /home/student/rileyRobot_ws/install/my_riley_robot_description/share/my_riley_robot_description//meshes/RILey_assembly - ReelyBuggyWheel_Left-2.STL
-- Installing: /home/student/rileyRobot_ws/install/my_riley_robot_description/share/my_riley_robot_description//meshes/RILey_assembly - socket head cap screw 4762_din-7.STL
-- Installing: /home/student/rileyRobot_ws/install/my_riley_robot_description/share/my_riley_robot_description//meshes/RILey_assembly - PCB-1 DRV 8825 With Headers Assem-4 0402 Resistor-3.STL
-- Installing: /home/student/rileyRobot_ws/install/my_riley_robot_description/share/my_riley_robot_description//meshes/RILey_assembly - socket head cap screw 4762_din-42.STL
-- Installing: /home/student/rileyRobot_ws/install/my_riley_robot_description/share/my_riley_robot_description//meshes/RILey_assembly - PCB-1 MPU9250.STEP-1 R1.STEP-3.STL
-- Installing: /home/student/rileyRobot_ws/install/my_riley_robot_description/share/my_riley_robot_description//meshes/RILey_assembly - 3rdFloor_Sheetmetal-1.STL
-- Installing: /home/student/rileyRobot_ws/install/my_riley_robot_description/share/my_riley_robot_description//meshes/RILey_assembly - socket head cap screw 4762_din-46.STL
-- Installing: /home/student/rileyRobot_ws/install/my_riley_robot_description/share/my_riley_robot_description//meshes/RILey_assembly - PCB-1 DRV 8825 With Headers Assem-2 0402 Resistor-1.STL
-- Installing: /home/student/rileyRobot_ws/install/my_riley_robot_description/share/my_riley_robot_description//meshes/RILey_assembly - socket head cap screw 4762_din-4.STL
-- Installing: /home/student/rileyRobot_ws/install/my_riley_robot_description/share/my_riley_robot_description//meshes/RILey_assembly - Raspberry Pi 4 Model B-1 Microphone Plug, RPi4ModelB-1.STL
-- Installing: /home/student/rileyRobot_ws/install/my_riley_robot_description/share/my_riley_robot_description//meshes/RILey_assembly - PCB-1 MPU9250.STEP-1 C1_Predeterminado_Como mecanizada_.STEP-4.STL
-- Installing: /home/student/rileyRobot_ws/install/my_riley_robot_description/share/my_riley_robot_description//meshes/RILey_assembly - socket head cap screw 4762_din-27.STL
-- Installing: /home/student/rileyRobot_ws/install/my_riley_robot_description/share/my_riley_robot_description//meshes/RILey_assembly - PCB-1 zl262-8s_p2-54_l20-8_w2-54_h8-5.stp-7.STL
-- Installing: /home/student/rileyRobot_ws/install/my_riley_robot_description/share/my_riley_robot_description//meshes/RILey_assembly - hex nut style 1 gradeab_iso-3.STL
-- Installing: /home/student/rileyRobot_ws/install/my_riley_robot_description/share/my_riley_robot_description//meshes/RILey_assembly - Nema 17_Slim-2.STL
-- Installing: /home/student/rileyRobot_ws/install/my_riley_robot_description/share/my_riley_robot_description//meshes/RILey_assembly - socket head cap screw 4762_din-41.STL
-- Installing: /home/student/rileyRobot_ws/install/my_riley_robot_description/share/my_riley_robot_description//meshes/RILey_assembly - PCB-1 DRV 8825 With Headers Assem-2 0603 Resistor-2.STL
-- Installing: /home/student/rileyRobot_ws/install/my_riley_robot_description/share/my_riley_robot_description//meshes/RILey_assembly - Spacer-6.STL
-- Installing: /home/student/rileyRobot_ws/install/my_riley_robot_description/share/my_riley_robot_description//meshes/RILey_assembly - PCB-1 Platine 5x7.stp-1.STL
-- Installing: /home/student/rileyRobot_ws/install/my_riley_robot_description/share/my_riley_robot_description//meshes/RILey_assembly - hex nut style 1 gradeab_din-8.STL
-- Installing: /home/student/rileyRobot_ws/install/my_riley_robot_description/share/my_riley_robot_description//meshes/RILey_assembly - 3_battery_pack-2 link2-2.STL
-- Installing: /home/student/rileyRobot_ws/install/my_riley_robot_description/share/my_riley_robot_description//meshes/RILey_assembly - hex screw gradeab fine_iso-2.STL
-- Installing: /home/student/rileyRobot_ws/install/my_riley_robot_description/share/my_riley_robot_description//meshes/RILey_assembly - PCB-1 DRV 8825 With Headers Assem-4 0402 Resistor-1.STL
-- Installing: /home/student/rileyRobot_ws/install/my_riley_robot_description/share/my_riley_robot_description//meshes/RILey_assembly - socket head cap screw 4762_din-66.STL
-- Installing: /home/student/rileyRobot_ws/install/my_riley_robot_description/share/my_riley_robot_description//meshes/RILey_assembly - socket head cap screw 4762_din-51.STL
-- Installing: /home/student/rileyRobot_ws/install/my_riley_robot_description/share/my_riley_robot_description//meshes/RILey_assembly - Raspberry Pi 4 Model B-1 Broadcom BCM2711B0 CPU, RPi4ModelB-1.STL
-- Installing: /home/student/rileyRobot_ws/install/my_riley_robot_description/share/my_riley_robot_description//meshes/RILey_assembly - PCB-1 DRV 8825 With Headers Assem-4 8 pin Header-1.STL
-- Installing: /home/student/rileyRobot_ws/install/my_riley_robot_description/share/my_riley_robot_description//meshes/RILey_assembly - hex nut style 1 gradeab_din-7.STL
-- Installing: /home/student/rileyRobot_ws/install/my_riley_robot_description/share/my_riley_robot_description//meshes/RILey_assembly - socket head cap screw 4762_din-47.STL
-- Installing: /home/student/rileyRobot_ws/install/my_riley_robot_description/share/my_riley_robot_description//meshes/RILey_assembly - socket head cap screw 4762_din-22.STL
-- Installing: /home/student/rileyRobot_ws/install/my_riley_robot_description/share/my_riley_robot_description//meshes/RILey_assembly - Cam V2.1 v1.step-1.STL
-- Installing: /home/student/rileyRobot_ws/install/my_riley_robot_description/share/my_riley_robot_description//meshes/RILey_assembly - socket head cap screw_iso-13.STL
-- Installing: /home/student/rileyRobot_ws/install/my_riley_robot_description/share/my_riley_robot_description//meshes/RILey_assembly - 3_battery_pack-1 link2-1.STL
-- Installing: /home/student/rileyRobot_ws/install/my_riley_robot_description/share/my_riley_robot_description//meshes/RILey_assembly - PCB-1 zl262-8s_p2-54_l20-8_w2-54_h8-5.stp-5.STL
-- Installing: /home/student/rileyRobot_ws/install/my_riley_robot_description/share/my_riley_robot_description//meshes/RILey_assembly - socket head cap screw 4762_din-33.STL
-- Installing: /home/student/rileyRobot_ws/install/my_riley_robot_description/share/my_riley_robot_description//meshes/RILey_assembly - PCB-1 PinHeader2x8row-2.STL
-- Installing: /home/student/rileyRobot_ws/install/my_riley_robot_description/share/my_riley_robot_description//meshes/RILey_assembly - CameraMount-1.STL
-- Installing: /home/student/rileyRobot_ws/install/my_riley_robot_description/share/my_riley_robot_description//meshes/RILey_assembly - PCB-1 MPU9250.STEP-1 MP92.STEP-1.STL
-- Installing: /home/student/rileyRobot_ws/install/my_riley_robot_description/share/my_riley_robot_description//meshes/RILey_assembly - socket head cap screw 4762_din-2.STL
-- Installing: /home/student/rileyRobot_ws/install/my_riley_robot_description/share/my_riley_robot_description//meshes/RILey_assembly - socket head cap screw 4762_din-26.STL
-- Installing: /home/student/rileyRobot_ws/install/my_riley_robot_description/share/my_riley_robot_description//meshes/RILey_assembly - PCB-1 MPU9250.STEP-1 C1_Predeterminado_Como mecanizada_.STEP-3.STL
-- Installing: /home/student/rileyRobot_ws/install/my_riley_robot_description/share/my_riley_robot_description//meshes/RILey_assembly - Raspberry Pi 4 Model B-1 2.54 mm DUPONT MALE PIN HEADER, POE, 2X2, RPi4ModelB-1.STL
-- Installing: /home/student/rileyRobot_ws/install/my_riley_robot_description/share/my_riley_robot_description//meshes/RILey_assembly - dc-dc-5a-cc-merged-1.STL
-- Installing: /home/student/rileyRobot_ws/install/my_riley_robot_description/share/my_riley_robot_description//meshes/RILey_assembly - socket head cap screw 4762_din-58.STL
-- Installing: /home/student/rileyRobot_ws/install/my_riley_robot_description/share/my_riley_robot_description//meshes/RILey_assembly - 3_battery_pack-1 Li-ion Battery-3.STL
-- Installing: /home/student/rileyRobot_ws/install/my_riley_robot_description/share/my_riley_robot_description//meshes/RILey_assembly - socket head cap screw 4762_din-32.STL
-- Installing: /home/student/rileyRobot_ws/install/my_riley_robot_description/share/my_riley_robot_description//meshes/RILey_assembly - PCB-1 MPU9250.STEP-1 C1_Predeterminado_Como mecanizada_.STEP-2.STL
-- Installing: /home/student/rileyRobot_ws/install/my_riley_robot_description/share/my_riley_robot_description//meshes/RILey_assembly - socket head cap screw_iso-15.STL
-- Installing: /home/student/rileyRobot_ws/install/my_riley_robot_description/share/my_riley_robot_description//meshes/RILey_assembly - Raspberry Pi 4 Model B-1 Female USB Type C Connector, RPi4ModelB-1.STL
-- Installing: /home/student/rileyRobot_ws/install/my_riley_robot_description/share/my_riley_robot_description//meshes/RILey_assembly - socket head cap screw 4762_din-53.STL
-- Installing: /home/student/rileyRobot_ws/install/my_riley_robot_description/share/my_riley_robot_description//meshes/RILey_assembly - PCB-1 DRV 8825 With Headers Assem-2 0402 Resistor-2.STL
-- Installing: /home/student/rileyRobot_ws/install/my_riley_robot_description/share/my_riley_robot_description//meshes/RILey_assembly - PCB-1 PinHeader8row-3.STL
-- Installing: /home/student/rileyRobot_ws/install/my_riley_robot_description/share/my_riley_robot_description//meshes/RILey_assembly - VL53l1X-1.STL
-- Installing: /home/student/rileyRobot_ws/install/my_riley_robot_description/share/my_riley_robot_description//meshes/RILey_assembly - TimeOfFlightMount-1.STL
-- Installing: /home/student/rileyRobot_ws/install/my_riley_robot_description/share/my_riley_robot_description//meshes/RILey_assembly - 3_battery_pack-2 Li-ion Battery-3.STL
-- Installing: /home/student/rileyRobot_ws/install/my_riley_robot_description/share/my_riley_robot_description//meshes/RILey_assembly - socket head cap screw 4762_din-62.STL
-- Installing: /home/student/rileyRobot_ws/install/my_riley_robot_description/share/my_riley_robot_description//meshes/RILey_assembly - PCB-1 DRV 8825 With Headers Assem-2 0402 Resistor-3.STL
-- Installing: /home/student/rileyRobot_ws/install/my_riley_robot_description/share/my_riley_robot_description//meshes/RILey_assembly - Spacer-4.STL
-- Installing: /home/student/rileyRobot_ws/install/my_riley_robot_description/share/my_riley_robot_description//meshes/RILey_assembly - PCB-1 DRV 8825 With Headers Assem-2 8 pin Header-1.STL
-- Installing: /home/student/rileyRobot_ws/install/my_riley_robot_description/share/my_riley_robot_description//meshes/RILey_assembly - Spacer-3.STL
-- Installing: /home/student/rileyRobot_ws/install/my_riley_robot_description/share/my_riley_robot_description//meshes/RILey_assembly - PCB-1 DRV 8825 With Headers Assem-2 0402 Resistor-5.STL
-- Installing: /home/student/rileyRobot_ws/install/my_riley_robot_description/share/my_riley_robot_description//meshes/RILey_assembly - socket head cap screw 4762_din-9.STL
-- Installing: /home/student/rileyRobot_ws/install/my_riley_robot_description/share/my_riley_robot_description//meshes/RILey_assembly - PCB-1 DRV 8825 With Headers Assem-4 0402 Resistor-2.STL
-- Installing: /home/student/rileyRobot_ws/install/my_riley_robot_description/share/my_riley_robot_description//meshes/RILey_assembly - hex nut style 1 gradeab_din-16.STL
-- Installing: /home/student/rileyRobot_ws/install/my_riley_robot_description/share/my_riley_robot_description//meshes/RILey_assembly - LD06_Assembly-1 LD06_LiDAR-1 JIS_B1111_M2x6.step-1.STL
-- Installing: /home/student/rileyRobot_ws/install/my_riley_robot_description/share/my_riley_robot_description//meshes/RILey_assembly - LD06_Assembly-1 LD06_LiDAR-1 LD06_LiDAR-1.STL
-- Installing: /home/student/rileyRobot_ws/install/my_riley_robot_description/share/my_riley_robot_description//meshes/RILey_assembly - socket head cap screw 4762_din-61.STL
-- Installing: /home/student/rileyRobot_ws/install/my_riley_robot_description/share/my_riley_robot_description//meshes/RILey_assembly - PCB-1 DRV 8825 With Headers Assem-2 8 pin Header-2.STL
-- Installing: /home/student/rileyRobot_ws/install/my_riley_robot_description/share/my_riley_robot_description//meshes/RILey_assembly - 3_battery_pack-1 link2-2.STL
-- Installing: /home/student/rileyRobot_ws/install/my_riley_robot_description/share/my_riley_robot_description//meshes/RILey_assembly - socket head cap screw 4762_din-54.STL
-- Installing: /home/student/rileyRobot_ws/install/my_riley_robot_description/share/my_riley_robot_description//meshes/RILey_assembly - socket head cap screw 4762_din-48.STL
-- Installing: /home/student/rileyRobot_ws/install/my_riley_robot_description/share/my_riley_robot_description//meshes/RILey_assembly - hex nut style 1 gradeab_din-13.STL
-- Installing: /home/student/rileyRobot_ws/install/my_riley_robot_description/share/my_riley_robot_description//meshes/RILey_assembly - socket head cap screw_iso-3.STL
-- Installing: /home/student/rileyRobot_ws/install/my_riley_robot_description/share/my_riley_robot_description//meshes/RILey_assembly - ReelyBuggyWheel_Right-2.STL
-- Installing: /home/student/rileyRobot_ws/install/my_riley_robot_description/share/my_riley_robot_description//meshes/RILey_assembly - hex nut style 1 gradeab_iso-2.STL
-- Installing: /home/student/rileyRobot_ws/install/my_riley_robot_description/share/my_riley_robot_description//meshes/RILey_assembly - PCB-1 DRV 8825 With Headers Assem-4 0402 Resistor-7.STL
-- Installing: /home/student/rileyRobot_ws/install/my_riley_robot_description/share/my_riley_robot_description//meshes/RILey_assembly - Spacer-5.STL
-- Installing: /home/student/rileyRobot_ws/install/my_riley_robot_description/share/my_riley_robot_description//meshes/RILey_assembly - PCB-1 DRV 8825 With Headers Assem-2 DRV8825 IC-1.STL
-- Installing: /home/student/rileyRobot_ws/install/my_riley_robot_description/share/my_riley_robot_description//meshes/RILey_assembly - Backwheel-1.STL
-- Installing: /home/student/rileyRobot_ws/install/my_riley_robot_description/share/my_riley_robot_description//meshes/RILey_assembly - 3_battery_pack-2 Li-ion Battery-1.STL
-- Installing: /home/student/rileyRobot_ws/install/my_riley_robot_description/share/my_riley_robot_description//meshes/RILey_assembly - socket head cap screw 4762_din-59.STL
-- Installing: /home/student/rileyRobot_ws/install/my_riley_robot_description/share/my_riley_robot_description//meshes/RILey_assembly - Raspberry Pi 4 Model B-1 SD Card Slot, RPi4ModelB-1.STL
-- Installing: /home/student/rileyRobot_ws/install/my_riley_robot_description/share/my_riley_robot_description//meshes/RILey_assembly - Raspberry Pi 4 Model B-1 Broadcom BCM54213PE Gigabit Ethernet Transceiver, RPi4ModelB-1.STL
-- Installing: /home/student/rileyRobot_ws/install/my_riley_robot_description/share/my_riley_robot_description//meshes/RILey_assembly - PCB-1 B4B-XH-A.step-2.STL
-- Installing: /home/student/rileyRobot_ws/install/my_riley_robot_description/share/my_riley_robot_description//meshes/RILey_assembly - Raspberry Pi 4 Model B-1 Female Micro HDMI Connector, RPi4ModelB-2.STL
-- Installing: /home/student/rileyRobot_ws/install/my_riley_robot_description/share/my_riley_robot_description//meshes/RILey_assembly - PCB-1 DRV 8825 With Headers Assem-2 0603 Resistor-1.STL
-- Installing: /home/student/rileyRobot_ws/install/my_riley_robot_description/share/my_riley_robot_description//meshes/RILey_assembly - Spacer-7.STL
-- Installing: /home/student/rileyRobot_ws/install/my_riley_robot_description/share/my_riley_robot_description//meshes/RILey_assembly - hex nut style 1 gradeab_din-15.STL
-- Installing: /home/student/rileyRobot_ws/install/my_riley_robot_description/share/my_riley_robot_description//meshes/RILey_assembly - hex screw gradeab fine_iso-1.STL
-- Installing: /home/student/rileyRobot_ws/install/my_riley_robot_description/share/my_riley_robot_description//meshes/RILey_assembly - PCB-1 DRV 8825 With Headers Assem-2 0402 Resistor-6.STL
-- Installing: /home/student/rileyRobot_ws/install/my_riley_robot_description/share/my_riley_robot_description//meshes/RILey_assembly - PCB-1 PinHeader2x8row-1.STL
-- Installing: /home/student/rileyRobot_ws/install/my_riley_robot_description/share/my_riley_robot_description//meshes/RILey_assembly - PCB-1 DRV 8825 With Headers Assem-4 8 pin Header-2.STL
-- Installing: /home/student/rileyRobot_ws/install/my_riley_robot_description/share/my_riley_robot_description//meshes/RILey_assembly - PCB-1 MPU9250.STEP-1 C1_Predeterminado_Como mecanizada_.STEP-1.STL
-- Installing: /home/student/rileyRobot_ws/install/my_riley_robot_description/share/my_riley_robot_description//meshes/RILey_assembly - socket head cap screw 4762_din-16.STL
-- Installing: /home/student/rileyRobot_ws/install/my_riley_robot_description/share/my_riley_robot_description//meshes/RILey_assembly - PCB-1 DRV 8825 With Headers Assem-2 0402 Resistor-4.STL
-- Installing: /home/student/rileyRobot_ws/install/my_riley_robot_description/share/my_riley_robot_description//meshes/RILey_assembly - Raspberry Pi 4 Model B-1 Gigabit Ethernet Port, RPi4ModelB-1.STL
-- Installing: /home/student/rileyRobot_ws/install/my_riley_robot_description/share/my_riley_robot_description//meshes/RILey_assembly - Raspberry Pi 4 Model B-1 PCB, RPi4ModelB-1.STL
-- Installing: /home/student/rileyRobot_ws/install/my_riley_robot_description/share/my_riley_robot_description//meshes/RILey_assembly - LD06_Assembly-1 LD06_LiDAR-1 JIS_B1111_M2x6.step-2.STL
-- Installing: /home/student/rileyRobot_ws/install/my_riley_robot_description/share/my_riley_robot_description//meshes/RILey_assembly - PCB-1 DRV 8825 With Headers Assem-2 PCB-1.STL
-- Installing: /home/student/rileyRobot_ws/install/my_riley_robot_description/share/my_riley_robot_description//meshes/RILey_assembly - PCB-1 zl262-8s_p2-54_l20-8_w2-54_h8-5.stp-6.STL
-- Installing: /home/student/rileyRobot_ws/install/my_riley_robot_description/share/my_riley_robot_description//meshes/RILey_assembly - Raspberry Pi 4 Model B-1 2X USB3.0 PORTS, RPi4ModelB-2.STL
-- Installing: /home/student/rileyRobot_ws/install/my_riley_robot_description/share/my_riley_robot_description//meshes/RILey_assembly - LD06_Assembly-1 LD06_PiBracket-1.STL
-- Installing: /home/student/rileyRobot_ws/install/my_riley_robot_description/share/my_riley_robot_description//meshes/RILey_assembly - 3_battery_pack-1 Li-ion Battery-1.STL
-- Installing: /home/student/rileyRobot_ws/install/my_riley_robot_description/share/my_riley_robot_description//meshes/RILey_assembly - PCB-1 DRV 8825 With Headers Assem-4 SMD Pot-1.STL
-- Installing: /home/student/rileyRobot_ws/install/my_riley_robot_description/share/my_riley_robot_description//meshes/RILey_assembly - socket head cap screw_iso-16.STL
-- Installing: /home/student/rileyRobot_ws/install/my_riley_robot_description/share/my_riley_robot_description//meshes/RILey_assembly - hex nut style 1 gradeab_din-17.STL
-- Installing: /home/student/rileyRobot_ws/install/my_riley_robot_description/share/my_riley_robot_description//meshes/RILey_assembly - socket head cap screw_iso-2.STL
-- Installing: /home/student/rileyRobot_ws/install/my_riley_robot_description/share/my_riley_robot_description//meshes/RILey_assembly - socket head cap screw_iso-17.STL
-- Installing: /home/student/rileyRobot_ws/install/my_riley_robot_description/share/my_riley_robot_description//meshes/RILey_assembly - socket head cap screw 4762_din-6.STL
-- Installing: /home/student/rileyRobot_ws/install/my_riley_robot_description/share/my_riley_robot_description//meshes/RILey_assembly - hex nut style 1 gradeab_iso-5.STL
-- Installing: /home/student/rileyRobot_ws/install/my_riley_robot_description/share/my_riley_robot_description//meshes/RILey_assembly - socket head cap screw 4762_din-25.STL
-- Installing: /home/student/rileyRobot_ws/install/my_riley_robot_description/share/my_riley_robot_description//meshes/RILey_assembly - LD06_Assembly-1 LD06_LiDAR-1 jst-1.5mm-4P.step-1.STL
-- Installing: /home/student/rileyRobot_ws/install/my_riley_robot_description/share/my_riley_robot_description//meshes/RILey_assembly - PCB-1 MPU9250.STEP-1 R1.STEP-1.STL
-- Installing: /home/student/rileyRobot_ws/install/my_riley_robot_description/share/my_riley_robot_description//meshes/RILey_assembly - socket head cap screw_iso-9.STL
-- Installing: /home/student/rileyRobot_ws/install/my_riley_robot_description/share/my_riley_robot_description//meshes/RILey_assembly - socket head cap screw 4762_din-49.STL
-- Installing: /home/student/rileyRobot_ws/install/my_riley_robot_description/share/my_riley_robot_description//meshes/RILey_assembly - Raspberry Pi 4 Model B-1 Camera Connector, RPi4ModelB-1.STL
-- Installing: /home/student/rileyRobot_ws/install/my_riley_robot_description/share/my_riley_robot_description//meshes/RILey_assembly - BatteryCoverFront-1.STL
-- Installing: /home/student/rileyRobot_ws/install/my_riley_robot_description/share/my_riley_robot_description//meshes/RILey_assembly - socket head cap screw 4762_din-52.STL
-- Installing: /home/student/rileyRobot_ws/install/my_riley_robot_description/share/my_riley_robot_description//meshes/RILey_assembly - Raspberry Pi 4 Model B-1 91D77 D9WHV 778K, 4 GB LPDDR4 SDRAM, RPi4ModelB-1.STL
-- Installing: /home/student/rileyRobot_ws/install/my_riley_robot_description/share/my_riley_robot_description//meshes/RILey_assembly - Raspberry Pi 4 Model B-1 Female Micro HDMI Connector, RPi4ModelB-3.STL
-- Installing: /home/student/rileyRobot_ws/install/my_riley_robot_description/share/my_riley_robot_description//meshes/RILey_assembly - PCB-1 PinHeader10row-1.STL
-- Installing: /home/student/rileyRobot_ws/install/my_riley_robot_description/share/my_riley_robot_description//meshes/RILey_assembly - Spacer-2.STL
-- Installing: /home/student/rileyRobot_ws/install/my_riley_robot_description/share/my_riley_robot_description//meshes/RILey_assembly - Raspberry Pi 4 Model B-1 Cypress CYW43455 Wireless Module Cover, RPi4ModelB-1.STL
-- Installing: /home/student/rileyRobot_ws/install/my_riley_robot_description/share/my_riley_robot_description//meshes/RILey_assembly - socket head cap screw 4762_din-8.STL
-- Installing: /home/student/rileyRobot_ws/install/my_riley_robot_description/share/my_riley_robot_description//meshes/RILey_assembly - hex nut style 1 gradeab_din-11.STL
-- Installing: /home/student/rileyRobot_ws/install/my_riley_robot_description/share/my_riley_robot_description//meshes/RILey_assembly - PCB-1 MPU9250.STEP-1 R1.STEP-2.STL
-- Installing: /home/student/rileyRobot_ws/install/my_riley_robot_description/share/my_riley_robot_description//meshes/RILey_assembly - PCB-1 B4B-XH-A.step-1.STL
-- Installing: /home/student/rileyRobot_ws/install/my_riley_robot_description/share/my_riley_robot_description//meshes/RILey_assembly - Raspberry Pi 4 Model B-1 VIA VL805 PCIe USB 3.0 controller, RPi4ModelB-1.STL
-- Installing: /home/student/rileyRobot_ws/install/my_riley_robot_description/share/my_riley_robot_description//meshes/RILey_assembly - PCB-1 DRV 8825 With Headers Assem-4 0402 Resistor-6.STL
-- Installing: /home/student/rileyRobot_ws/install/my_riley_robot_description/share/my_riley_robot_description//meshes/RILey_assembly - Raspberry Pi 4 Model B-1 2X USB2.0 PORTS, RPi4ModelB-1.STL
-- Installing: /home/student/rileyRobot_ws/install/my_riley_robot_description/share/my_riley_robot_description//meshes/RILey_assembly - hex nut style 1 gradeab_din-10.STL
-- Installing: /home/student/rileyRobot_ws/install/my_riley_robot_description/share/my_riley_robot_description//meshes/RILey_assembly - PCB-1 DRV 8825 With Headers Assem-4 PCB-1.STL
-- Installing: /home/student/rileyRobot_ws/install/my_riley_robot_description/share/my_riley_robot_description//meshes/RILey_assembly - socket head cap screw 4762_din-43.STL
-- Installing: /home/student/rileyRobot_ws/install/my_riley_robot_description/share/my_riley_robot_description//meshes/RILey_assembly - PCB-1 DRV 8825 With Headers Assem-4 0603 Resistor-2.STL
-- Installing: /home/student/rileyRobot_ws/install/my_riley_robot_description/share/my_riley_robot_description//meshes/RILey_assembly - PCB-1 DRV 8825 With Headers Assem-2 SMD Pot-1.STL
-- Installing: /home/student/rileyRobot_ws/install/my_riley_robot_description/share/my_riley_robot_description//meshes/RILey_assembly - PCB-1 MPU9250.STEP-1 C2.STEP-1.STL
-- Installing: /home/student/rileyRobot_ws/install/my_riley_robot_description/share/my_riley_robot_description//meshes/RILey_assembly - hex nut style 1 gradeab_iso-4.STL
-- Installing: /home/student/rileyRobot_ws/install/my_riley_robot_description/share/my_riley_robot_description//meshes/RILey_assembly - PCB-1 zl262-8s_p2-54_l20-8_w2-54_h8-5.stp-2.STL
-- Installing: /home/student/rileyRobot_ws/install/my_riley_robot_description/share/my_riley_robot_description//meshes/RILey_assembly - PCB-1 DRV 8825 With Headers Assem-2 0805 Capacitor-1.STL
-- Installing: /home/student/rileyRobot_ws/install/my_riley_robot_description/share/my_riley_robot_description//meshes/RILey_assembly - MiddlepartV1-1.STL
-- Installing: /home/student/rileyRobot_ws/install/my_riley_robot_description/share/my_riley_robot_description//meshes/RILey_assembly - socket head cap screw 4762_din-3.STL
-- Installing: /home/student/rileyRobot_ws/install/my_riley_robot_description/share/my_riley_robot_description//meshes/RILey_assembly - PCB-1 DRV 8825 With Headers Assem-4 0402 Resistor-4.STL
-- Installing: /home/student/rileyRobot_ws/install/my_riley_robot_description/share/my_riley_robot_description//meshes/RILey_assembly - PCB-1 MPU9250.STEP-1 PCB.STEP-1.STL
-- Installing: /home/student/rileyRobot_ws/install/my_riley_robot_description/share/my_riley_robot_description//meshes/RILey_assembly - Spacer-8.STL
-- Installing: /home/student/rileyRobot_ws/install/my_riley_robot_description/share/my_riley_robot_description//meshes/RILey_assembly - socket head cap screw 4762_din-5.STL
-- Installing: /home/student/rileyRobot_ws/install/my_riley_robot_description/share/my_riley_robot_description//meshes/RILey_assembly - Nema 17_Slim-1.STL
-- Installing: /home/student/rileyRobot_ws/install/my_riley_robot_description/share/my_riley_robot_description//meshes/RILey_assembly - PCB-1 DRV 8825 With Headers Assem-4 DRV8825 IC-1.STL
-- Installing: /home/student/rileyRobot_ws/install/my_riley_robot_description/share/my_riley_robot_description//meshes/RILey_assembly - socket head cap screw 4762_din-40.STL
-- Installing: /home/student/rileyRobot_ws/install/my_riley_robot_description/share/my_riley_robot_description//meshes/RILey_assembly - PCB-1 DRV 8825 With Headers Assem-4 0805 Capacitor-1.STL
-- Installing: /home/student/rileyRobot_ws/install/my_riley_robot_description/share/my_riley_robot_description//meshes/RILey_assembly - 3_battery_pack-1 Li-ion Battery-2.STL
-- Installing: /home/student/rileyRobot_ws/install/my_riley_robot_description/share/my_riley_robot_description//meshes/RILey_assembly - 3_battery_pack-2 Li-ion Battery-2.STL
-- Installing: /home/student/rileyRobot_ws/install/my_riley_robot_description/share/my_riley_robot_description//meshes/RILey_assembly - Raspberry Pi 4 Model B-1 MxL7704 Universal PMIC, RPi4ModelB-1.STL
-- Installing: /home/student/rileyRobot_ws/install/my_riley_robot_description/share/my_riley_robot_description//meshes/RILey_assembly - PCB-1 zl262-4s_p2-54_l10-6_w2-54_h8-5.stp-1.STL
-- Installing: /home/student/rileyRobot_ws/install/my_riley_robot_description/share/my_riley_robot_description//meshes/RILey_assembly - hex nut style 1 gradeab_din-12.STL
-- Installing: /home/student/rileyRobot_ws/install/my_riley_robot_description/share/my_riley_robot_description//meshes/RILey_assembly - PCB-1 DRV 8825 With Headers Assem-4 0603 Resistor-1.STL
-- Installing: /home/student/rileyRobot_ws/install/my_riley_robot_description/share/my_riley_robot_description//meshes/RILey_assembly - Spacer-1.STL
-- Installing: /home/student/rileyRobot_ws/install/my_riley_robot_description/share/my_riley_robot_description//meshes/RILey_assembly - PCB-1 PinHeader8row-1.STL
-- Installing: /home/student/rileyRobot_ws/install/my_riley_robot_description/share/my_riley_robot_description//meshes/RILey_assembly - hex nut style 1 gradeab_din-20.STL
-- Installing: /home/student/rileyRobot_ws/install/my_riley_robot_description/share/my_riley_robot_description//meshes/RILey_assembly - PCB-1 MPU9250.STEP-1 R1.STEP-5.STL
-- Installing: /home/student/rileyRobot_ws/install/my_riley_robot_description/share/my_riley_robot_description//meshes/RILey_assembly - PCB-1 DRV 8825 With Headers Assem-4 0402 Resistor-5.STL
-- Installing: /home/student/rileyRobot_ws/install/my_riley_robot_description/share/my_riley_robot_description//config
-- Installing: /home/student/rileyRobot_ws/install/my_riley_robot_description/share/my_riley_robot_description//config/nav2_params.yaml
-- Installing: /home/student/rileyRobot_ws/install/my_riley_robot_description/share/my_riley_robot_description//config/ekf.yaml
-- Installing: /home/student/rileyRobot_ws/install/my_riley_robot_description/share/my_riley_robot_description//worlds
-- Installing: /home/student/rileyRobot_ws/install/my_riley_robot_description/share/my_riley_robot_description//worlds/riley_robot_empty.world
-- Installing: /home/student/rileyRobot_ws/install/my_riley_robot_description/share/my_riley_robot_description//worlds/my_world.sdf
-- Installing: /home/student/rileyRobot_ws/install/my_riley_robot_description/lib/my_riley_robot_description/spawn_riley_robot.py
-- Installing: /home/student/rileyRobot_ws/install/my_riley_robot_description/lib/my_riley_robot_description/spawn_riley_robot_v2.py
-- Installing: /home/student/rileyRobot_ws/install/my_riley_robot_description/share/ament_index/resource_index/package_run_dependencies/my_riley_robot_description
-- Installing: /home/student/rileyRobot_ws/install/my_riley_robot_description/share/ament_index/resource_index/parent_prefix_path/my_riley_robot_description
-- Installing: /home/student/rileyRobot_ws/install/my_riley_robot_description/share/my_riley_robot_description/environment/ament_prefix_path.sh
-- Installing: /home/student/rileyRobot_ws/install/my_riley_robot_description/share/my_riley_robot_description/environment/ament_prefix_path.dsv
-- Installing: /home/student/rileyRobot_ws/install/my_riley_robot_description/share/my_riley_robot_description/environment/path.sh
-- Installing: /home/student/rileyRobot_ws/install/my_riley_robot_description/share/my_riley_robot_description/environment/path.dsv
-- Installing: /home/student/rileyRobot_ws/install/my_riley_robot_description/share/my_riley_robot_description/local_setup.bash
-- Installing: /home/student/rileyRobot_ws/install/my_riley_robot_description/share/my_riley_robot_description/local_setup.sh
-- Installing: /home/student/rileyRobot_ws/install/my_riley_robot_description/share/my_riley_robot_description/local_setup.zsh
-- Installing: /home/student/rileyRobot_ws/install/my_riley_robot_description/share/my_riley_robot_description/local_setup.dsv
-- Installing: /home/student/rileyRobot_ws/install/my_riley_robot_description/share/my_riley_robot_description/package.dsv
-- Installing: /home/student/rileyRobot_ws/install/my_riley_robot_description/share/ament_index/resource_index/packages/my_riley_robot_description
-- Installing: /home/student/rileyRobot_ws/install/my_riley_robot_description/share/my_riley_robot_description/cmake/my_riley_robot_descriptionConfig.cmake
-- Installing: /home/student/rileyRobot_ws/install/my_riley_robot_description/share/my_riley_robot_description/cmake/my_riley_robot_descriptionConfig-version.cmake
-- Installing: /home/student/rileyRobot_ws/install/my_riley_robot_description/share/my_riley_robot_description/package.xml
