-- Install configuration: ""
-- Up-to-date: /home/student/rileyRobot_ws/install/my_riley_robot_launcher/share/my_riley_robot_launcher//launch
-- Up-to-date: /home/student/rileyRobot_ws/install/my_riley_robot_launcher/share/my_riley_robot_launcher//launch/multi_riley_robot_launch.py
-- Up-to-date: /home/student/rileyRobot_ws/install/my_riley_robot_launcher/share/my_riley_robot_launcher//launch/my_riley_robot_bringup.launch.py
-- Up-to-date: /home/student/rileyRobot_ws/install/my_riley_robot_launcher/share/my_riley_robot_launcher//launch/turtlebot3_state_publisher.launch.py
-- Up-to-date: /home/student/rileyRobot_ws/install/my_riley_robot_launcher/share/my_riley_robot_launcher//launch/riley_robot_launch.py
-- Up-to-date: /home/student/rileyRobot_ws/install/my_riley_robot_launcher/share/my_riley_robot_launcher//launch/start_world_launch.py
-- Up-to-date: /home/student/rileyRobot_ws/install/my_riley_robot_launcher/share/my_riley_robot_launcher//launch/hlds_laser.launch.py
-- Up-to-date: /home/student/rileyRobot_ws/install/my_riley_robot_launcher/share/my_riley_robot_launcher//param
-- Up-to-date: /home/student/rileyRobot_ws/install/my_riley_robot_launcher/share/my_riley_robot_launcher//param/riley.yaml
-- Up-to-date: /home/student/rileyRobot_ws/install/my_riley_robot_launcher/share/my_riley_robot_launcher//Worlds
-- Up-to-date: /home/student/rileyRobot_ws/install/my_riley_robot_launcher/share/my_riley_robot_launcher//Worlds/riley_robot_empty.world
-- Up-to-date: /home/student/rileyRobot_ws/install/my_riley_robot_launcher/share/my_riley_robot_launcher//Worlds/my_world.sdf
-- Up-to-date: /home/student/rileyRobot_ws/install/my_riley_robot_launcher/share/ament_index/resource_index/package_run_dependencies/my_riley_robot_launcher
-- Up-to-date: /home/student/rileyRobot_ws/install/my_riley_robot_launcher/share/ament_index/resource_index/parent_prefix_path/my_riley_robot_launcher
-- Up-to-date: /home/student/rileyRobot_ws/install/my_riley_robot_launcher/share/my_riley_robot_launcher/environment/ament_prefix_path.sh
-- Up-to-date: /home/student/rileyRobot_ws/install/my_riley_robot_launcher/share/my_riley_robot_launcher/environment/ament_prefix_path.dsv
-- Up-to-date: /home/student/rileyRobot_ws/install/my_riley_robot_launcher/share/my_riley_robot_launcher/environment/path.sh
-- Up-to-date: /home/student/rileyRobot_ws/install/my_riley_robot_launcher/share/my_riley_robot_launcher/environment/path.dsv
-- Up-to-date: /home/student/rileyRobot_ws/install/my_riley_robot_launcher/share/my_riley_robot_launcher/local_setup.bash
-- Up-to-date: /home/student/rileyRobot_ws/install/my_riley_robot_launcher/share/my_riley_robot_launcher/local_setup.sh
-- Up-to-date: /home/student/rileyRobot_ws/install/my_riley_robot_launcher/share/my_riley_robot_launcher/local_setup.zsh
-- Up-to-date: /home/student/rileyRobot_ws/install/my_riley_robot_launcher/share/my_riley_robot_launcher/local_setup.dsv
-- Up-to-date: /home/student/rileyRobot_ws/install/my_riley_robot_launcher/share/my_riley_robot_launcher/package.dsv
-- Up-to-date: /home/student/rileyRobot_ws/install/my_riley_robot_launcher/share/ament_index/resource_index/packages/my_riley_robot_launcher
-- Up-to-date: /home/student/rileyRobot_ws/install/my_riley_robot_launcher/share/my_riley_robot_launcher/cmake/my_riley_robot_launcherConfig.cmake
-- Up-to-date: /home/student/rileyRobot_ws/install/my_riley_robot_launcher/share/my_riley_robot_launcher/cmake/my_riley_robot_launcherConfig-version.cmake
-- Up-to-date: /home/student/rileyRobot_ws/install/my_riley_robot_launcher/share/my_riley_robot_launcher/package.xml
