[0.054s] Invoking command in '/home/student/rileyRobot_ws/build/my_riley_robot_launcher': CMAKE_PREFIX_PATH=${CMAKE_PREFIX_PATH}:/home/student/rileyRobot_ws/install/xbox_input:/home/student/rileyRobot_ws/install/riley:/opt/ros/foxy /usr/bin/cmake --build /home/student/rileyRobot_ws/build/my_riley_robot_launcher -- -j12 -l12
[0.400s] Invoked command in '/home/student/rileyRobot_ws/build/my_riley_robot_launcher' returned '0': CMAKE_PREFIX_PATH=${CMAKE_PREFIX_PATH}:/home/student/rileyRobot_ws/install/xbox_input:/home/student/rileyRobot_ws/install/riley:/opt/ros/foxy /usr/bin/cmake --build /home/student/rileyRobot_ws/build/my_riley_robot_launcher -- -j12 -l12
[0.451s] Invoking command in '/home/student/rileyRobot_ws/build/my_riley_robot_launcher': CMAKE_PREFIX_PATH=${CMAKE_PREFIX_PATH}:/home/student/rileyRobot_ws/install/xbox_input:/home/student/rileyRobot_ws/install/riley:/opt/ros/foxy /usr/bin/cmake --install /home/student/rileyRobot_ws/build/my_riley_robot_launcher
[0.533s] -- Install configuration: ""
[0.533s] -- Up-to-date: /home/student/rileyRobot_ws/install/my_riley_robot_launcher/share/my_riley_robot_launcher//launch
[0.535s] -- Up-to-date: /home/student/rileyRobot_ws/install/my_riley_robot_launcher/share/my_riley_robot_launcher//launch/multi_riley_robot_launch.py
[0.536s] -- Up-to-date: /home/student/rileyRobot_ws/install/my_riley_robot_launcher/share/my_riley_robot_launcher//launch/my_riley_robot_bringup.launch.py
[0.536s] -- Up-to-date: /home/student/rileyRobot_ws/install/my_riley_robot_launcher/share/my_riley_robot_launcher//launch/turtlebot3_state_publisher.launch.py
[0.536s] -- Up-to-date: /home/student/rileyRobot_ws/install/my_riley_robot_launcher/share/my_riley_robot_launcher//launch/riley_robot_launch.py
[0.537s] -- Up-to-date: /home/student/rileyRobot_ws/install/my_riley_robot_launcher/share/my_riley_robot_launcher//launch/start_world_launch.py
[0.537s] -- Up-to-date: /home/student/rileyRobot_ws/install/my_riley_robot_launcher/share/my_riley_robot_launcher//launch/hlds_laser.launch.py
[0.538s] -- Up-to-date: /home/student/rileyRobot_ws/install/my_riley_robot_launcher/share/my_riley_robot_launcher//param
[0.540s] -- Up-to-date: /home/student/rileyRobot_ws/install/my_riley_robot_launcher/share/my_riley_robot_launcher//param/riley.yaml
[0.540s] -- Up-to-date: /home/student/rileyRobot_ws/install/my_riley_robot_launcher/share/my_riley_robot_launcher//Worlds
[0.540s] -- Up-to-date: /home/student/rileyRobot_ws/install/my_riley_robot_launcher/share/my_riley_robot_launcher//Worlds/riley_robot_empty.world
[0.541s] -- Up-to-date: /home/student/rileyRobot_ws/install/my_riley_robot_launcher/share/my_riley_robot_launcher//Worlds/my_world.sdf
[0.541s] -- Up-to-date: /home/student/rileyRobot_ws/install/my_riley_robot_launcher/share/ament_index/resource_index/package_run_dependencies/my_riley_robot_launcher
[0.542s] -- Up-to-date: /home/student/rileyRobot_ws/install/my_riley_robot_launcher/share/ament_index/resource_index/parent_prefix_path/my_riley_robot_launcher
[0.544s] -- Up-to-date: /home/student/rileyRobot_ws/install/my_riley_robot_launcher/share/my_riley_robot_launcher/environment/ament_prefix_path.sh
[0.546s] -- Up-to-date: /home/student/rileyRobot_ws/install/my_riley_robot_launcher/share/my_riley_robot_launcher/environment/ament_prefix_path.dsv
[0.546s] -- Up-to-date: /home/student/rileyRobot_ws/install/my_riley_robot_launcher/share/my_riley_robot_launcher/environment/path.sh
[0.546s] -- Up-to-date: /home/student/rileyRobot_ws/install/my_riley_robot_launcher/share/my_riley_robot_launcher/environment/path.dsv
[0.546s] -- Up-to-date: /home/student/rileyRobot_ws/install/my_riley_robot_launcher/share/my_riley_robot_launcher/local_setup.bash
[0.547s] -- Up-to-date: /home/student/rileyRobot_ws/install/my_riley_robot_launcher/share/my_riley_robot_launcher/local_setup.sh
[0.547s] -- Up-to-date: /home/student/rileyRobot_ws/install/my_riley_robot_launcher/share/my_riley_robot_launcher/local_setup.zsh
[0.547s] -- Up-to-date: /home/student/rileyRobot_ws/install/my_riley_robot_launcher/share/my_riley_robot_launcher/local_setup.dsv
[0.547s] -- Up-to-date: /home/student/rileyRobot_ws/install/my_riley_robot_launcher/share/my_riley_robot_launcher/package.dsv
[0.547s] -- Up-to-date: /home/student/rileyRobot_ws/install/my_riley_robot_launcher/share/ament_index/resource_index/packages/my_riley_robot_launcher
[0.548s] -- Up-to-date: /home/student/rileyRobot_ws/install/my_riley_robot_launcher/share/my_riley_robot_launcher/cmake/my_riley_robot_launcherConfig.cmake
[0.548s] -- Up-to-date: /home/student/rileyRobot_ws/install/my_riley_robot_launcher/share/my_riley_robot_launcher/cmake/my_riley_robot_launcherConfig-version.cmake
[0.549s] -- Up-to-date: /home/student/rileyRobot_ws/install/my_riley_robot_launcher/share/my_riley_robot_launcher/package.xml
[0.549s] Invoked command in '/home/student/rileyRobot_ws/build/my_riley_robot_launcher' returned '0': CMAKE_PREFIX_PATH=${CMAKE_PREFIX_PATH}:/home/student/rileyRobot_ws/install/xbox_input:/home/student/rileyRobot_ws/install/riley:/opt/ros/foxy /usr/bin/cmake --install /home/student/rileyRobot_ws/build/my_riley_robot_launcher
