[0.185s] DEBUG:colcon:Command line arguments: ['/usr/bin/colcon', 'build']
[0.185s] DEBUG:colcon:Parsed command line arguments: Namespace(allow_overriding=[], ament_cmake_args=None, base_paths=['.'], build_base='build', catkin_cmake_args=None, catkin_skip_building_tests=False, cmake_args=None, cmake_clean_cache=False, cmake_clean_first=False, cmake_force_configure=False, cmake_target=None, cmake_target_skip_unavailable=False, continue_on_error=False, event_handlers=None, executor='parallel', ignore_user_meta=False, install_base='install', log_base=None, log_level=None, main=<bound method BuildVerb.main of <colcon_core.verb.build.BuildVerb object at 0x7f9a632380d0>>, merge_install=False, metas=['./colcon.meta'], packages_above=None, packages_above_and_dependencies=None, packages_above_depth=None, packages_end=None, packages_ignore=None, packages_ignore_regex=None, packages_select=None, packages_select_build_failed=False, packages_select_by_dep=None, packages_select_regex=None, packages_select_test_failures=False, packages_skip=None, packages_skip_build_finished=False, packages_skip_by_dep=None, packages_skip_regex=None, packages_skip_test_passed=False, packages_skip_up_to=None, packages_start=None, packages_up_to=None, packages_up_to_regex=None, parallel_workers=12, paths=None, symlink_install=False, test_result_base=None, verb_extension=<colcon_core.verb.build.BuildVerb object at 0x7f9a632380d0>, verb_name='build', verb_parser=<colcon_defaults.argument_parser.defaults.DefaultArgumentsDecorator object at 0x7f9a63238610>)
[0.192s] Level 1:colcon.colcon_core.package_discovery:discover_packages(colcon_meta) check parameters
[0.192s] Level 1:colcon.colcon_core.package_discovery:discover_packages(recursive) check parameters
[0.192s] Level 1:colcon.colcon_core.package_discovery:discover_packages(ignore) check parameters
[0.192s] Level 1:colcon.colcon_core.package_discovery:discover_packages(path) check parameters
[0.192s] Level 1:colcon.colcon_core.package_discovery:discover_packages(colcon_meta) discover
[0.192s] Level 1:colcon.colcon_core.package_discovery:discover_packages(recursive) discover
[0.192s] INFO:colcon.colcon_core.package_discovery:Crawling recursively for packages in '/home/student/rileyRobot_ws'
[0.192s] Level 1:colcon.colcon_core.package_identification:_identify(.) by extensions ['ignore', 'ignore_ament_install']
[0.192s] Level 1:colcon.colcon_core.package_identification:_identify(.) by extension 'ignore'
[0.192s] Level 1:colcon.colcon_core.package_identification:_identify(.) by extension 'ignore_ament_install'
[0.192s] Level 1:colcon.colcon_core.package_identification:_identify(.) by extensions ['colcon_pkg']
[0.192s] Level 1:colcon.colcon_core.package_identification:_identify(.) by extension 'colcon_pkg'
[0.192s] Level 1:colcon.colcon_core.package_identification:_identify(.) by extensions ['colcon_meta']
[0.193s] Level 1:colcon.colcon_core.package_identification:_identify(.) by extension 'colcon_meta'
[0.193s] Level 1:colcon.colcon_core.package_identification:_identify(.) by extensions ['ros']
[0.193s] Level 1:colcon.colcon_core.package_identification:_identify(.) by extension 'ros'
[0.207s] Level 1:colcon.colcon_core.package_identification:_identify(.) by extensions ['cmake', 'python']
[0.207s] Level 1:colcon.colcon_core.package_identification:_identify(.) by extension 'cmake'
[0.207s] Level 1:colcon.colcon_core.package_identification:_identify(.) by extension 'python'
[0.208s] Level 1:colcon.colcon_core.package_identification:_identify(.) by extensions ['python_setup_py']
[0.208s] Level 1:colcon.colcon_core.package_identification:_identify(.) by extension 'python_setup_py'
[0.208s] Level 1:colcon.colcon_core.package_identification:_identify(build) by extensions ['ignore', 'ignore_ament_install']
[0.208s] Level 1:colcon.colcon_core.package_identification:_identify(build) by extension 'ignore'
[0.208s] Level 1:colcon.colcon_core.package_identification:_identify(build) ignored
[0.208s] Level 1:colcon.colcon_core.package_identification:_identify(install) by extensions ['ignore', 'ignore_ament_install']
[0.208s] Level 1:colcon.colcon_core.package_identification:_identify(install) by extension 'ignore'
[0.208s] Level 1:colcon.colcon_core.package_identification:_identify(install) ignored
[0.208s] Level 1:colcon.colcon_core.package_identification:_identify(log) by extensions ['ignore', 'ignore_ament_install']
[0.209s] Level 1:colcon.colcon_core.package_identification:_identify(log) by extension 'ignore'
[0.209s] Level 1:colcon.colcon_core.package_identification:_identify(log) ignored
[0.209s] Level 1:colcon.colcon_core.package_identification:_identify(src) by extensions ['ignore', 'ignore_ament_install']
[0.209s] Level 1:colcon.colcon_core.package_identification:_identify(src) by extension 'ignore'
[0.209s] Level 1:colcon.colcon_core.package_identification:_identify(src) by extension 'ignore_ament_install'
[0.209s] Level 1:colcon.colcon_core.package_identification:_identify(src) by extensions ['colcon_pkg']
[0.209s] Level 1:colcon.colcon_core.package_identification:_identify(src) by extension 'colcon_pkg'
[0.209s] Level 1:colcon.colcon_core.package_identification:_identify(src) by extensions ['colcon_meta']
[0.209s] Level 1:colcon.colcon_core.package_identification:_identify(src) by extension 'colcon_meta'
[0.209s] Level 1:colcon.colcon_core.package_identification:_identify(src) by extensions ['ros']
[0.209s] Level 1:colcon.colcon_core.package_identification:_identify(src) by extension 'ros'
[0.209s] Level 1:colcon.colcon_core.package_identification:_identify(src) by extensions ['cmake', 'python']
[0.209s] Level 1:colcon.colcon_core.package_identification:_identify(src) by extension 'cmake'
[0.209s] Level 1:colcon.colcon_core.package_identification:_identify(src) by extension 'python'
[0.209s] Level 1:colcon.colcon_core.package_identification:_identify(src) by extensions ['python_setup_py']
[0.210s] Level 1:colcon.colcon_core.package_identification:_identify(src) by extension 'python_setup_py'
[0.210s] Level 1:colcon.colcon_core.package_identification:_identify(src/my_riley_robot_description) by extensions ['ignore', 'ignore_ament_install']
[0.210s] Level 1:colcon.colcon_core.package_identification:_identify(src/my_riley_robot_description) by extension 'ignore'
[0.210s] Level 1:colcon.colcon_core.package_identification:_identify(src/my_riley_robot_description) by extension 'ignore_ament_install'
[0.210s] Level 1:colcon.colcon_core.package_identification:_identify(src/my_riley_robot_description) by extensions ['colcon_pkg']
[0.210s] Level 1:colcon.colcon_core.package_identification:_identify(src/my_riley_robot_description) by extension 'colcon_pkg'
[0.210s] Level 1:colcon.colcon_core.package_identification:_identify(src/my_riley_robot_description) by extensions ['colcon_meta']
[0.210s] Level 1:colcon.colcon_core.package_identification:_identify(src/my_riley_robot_description) by extension 'colcon_meta'
[0.210s] Level 1:colcon.colcon_core.package_identification:_identify(src/my_riley_robot_description) by extensions ['ros']
[0.210s] Level 1:colcon.colcon_core.package_identification:_identify(src/my_riley_robot_description) by extension 'ros'
[0.214s] DEBUG:colcon.colcon_core.package_identification:Package 'src/my_riley_robot_description' with type 'ros.ament_cmake' and name 'my_riley_robot_description'
[0.214s] Level 1:colcon.colcon_core.package_identification:_identify(src/my_riley_robot_launcher) by extensions ['ignore', 'ignore_ament_install']
[0.214s] Level 1:colcon.colcon_core.package_identification:_identify(src/my_riley_robot_launcher) by extension 'ignore'
[0.214s] Level 1:colcon.colcon_core.package_identification:_identify(src/my_riley_robot_launcher) by extension 'ignore_ament_install'
[0.214s] Level 1:colcon.colcon_core.package_identification:_identify(src/my_riley_robot_launcher) by extensions ['colcon_pkg']
[0.214s] Level 1:colcon.colcon_core.package_identification:_identify(src/my_riley_robot_launcher) by extension 'colcon_pkg'
[0.214s] Level 1:colcon.colcon_core.package_identification:_identify(src/my_riley_robot_launcher) by extensions ['colcon_meta']
[0.214s] Level 1:colcon.colcon_core.package_identification:_identify(src/my_riley_robot_launcher) by extension 'colcon_meta'
[0.214s] Level 1:colcon.colcon_core.package_identification:_identify(src/my_riley_robot_launcher) by extensions ['ros']
[0.214s] Level 1:colcon.colcon_core.package_identification:_identify(src/my_riley_robot_launcher) by extension 'ros'
[0.216s] DEBUG:colcon.colcon_core.package_identification:Package 'src/my_riley_robot_launcher' with type 'ros.ament_cmake' and name 'my_riley_robot_launcher'
[0.216s] Level 1:colcon.colcon_core.package_identification:_identify(src/my_riley_robot_nav2) by extensions ['ignore', 'ignore_ament_install']
[0.216s] Level 1:colcon.colcon_core.package_identification:_identify(src/my_riley_robot_nav2) by extension 'ignore'
[0.216s] Level 1:colcon.colcon_core.package_identification:_identify(src/my_riley_robot_nav2) by extension 'ignore_ament_install'
[0.216s] Level 1:colcon.colcon_core.package_identification:_identify(src/my_riley_robot_nav2) by extensions ['colcon_pkg']
[0.216s] Level 1:colcon.colcon_core.package_identification:_identify(src/my_riley_robot_nav2) by extension 'colcon_pkg'
[0.216s] Level 1:colcon.colcon_core.package_identification:_identify(src/my_riley_robot_nav2) by extensions ['colcon_meta']
[0.216s] Level 1:colcon.colcon_core.package_identification:_identify(src/my_riley_robot_nav2) by extension 'colcon_meta'
[0.216s] Level 1:colcon.colcon_core.package_identification:_identify(src/my_riley_robot_nav2) by extensions ['ros']
[0.216s] Level 1:colcon.colcon_core.package_identification:_identify(src/my_riley_robot_nav2) by extension 'ros'
[0.217s] DEBUG:colcon.colcon_core.package_identification:Package 'src/my_riley_robot_nav2' with type 'ros.ament_cmake' and name 'my_riley_robot_nav2'
[0.217s] Level 1:colcon.colcon_core.package_identification:_identify(src/riley) by extensions ['ignore', 'ignore_ament_install']
[0.217s] Level 1:colcon.colcon_core.package_identification:_identify(src/riley) by extension 'ignore'
[0.218s] Level 1:colcon.colcon_core.package_identification:_identify(src/riley) by extension 'ignore_ament_install'
[0.218s] Level 1:colcon.colcon_core.package_identification:_identify(src/riley) by extensions ['colcon_pkg']
[0.218s] Level 1:colcon.colcon_core.package_identification:_identify(src/riley) by extension 'colcon_pkg'
[0.218s] Level 1:colcon.colcon_core.package_identification:_identify(src/riley) by extensions ['colcon_meta']
[0.218s] Level 1:colcon.colcon_core.package_identification:_identify(src/riley) by extension 'colcon_meta'
[0.218s] Level 1:colcon.colcon_core.package_identification:_identify(src/riley) by extensions ['ros']
[0.218s] Level 1:colcon.colcon_core.package_identification:_identify(src/riley) by extension 'ros'
[0.219s] DEBUG:colcon.colcon_core.package_identification:Package 'src/riley' with type 'ros.ament_python' and name 'riley'
[0.219s] Level 1:colcon.colcon_core.package_identification:_identify(src/riley_interfaces) by extensions ['ignore', 'ignore_ament_install']
[0.219s] Level 1:colcon.colcon_core.package_identification:_identify(src/riley_interfaces) by extension 'ignore'
[0.219s] Level 1:colcon.colcon_core.package_identification:_identify(src/riley_interfaces) by extension 'ignore_ament_install'
[0.219s] Level 1:colcon.colcon_core.package_identification:_identify(src/riley_interfaces) by extensions ['colcon_pkg']
[0.219s] Level 1:colcon.colcon_core.package_identification:_identify(src/riley_interfaces) by extension 'colcon_pkg'
[0.219s] Level 1:colcon.colcon_core.package_identification:_identify(src/riley_interfaces) by extensions ['colcon_meta']
[0.219s] Level 1:colcon.colcon_core.package_identification:_identify(src/riley_interfaces) by extension 'colcon_meta'
[0.219s] Level 1:colcon.colcon_core.package_identification:_identify(src/riley_interfaces) by extensions ['ros']
[0.219s] Level 1:colcon.colcon_core.package_identification:_identify(src/riley_interfaces) by extension 'ros'
[0.220s] DEBUG:colcon.colcon_core.package_identification:Package 'src/riley_interfaces' with type 'ros.ament_cmake' and name 'riley_interfaces'
[0.220s] Level 1:colcon.colcon_core.package_identification:_identify(src/riley_robot_bringup) by extensions ['ignore', 'ignore_ament_install']
[0.220s] Level 1:colcon.colcon_core.package_identification:_identify(src/riley_robot_bringup) by extension 'ignore'
[0.221s] Level 1:colcon.colcon_core.package_identification:_identify(src/riley_robot_bringup) by extension 'ignore_ament_install'
[0.221s] Level 1:colcon.colcon_core.package_identification:_identify(src/riley_robot_bringup) by extensions ['colcon_pkg']
[0.221s] Level 1:colcon.colcon_core.package_identification:_identify(src/riley_robot_bringup) by extension 'colcon_pkg'
[0.221s] Level 1:colcon.colcon_core.package_identification:_identify(src/riley_robot_bringup) by extensions ['colcon_meta']
[0.221s] Level 1:colcon.colcon_core.package_identification:_identify(src/riley_robot_bringup) by extension 'colcon_meta'
[0.221s] Level 1:colcon.colcon_core.package_identification:_identify(src/riley_robot_bringup) by extensions ['ros']
[0.221s] Level 1:colcon.colcon_core.package_identification:_identify(src/riley_robot_bringup) by extension 'ros'
[0.221s] DEBUG:colcon.colcon_core.package_identification:Failed to parse potential ROS package manifest in'src/riley_robot_bringup': Error(s) in package 'src/riley_robot_bringup/package.xml':
The manifest contains invalid XML:
no element found: line 1, column 0
[0.221s] Level 1:colcon.colcon_core.package_identification:_identify(src/riley_robot_bringup) by extensions ['cmake', 'python']
[0.221s] Level 1:colcon.colcon_core.package_identification:_identify(src/riley_robot_bringup) by extension 'cmake'
[0.221s] Level 1:colcon.colcon_core.package_identification:_identify(src/riley_robot_bringup) by extension 'python'
[0.222s] DEBUG:colcon.colcon_core.package_identification:Python package in 'src/riley_robot_bringup' passes arguments to the setup() function which requires a different identification extension than 'python'
[0.222s] Level 1:colcon.colcon_core.package_identification:_identify(src/riley_robot_bringup) by extensions ['python_setup_py']
[0.222s] Level 1:colcon.colcon_core.package_identification:_identify(src/riley_robot_bringup) by extension 'python_setup_py'
[0.622s] ERROR:colcon.colcon_core.package_identification:Exception in package identification extension 'python_setup_py' in 'src/riley_robot_bringup': Command '['/usr/bin/python3', '-c', "import sys;from setuptools.extern.packaging.specifiers import SpecifierSet;from distutils.core import run_setup;dist = run_setup(    'setup.py', script_args=('--dry-run',), stop_after='config');skip_keys = ('cmdclass', 'distclass', 'ext_modules', 'metadata');data = {    key: value for key, value in dist.__dict__.items()     if (        not key.startswith('_') and         not callable(value) and         key not in skip_keys and         key not in dist.display_option_names    )};data['metadata'] = {    k: v for k, v in dist.metadata.__dict__.items()     if k not in ('license_files', 'provides_extras')};sys.stdout.buffer.write(repr(data).encode('utf-8'))"]' returned non-zero exit status 1.
Traceback (most recent call last):
  File "/usr/lib/python3/dist-packages/colcon_core/package_identification/__init__.py", line 143, in _identify
    retval = extension.identify(_reused_descriptor_instance)
  File "/usr/lib/python3/dist-packages/colcon_python_setup_py/package_identification/python_setup_py.py", line 48, in identify
    config = get_setup_information(setup_py)
  File "/usr/lib/python3/dist-packages/colcon_python_setup_py/package_identification/python_setup_py.py", line 241, in get_setup_information
    _setup_information_cache[hashable_env] = _get_setup_information(
  File "/usr/lib/python3/dist-packages/colcon_python_setup_py/package_identification/python_setup_py.py", line 281, in _get_setup_information
    result = subprocess.run(
  File "/usr/lib/python3.8/subprocess.py", line 516, in run
    raise CalledProcessError(retcode, process.args,
subprocess.CalledProcessError: Command '['/usr/bin/python3', '-c', "import sys;from setuptools.extern.packaging.specifiers import SpecifierSet;from distutils.core import run_setup;dist = run_setup(    'setup.py', script_args=('--dry-run',), stop_after='config');skip_keys = ('cmdclass', 'distclass', 'ext_modules', 'metadata');data = {    key: value for key, value in dist.__dict__.items()     if (        not key.startswith('_') and         not callable(value) and         key not in skip_keys and         key not in dist.display_option_names    )};data['metadata'] = {    k: v for k, v in dist.metadata.__dict__.items()     if k not in ('license_files', 'provides_extras')};sys.stdout.buffer.write(repr(data).encode('utf-8'))"]' returned non-zero exit status 1.

[0.623s] Level 1:colcon.colcon_core.package_identification:_identify(src/riley_robot_bringup/resource) by extensions ['ignore', 'ignore_ament_install']
[0.623s] Level 1:colcon.colcon_core.package_identification:_identify(src/riley_robot_bringup/resource) by extension 'ignore'
[0.623s] Level 1:colcon.colcon_core.package_identification:_identify(src/riley_robot_bringup/resource) by extension 'ignore_ament_install'
[0.623s] Level 1:colcon.colcon_core.package_identification:_identify(src/riley_robot_bringup/resource) by extensions ['colcon_pkg']
[0.623s] Level 1:colcon.colcon_core.package_identification:_identify(src/riley_robot_bringup/resource) by extension 'colcon_pkg'
[0.623s] Level 1:colcon.colcon_core.package_identification:_identify(src/riley_robot_bringup/resource) by extensions ['colcon_meta']
[0.623s] Level 1:colcon.colcon_core.package_identification:_identify(src/riley_robot_bringup/resource) by extension 'colcon_meta'
[0.623s] Level 1:colcon.colcon_core.package_identification:_identify(src/riley_robot_bringup/resource) by extensions ['ros']
[0.623s] Level 1:colcon.colcon_core.package_identification:_identify(src/riley_robot_bringup/resource) by extension 'ros'
[0.623s] Level 1:colcon.colcon_core.package_identification:_identify(src/riley_robot_bringup/resource) by extensions ['cmake', 'python']
[0.623s] Level 1:colcon.colcon_core.package_identification:_identify(src/riley_robot_bringup/resource) by extension 'cmake'
[0.624s] Level 1:colcon.colcon_core.package_identification:_identify(src/riley_robot_bringup/resource) by extension 'python'
[0.624s] Level 1:colcon.colcon_core.package_identification:_identify(src/riley_robot_bringup/resource) by extensions ['python_setup_py']
[0.624s] Level 1:colcon.colcon_core.package_identification:_identify(src/riley_robot_bringup/resource) by extension 'python_setup_py'
[0.624s] Level 1:colcon.colcon_core.package_identification:_identify(src/riley_robot_bringup/riley_robot_bringup) by extensions ['ignore', 'ignore_ament_install']
[0.624s] Level 1:colcon.colcon_core.package_identification:_identify(src/riley_robot_bringup/riley_robot_bringup) by extension 'ignore'
[0.624s] Level 1:colcon.colcon_core.package_identification:_identify(src/riley_robot_bringup/riley_robot_bringup) by extension 'ignore_ament_install'
[0.624s] Level 1:colcon.colcon_core.package_identification:_identify(src/riley_robot_bringup/riley_robot_bringup) by extensions ['colcon_pkg']
[0.624s] Level 1:colcon.colcon_core.package_identification:_identify(src/riley_robot_bringup/riley_robot_bringup) by extension 'colcon_pkg'
[0.624s] Level 1:colcon.colcon_core.package_identification:_identify(src/riley_robot_bringup/riley_robot_bringup) by extensions ['colcon_meta']
[0.624s] Level 1:colcon.colcon_core.package_identification:_identify(src/riley_robot_bringup/riley_robot_bringup) by extension 'colcon_meta'
[0.625s] Level 1:colcon.colcon_core.package_identification:_identify(src/riley_robot_bringup/riley_robot_bringup) by extensions ['ros']
[0.625s] Level 1:colcon.colcon_core.package_identification:_identify(src/riley_robot_bringup/riley_robot_bringup) by extension 'ros'
[0.625s] Level 1:colcon.colcon_core.package_identification:_identify(src/riley_robot_bringup/riley_robot_bringup) by extensions ['cmake', 'python']
[0.625s] Level 1:colcon.colcon_core.package_identification:_identify(src/riley_robot_bringup/riley_robot_bringup) by extension 'cmake'
[0.625s] Level 1:colcon.colcon_core.package_identification:_identify(src/riley_robot_bringup/riley_robot_bringup) by extension 'python'
[0.625s] Level 1:colcon.colcon_core.package_identification:_identify(src/riley_robot_bringup/riley_robot_bringup) by extensions ['python_setup_py']
[0.625s] Level 1:colcon.colcon_core.package_identification:_identify(src/riley_robot_bringup/riley_robot_bringup) by extension 'python_setup_py'
[0.625s] Level 1:colcon.colcon_core.package_identification:_identify(src/riley_robot_bringup/test) by extensions ['ignore', 'ignore_ament_install']
[0.625s] Level 1:colcon.colcon_core.package_identification:_identify(src/riley_robot_bringup/test) by extension 'ignore'
[0.625s] Level 1:colcon.colcon_core.package_identification:_identify(src/riley_robot_bringup/test) by extension 'ignore_ament_install'
[0.626s] Level 1:colcon.colcon_core.package_identification:_identify(src/riley_robot_bringup/test) by extensions ['colcon_pkg']
[0.626s] Level 1:colcon.colcon_core.package_identification:_identify(src/riley_robot_bringup/test) by extension 'colcon_pkg'
[0.626s] Level 1:colcon.colcon_core.package_identification:_identify(src/riley_robot_bringup/test) by extensions ['colcon_meta']
[0.626s] Level 1:colcon.colcon_core.package_identification:_identify(src/riley_robot_bringup/test) by extension 'colcon_meta'
[0.626s] Level 1:colcon.colcon_core.package_identification:_identify(src/riley_robot_bringup/test) by extensions ['ros']
[0.626s] Level 1:colcon.colcon_core.package_identification:_identify(src/riley_robot_bringup/test) by extension 'ros'
[0.626s] Level 1:colcon.colcon_core.package_identification:_identify(src/riley_robot_bringup/test) by extensions ['cmake', 'python']
[0.626s] Level 1:colcon.colcon_core.package_identification:_identify(src/riley_robot_bringup/test) by extension 'cmake'
[0.626s] Level 1:colcon.colcon_core.package_identification:_identify(src/riley_robot_bringup/test) by extension 'python'
[0.626s] Level 1:colcon.colcon_core.package_identification:_identify(src/riley_robot_bringup/test) by extensions ['python_setup_py']
[0.626s] Level 1:colcon.colcon_core.package_identification:_identify(src/riley_robot_bringup/test) by extension 'python_setup_py'
[0.626s] Level 1:colcon.colcon_core.package_identification:_identify(src/riley_robot_teleop) by extensions ['ignore', 'ignore_ament_install']
[0.626s] Level 1:colcon.colcon_core.package_identification:_identify(src/riley_robot_teleop) by extension 'ignore'
[0.626s] Level 1:colcon.colcon_core.package_identification:_identify(src/riley_robot_teleop) by extension 'ignore_ament_install'
[0.627s] Level 1:colcon.colcon_core.package_identification:_identify(src/riley_robot_teleop) by extensions ['colcon_pkg']
[0.627s] Level 1:colcon.colcon_core.package_identification:_identify(src/riley_robot_teleop) by extension 'colcon_pkg'
[0.627s] Level 1:colcon.colcon_core.package_identification:_identify(src/riley_robot_teleop) by extensions ['colcon_meta']
[0.627s] Level 1:colcon.colcon_core.package_identification:_identify(src/riley_robot_teleop) by extension 'colcon_meta'
[0.627s] Level 1:colcon.colcon_core.package_identification:_identify(src/riley_robot_teleop) by extensions ['ros']
[0.627s] Level 1:colcon.colcon_core.package_identification:_identify(src/riley_robot_teleop) by extension 'ros'
[0.628s] DEBUG:colcon.colcon_core.package_identification:Package 'src/riley_robot_teleop' with type 'ros.ament_cmake' and name 'riley_robot_teleop'
[0.628s] Level 1:colcon.colcon_core.package_identification:_identify(src/xbox_input) by extensions ['ignore', 'ignore_ament_install']
[0.628s] Level 1:colcon.colcon_core.package_identification:_identify(src/xbox_input) by extension 'ignore'
[0.628s] Level 1:colcon.colcon_core.package_identification:_identify(src/xbox_input) by extension 'ignore_ament_install'
[0.629s] Level 1:colcon.colcon_core.package_identification:_identify(src/xbox_input) by extensions ['colcon_pkg']
[0.629s] Level 1:colcon.colcon_core.package_identification:_identify(src/xbox_input) by extension 'colcon_pkg'
[0.629s] Level 1:colcon.colcon_core.package_identification:_identify(src/xbox_input) by extensions ['colcon_meta']
[0.629s] Level 1:colcon.colcon_core.package_identification:_identify(src/xbox_input) by extension 'colcon_meta'
[0.629s] Level 1:colcon.colcon_core.package_identification:_identify(src/xbox_input) by extensions ['ros']
[0.629s] Level 1:colcon.colcon_core.package_identification:_identify(src/xbox_input) by extension 'ros'
[0.630s] DEBUG:colcon.colcon_core.package_identification:Package 'src/xbox_input' with type 'ros.ament_python' and name 'xbox_input'
[0.630s] Level 1:colcon.colcon_core.package_discovery:discover_packages(recursive) using defaults
[0.630s] Level 1:colcon.colcon_core.package_discovery:discover_packages(ignore) discover
[0.630s] Level 1:colcon.colcon_core.package_discovery:discover_packages(ignore) using defaults
[0.630s] Level 1:colcon.colcon_core.package_discovery:discover_packages(path) discover
[0.630s] Level 1:colcon.colcon_core.package_discovery:discover_packages(path) using defaults
[0.655s] Level 5:colcon.colcon_core.verb:set package 'my_riley_robot_description' build argument 'cmake_args' from command line to 'None'
[0.655s] Level 5:colcon.colcon_core.verb:set package 'my_riley_robot_description' build argument 'cmake_target' from command line to 'None'
[0.655s] Level 5:colcon.colcon_core.verb:set package 'my_riley_robot_description' build argument 'cmake_target_skip_unavailable' from command line to 'False'
[0.655s] Level 5:colcon.colcon_core.verb:set package 'my_riley_robot_description' build argument 'cmake_clean_cache' from command line to 'False'
[0.655s] Level 5:colcon.colcon_core.verb:set package 'my_riley_robot_description' build argument 'cmake_clean_first' from command line to 'False'
[0.656s] Level 5:colcon.colcon_core.verb:set package 'my_riley_robot_description' build argument 'cmake_force_configure' from command line to 'False'
[0.656s] Level 5:colcon.colcon_core.verb:set package 'my_riley_robot_description' build argument 'ament_cmake_args' from command line to 'None'
[0.656s] Level 5:colcon.colcon_core.verb:set package 'my_riley_robot_description' build argument 'catkin_cmake_args' from command line to 'None'
[0.656s] Level 5:colcon.colcon_core.verb:set package 'my_riley_robot_description' build argument 'catkin_skip_building_tests' from command line to 'False'
[0.656s] DEBUG:colcon.colcon_core.verb:Building package 'my_riley_robot_description' with the following arguments: {'ament_cmake_args': None, 'build_base': '/home/student/rileyRobot_ws/build/my_riley_robot_description', 'catkin_cmake_args': None, 'catkin_skip_building_tests': False, 'cmake_args': None, 'cmake_clean_cache': False, 'cmake_clean_first': False, 'cmake_force_configure': False, 'cmake_target': None, 'cmake_target_skip_unavailable': False, 'install_base': '/home/student/rileyRobot_ws/install/my_riley_robot_description', 'merge_install': False, 'path': '/home/student/rileyRobot_ws/src/my_riley_robot_description', 'symlink_install': False, 'test_result_base': None}
[0.656s] Level 5:colcon.colcon_core.verb:set package 'my_riley_robot_launcher' build argument 'cmake_args' from command line to 'None'
[0.657s] Level 5:colcon.colcon_core.verb:set package 'my_riley_robot_launcher' build argument 'cmake_target' from command line to 'None'
[0.657s] Level 5:colcon.colcon_core.verb:set package 'my_riley_robot_launcher' build argument 'cmake_target_skip_unavailable' from command line to 'False'
[0.657s] Level 5:colcon.colcon_core.verb:set package 'my_riley_robot_launcher' build argument 'cmake_clean_cache' from command line to 'False'
[0.657s] Level 5:colcon.colcon_core.verb:set package 'my_riley_robot_launcher' build argument 'cmake_clean_first' from command line to 'False'
[0.657s] Level 5:colcon.colcon_core.verb:set package 'my_riley_robot_launcher' build argument 'cmake_force_configure' from command line to 'False'
[0.657s] Level 5:colcon.colcon_core.verb:set package 'my_riley_robot_launcher' build argument 'ament_cmake_args' from command line to 'None'
[0.657s] Level 5:colcon.colcon_core.verb:set package 'my_riley_robot_launcher' build argument 'catkin_cmake_args' from command line to 'None'
[0.657s] Level 5:colcon.colcon_core.verb:set package 'my_riley_robot_launcher' build argument 'catkin_skip_building_tests' from command line to 'False'
[0.657s] DEBUG:colcon.colcon_core.verb:Building package 'my_riley_robot_launcher' with the following arguments: {'ament_cmake_args': None, 'build_base': '/home/student/rileyRobot_ws/build/my_riley_robot_launcher', 'catkin_cmake_args': None, 'catkin_skip_building_tests': False, 'cmake_args': None, 'cmake_clean_cache': False, 'cmake_clean_first': False, 'cmake_force_configure': False, 'cmake_target': None, 'cmake_target_skip_unavailable': False, 'install_base': '/home/student/rileyRobot_ws/install/my_riley_robot_launcher', 'merge_install': False, 'path': '/home/student/rileyRobot_ws/src/my_riley_robot_launcher', 'symlink_install': False, 'test_result_base': None}
[0.658s] Level 5:colcon.colcon_core.verb:set package 'my_riley_robot_nav2' build argument 'cmake_args' from command line to 'None'
[0.658s] Level 5:colcon.colcon_core.verb:set package 'my_riley_robot_nav2' build argument 'cmake_target' from command line to 'None'
[0.658s] Level 5:colcon.colcon_core.verb:set package 'my_riley_robot_nav2' build argument 'cmake_target_skip_unavailable' from command line to 'False'
[0.658s] Level 5:colcon.colcon_core.verb:set package 'my_riley_robot_nav2' build argument 'cmake_clean_cache' from command line to 'False'
[0.658s] Level 5:colcon.colcon_core.verb:set package 'my_riley_robot_nav2' build argument 'cmake_clean_first' from command line to 'False'
[0.658s] Level 5:colcon.colcon_core.verb:set package 'my_riley_robot_nav2' build argument 'cmake_force_configure' from command line to 'False'
[0.658s] Level 5:colcon.colcon_core.verb:set package 'my_riley_robot_nav2' build argument 'ament_cmake_args' from command line to 'None'
[0.658s] Level 5:colcon.colcon_core.verb:set package 'my_riley_robot_nav2' build argument 'catkin_cmake_args' from command line to 'None'
[0.658s] Level 5:colcon.colcon_core.verb:set package 'my_riley_robot_nav2' build argument 'catkin_skip_building_tests' from command line to 'False'
[0.658s] DEBUG:colcon.colcon_core.verb:Building package 'my_riley_robot_nav2' with the following arguments: {'ament_cmake_args': None, 'build_base': '/home/student/rileyRobot_ws/build/my_riley_robot_nav2', 'catkin_cmake_args': None, 'catkin_skip_building_tests': False, 'cmake_args': None, 'cmake_clean_cache': False, 'cmake_clean_first': False, 'cmake_force_configure': False, 'cmake_target': None, 'cmake_target_skip_unavailable': False, 'install_base': '/home/student/rileyRobot_ws/install/my_riley_robot_nav2', 'merge_install': False, 'path': '/home/student/rileyRobot_ws/src/my_riley_robot_nav2', 'symlink_install': False, 'test_result_base': None}
[0.659s] Level 5:colcon.colcon_core.verb:set package 'riley' build argument 'cmake_args' from command line to 'None'
[0.659s] Level 5:colcon.colcon_core.verb:set package 'riley' build argument 'cmake_target' from command line to 'None'
[0.659s] Level 5:colcon.colcon_core.verb:set package 'riley' build argument 'cmake_target_skip_unavailable' from command line to 'False'
[0.659s] Level 5:colcon.colcon_core.verb:set package 'riley' build argument 'cmake_clean_cache' from command line to 'False'
[0.659s] Level 5:colcon.colcon_core.verb:set package 'riley' build argument 'cmake_clean_first' from command line to 'False'
[0.659s] Level 5:colcon.colcon_core.verb:set package 'riley' build argument 'cmake_force_configure' from command line to 'False'
[0.659s] Level 5:colcon.colcon_core.verb:set package 'riley' build argument 'ament_cmake_args' from command line to 'None'
[0.659s] Level 5:colcon.colcon_core.verb:set package 'riley' build argument 'catkin_cmake_args' from command line to 'None'
[0.659s] Level 5:colcon.colcon_core.verb:set package 'riley' build argument 'catkin_skip_building_tests' from command line to 'False'
[0.659s] DEBUG:colcon.colcon_core.verb:Building package 'riley' with the following arguments: {'ament_cmake_args': None, 'build_base': '/home/student/rileyRobot_ws/build/riley', 'catkin_cmake_args': None, 'catkin_skip_building_tests': False, 'cmake_args': None, 'cmake_clean_cache': False, 'cmake_clean_first': False, 'cmake_force_configure': False, 'cmake_target': None, 'cmake_target_skip_unavailable': False, 'install_base': '/home/student/rileyRobot_ws/install/riley', 'merge_install': False, 'path': '/home/student/rileyRobot_ws/src/riley', 'symlink_install': False, 'test_result_base': None}
[0.660s] Level 5:colcon.colcon_core.verb:set package 'riley_interfaces' build argument 'cmake_args' from command line to 'None'
[0.660s] Level 5:colcon.colcon_core.verb:set package 'riley_interfaces' build argument 'cmake_target' from command line to 'None'
[0.660s] Level 5:colcon.colcon_core.verb:set package 'riley_interfaces' build argument 'cmake_target_skip_unavailable' from command line to 'False'
[0.660s] Level 5:colcon.colcon_core.verb:set package 'riley_interfaces' build argument 'cmake_clean_cache' from command line to 'False'
[0.660s] Level 5:colcon.colcon_core.verb:set package 'riley_interfaces' build argument 'cmake_clean_first' from command line to 'False'
[0.660s] Level 5:colcon.colcon_core.verb:set package 'riley_interfaces' build argument 'cmake_force_configure' from command line to 'False'
[0.660s] Level 5:colcon.colcon_core.verb:set package 'riley_interfaces' build argument 'ament_cmake_args' from command line to 'None'
[0.660s] Level 5:colcon.colcon_core.verb:set package 'riley_interfaces' build argument 'catkin_cmake_args' from command line to 'None'
[0.660s] Level 5:colcon.colcon_core.verb:set package 'riley_interfaces' build argument 'catkin_skip_building_tests' from command line to 'False'
[0.660s] DEBUG:colcon.colcon_core.verb:Building package 'riley_interfaces' with the following arguments: {'ament_cmake_args': None, 'build_base': '/home/student/rileyRobot_ws/build/riley_interfaces', 'catkin_cmake_args': None, 'catkin_skip_building_tests': False, 'cmake_args': None, 'cmake_clean_cache': False, 'cmake_clean_first': False, 'cmake_force_configure': False, 'cmake_target': None, 'cmake_target_skip_unavailable': False, 'install_base': '/home/student/rileyRobot_ws/install/riley_interfaces', 'merge_install': False, 'path': '/home/student/rileyRobot_ws/src/riley_interfaces', 'symlink_install': False, 'test_result_base': None}
[0.661s] Level 5:colcon.colcon_core.verb:set package 'riley_robot_teleop' build argument 'cmake_args' from command line to 'None'
[0.662s] Level 5:colcon.colcon_core.verb:set package 'riley_robot_teleop' build argument 'cmake_target' from command line to 'None'
[0.662s] Level 5:colcon.colcon_core.verb:set package 'riley_robot_teleop' build argument 'cmake_target_skip_unavailable' from command line to 'False'
[0.662s] Level 5:colcon.colcon_core.verb:set package 'riley_robot_teleop' build argument 'cmake_clean_cache' from command line to 'False'
[0.662s] Level 5:colcon.colcon_core.verb:set package 'riley_robot_teleop' build argument 'cmake_clean_first' from command line to 'False'
[0.662s] Level 5:colcon.colcon_core.verb:set package 'riley_robot_teleop' build argument 'cmake_force_configure' from command line to 'False'
[0.662s] Level 5:colcon.colcon_core.verb:set package 'riley_robot_teleop' build argument 'ament_cmake_args' from command line to 'None'
[0.662s] Level 5:colcon.colcon_core.verb:set package 'riley_robot_teleop' build argument 'catkin_cmake_args' from command line to 'None'
[0.662s] Level 5:colcon.colcon_core.verb:set package 'riley_robot_teleop' build argument 'catkin_skip_building_tests' from command line to 'False'
[0.662s] DEBUG:colcon.colcon_core.verb:Building package 'riley_robot_teleop' with the following arguments: {'ament_cmake_args': None, 'build_base': '/home/student/rileyRobot_ws/build/riley_robot_teleop', 'catkin_cmake_args': None, 'catkin_skip_building_tests': False, 'cmake_args': None, 'cmake_clean_cache': False, 'cmake_clean_first': False, 'cmake_force_configure': False, 'cmake_target': None, 'cmake_target_skip_unavailable': False, 'install_base': '/home/student/rileyRobot_ws/install/riley_robot_teleop', 'merge_install': False, 'path': '/home/student/rileyRobot_ws/src/riley_robot_teleop', 'symlink_install': False, 'test_result_base': None}
[0.663s] Level 5:colcon.colcon_core.verb:set package 'xbox_input' build argument 'cmake_args' from command line to 'None'
[0.663s] Level 5:colcon.colcon_core.verb:set package 'xbox_input' build argument 'cmake_target' from command line to 'None'
[0.663s] Level 5:colcon.colcon_core.verb:set package 'xbox_input' build argument 'cmake_target_skip_unavailable' from command line to 'False'
[0.663s] Level 5:colcon.colcon_core.verb:set package 'xbox_input' build argument 'cmake_clean_cache' from command line to 'False'
[0.663s] Level 5:colcon.colcon_core.verb:set package 'xbox_input' build argument 'cmake_clean_first' from command line to 'False'
[0.663s] Level 5:colcon.colcon_core.verb:set package 'xbox_input' build argument 'cmake_force_configure' from command line to 'False'
[0.663s] Level 5:colcon.colcon_core.verb:set package 'xbox_input' build argument 'ament_cmake_args' from command line to 'None'
[0.663s] Level 5:colcon.colcon_core.verb:set package 'xbox_input' build argument 'catkin_cmake_args' from command line to 'None'
[0.663s] Level 5:colcon.colcon_core.verb:set package 'xbox_input' build argument 'catkin_skip_building_tests' from command line to 'False'
[0.663s] DEBUG:colcon.colcon_core.verb:Building package 'xbox_input' with the following arguments: {'ament_cmake_args': None, 'build_base': '/home/student/rileyRobot_ws/build/xbox_input', 'catkin_cmake_args': None, 'catkin_skip_building_tests': False, 'cmake_args': None, 'cmake_clean_cache': False, 'cmake_clean_first': False, 'cmake_force_configure': False, 'cmake_target': None, 'cmake_target_skip_unavailable': False, 'install_base': '/home/student/rileyRobot_ws/install/xbox_input', 'merge_install': False, 'path': '/home/student/rileyRobot_ws/src/xbox_input', 'symlink_install': False, 'test_result_base': None}
[0.668s] INFO:colcon.colcon_core.executor:Executing jobs using 'parallel' executor
[0.670s] DEBUG:colcon.colcon_parallel_executor.executor.parallel:run_until_complete
[0.671s] INFO:colcon.colcon_ros.task.ament_cmake.build:Building ROS package in '/home/student/rileyRobot_ws/src/riley_interfaces' with build type 'ament_cmake'
[0.671s] INFO:colcon.colcon_cmake.task.cmake.build:Building CMake package in '/home/student/rileyRobot_ws/src/riley_interfaces'
[0.675s] INFO:colcon.colcon_core.plugin_system:Skipping extension 'colcon_core.shell.bat': Not used on non-Windows systems
[0.676s] INFO:colcon.colcon_core.shell:Skip shell extension 'powershell' for command environment: Not usable outside of PowerShell
[0.676s] DEBUG:colcon.colcon_core.shell:Skip shell extension 'dsv' for command environment
[0.683s] INFO:colcon.colcon_ros.task.ament_cmake.build:Building ROS package in '/home/student/rileyRobot_ws/src/my_riley_robot_description' with build type 'ament_cmake'
[0.683s] INFO:colcon.colcon_cmake.task.cmake.build:Building CMake package in '/home/student/rileyRobot_ws/src/my_riley_robot_description'
[0.684s] INFO:colcon.colcon_core.shell:Skip shell extension 'powershell' for command environment: Not usable outside of PowerShell
[0.684s] DEBUG:colcon.colcon_core.shell:Skip shell extension 'dsv' for command environment
[0.690s] INFO:colcon.colcon_ros.task.ament_cmake.build:Building ROS package in '/home/student/rileyRobot_ws/src/my_riley_robot_launcher' with build type 'ament_cmake'
[0.690s] INFO:colcon.colcon_cmake.task.cmake.build:Building CMake package in '/home/student/rileyRobot_ws/src/my_riley_robot_launcher'
[0.691s] INFO:colcon.colcon_core.shell:Skip shell extension 'powershell' for command environment: Not usable outside of PowerShell
[0.691s] DEBUG:colcon.colcon_core.shell:Skip shell extension 'dsv' for command environment
[0.698s] INFO:colcon.colcon_ros.task.ament_cmake.build:Building ROS package in '/home/student/rileyRobot_ws/src/my_riley_robot_nav2' with build type 'ament_cmake'
[0.698s] INFO:colcon.colcon_cmake.task.cmake.build:Building CMake package in '/home/student/rileyRobot_ws/src/my_riley_robot_nav2'
[0.699s] INFO:colcon.colcon_core.shell:Skip shell extension 'powershell' for command environment: Not usable outside of PowerShell
[0.699s] DEBUG:colcon.colcon_core.shell:Skip shell extension 'dsv' for command environment
[0.705s] INFO:colcon.colcon_ros.task.ament_python.build:Building ROS package in '/home/student/rileyRobot_ws/src/riley' with build type 'ament_python'
[0.705s] Level 1:colcon.colcon_core.shell:create_environment_hook('riley', 'ament_prefix_path')
[0.706s] INFO:colcon.colcon_core.shell:Creating environment hook '/home/student/rileyRobot_ws/install/riley/share/riley/hook/ament_prefix_path.ps1'
[0.707s] INFO:colcon.colcon_core.shell:Creating environment descriptor '/home/student/rileyRobot_ws/install/riley/share/riley/hook/ament_prefix_path.dsv'
[0.708s] INFO:colcon.colcon_core.shell:Creating environment hook '/home/student/rileyRobot_ws/install/riley/share/riley/hook/ament_prefix_path.sh'
[0.709s] INFO:colcon.colcon_core.shell:Skip shell extension 'powershell' for command environment: Not usable outside of PowerShell
[0.709s] DEBUG:colcon.colcon_core.shell:Skip shell extension 'dsv' for command environment
[0.716s] INFO:colcon.colcon_ros.task.ament_cmake.build:Building ROS package in '/home/student/rileyRobot_ws/src/riley_robot_teleop' with build type 'ament_cmake'
[0.717s] INFO:colcon.colcon_cmake.task.cmake.build:Building CMake package in '/home/student/rileyRobot_ws/src/riley_robot_teleop'
[0.718s] INFO:colcon.colcon_core.shell:Skip shell extension 'powershell' for command environment: Not usable outside of PowerShell
[0.718s] DEBUG:colcon.colcon_core.shell:Skip shell extension 'dsv' for command environment
[0.737s] DEBUG:colcon.colcon_core.event_handler.log_command:Invoking command in '/home/student/rileyRobot_ws/build/riley_interfaces': CMAKE_PREFIX_PATH=/opt/ros/foxy /usr/bin/cmake --build /home/student/rileyRobot_ws/build/riley_interfaces -- -j12 -l12
[0.746s] DEBUG:colcon.colcon_core.event_handler.log_command:Invoking command in '/home/student/rileyRobot_ws/build/my_riley_robot_description': CMAKE_PREFIX_PATH=/opt/ros/foxy /usr/bin/cmake --build /home/student/rileyRobot_ws/build/my_riley_robot_description -- -j12 -l12
[0.756s] DEBUG:colcon.colcon_core.event_handler.log_command:Invoking command in '/home/student/rileyRobot_ws/build/my_riley_robot_launcher': CMAKE_PREFIX_PATH=/opt/ros/foxy /usr/bin/cmake --build /home/student/rileyRobot_ws/build/my_riley_robot_launcher -- -j12 -l12
[0.764s] DEBUG:colcon.colcon_core.event_handler.log_command:Invoking command in '/home/student/rileyRobot_ws/build/my_riley_robot_nav2': CMAKE_PREFIX_PATH=/opt/ros/foxy /usr/bin/cmake --build /home/student/rileyRobot_ws/build/my_riley_robot_nav2 -- -j12 -l12
[1.148s] INFO:colcon.colcon_core.task.python.build:Building Python package in '/home/student/rileyRobot_ws/src/riley'
[1.149s] INFO:colcon.colcon_core.shell:Skip shell extension 'powershell' for command environment: Not usable outside of PowerShell
[1.149s] DEBUG:colcon.colcon_core.shell:Skip shell extension 'dsv' for command environment
[1.163s] DEBUG:colcon.colcon_core.event_handler.log_command:Invoking command in '/home/student/rileyRobot_ws/build/riley_robot_teleop': CMAKE_PREFIX_PATH=/opt/ros/foxy /usr/bin/cmake --build /home/student/rileyRobot_ws/build/riley_robot_teleop -- -j12 -l12
[1.176s] DEBUG:colcon.colcon_core.event_handler.log_command:Invoked command in '/home/student/rileyRobot_ws/build/riley_interfaces' returned '0': CMAKE_PREFIX_PATH=/opt/ros/foxy /usr/bin/cmake --build /home/student/rileyRobot_ws/build/riley_interfaces -- -j12 -l12
[1.178s] DEBUG:colcon.colcon_core.event_handler.log_command:Invoked command in '/home/student/rileyRobot_ws/build/my_riley_robot_launcher' returned '0': CMAKE_PREFIX_PATH=/opt/ros/foxy /usr/bin/cmake --build /home/student/rileyRobot_ws/build/my_riley_robot_launcher -- -j12 -l12
[1.179s] DEBUG:colcon.colcon_core.event_handler.log_command:Invoked command in '/home/student/rileyRobot_ws/build/my_riley_robot_description' returned '0': CMAKE_PREFIX_PATH=/opt/ros/foxy /usr/bin/cmake --build /home/student/rileyRobot_ws/build/my_riley_robot_description -- -j12 -l12
[1.182s] DEBUG:colcon.colcon_core.event_handler.log_command:Invoked command in '/home/student/rileyRobot_ws/build/my_riley_robot_nav2' returned '0': CMAKE_PREFIX_PATH=/opt/ros/foxy /usr/bin/cmake --build /home/student/rileyRobot_ws/build/my_riley_robot_nav2 -- -j12 -l12
[1.215s] DEBUG:colcon.colcon_core.event_handler.log_command:Invoking command in '/home/student/rileyRobot_ws/build/my_riley_robot_launcher': CMAKE_PREFIX_PATH=/opt/ros/foxy /usr/bin/cmake --install /home/student/rileyRobot_ws/build/my_riley_robot_launcher
[1.220s] DEBUG:colcon.colcon_core.event_handler.log_command:Invoking command in '/home/student/rileyRobot_ws/build/my_riley_robot_nav2': CMAKE_PREFIX_PATH=/opt/ros/foxy /usr/bin/cmake --install /home/student/rileyRobot_ws/build/my_riley_robot_nav2
[1.225s] DEBUG:colcon.colcon_core.event_handler.log_command:Invoking command in '/home/student/rileyRobot_ws/build/my_riley_robot_description': CMAKE_PREFIX_PATH=/opt/ros/foxy /usr/bin/cmake --install /home/student/rileyRobot_ws/build/my_riley_robot_description
[1.227s] DEBUG:colcon.colcon_core.event_handler.log_command:Invoked command in '/home/student/rileyRobot_ws/build/riley_robot_teleop' returned '0': CMAKE_PREFIX_PATH=/opt/ros/foxy /usr/bin/cmake --build /home/student/rileyRobot_ws/build/riley_robot_teleop -- -j12 -l12
[1.235s] Level 1:colcon.colcon_core.environment:create_environment_scripts_only(my_riley_robot_launcher)
[1.251s] Level 1:colcon.colcon_core.environment:checking '/home/student/rileyRobot_ws/install/my_riley_robot_launcher' for CMake module files
[1.253s] DEBUG:colcon.colcon_core.event_handler.log_command:Invoked command in '/home/student/rileyRobot_ws/build/my_riley_robot_launcher' returned '0': CMAKE_PREFIX_PATH=/opt/ros/foxy /usr/bin/cmake --install /home/student/rileyRobot_ws/build/my_riley_robot_launcher
[1.254s] Level 1:colcon.colcon_core.environment:checking '/home/student/rileyRobot_ws/install/my_riley_robot_launcher' for CMake config files
[1.256s] Level 1:colcon.colcon_core.shell:create_environment_hook('my_riley_robot_launcher', 'cmake_prefix_path')
[1.257s] INFO:colcon.colcon_core.shell:Creating environment hook '/home/student/rileyRobot_ws/install/my_riley_robot_launcher/share/my_riley_robot_launcher/hook/cmake_prefix_path.ps1'
[1.258s] INFO:colcon.colcon_core.shell:Creating environment descriptor '/home/student/rileyRobot_ws/install/my_riley_robot_launcher/share/my_riley_robot_launcher/hook/cmake_prefix_path.dsv'
[1.259s] INFO:colcon.colcon_core.shell:Creating environment hook '/home/student/rileyRobot_ws/install/my_riley_robot_launcher/share/my_riley_robot_launcher/hook/cmake_prefix_path.sh'
[1.260s] Level 1:colcon.colcon_core.environment:checking '/home/student/rileyRobot_ws/install/my_riley_robot_launcher/bin'
[1.260s] Level 1:colcon.colcon_core.environment:checking '/home/student/rileyRobot_ws/install/my_riley_robot_launcher/lib/pkgconfig/my_riley_robot_launcher.pc'
[1.261s] Level 1:colcon.colcon_core.environment:checking '/home/student/rileyRobot_ws/install/my_riley_robot_launcher/lib/python3.8/site-packages'
[1.261s] INFO:colcon.colcon_core.shell:Creating package script '/home/student/rileyRobot_ws/install/my_riley_robot_launcher/share/my_riley_robot_launcher/package.ps1'
[1.263s] INFO:colcon.colcon_core.shell:Creating package descriptor '/home/student/rileyRobot_ws/install/my_riley_robot_launcher/share/my_riley_robot_launcher/package.dsv'
[1.265s] INFO:colcon.colcon_core.shell:Creating package script '/home/student/rileyRobot_ws/install/my_riley_robot_launcher/share/my_riley_robot_launcher/package.sh'
[1.266s] INFO:colcon.colcon_core.shell:Creating package script '/home/student/rileyRobot_ws/install/my_riley_robot_launcher/share/my_riley_robot_launcher/package.bash'
[1.267s] INFO:colcon.colcon_core.shell:Creating package script '/home/student/rileyRobot_ws/install/my_riley_robot_launcher/share/my_riley_robot_launcher/package.zsh'
[1.269s] Level 1:colcon.colcon_core.environment:create_file_with_runtime_dependencies(/home/student/rileyRobot_ws/install/my_riley_robot_launcher/share/colcon-core/packages/my_riley_robot_launcher)
[1.276s] Level 1:colcon.colcon_core.environment:create_environment_scripts_only(my_riley_robot_nav2)
[1.278s] Level 1:colcon.colcon_core.environment:checking '/home/student/rileyRobot_ws/install/my_riley_robot_nav2' for CMake module files
[1.280s] Level 1:colcon.colcon_core.environment:checking '/home/student/rileyRobot_ws/install/my_riley_robot_nav2' for CMake config files
[1.282s] Level 1:colcon.colcon_core.shell:create_environment_hook('my_riley_robot_nav2', 'cmake_prefix_path')
[1.283s] INFO:colcon.colcon_core.shell:Creating environment hook '/home/student/rileyRobot_ws/install/my_riley_robot_nav2/share/my_riley_robot_nav2/hook/cmake_prefix_path.ps1'
[1.284s] INFO:colcon.colcon_core.shell:Creating environment descriptor '/home/student/rileyRobot_ws/install/my_riley_robot_nav2/share/my_riley_robot_nav2/hook/cmake_prefix_path.dsv'
[1.285s] INFO:colcon.colcon_core.shell:Creating environment hook '/home/student/rileyRobot_ws/install/my_riley_robot_nav2/share/my_riley_robot_nav2/hook/cmake_prefix_path.sh'
[1.286s] Level 1:colcon.colcon_core.environment:checking '/home/student/rileyRobot_ws/install/my_riley_robot_nav2/bin'
[1.286s] Level 1:colcon.colcon_core.environment:checking '/home/student/rileyRobot_ws/install/my_riley_robot_nav2/lib/pkgconfig/my_riley_robot_nav2.pc'
[1.286s] Level 1:colcon.colcon_core.environment:checking '/home/student/rileyRobot_ws/install/my_riley_robot_nav2/lib/python3.8/site-packages'
[1.287s] INFO:colcon.colcon_core.shell:Creating package script '/home/student/rileyRobot_ws/install/my_riley_robot_nav2/share/my_riley_robot_nav2/package.ps1'
[1.288s] INFO:colcon.colcon_core.shell:Creating package descriptor '/home/student/rileyRobot_ws/install/my_riley_robot_nav2/share/my_riley_robot_nav2/package.dsv'
[1.289s] INFO:colcon.colcon_core.shell:Creating package script '/home/student/rileyRobot_ws/install/my_riley_robot_nav2/share/my_riley_robot_nav2/package.sh'
[1.290s] INFO:colcon.colcon_core.shell:Creating package script '/home/student/rileyRobot_ws/install/my_riley_robot_nav2/share/my_riley_robot_nav2/package.bash'
[1.291s] INFO:colcon.colcon_core.shell:Creating package script '/home/student/rileyRobot_ws/install/my_riley_robot_nav2/share/my_riley_robot_nav2/package.zsh'
[1.291s] Level 1:colcon.colcon_core.environment:create_file_with_runtime_dependencies(/home/student/rileyRobot_ws/install/my_riley_robot_nav2/share/colcon-core/packages/my_riley_robot_nav2)
[1.295s] Level 1:colcon.colcon_core.environment:create_environment_scripts_only(my_riley_robot_description)
[1.298s] Level 1:colcon.colcon_core.environment:checking '/home/student/rileyRobot_ws/install/my_riley_robot_description' for CMake module files
[1.304s] Level 1:colcon.colcon_core.environment:checking '/home/student/rileyRobot_ws/install/my_riley_robot_description' for CMake config files
[1.310s] DEBUG:colcon.colcon_core.event_handler.log_command:Invoked command in '/home/student/rileyRobot_ws/build/my_riley_robot_nav2' returned '0': CMAKE_PREFIX_PATH=/opt/ros/foxy /usr/bin/cmake --install /home/student/rileyRobot_ws/build/my_riley_robot_nav2
[1.310s] DEBUG:colcon.colcon_core.event_handler.log_command:Invoked command in '/home/student/rileyRobot_ws/build/my_riley_robot_description' returned '0': CMAKE_PREFIX_PATH=/opt/ros/foxy /usr/bin/cmake --install /home/student/rileyRobot_ws/build/my_riley_robot_description
[1.311s] Level 1:colcon.colcon_core.shell:create_environment_hook('my_riley_robot_description', 'cmake_prefix_path')
[1.311s] INFO:colcon.colcon_core.shell:Creating environment hook '/home/student/rileyRobot_ws/install/my_riley_robot_description/share/my_riley_robot_description/hook/cmake_prefix_path.ps1'
[1.312s] INFO:colcon.colcon_core.shell:Creating environment descriptor '/home/student/rileyRobot_ws/install/my_riley_robot_description/share/my_riley_robot_description/hook/cmake_prefix_path.dsv'
[1.313s] INFO:colcon.colcon_core.shell:Creating environment hook '/home/student/rileyRobot_ws/install/my_riley_robot_description/share/my_riley_robot_description/hook/cmake_prefix_path.sh'
[1.314s] Level 1:colcon.colcon_core.environment:checking '/home/student/rileyRobot_ws/install/my_riley_robot_description/lib'
[1.314s] Level 1:colcon.colcon_core.environment:checking '/home/student/rileyRobot_ws/install/my_riley_robot_description/bin'
[1.314s] Level 1:colcon.colcon_core.environment:checking '/home/student/rileyRobot_ws/install/my_riley_robot_description/lib/pkgconfig/my_riley_robot_description.pc'
[1.314s] Level 1:colcon.colcon_core.environment:checking '/home/student/rileyRobot_ws/install/my_riley_robot_description/lib/python3.8/site-packages'
[1.315s] INFO:colcon.colcon_core.shell:Creating package script '/home/student/rileyRobot_ws/install/my_riley_robot_description/share/my_riley_robot_description/package.ps1'
[1.316s] INFO:colcon.colcon_core.shell:Creating package descriptor '/home/student/rileyRobot_ws/install/my_riley_robot_description/share/my_riley_robot_description/package.dsv'
[1.317s] INFO:colcon.colcon_core.shell:Creating package script '/home/student/rileyRobot_ws/install/my_riley_robot_description/share/my_riley_robot_description/package.sh'
[1.317s] INFO:colcon.colcon_core.shell:Creating package script '/home/student/rileyRobot_ws/install/my_riley_robot_description/share/my_riley_robot_description/package.bash'
[1.318s] INFO:colcon.colcon_core.shell:Creating package script '/home/student/rileyRobot_ws/install/my_riley_robot_description/share/my_riley_robot_description/package.zsh'
[1.318s] Level 1:colcon.colcon_core.environment:create_file_with_runtime_dependencies(/home/student/rileyRobot_ws/install/my_riley_robot_description/share/colcon-core/packages/my_riley_robot_description)
[1.325s] DEBUG:colcon.colcon_core.event_handler.log_command:Invoking command in '/home/student/rileyRobot_ws/build/riley_robot_teleop': CMAKE_PREFIX_PATH=/opt/ros/foxy /usr/bin/cmake --install /home/student/rileyRobot_ws/build/riley_robot_teleop
[1.331s] DEBUG:colcon.colcon_core.event_handler.log_command:Invoking command in '/home/student/rileyRobot_ws/build/riley_interfaces': CMAKE_PREFIX_PATH=/opt/ros/foxy /usr/bin/cmake --install /home/student/rileyRobot_ws/build/riley_interfaces
[1.334s] Level 1:colcon.colcon_core.environment:create_environment_scripts_only(my_riley_robot_launcher)
[1.338s] Level 1:colcon.colcon_core.environment:checking '/home/student/rileyRobot_ws/install/my_riley_robot_launcher' for CMake module files
[1.341s] Level 1:colcon.colcon_core.environment:checking '/home/student/rileyRobot_ws/install/my_riley_robot_launcher' for CMake config files
[1.342s] Level 1:colcon.colcon_core.shell:create_environment_hook('my_riley_robot_launcher', 'cmake_prefix_path')
[1.343s] INFO:colcon.colcon_core.shell:Creating environment hook '/home/student/rileyRobot_ws/install/my_riley_robot_launcher/share/my_riley_robot_launcher/hook/cmake_prefix_path.ps1'
[1.344s] INFO:colcon.colcon_core.shell:Creating environment descriptor '/home/student/rileyRobot_ws/install/my_riley_robot_launcher/share/my_riley_robot_launcher/hook/cmake_prefix_path.dsv'
[1.344s] INFO:colcon.colcon_core.shell:Creating environment hook '/home/student/rileyRobot_ws/install/my_riley_robot_launcher/share/my_riley_robot_launcher/hook/cmake_prefix_path.sh'
[1.345s] Level 1:colcon.colcon_core.environment:checking '/home/student/rileyRobot_ws/install/my_riley_robot_launcher/bin'
[1.345s] Level 1:colcon.colcon_core.environment:checking '/home/student/rileyRobot_ws/install/my_riley_robot_launcher/lib/pkgconfig/my_riley_robot_launcher.pc'
[1.346s] Level 1:colcon.colcon_core.environment:checking '/home/student/rileyRobot_ws/install/my_riley_robot_launcher/lib/python3.8/site-packages'
[1.347s] INFO:colcon.colcon_core.shell:Creating package script '/home/student/rileyRobot_ws/install/my_riley_robot_launcher/share/my_riley_robot_launcher/package.ps1'
[1.348s] INFO:colcon.colcon_core.shell:Creating package descriptor '/home/student/rileyRobot_ws/install/my_riley_robot_launcher/share/my_riley_robot_launcher/package.dsv'
[1.348s] INFO:colcon.colcon_core.shell:Creating package script '/home/student/rileyRobot_ws/install/my_riley_robot_launcher/share/my_riley_robot_launcher/package.sh'
[1.349s] INFO:colcon.colcon_core.shell:Creating package script '/home/student/rileyRobot_ws/install/my_riley_robot_launcher/share/my_riley_robot_launcher/package.bash'
[1.349s] INFO:colcon.colcon_core.shell:Creating package script '/home/student/rileyRobot_ws/install/my_riley_robot_launcher/share/my_riley_robot_launcher/package.zsh'
[1.350s] Level 1:colcon.colcon_core.environment:create_file_with_runtime_dependencies(/home/student/rileyRobot_ws/install/my_riley_robot_launcher/share/colcon-core/packages/my_riley_robot_launcher)
[1.352s] Level 1:colcon.colcon_core.environment:create_environment_scripts_only(my_riley_robot_nav2)
[1.354s] Level 1:colcon.colcon_core.environment:checking '/home/student/rileyRobot_ws/install/my_riley_robot_nav2' for CMake module files
[1.355s] Level 1:colcon.colcon_core.environment:checking '/home/student/rileyRobot_ws/install/my_riley_robot_nav2' for CMake config files
[1.355s] Level 1:colcon.colcon_core.shell:create_environment_hook('my_riley_robot_nav2', 'cmake_prefix_path')
[1.356s] INFO:colcon.colcon_core.shell:Creating environment hook '/home/student/rileyRobot_ws/install/my_riley_robot_nav2/share/my_riley_robot_nav2/hook/cmake_prefix_path.ps1'
[1.356s] INFO:colcon.colcon_core.shell:Creating environment descriptor '/home/student/rileyRobot_ws/install/my_riley_robot_nav2/share/my_riley_robot_nav2/hook/cmake_prefix_path.dsv'
[1.357s] INFO:colcon.colcon_core.shell:Creating environment hook '/home/student/rileyRobot_ws/install/my_riley_robot_nav2/share/my_riley_robot_nav2/hook/cmake_prefix_path.sh'
[1.357s] Level 1:colcon.colcon_core.environment:checking '/home/student/rileyRobot_ws/install/my_riley_robot_nav2/bin'
[1.358s] Level 1:colcon.colcon_core.environment:checking '/home/student/rileyRobot_ws/install/my_riley_robot_nav2/lib/pkgconfig/my_riley_robot_nav2.pc'
[1.358s] Level 1:colcon.colcon_core.environment:checking '/home/student/rileyRobot_ws/install/my_riley_robot_nav2/lib/python3.8/site-packages'
[1.359s] INFO:colcon.colcon_core.shell:Creating package script '/home/student/rileyRobot_ws/install/my_riley_robot_nav2/share/my_riley_robot_nav2/package.ps1'
[1.359s] INFO:colcon.colcon_core.shell:Creating package descriptor '/home/student/rileyRobot_ws/install/my_riley_robot_nav2/share/my_riley_robot_nav2/package.dsv'
[1.360s] INFO:colcon.colcon_core.shell:Creating package script '/home/student/rileyRobot_ws/install/my_riley_robot_nav2/share/my_riley_robot_nav2/package.sh'
[1.361s] INFO:colcon.colcon_core.shell:Creating package script '/home/student/rileyRobot_ws/install/my_riley_robot_nav2/share/my_riley_robot_nav2/package.bash'
[1.361s] INFO:colcon.colcon_core.shell:Creating package script '/home/student/rileyRobot_ws/install/my_riley_robot_nav2/share/my_riley_robot_nav2/package.zsh'
[1.362s] Level 1:colcon.colcon_core.environment:create_file_with_runtime_dependencies(/home/student/rileyRobot_ws/install/my_riley_robot_nav2/share/colcon-core/packages/my_riley_robot_nav2)
[1.364s] Level 1:colcon.colcon_core.environment:create_environment_scripts_only(my_riley_robot_description)
[1.366s] Level 1:colcon.colcon_core.environment:checking '/home/student/rileyRobot_ws/install/my_riley_robot_description' for CMake module files
[1.368s] Level 1:colcon.colcon_core.environment:checking '/home/student/rileyRobot_ws/install/my_riley_robot_description' for CMake config files
[1.372s] Level 1:colcon.colcon_core.shell:create_environment_hook('my_riley_robot_description', 'cmake_prefix_path')
[1.373s] INFO:colcon.colcon_core.shell:Creating environment hook '/home/student/rileyRobot_ws/install/my_riley_robot_description/share/my_riley_robot_description/hook/cmake_prefix_path.ps1'
[1.374s] INFO:colcon.colcon_core.shell:Creating environment descriptor '/home/student/rileyRobot_ws/install/my_riley_robot_description/share/my_riley_robot_description/hook/cmake_prefix_path.dsv'
[1.374s] INFO:colcon.colcon_core.shell:Creating environment hook '/home/student/rileyRobot_ws/install/my_riley_robot_description/share/my_riley_robot_description/hook/cmake_prefix_path.sh'
[1.375s] Level 1:colcon.colcon_core.environment:checking '/home/student/rileyRobot_ws/install/my_riley_robot_description/lib'
[1.376s] Level 1:colcon.colcon_core.environment:checking '/home/student/rileyRobot_ws/install/my_riley_robot_description/bin'
[1.376s] Level 1:colcon.colcon_core.environment:checking '/home/student/rileyRobot_ws/install/my_riley_robot_description/lib/pkgconfig/my_riley_robot_description.pc'
[1.376s] Level 1:colcon.colcon_core.environment:checking '/home/student/rileyRobot_ws/install/my_riley_robot_description/lib/python3.8/site-packages'
[1.377s] INFO:colcon.colcon_core.shell:Creating package script '/home/student/rileyRobot_ws/install/my_riley_robot_description/share/my_riley_robot_description/package.ps1'
[1.378s] INFO:colcon.colcon_core.shell:Creating package descriptor '/home/student/rileyRobot_ws/install/my_riley_robot_description/share/my_riley_robot_description/package.dsv'
[1.380s] INFO:colcon.colcon_core.shell:Creating package script '/home/student/rileyRobot_ws/install/my_riley_robot_description/share/my_riley_robot_description/package.sh'
[1.383s] INFO:colcon.colcon_core.shell:Creating package script '/home/student/rileyRobot_ws/install/my_riley_robot_description/share/my_riley_robot_description/package.bash'
[1.387s] INFO:colcon.colcon_core.shell:Creating package script '/home/student/rileyRobot_ws/install/my_riley_robot_description/share/my_riley_robot_description/package.zsh'
[1.390s] Level 1:colcon.colcon_core.environment:create_file_with_runtime_dependencies(/home/student/rileyRobot_ws/install/my_riley_robot_description/share/colcon-core/packages/my_riley_robot_description)
[1.391s] Level 1:colcon.colcon_core.environment:create_environment_scripts_only(riley_robot_teleop)
[1.392s] Level 1:colcon.colcon_core.environment:checking '/home/student/rileyRobot_ws/install/riley_robot_teleop' for CMake module files
[1.394s] DEBUG:colcon.colcon_core.event_handler.log_command:Invoked command in '/home/student/rileyRobot_ws/build/riley_robot_teleop' returned '0': CMAKE_PREFIX_PATH=/opt/ros/foxy /usr/bin/cmake --install /home/student/rileyRobot_ws/build/riley_robot_teleop
[1.394s] Level 1:colcon.colcon_core.environment:checking '/home/student/rileyRobot_ws/install/riley_robot_teleop' for CMake config files
[1.395s] Level 1:colcon.colcon_core.shell:create_environment_hook('riley_robot_teleop', 'cmake_prefix_path')
[1.396s] INFO:colcon.colcon_core.shell:Creating environment hook '/home/student/rileyRobot_ws/install/riley_robot_teleop/share/riley_robot_teleop/hook/cmake_prefix_path.ps1'
[1.397s] INFO:colcon.colcon_core.shell:Creating environment descriptor '/home/student/rileyRobot_ws/install/riley_robot_teleop/share/riley_robot_teleop/hook/cmake_prefix_path.dsv'
[1.397s] INFO:colcon.colcon_core.shell:Creating environment hook '/home/student/rileyRobot_ws/install/riley_robot_teleop/share/riley_robot_teleop/hook/cmake_prefix_path.sh'
[1.398s] Level 1:colcon.colcon_core.environment:checking '/home/student/rileyRobot_ws/install/riley_robot_teleop/bin'
[1.398s] Level 1:colcon.colcon_core.environment:checking '/home/student/rileyRobot_ws/install/riley_robot_teleop/lib/pkgconfig/riley_robot_teleop.pc'
[1.398s] Level 1:colcon.colcon_core.environment:checking '/home/student/rileyRobot_ws/install/riley_robot_teleop/lib/python3.8/site-packages'
[1.399s] INFO:colcon.colcon_core.shell:Creating package script '/home/student/rileyRobot_ws/install/riley_robot_teleop/share/riley_robot_teleop/package.ps1'
[1.400s] INFO:colcon.colcon_core.shell:Creating package descriptor '/home/student/rileyRobot_ws/install/riley_robot_teleop/share/riley_robot_teleop/package.dsv'
[1.401s] INFO:colcon.colcon_core.shell:Creating package script '/home/student/rileyRobot_ws/install/riley_robot_teleop/share/riley_robot_teleop/package.sh'
[1.401s] INFO:colcon.colcon_core.shell:Creating package script '/home/student/rileyRobot_ws/install/riley_robot_teleop/share/riley_robot_teleop/package.bash'
[1.402s] INFO:colcon.colcon_core.shell:Creating package script '/home/student/rileyRobot_ws/install/riley_robot_teleop/share/riley_robot_teleop/package.zsh'
[1.403s] Level 1:colcon.colcon_core.environment:create_file_with_runtime_dependencies(/home/student/rileyRobot_ws/install/riley_robot_teleop/share/colcon-core/packages/riley_robot_teleop)
[1.428s] Level 1:colcon.colcon_core.environment:create_environment_scripts_only(riley_interfaces)
[1.431s] Level 1:colcon.colcon_core.environment:checking '/home/student/rileyRobot_ws/install/riley_interfaces' for CMake module files
[1.432s] DEBUG:colcon.colcon_core.event_handler.log_command:Invoked command in '/home/student/rileyRobot_ws/build/riley_interfaces' returned '0': CMAKE_PREFIX_PATH=/opt/ros/foxy /usr/bin/cmake --install /home/student/rileyRobot_ws/build/riley_interfaces
[1.432s] Level 1:colcon.colcon_core.environment:checking '/home/student/rileyRobot_ws/install/riley_interfaces' for CMake config files
[1.434s] Level 1:colcon.colcon_core.shell:create_environment_hook('riley_interfaces', 'cmake_prefix_path')
[1.435s] INFO:colcon.colcon_core.shell:Creating environment hook '/home/student/rileyRobot_ws/install/riley_interfaces/share/riley_interfaces/hook/cmake_prefix_path.ps1'
[1.436s] INFO:colcon.colcon_core.shell:Creating environment descriptor '/home/student/rileyRobot_ws/install/riley_interfaces/share/riley_interfaces/hook/cmake_prefix_path.dsv'
[1.436s] INFO:colcon.colcon_core.shell:Creating environment hook '/home/student/rileyRobot_ws/install/riley_interfaces/share/riley_interfaces/hook/cmake_prefix_path.sh'
[1.437s] Level 1:colcon.colcon_core.environment:checking '/home/student/rileyRobot_ws/install/riley_interfaces/lib'
[1.437s] Level 1:colcon.colcon_core.shell:create_environment_hook('riley_interfaces', 'ld_library_path_lib')
[1.438s] INFO:colcon.colcon_core.shell:Creating environment hook '/home/student/rileyRobot_ws/install/riley_interfaces/share/riley_interfaces/hook/ld_library_path_lib.ps1'
[1.439s] INFO:colcon.colcon_core.shell:Creating environment descriptor '/home/student/rileyRobot_ws/install/riley_interfaces/share/riley_interfaces/hook/ld_library_path_lib.dsv'
[1.440s] INFO:colcon.colcon_core.shell:Creating environment hook '/home/student/rileyRobot_ws/install/riley_interfaces/share/riley_interfaces/hook/ld_library_path_lib.sh'
[1.440s] Level 1:colcon.colcon_core.environment:checking '/home/student/rileyRobot_ws/install/riley_interfaces/bin'
[1.440s] Level 1:colcon.colcon_core.environment:checking '/home/student/rileyRobot_ws/install/riley_interfaces/lib/pkgconfig/riley_interfaces.pc'
[1.440s] Level 1:colcon.colcon_core.environment:checking '/home/student/rileyRobot_ws/install/riley_interfaces/lib/python3.8/site-packages'
[1.441s] Level 1:colcon.colcon_core.shell:create_environment_hook('riley_interfaces', 'pythonpath')
[1.441s] INFO:colcon.colcon_core.shell:Creating environment hook '/home/student/rileyRobot_ws/install/riley_interfaces/share/riley_interfaces/hook/pythonpath.ps1'
[1.442s] INFO:colcon.colcon_core.shell:Creating environment descriptor '/home/student/rileyRobot_ws/install/riley_interfaces/share/riley_interfaces/hook/pythonpath.dsv'
[1.443s] INFO:colcon.colcon_core.shell:Creating environment hook '/home/student/rileyRobot_ws/install/riley_interfaces/share/riley_interfaces/hook/pythonpath.sh'
[1.444s] INFO:colcon.colcon_core.shell:Creating package script '/home/student/rileyRobot_ws/install/riley_interfaces/share/riley_interfaces/package.ps1'
[1.445s] INFO:colcon.colcon_core.shell:Creating package descriptor '/home/student/rileyRobot_ws/install/riley_interfaces/share/riley_interfaces/package.dsv'
[1.446s] INFO:colcon.colcon_core.shell:Creating package script '/home/student/rileyRobot_ws/install/riley_interfaces/share/riley_interfaces/package.sh'
[1.447s] INFO:colcon.colcon_core.shell:Creating package script '/home/student/rileyRobot_ws/install/riley_interfaces/share/riley_interfaces/package.bash'
[1.448s] INFO:colcon.colcon_core.shell:Creating package script '/home/student/rileyRobot_ws/install/riley_interfaces/share/riley_interfaces/package.zsh'
[1.448s] Level 1:colcon.colcon_core.environment:create_file_with_runtime_dependencies(/home/student/rileyRobot_ws/install/riley_interfaces/share/colcon-core/packages/riley_interfaces)
[1.454s] Level 1:colcon.colcon_core.environment:create_environment_scripts_only(riley_robot_teleop)
[1.456s] Level 1:colcon.colcon_core.environment:checking '/home/student/rileyRobot_ws/install/riley_robot_teleop' for CMake module files
[1.457s] Level 1:colcon.colcon_core.environment:checking '/home/student/rileyRobot_ws/install/riley_robot_teleop' for CMake config files
[1.457s] Level 1:colcon.colcon_core.shell:create_environment_hook('riley_robot_teleop', 'cmake_prefix_path')
[1.477s] INFO:colcon.colcon_core.shell:Creating environment hook '/home/student/rileyRobot_ws/install/riley_robot_teleop/share/riley_robot_teleop/hook/cmake_prefix_path.ps1'
[1.478s] INFO:colcon.colcon_core.shell:Creating environment descriptor '/home/student/rileyRobot_ws/install/riley_robot_teleop/share/riley_robot_teleop/hook/cmake_prefix_path.dsv'
[1.479s] INFO:colcon.colcon_core.shell:Creating environment hook '/home/student/rileyRobot_ws/install/riley_robot_teleop/share/riley_robot_teleop/hook/cmake_prefix_path.sh'
[1.480s] Level 1:colcon.colcon_core.environment:checking '/home/student/rileyRobot_ws/install/riley_robot_teleop/bin'
[1.480s] Level 1:colcon.colcon_core.environment:checking '/home/student/rileyRobot_ws/install/riley_robot_teleop/lib/pkgconfig/riley_robot_teleop.pc'
[1.480s] Level 1:colcon.colcon_core.environment:checking '/home/student/rileyRobot_ws/install/riley_robot_teleop/lib/python3.8/site-packages'
[1.481s] INFO:colcon.colcon_core.shell:Creating package script '/home/student/rileyRobot_ws/install/riley_robot_teleop/share/riley_robot_teleop/package.ps1'
[1.482s] INFO:colcon.colcon_core.shell:Creating package descriptor '/home/student/rileyRobot_ws/install/riley_robot_teleop/share/riley_robot_teleop/package.dsv'
[1.483s] INFO:colcon.colcon_core.shell:Creating package script '/home/student/rileyRobot_ws/install/riley_robot_teleop/share/riley_robot_teleop/package.sh'
[1.484s] INFO:colcon.colcon_core.shell:Creating package script '/home/student/rileyRobot_ws/install/riley_robot_teleop/share/riley_robot_teleop/package.bash'
[1.484s] INFO:colcon.colcon_core.shell:Creating package script '/home/student/rileyRobot_ws/install/riley_robot_teleop/share/riley_robot_teleop/package.zsh'
[1.485s] Level 1:colcon.colcon_core.environment:create_file_with_runtime_dependencies(/home/student/rileyRobot_ws/install/riley_robot_teleop/share/colcon-core/packages/riley_robot_teleop)
[1.587s] Level 1:colcon.colcon_core.environment:create_environment_scripts_only(riley_interfaces)
[1.588s] Level 1:colcon.colcon_core.environment:checking '/home/student/rileyRobot_ws/install/riley_interfaces' for CMake module files
[1.589s] Level 1:colcon.colcon_core.environment:checking '/home/student/rileyRobot_ws/install/riley_interfaces' for CMake config files
[1.590s] Level 1:colcon.colcon_core.shell:create_environment_hook('riley_interfaces', 'cmake_prefix_path')
[1.590s] INFO:colcon.colcon_core.shell:Creating environment hook '/home/student/rileyRobot_ws/install/riley_interfaces/share/riley_interfaces/hook/cmake_prefix_path.ps1'
[1.591s] INFO:colcon.colcon_core.shell:Creating environment descriptor '/home/student/rileyRobot_ws/install/riley_interfaces/share/riley_interfaces/hook/cmake_prefix_path.dsv'
[1.591s] INFO:colcon.colcon_core.shell:Creating environment hook '/home/student/rileyRobot_ws/install/riley_interfaces/share/riley_interfaces/hook/cmake_prefix_path.sh'
[1.592s] Level 1:colcon.colcon_core.environment:checking '/home/student/rileyRobot_ws/install/riley_interfaces/lib'
[1.592s] Level 1:colcon.colcon_core.shell:create_environment_hook('riley_interfaces', 'ld_library_path_lib')
[1.592s] INFO:colcon.colcon_core.shell:Creating environment hook '/home/student/rileyRobot_ws/install/riley_interfaces/share/riley_interfaces/hook/ld_library_path_lib.ps1'
[1.593s] INFO:colcon.colcon_core.shell:Creating environment descriptor '/home/student/rileyRobot_ws/install/riley_interfaces/share/riley_interfaces/hook/ld_library_path_lib.dsv'
[1.593s] INFO:colcon.colcon_core.shell:Creating environment hook '/home/student/rileyRobot_ws/install/riley_interfaces/share/riley_interfaces/hook/ld_library_path_lib.sh'
[1.593s] Level 1:colcon.colcon_core.environment:checking '/home/student/rileyRobot_ws/install/riley_interfaces/bin'
[1.594s] Level 1:colcon.colcon_core.environment:checking '/home/student/rileyRobot_ws/install/riley_interfaces/lib/pkgconfig/riley_interfaces.pc'
[1.594s] Level 1:colcon.colcon_core.environment:checking '/home/student/rileyRobot_ws/install/riley_interfaces/lib/python3.8/site-packages'
[1.594s] Level 1:colcon.colcon_core.shell:create_environment_hook('riley_interfaces', 'pythonpath')
[1.594s] INFO:colcon.colcon_core.shell:Creating environment hook '/home/student/rileyRobot_ws/install/riley_interfaces/share/riley_interfaces/hook/pythonpath.ps1'
[1.595s] INFO:colcon.colcon_core.shell:Creating environment descriptor '/home/student/rileyRobot_ws/install/riley_interfaces/share/riley_interfaces/hook/pythonpath.dsv'
[1.595s] INFO:colcon.colcon_core.shell:Creating environment hook '/home/student/rileyRobot_ws/install/riley_interfaces/share/riley_interfaces/hook/pythonpath.sh'
[1.597s] INFO:colcon.colcon_core.shell:Creating package script '/home/student/rileyRobot_ws/install/riley_interfaces/share/riley_interfaces/package.ps1'
[1.598s] INFO:colcon.colcon_core.shell:Creating package descriptor '/home/student/rileyRobot_ws/install/riley_interfaces/share/riley_interfaces/package.dsv'
[1.598s] INFO:colcon.colcon_core.shell:Creating package script '/home/student/rileyRobot_ws/install/riley_interfaces/share/riley_interfaces/package.sh'
[1.599s] INFO:colcon.colcon_core.shell:Creating package script '/home/student/rileyRobot_ws/install/riley_interfaces/share/riley_interfaces/package.bash'
[1.599s] INFO:colcon.colcon_core.shell:Creating package script '/home/student/rileyRobot_ws/install/riley_interfaces/share/riley_interfaces/package.zsh'
[1.600s] Level 1:colcon.colcon_core.environment:create_file_with_runtime_dependencies(/home/student/rileyRobot_ws/install/riley_interfaces/share/colcon-core/packages/riley_interfaces)
[1.600s] INFO:colcon.colcon_ros.task.ament_python.build:Building ROS package in '/home/student/rileyRobot_ws/src/xbox_input' with build type 'ament_python'
[1.600s] Level 1:colcon.colcon_core.shell:create_environment_hook('xbox_input', 'ament_prefix_path')
[1.601s] INFO:colcon.colcon_core.shell:Creating environment hook '/home/student/rileyRobot_ws/install/xbox_input/share/xbox_input/hook/ament_prefix_path.ps1'
[1.602s] INFO:colcon.colcon_core.shell:Creating environment descriptor '/home/student/rileyRobot_ws/install/xbox_input/share/xbox_input/hook/ament_prefix_path.dsv'
[1.602s] INFO:colcon.colcon_core.shell:Creating environment hook '/home/student/rileyRobot_ws/install/xbox_input/share/xbox_input/hook/ament_prefix_path.sh'
[1.603s] INFO:colcon.colcon_core.shell:Skip shell extension 'powershell' for command environment: Not usable outside of PowerShell
[1.603s] DEBUG:colcon.colcon_core.shell:Skip shell extension 'dsv' for command environment
[1.968s] INFO:colcon.colcon_core.task.python.build:Building Python package in '/home/student/rileyRobot_ws/src/xbox_input'
[1.969s] INFO:colcon.colcon_core.shell:Skip shell extension 'powershell' for command environment: Not usable outside of PowerShell
[1.969s] DEBUG:colcon.colcon_core.shell:Skip shell extension 'dsv' for command environment
[1.981s] DEBUG:colcon.colcon_core.event_handler.log_command:Invoking command in '/home/student/rileyRobot_ws/src/riley': PYTHONPATH=/home/student/rileyRobot_ws/install/riley/lib/python3.8/site-packages:${PYTHONPATH} /usr/bin/python3 setup.py egg_info --egg-base ../../build/riley build --build-base /home/student/rileyRobot_ws/build/riley/build install --prefix /home/student/rileyRobot_ws/install/riley --record /home/student/rileyRobot_ws/build/riley/install.log --single-version-externally-managed
[2.377s] Level 1:colcon.colcon_core.environment:checking '/home/student/rileyRobot_ws/install/riley' for CMake module files
[2.378s] DEBUG:colcon.colcon_core.event_handler.log_command:Invoked command in '/home/student/rileyRobot_ws/src/riley' returned '0': PYTHONPATH=/home/student/rileyRobot_ws/install/riley/lib/python3.8/site-packages:${PYTHONPATH} /usr/bin/python3 setup.py egg_info --egg-base ../../build/riley build --build-base /home/student/rileyRobot_ws/build/riley/build install --prefix /home/student/rileyRobot_ws/install/riley --record /home/student/rileyRobot_ws/build/riley/install.log --single-version-externally-managed
[2.378s] Level 1:colcon.colcon_core.environment:checking '/home/student/rileyRobot_ws/install/riley' for CMake config files
[2.380s] Level 1:colcon.colcon_core.environment:checking '/home/student/rileyRobot_ws/install/riley/lib'
[2.380s] Level 1:colcon.colcon_core.environment:checking '/home/student/rileyRobot_ws/install/riley/bin'
[2.380s] Level 1:colcon.colcon_core.environment:checking '/home/student/rileyRobot_ws/install/riley/lib/pkgconfig/riley.pc'
[2.380s] Level 1:colcon.colcon_core.environment:checking '/home/student/rileyRobot_ws/install/riley/lib/python3.8/site-packages'
[2.380s] Level 1:colcon.colcon_core.shell:create_environment_hook('riley', 'pythonpath')
[2.381s] INFO:colcon.colcon_core.shell:Creating environment hook '/home/student/rileyRobot_ws/install/riley/share/riley/hook/pythonpath.ps1'
[2.382s] INFO:colcon.colcon_core.shell:Creating environment descriptor '/home/student/rileyRobot_ws/install/riley/share/riley/hook/pythonpath.dsv'
[2.382s] INFO:colcon.colcon_core.shell:Creating environment hook '/home/student/rileyRobot_ws/install/riley/share/riley/hook/pythonpath.sh'
[2.383s] Level 1:colcon.colcon_core.environment:create_environment_scripts_only(riley)
[2.383s] INFO:colcon.colcon_core.shell:Creating package script '/home/student/rileyRobot_ws/install/riley/share/riley/package.ps1'
[2.384s] INFO:colcon.colcon_core.shell:Creating package descriptor '/home/student/rileyRobot_ws/install/riley/share/riley/package.dsv'
[2.385s] INFO:colcon.colcon_core.shell:Creating package script '/home/student/rileyRobot_ws/install/riley/share/riley/package.sh'
[2.385s] INFO:colcon.colcon_core.shell:Creating package script '/home/student/rileyRobot_ws/install/riley/share/riley/package.bash'
[2.385s] INFO:colcon.colcon_core.shell:Creating package script '/home/student/rileyRobot_ws/install/riley/share/riley/package.zsh'
[2.386s] Level 1:colcon.colcon_core.environment:create_file_with_runtime_dependencies(/home/student/rileyRobot_ws/install/riley/share/colcon-core/packages/riley)
[2.496s] DEBUG:colcon.colcon_core.event_handler.log_command:Invoking command in '/home/student/rileyRobot_ws/src/xbox_input': AMENT_PREFIX_PATH=/home/student/rileyRobot_ws/install/riley_interfaces:${AMENT_PREFIX_PATH} CMAKE_PREFIX_PATH=/home/student/rileyRobot_ws/install/riley_interfaces LD_LIBRARY_PATH=/home/student/rileyRobot_ws/install/riley_interfaces/lib:${LD_LIBRARY_PATH} PYTHONPATH=/home/student/rileyRobot_ws/install/xbox_input/lib/python3.8/site-packages:/home/student/rileyRobot_ws/install/riley_interfaces/lib/python3.8/site-packages:${PYTHONPATH} /usr/bin/python3 setup.py egg_info --egg-base ../../build/xbox_input build --build-base /home/student/rileyRobot_ws/build/xbox_input/build install --prefix /home/student/rileyRobot_ws/install/xbox_input --record /home/student/rileyRobot_ws/build/xbox_input/install.log --single-version-externally-managed
[2.886s] Level 1:colcon.colcon_core.environment:checking '/home/student/rileyRobot_ws/install/xbox_input' for CMake module files
[2.887s] DEBUG:colcon.colcon_core.event_handler.log_command:Invoked command in '/home/student/rileyRobot_ws/src/xbox_input' returned '0': AMENT_PREFIX_PATH=/home/student/rileyRobot_ws/install/riley_interfaces:${AMENT_PREFIX_PATH} CMAKE_PREFIX_PATH=/home/student/rileyRobot_ws/install/riley_interfaces LD_LIBRARY_PATH=/home/student/rileyRobot_ws/install/riley_interfaces/lib:${LD_LIBRARY_PATH} PYTHONPATH=/home/student/rileyRobot_ws/install/xbox_input/lib/python3.8/site-packages:/home/student/rileyRobot_ws/install/riley_interfaces/lib/python3.8/site-packages:${PYTHONPATH} /usr/bin/python3 setup.py egg_info --egg-base ../../build/xbox_input build --build-base /home/student/rileyRobot_ws/build/xbox_input/build install --prefix /home/student/rileyRobot_ws/install/xbox_input --record /home/student/rileyRobot_ws/build/xbox_input/install.log --single-version-externally-managed
[2.887s] Level 1:colcon.colcon_core.environment:checking '/home/student/rileyRobot_ws/install/xbox_input' for CMake config files
[2.888s] Level 1:colcon.colcon_core.environment:checking '/home/student/rileyRobot_ws/install/xbox_input/lib'
[2.888s] Level 1:colcon.colcon_core.environment:checking '/home/student/rileyRobot_ws/install/xbox_input/bin'
[2.888s] Level 1:colcon.colcon_core.environment:checking '/home/student/rileyRobot_ws/install/xbox_input/lib/pkgconfig/xbox_input.pc'
[2.888s] Level 1:colcon.colcon_core.environment:checking '/home/student/rileyRobot_ws/install/xbox_input/lib/python3.8/site-packages'
[2.888s] Level 1:colcon.colcon_core.shell:create_environment_hook('xbox_input', 'pythonpath')
[2.889s] INFO:colcon.colcon_core.shell:Creating environment hook '/home/student/rileyRobot_ws/install/xbox_input/share/xbox_input/hook/pythonpath.ps1'
[2.890s] INFO:colcon.colcon_core.shell:Creating environment descriptor '/home/student/rileyRobot_ws/install/xbox_input/share/xbox_input/hook/pythonpath.dsv'
[2.890s] INFO:colcon.colcon_core.shell:Creating environment hook '/home/student/rileyRobot_ws/install/xbox_input/share/xbox_input/hook/pythonpath.sh'
[2.891s] Level 1:colcon.colcon_core.environment:create_environment_scripts_only(xbox_input)
[2.891s] INFO:colcon.colcon_core.shell:Creating package script '/home/student/rileyRobot_ws/install/xbox_input/share/xbox_input/package.ps1'
[2.892s] INFO:colcon.colcon_core.shell:Creating package descriptor '/home/student/rileyRobot_ws/install/xbox_input/share/xbox_input/package.dsv'
[2.892s] INFO:colcon.colcon_core.shell:Creating package script '/home/student/rileyRobot_ws/install/xbox_input/share/xbox_input/package.sh'
[2.893s] INFO:colcon.colcon_core.shell:Creating package script '/home/student/rileyRobot_ws/install/xbox_input/share/xbox_input/package.bash'
[2.893s] INFO:colcon.colcon_core.shell:Creating package script '/home/student/rileyRobot_ws/install/xbox_input/share/xbox_input/package.zsh'
[2.894s] Level 1:colcon.colcon_core.environment:create_file_with_runtime_dependencies(/home/student/rileyRobot_ws/install/xbox_input/share/colcon-core/packages/xbox_input)
[2.894s] DEBUG:colcon.colcon_parallel_executor.executor.parallel:closing loop
[2.895s] DEBUG:colcon.colcon_parallel_executor.executor.parallel:loop closed
[2.895s] DEBUG:colcon.colcon_parallel_executor.executor.parallel:run_until_complete finished with '0'
[2.895s] DEBUG:colcon.colcon_core.event_reactor:joining thread
[2.903s] INFO:colcon.colcon_core.plugin_system:Skipping extension 'colcon_notification.desktop_notification.terminal_notifier': Not used on non-Darwin systems
[2.903s] INFO:colcon.colcon_core.plugin_system:Skipping extension 'colcon_notification.desktop_notification.win32': Not used on non-Windows systems
[2.903s] INFO:colcon.colcon_notification.desktop_notification:Sending desktop notification using 'notify2'
[2.919s] DEBUG:colcon.colcon_core.event_reactor:joined thread
[2.920s] INFO:colcon.colcon_core.shell:Creating prefix script '/home/student/rileyRobot_ws/install/local_setup.ps1'
[2.921s] INFO:colcon.colcon_core.shell:Creating prefix util module '/home/student/rileyRobot_ws/install/_local_setup_util_ps1.py'
[2.923s] INFO:colcon.colcon_core.shell:Creating prefix chain script '/home/student/rileyRobot_ws/install/setup.ps1'
[2.924s] INFO:colcon.colcon_core.shell:Creating prefix script '/home/student/rileyRobot_ws/install/local_setup.sh'
[2.925s] INFO:colcon.colcon_core.shell:Creating prefix util module '/home/student/rileyRobot_ws/install/_local_setup_util_sh.py'
[2.925s] INFO:colcon.colcon_core.shell:Creating prefix chain script '/home/student/rileyRobot_ws/install/setup.sh'
[2.926s] INFO:colcon.colcon_core.shell:Creating prefix script '/home/student/rileyRobot_ws/install/local_setup.bash'
[2.927s] INFO:colcon.colcon_core.shell:Creating prefix chain script '/home/student/rileyRobot_ws/install/setup.bash'
[2.928s] INFO:colcon.colcon_core.shell:Creating prefix script '/home/student/rileyRobot_ws/install/local_setup.zsh'
[2.929s] INFO:colcon.colcon_core.shell:Creating prefix chain script '/home/student/rileyRobot_ws/install/setup.zsh'
