[1.201s] Invoking command in '/home/student/rileyRobot_ws/src/riley': PYTHONPATH=/home/student/rileyRobot_ws/install/riley/lib/python3.8/site-packages:${PYTHONPATH} /usr/bin/python3 setup.py egg_info --egg-base ../../build/riley build --build-base /home/student/rileyRobot_ws/build/riley/build install --prefix /home/student/rileyRobot_ws/install/riley --record /home/student/rileyRobot_ws/build/riley/install.log --single-version-externally-managed
[1.491s] running egg_info
[1.492s] writing ../../build/riley/riley.egg-info/PKG-INFO
[1.492s] writing dependency_links to ../../build/riley/riley.egg-info/dependency_links.txt
[1.492s] writing entry points to ../../build/riley/riley.egg-info/entry_points.txt
[1.492s] writing requirements to ../../build/riley/riley.egg-info/requires.txt
[1.493s] writing top-level names to ../../build/riley/riley.egg-info/top_level.txt
[1.537s] reading manifest file '../../build/riley/riley.egg-info/SOURCES.txt'
[1.538s] writing manifest file '../../build/riley/riley.egg-info/SOURCES.txt'
[1.538s] running build
[1.538s] running build_py
[1.539s] running install
[1.539s] running install_lib
[1.541s] running install_data
[1.542s] copying Riley_URDF/riley_robot.urdf -> /home/student/rileyRobot_ws/install/riley/share/riley/Riley_URDF
[1.543s] running install_egg_info
[1.545s] removing '/home/student/rileyRobot_ws/install/riley/lib/python3.8/site-packages/riley-0.0.0-py3.8.egg-info' (and everything under it)
[1.545s] Copying ../../build/riley/riley.egg-info to /home/student/rileyRobot_ws/install/riley/lib/python3.8/site-packages/riley-0.0.0-py3.8.egg-info
[1.546s] running install_scripts
[1.567s] writing list of installed files to '/home/student/rileyRobot_ws/build/riley/install.log'
[1.590s] Invoked command in '/home/student/rileyRobot_ws/src/riley' returned '0': PYTHONPATH=/home/student/rileyRobot_ws/install/riley/lib/python3.8/site-packages:${PYTHONPATH} /usr/bin/python3 setup.py egg_info --egg-base ../../build/riley build --build-base /home/student/rileyRobot_ws/build/riley/build install --prefix /home/student/rileyRobot_ws/install/riley --record /home/student/rileyRobot_ws/build/riley/install.log --single-version-externally-managed
