[0.846s] Invoking command in '/home/student/rileyRobot_ws/src/xbox_input': AMENT_PREFIX_PATH=/home/student/rileyRobot_ws/install/riley_interfaces:${AMENT_PREFIX_PATH} CMAKE_PREFIX_PATH=/home/student/rileyRobot_ws/install/riley_interfaces LD_LIBRARY_PATH=/home/student/rileyRobot_ws/install/riley_interfaces/lib:${LD_LIBRARY_PATH} PYTHONPATH=/home/student/rileyRobot_ws/install/xbox_input/lib/python3.8/site-packages:/home/student/rileyRobot_ws/install/riley_interfaces/lib/python3.8/site-packages:${PYTHONPATH} /usr/bin/python3 setup.py egg_info --egg-base ../../build/xbox_input build --build-base /home/student/rileyRobot_ws/build/xbox_input/build install --prefix /home/student/rileyRobot_ws/install/xbox_input --record /home/student/rileyRobot_ws/build/xbox_input/install.log --single-version-externally-managed
[1.137s] running egg_info
[1.138s] writing ../../build/xbox_input/xbox_input.egg-info/PKG-INFO
[1.138s] writing dependency_links to ../../build/xbox_input/xbox_input.egg-info/dependency_links.txt
[1.138s] writing entry points to ../../build/xbox_input/xbox_input.egg-info/entry_points.txt
[1.138s] writing requirements to ../../build/xbox_input/xbox_input.egg-info/requires.txt
[1.138s] writing top-level names to ../../build/xbox_input/xbox_input.egg-info/top_level.txt
[1.182s] reading manifest file '../../build/xbox_input/xbox_input.egg-info/SOURCES.txt'
[1.183s] writing manifest file '../../build/xbox_input/xbox_input.egg-info/SOURCES.txt'
[1.183s] running build
[1.183s] running build_py
[1.183s] running install
[1.184s] running install_lib
[1.186s] running install_data
[1.187s] running install_egg_info
[1.189s] removing '/home/student/rileyRobot_ws/install/xbox_input/lib/python3.8/site-packages/xbox_input-0.0.0-py3.8.egg-info' (and everything under it)
[1.189s] Copying ../../build/xbox_input/xbox_input.egg-info to /home/student/rileyRobot_ws/install/xbox_input/lib/python3.8/site-packages/xbox_input-0.0.0-py3.8.egg-info
[1.190s] running install_scripts
[1.211s] Installing publisher script to /home/student/rileyRobot_ws/install/xbox_input/lib/xbox_input
[1.211s] Installing subscriber script to /home/student/rileyRobot_ws/install/xbox_input/lib/xbox_input
[1.211s] writing list of installed files to '/home/student/rileyRobot_ws/build/xbox_input/install.log'
[1.236s] Invoked command in '/home/student/rileyRobot_ws/src/xbox_input' returned '0': AMENT_PREFIX_PATH=/home/student/rileyRobot_ws/install/riley_interfaces:${AMENT_PREFIX_PATH} CMAKE_PREFIX_PATH=/home/student/rileyRobot_ws/install/riley_interfaces LD_LIBRARY_PATH=/home/student/rileyRobot_ws/install/riley_interfaces/lib:${LD_LIBRARY_PATH} PYTHONPATH=/home/student/rileyRobot_ws/install/xbox_input/lib/python3.8/site-packages:/home/student/rileyRobot_ws/install/riley_interfaces/lib/python3.8/site-packages:${PYTHONPATH} /usr/bin/python3 setup.py egg_info --egg-base ../../build/xbox_input build --build-base /home/student/rileyRobot_ws/build/xbox_input/build install --prefix /home/student/rileyRobot_ws/install/xbox_input --record /home/student/rileyRobot_ws/build/xbox_input/install.log --single-version-externally-managed
