[0.051s] Invoking command in '/home/student/rileyRobot_ws/build/my_riley_robot_nav2': CMAKE_PREFIX_PATH=/opt/ros/foxy /usr/bin/cmake --build /home/student/rileyRobot_ws/build/my_riley_robot_nav2 -- -j12 -l12
[0.410s] Invoked command in '/home/student/rileyRobot_ws/build/my_riley_robot_nav2' returned '0': CMAKE_PREFIX_PATH=/opt/ros/foxy /usr/bin/cmake --build /home/student/rileyRobot_ws/build/my_riley_robot_nav2 -- -j12 -l12
[0.458s] Invoking command in '/home/student/rileyRobot_ws/build/my_riley_robot_nav2': CMAKE_PREFIX_PATH=/opt/ros/foxy /usr/bin/cmake --install /home/student/rileyRobot_ws/build/my_riley_robot_nav2
[0.549s] -- Install configuration: ""
[0.549s] -- Up-to-date: /home/student/rileyRobot_ws/install/my_riley_robot_nav2/share/ament_index/resource_index/package_run_dependencies/my_riley_robot_nav2
[0.550s] -- Up-to-date: /home/student/rileyRobot_ws/install/my_riley_robot_nav2/share/ament_index/resource_index/parent_prefix_path/my_riley_robot_nav2
[0.550s] -- Up-to-date: /home/student/rileyRobot_ws/install/my_riley_robot_nav2/share/my_riley_robot_nav2/environment/ament_prefix_path.sh
[0.550s] -- Up-to-date: /home/student/rileyRobot_ws/install/my_riley_robot_nav2/share/my_riley_robot_nav2/environment/ament_prefix_path.dsv
[0.551s] -- Up-to-date: /home/student/rileyRobot_ws/install/my_riley_robot_nav2/share/my_riley_robot_nav2/environment/path.sh
[0.551s] -- Up-to-date: /home/student/rileyRobot_ws/install/my_riley_robot_nav2/share/my_riley_robot_nav2/environment/path.dsv
[0.551s] -- Up-to-date: /home/student/rileyRobot_ws/install/my_riley_robot_nav2/share/my_riley_robot_nav2/local_setup.bash
[0.551s] -- Up-to-date: /home/student/rileyRobot_ws/install/my_riley_robot_nav2/share/my_riley_robot_nav2/local_setup.sh
[0.551s] -- Up-to-date: /home/student/rileyRobot_ws/install/my_riley_robot_nav2/share/my_riley_robot_nav2/local_setup.zsh
[0.552s] -- Up-to-date: /home/student/rileyRobot_ws/install/my_riley_robot_nav2/share/my_riley_robot_nav2/local_setup.dsv
[0.552s] -- Installing: /home/student/rileyRobot_ws/install/my_riley_robot_nav2/share/my_riley_robot_nav2/package.dsv
[0.552s] -- Up-to-date: /home/student/rileyRobot_ws/install/my_riley_robot_nav2/share/ament_index/resource_index/packages/my_riley_robot_nav2
[0.552s] -- Up-to-date: /home/student/rileyRobot_ws/install/my_riley_robot_nav2/share/my_riley_robot_nav2/cmake/my_riley_robot_nav2Config.cmake
[0.553s] -- Up-to-date: /home/student/rileyRobot_ws/install/my_riley_robot_nav2/share/my_riley_robot_nav2/cmake/my_riley_robot_nav2Config-version.cmake
[0.555s] -- Up-to-date: /home/student/rileyRobot_ws/install/my_riley_robot_nav2/share/my_riley_robot_nav2/package.xml
[0.557s] Invoked command in '/home/student/rileyRobot_ws/build/my_riley_robot_nav2' returned '0': CMAKE_PREFIX_PATH=/opt/ros/foxy /usr/bin/cmake --install /home/student/rileyRobot_ws/build/my_riley_robot_nav2
