[0.355s] Invoking command in '/home/student/rileyRobot_ws/build/riley_robot_teleop': CMAKE_PREFIX_PATH=${CMAKE_PREFIX_PATH}:/home/student/rileyRobot_ws/install/xbox_input:/home/student/rileyRobot_ws/install/riley:/opt/ros/foxy /usr/bin/cmake --build /home/student/rileyRobot_ws/build/riley_robot_teleop -- -j12 -l12
[0.436s] Invoked command in '/home/student/rileyRobot_ws/build/riley_robot_teleop' returned '0': CMAKE_PREFIX_PATH=${CMAKE_PREFIX_PATH}:/home/student/rileyRobot_ws/install/xbox_input:/home/student/rileyRobot_ws/install/riley:/opt/ros/foxy /usr/bin/cmake --build /home/student/rileyRobot_ws/build/riley_robot_teleop -- -j12 -l12
[0.517s] Invoking command in '/home/student/rileyRobot_ws/build/riley_robot_teleop': CMAKE_PREFIX_PATH=${CMAKE_PREFIX_PATH}:/home/student/rileyRobot_ws/install/xbox_input:/home/student/rileyRobot_ws/install/riley:/opt/ros/foxy /usr/bin/cmake --install /home/student/rileyRobot_ws/build/riley_robot_teleop
[0.518s] -- Install configuration: ""
[0.518s] -- Up-to-date: /home/student/rileyRobot_ws/install/riley_robot_teleop/share/ament_index/resource_index/package_run_dependencies/riley_robot_teleop
[0.518s] -- Up-to-date: /home/student/rileyRobot_ws/install/riley_robot_teleop/share/ament_index/resource_index/parent_prefix_path/riley_robot_teleop
[0.518s] -- Up-to-date: /home/student/rileyRobot_ws/install/riley_robot_teleop/share/riley_robot_teleop/environment/ament_prefix_path.sh
[0.519s] -- Up-to-date: /home/student/rileyRobot_ws/install/riley_robot_teleop/share/riley_robot_teleop/environment/ament_prefix_path.dsv
[0.520s] -- Up-to-date: /home/student/rileyRobot_ws/install/riley_robot_teleop/share/riley_robot_teleop/environment/path.sh
[0.520s] -- Up-to-date: /home/student/rileyRobot_ws/install/riley_robot_teleop/share/riley_robot_teleop/environment/path.dsv
[0.521s] -- Up-to-date: /home/student/rileyRobot_ws/install/riley_robot_teleop/share/riley_robot_teleop/local_setup.bash
[0.521s] -- Up-to-date: /home/student/rileyRobot_ws/install/riley_robot_teleop/share/riley_robot_teleop/local_setup.sh
[0.521s] -- Up-to-date: /home/student/rileyRobot_ws/install/riley_robot_teleop/share/riley_robot_teleop/local_setup.zsh
[0.521s] -- Up-to-date: /home/student/rileyRobot_ws/install/riley_robot_teleop/share/riley_robot_teleop/local_setup.dsv
[0.522s] -- Installing: /home/student/rileyRobot_ws/install/riley_robot_teleop/share/riley_robot_teleop/package.dsv
[0.522s] -- Up-to-date: /home/student/rileyRobot_ws/install/riley_robot_teleop/share/ament_index/resource_index/packages/riley_robot_teleop
[0.522s] -- Up-to-date: /home/student/rileyRobot_ws/install/riley_robot_teleop/share/riley_robot_teleop/cmake/riley_robot_teleopConfig.cmake
[0.522s] -- Up-to-date: /home/student/rileyRobot_ws/install/riley_robot_teleop/share/riley_robot_teleop/cmake/riley_robot_teleopConfig-version.cmake
[0.522s] -- Up-to-date: /home/student/rileyRobot_ws/install/riley_robot_teleop/share/riley_robot_teleop/package.xml
[0.578s] Invoked command in '/home/student/rileyRobot_ws/build/riley_robot_teleop' returned '0': CMAKE_PREFIX_PATH=${CMAKE_PREFIX_PATH}:/home/student/rileyRobot_ws/install/xbox_input:/home/student/rileyRobot_ws/install/riley:/opt/ros/foxy /usr/bin/cmake --install /home/student/rileyRobot_ws/build/riley_robot_teleop
