running egg_info
creating ../../build/xbox_input/xbox_input.egg-info
writing ../../build/xbox_input/xbox_input.egg-info/PKG-INFO
writing dependency_links to ../../build/xbox_input/xbox_input.egg-info/dependency_links.txt
writing entry points to ../../build/xbox_input/xbox_input.egg-info/entry_points.txt
writing requirements to ../../build/xbox_input/xbox_input.egg-info/requires.txt
writing top-level names to ../../build/xbox_input/xbox_input.egg-info/top_level.txt
writing manifest file '../../build/xbox_input/xbox_input.egg-info/SOURCES.txt'
reading manifest file '../../build/xbox_input/xbox_input.egg-info/SOURCES.txt'
writing manifest file '../../build/xbox_input/xbox_input.egg-info/SOURCES.txt'
running build
running build_py
creating /home/student/rileyRobot_ws/build/xbox_input/build
creating /home/student/rileyRobot_ws/build/xbox_input/build/lib
creating /home/student/rileyRobot_ws/build/xbox_input/build/lib/xbox_input
copying xbox_input/publisher.py -> /home/student/rileyRobot_ws/build/xbox_input/build/lib/xbox_input
copying xbox_input/subscriber.py -> /home/student/rileyRobot_ws/build/xbox_input/build/lib/xbox_input
copying xbox_input/XboxController.py -> /home/student/rileyRobot_ws/build/xbox_input/build/lib/xbox_input
copying xbox_input/__init__.py -> /home/student/rileyRobot_ws/build/xbox_input/build/lib/xbox_input
running install
running install_lib
creating /home/student/rileyRobot_ws/install/xbox_input/lib/python3.8/site-packages/xbox_input
copying /home/student/rileyRobot_ws/build/xbox_input/build/lib/xbox_input/publisher.py -> /home/student/rileyRobot_ws/install/xbox_input/lib/python3.8/site-packages/xbox_input
copying /home/student/rileyRobot_ws/build/xbox_input/build/lib/xbox_input/subscriber.py -> /home/student/rileyRobot_ws/install/xbox_input/lib/python3.8/site-packages/xbox_input
copying /home/student/rileyRobot_ws/build/xbox_input/build/lib/xbox_input/XboxController.py -> /home/student/rileyRobot_ws/install/xbox_input/lib/python3.8/site-packages/xbox_input
copying /home/student/rileyRobot_ws/build/xbox_input/build/lib/xbox_input/__init__.py -> /home/student/rileyRobot_ws/install/xbox_input/lib/python3.8/site-packages/xbox_input
byte-compiling /home/student/rileyRobot_ws/install/xbox_input/lib/python3.8/site-packages/xbox_input/publisher.py to publisher.cpython-38.pyc
byte-compiling /home/student/rileyRobot_ws/install/xbox_input/lib/python3.8/site-packages/xbox_input/subscriber.py to subscriber.cpython-38.pyc
byte-compiling /home/student/rileyRobot_ws/install/xbox_input/lib/python3.8/site-packages/xbox_input/XboxController.py to XboxController.cpython-38.pyc
byte-compiling /home/student/rileyRobot_ws/install/xbox_input/lib/python3.8/site-packages/xbox_input/__init__.py to __init__.cpython-38.pyc
running install_data
creating /home/student/rileyRobot_ws/install/xbox_input/share/ament_index
creating /home/student/rileyRobot_ws/install/xbox_input/share/ament_index/resource_index
creating /home/student/rileyRobot_ws/install/xbox_input/share/ament_index/resource_index/packages
copying resource/xbox_input -> /home/student/rileyRobot_ws/install/xbox_input/share/ament_index/resource_index/packages
copying package.xml -> /home/student/rileyRobot_ws/install/xbox_input/share/xbox_input
running install_egg_info
Copying ../../build/xbox_input/xbox_input.egg-info to /home/student/rileyRobot_ws/install/xbox_input/lib/python3.8/site-packages/xbox_input-0.0.0-py3.8.egg-info
running install_scripts
Installing publisher script to /home/student/rileyRobot_ws/install/xbox_input/lib/xbox_input
Installing subscriber script to /home/student/rileyRobot_ws/install/xbox_input/lib/xbox_input
writing list of installed files to '/home/student/rileyRobot_ws/build/xbox_input/install.log'
