[0.794s] Invoking command in '/home/student/rileyRobot_ws/src/xbox_input': AMENT_PREFIX_PATH=/home/student/rileyRobot_ws/install/riley_interfaces:${AMENT_PREFIX_PATH} CMAKE_PREFIX_PATH=/home/student/rileyRobot_ws/install/riley_interfaces LD_LIBRARY_PATH=/home/student/rileyRobot_ws/install/riley_interfaces/lib:${LD_LIBRARY_PATH} PYTHONPATH=/home/student/rileyRobot_ws/install/xbox_input/lib/python3.8/site-packages:/home/student/rileyRobot_ws/install/riley_interfaces/lib/python3.8/site-packages:${PYTHONPATH} /usr/bin/python3 setup.py egg_info --egg-base ../../build/xbox_input build --build-base /home/student/rileyRobot_ws/build/xbox_input/build install --prefix /home/student/rileyRobot_ws/install/xbox_input --record /home/student/rileyRobot_ws/build/xbox_input/install.log --single-version-externally-managed
[1.075s] running egg_info
[1.075s] creating ../../build/xbox_input/xbox_input.egg-info
[1.076s] writing ../../build/xbox_input/xbox_input.egg-info/PKG-INFO
[1.076s] writing dependency_links to ../../build/xbox_input/xbox_input.egg-info/dependency_links.txt
[1.076s] writing entry points to ../../build/xbox_input/xbox_input.egg-info/entry_points.txt
[1.076s] writing requirements to ../../build/xbox_input/xbox_input.egg-info/requires.txt
[1.076s] writing top-level names to ../../build/xbox_input/xbox_input.egg-info/top_level.txt
[1.077s] writing manifest file '../../build/xbox_input/xbox_input.egg-info/SOURCES.txt'
[1.118s] reading manifest file '../../build/xbox_input/xbox_input.egg-info/SOURCES.txt'
[1.119s] writing manifest file '../../build/xbox_input/xbox_input.egg-info/SOURCES.txt'
[1.119s] running build
[1.119s] running build_py
[1.120s] creating /home/student/rileyRobot_ws/build/xbox_input/build
[1.120s] creating /home/student/rileyRobot_ws/build/xbox_input/build/lib
[1.120s] creating /home/student/rileyRobot_ws/build/xbox_input/build/lib/xbox_input
[1.120s] copying xbox_input/publisher.py -> /home/student/rileyRobot_ws/build/xbox_input/build/lib/xbox_input
[1.120s] copying xbox_input/subscriber.py -> /home/student/rileyRobot_ws/build/xbox_input/build/lib/xbox_input
[1.120s] copying xbox_input/XboxController.py -> /home/student/rileyRobot_ws/build/xbox_input/build/lib/xbox_input
[1.121s] copying xbox_input/__init__.py -> /home/student/rileyRobot_ws/build/xbox_input/build/lib/xbox_input
[1.121s] running install
[1.121s] running install_lib
[1.122s] creating /home/student/rileyRobot_ws/install/xbox_input/lib/python3.8/site-packages/xbox_input
[1.122s] copying /home/student/rileyRobot_ws/build/xbox_input/build/lib/xbox_input/publisher.py -> /home/student/rileyRobot_ws/install/xbox_input/lib/python3.8/site-packages/xbox_input
[1.122s] copying /home/student/rileyRobot_ws/build/xbox_input/build/lib/xbox_input/subscriber.py -> /home/student/rileyRobot_ws/install/xbox_input/lib/python3.8/site-packages/xbox_input
[1.122s] copying /home/student/rileyRobot_ws/build/xbox_input/build/lib/xbox_input/XboxController.py -> /home/student/rileyRobot_ws/install/xbox_input/lib/python3.8/site-packages/xbox_input
[1.123s] copying /home/student/rileyRobot_ws/build/xbox_input/build/lib/xbox_input/__init__.py -> /home/student/rileyRobot_ws/install/xbox_input/lib/python3.8/site-packages/xbox_input
[1.123s] byte-compiling /home/student/rileyRobot_ws/install/xbox_input/lib/python3.8/site-packages/xbox_input/publisher.py to publisher.cpython-38.pyc
[1.125s] byte-compiling /home/student/rileyRobot_ws/install/xbox_input/lib/python3.8/site-packages/xbox_input/subscriber.py to subscriber.cpython-38.pyc
[1.125s] byte-compiling /home/student/rileyRobot_ws/install/xbox_input/lib/python3.8/site-packages/xbox_input/XboxController.py to XboxController.cpython-38.pyc
[1.126s] byte-compiling /home/student/rileyRobot_ws/install/xbox_input/lib/python3.8/site-packages/xbox_input/__init__.py to __init__.cpython-38.pyc
[1.127s] running install_data
[1.127s] creating /home/student/rileyRobot_ws/install/xbox_input/share/ament_index
[1.127s] creating /home/student/rileyRobot_ws/install/xbox_input/share/ament_index/resource_index
[1.127s] creating /home/student/rileyRobot_ws/install/xbox_input/share/ament_index/resource_index/packages
[1.127s] copying resource/xbox_input -> /home/student/rileyRobot_ws/install/xbox_input/share/ament_index/resource_index/packages
[1.127s] copying package.xml -> /home/student/rileyRobot_ws/install/xbox_input/share/xbox_input
[1.128s] running install_egg_info
[1.129s] Copying ../../build/xbox_input/xbox_input.egg-info to /home/student/rileyRobot_ws/install/xbox_input/lib/python3.8/site-packages/xbox_input-0.0.0-py3.8.egg-info
[1.130s] running install_scripts
[1.150s] Installing publisher script to /home/student/rileyRobot_ws/install/xbox_input/lib/xbox_input
[1.150s] Installing subscriber script to /home/student/rileyRobot_ws/install/xbox_input/lib/xbox_input
[1.150s] writing list of installed files to '/home/student/rileyRobot_ws/build/xbox_input/install.log'
[1.172s] Invoked command in '/home/student/rileyRobot_ws/src/xbox_input' returned '0': AMENT_PREFIX_PATH=/home/student/rileyRobot_ws/install/riley_interfaces:${AMENT_PREFIX_PATH} CMAKE_PREFIX_PATH=/home/student/rileyRobot_ws/install/riley_interfaces LD_LIBRARY_PATH=/home/student/rileyRobot_ws/install/riley_interfaces/lib:${LD_LIBRARY_PATH} PYTHONPATH=/home/student/rileyRobot_ws/install/xbox_input/lib/python3.8/site-packages:/home/student/rileyRobot_ws/install/riley_interfaces/lib/python3.8/site-packages:${PYTHONPATH} /usr/bin/python3 setup.py egg_info --egg-base ../../build/xbox_input build --build-base /home/student/rileyRobot_ws/build/xbox_input/build install --prefix /home/student/rileyRobot_ws/install/xbox_input --record /home/student/rileyRobot_ws/build/xbox_input/install.log --single-version-externally-managed
