[0.166s] DEBUG:colcon:Command line arguments: ['/usr/bin/colcon', 'list', '-p', '--base-paths', '/home/student/yolov5']
[0.166s] DEBUG:colcon:Parsed command line arguments: Namespace(base_paths=['/home/student/yolov5'], build_base='build', ignore_user_meta=False, log_base=None, log_level=None, main=<bound method ListVerb.main of <colcon_package_information.verb.list.ListVerb object at 0x7fecae3b1dc0>>, metas=['./colcon.meta'], names_only=False, packages_above=None, packages_above_and_dependencies=None, packages_above_depth=None, packages_end=None, packages_ignore=None, packages_ignore_regex=None, packages_select=None, packages_select_build_failed=False, packages_select_by_dep=None, packages_select_regex=None, packages_select_test_failures=False, packages_skip=None, packages_skip_build_finished=False, packages_skip_by_dep=None, packages_skip_regex=None, packages_skip_test_passed=False, packages_skip_up_to=None, packages_start=None, packages_up_to=None, packages_up_to_regex=None, paths=None, paths_only=True, topological_graph=False, topological_graph_density=False, topological_graph_dot=False, topological_graph_dot_cluster=False, topological_graph_dot_include_skipped=False, topological_graph_legend=False, topological_order=False, verb_extension=<colcon_package_information.verb.list.ListVerb object at 0x7fecae3b1dc0>, verb_name='list', verb_parser=<colcon_defaults.argument_parser.defaults.DefaultArgumentsDecorator object at 0x7fecae2e6d90>)
[0.219s] Level 1:colcon.colcon_core.package_discovery:discover_packages(colcon_meta) check parameters
[0.219s] Level 1:colcon.colcon_core.package_discovery:discover_packages(recursive) check parameters
[0.219s] Level 1:colcon.colcon_core.package_discovery:discover_packages(ignore) check parameters
[0.219s] Level 1:colcon.colcon_core.package_discovery:discover_packages(path) check parameters
[0.219s] Level 1:colcon.colcon_core.package_discovery:discover_packages(recursive) discover
[0.220s] INFO:colcon.colcon_core.package_discovery:Crawling recursively for packages in '/home/student/yolov5'
[0.220s] Level 1:colcon.colcon_core.package_identification:_identify(/home/student/yolov5) by extensions ['ignore', 'ignore_ament_install']
[0.220s] Level 1:colcon.colcon_core.package_identification:_identify(/home/student/yolov5) by extension 'ignore'
[0.220s] Level 1:colcon.colcon_core.package_identification:_identify(/home/student/yolov5) by extension 'ignore_ament_install'
[0.220s] Level 1:colcon.colcon_core.package_identification:_identify(/home/student/yolov5) by extensions ['colcon_pkg']
[0.220s] Level 1:colcon.colcon_core.package_identification:_identify(/home/student/yolov5) by extension 'colcon_pkg'
[0.220s] Level 1:colcon.colcon_core.package_identification:_identify(/home/student/yolov5) by extensions ['colcon_meta']
[0.220s] Level 1:colcon.colcon_core.package_identification:_identify(/home/student/yolov5) by extension 'colcon_meta'
[0.221s] Level 1:colcon.colcon_core.package_identification:_identify(/home/student/yolov5) by extensions ['ros']
[0.221s] Level 1:colcon.colcon_core.package_identification:_identify(/home/student/yolov5) by extension 'ros'
[0.241s] Level 1:colcon.colcon_core.package_identification:_identify(/home/student/yolov5) by extensions ['cmake', 'python']
[0.241s] Level 1:colcon.colcon_core.package_identification:_identify(/home/student/yolov5) by extension 'cmake'
[0.241s] Level 1:colcon.colcon_core.package_identification:_identify(/home/student/yolov5) by extension 'python'
[0.241s] Level 1:colcon.colcon_core.package_identification:_identify(/home/student/yolov5) by extensions ['python_setup_py']
[0.241s] Level 1:colcon.colcon_core.package_identification:_identify(/home/student/yolov5) by extension 'python_setup_py'
[0.241s] Level 1:colcon.colcon_core.package_identification:_identify(/home/student/yolov5/__pycache__) by extensions ['ignore', 'ignore_ament_install']
[0.241s] Level 1:colcon.colcon_core.package_identification:_identify(/home/student/yolov5/__pycache__) by extension 'ignore'
[0.241s] Level 1:colcon.colcon_core.package_identification:_identify(/home/student/yolov5/__pycache__) by extension 'ignore_ament_install'
[0.242s] Level 1:colcon.colcon_core.package_identification:_identify(/home/student/yolov5/__pycache__) by extensions ['colcon_pkg']
[0.242s] Level 1:colcon.colcon_core.package_identification:_identify(/home/student/yolov5/__pycache__) by extension 'colcon_pkg'
[0.242s] Level 1:colcon.colcon_core.package_identification:_identify(/home/student/yolov5/__pycache__) by extensions ['colcon_meta']
[0.242s] Level 1:colcon.colcon_core.package_identification:_identify(/home/student/yolov5/__pycache__) by extension 'colcon_meta'
[0.242s] Level 1:colcon.colcon_core.package_identification:_identify(/home/student/yolov5/__pycache__) by extensions ['ros']
[0.242s] Level 1:colcon.colcon_core.package_identification:_identify(/home/student/yolov5/__pycache__) by extension 'ros'
[0.242s] Level 1:colcon.colcon_core.package_identification:_identify(/home/student/yolov5/__pycache__) by extensions ['cmake', 'python']
[0.242s] Level 1:colcon.colcon_core.package_identification:_identify(/home/student/yolov5/__pycache__) by extension 'cmake'
[0.242s] Level 1:colcon.colcon_core.package_identification:_identify(/home/student/yolov5/__pycache__) by extension 'python'
[0.242s] Level 1:colcon.colcon_core.package_identification:_identify(/home/student/yolov5/__pycache__) by extensions ['python_setup_py']
[0.242s] Level 1:colcon.colcon_core.package_identification:_identify(/home/student/yolov5/__pycache__) by extension 'python_setup_py'
[0.242s] Level 1:colcon.colcon_core.package_identification:_identify(/home/student/yolov5/data) by extensions ['ignore', 'ignore_ament_install']
[0.242s] Level 1:colcon.colcon_core.package_identification:_identify(/home/student/yolov5/data) by extension 'ignore'
[0.243s] Level 1:colcon.colcon_core.package_identification:_identify(/home/student/yolov5/data) by extension 'ignore_ament_install'
[0.243s] Level 1:colcon.colcon_core.package_identification:_identify(/home/student/yolov5/data) by extensions ['colcon_pkg']
[0.243s] Level 1:colcon.colcon_core.package_identification:_identify(/home/student/yolov5/data) by extension 'colcon_pkg'
[0.243s] Level 1:colcon.colcon_core.package_identification:_identify(/home/student/yolov5/data) by extensions ['colcon_meta']
[0.243s] Level 1:colcon.colcon_core.package_identification:_identify(/home/student/yolov5/data) by extension 'colcon_meta'
[0.243s] Level 1:colcon.colcon_core.package_identification:_identify(/home/student/yolov5/data) by extensions ['ros']
[0.243s] Level 1:colcon.colcon_core.package_identification:_identify(/home/student/yolov5/data) by extension 'ros'
[0.243s] Level 1:colcon.colcon_core.package_identification:_identify(/home/student/yolov5/data) by extensions ['cmake', 'python']
[0.243s] Level 1:colcon.colcon_core.package_identification:_identify(/home/student/yolov5/data) by extension 'cmake'
[0.243s] Level 1:colcon.colcon_core.package_identification:_identify(/home/student/yolov5/data) by extension 'python'
[0.243s] Level 1:colcon.colcon_core.package_identification:_identify(/home/student/yolov5/data) by extensions ['python_setup_py']
[0.243s] Level 1:colcon.colcon_core.package_identification:_identify(/home/student/yolov5/data) by extension 'python_setup_py'
[0.243s] Level 1:colcon.colcon_core.package_identification:_identify(/home/student/yolov5/data/hyps) by extensions ['ignore', 'ignore_ament_install']
[0.244s] Level 1:colcon.colcon_core.package_identification:_identify(/home/student/yolov5/data/hyps) by extension 'ignore'
[0.244s] Level 1:colcon.colcon_core.package_identification:_identify(/home/student/yolov5/data/hyps) by extension 'ignore_ament_install'
[0.244s] Level 1:colcon.colcon_core.package_identification:_identify(/home/student/yolov5/data/hyps) by extensions ['colcon_pkg']
[0.244s] Level 1:colcon.colcon_core.package_identification:_identify(/home/student/yolov5/data/hyps) by extension 'colcon_pkg'
[0.244s] Level 1:colcon.colcon_core.package_identification:_identify(/home/student/yolov5/data/hyps) by extensions ['colcon_meta']
[0.244s] Level 1:colcon.colcon_core.package_identification:_identify(/home/student/yolov5/data/hyps) by extension 'colcon_meta'
[0.244s] Level 1:colcon.colcon_core.package_identification:_identify(/home/student/yolov5/data/hyps) by extensions ['ros']
[0.244s] Level 1:colcon.colcon_core.package_identification:_identify(/home/student/yolov5/data/hyps) by extension 'ros'
[0.244s] Level 1:colcon.colcon_core.package_identification:_identify(/home/student/yolov5/data/hyps) by extensions ['cmake', 'python']
[0.244s] Level 1:colcon.colcon_core.package_identification:_identify(/home/student/yolov5/data/hyps) by extension 'cmake'
[0.244s] Level 1:colcon.colcon_core.package_identification:_identify(/home/student/yolov5/data/hyps) by extension 'python'
[0.244s] Level 1:colcon.colcon_core.package_identification:_identify(/home/student/yolov5/data/hyps) by extensions ['python_setup_py']
[0.244s] Level 1:colcon.colcon_core.package_identification:_identify(/home/student/yolov5/data/hyps) by extension 'python_setup_py'
[0.245s] Level 1:colcon.colcon_core.package_identification:_identify(/home/student/yolov5/data/images) by extensions ['ignore', 'ignore_ament_install']
[0.245s] Level 1:colcon.colcon_core.package_identification:_identify(/home/student/yolov5/data/images) by extension 'ignore'
[0.245s] Level 1:colcon.colcon_core.package_identification:_identify(/home/student/yolov5/data/images) by extension 'ignore_ament_install'
[0.245s] Level 1:colcon.colcon_core.package_identification:_identify(/home/student/yolov5/data/images) by extensions ['colcon_pkg']
[0.245s] Level 1:colcon.colcon_core.package_identification:_identify(/home/student/yolov5/data/images) by extension 'colcon_pkg'
[0.245s] Level 1:colcon.colcon_core.package_identification:_identify(/home/student/yolov5/data/images) by extensions ['colcon_meta']
[0.245s] Level 1:colcon.colcon_core.package_identification:_identify(/home/student/yolov5/data/images) by extension 'colcon_meta'
[0.245s] Level 1:colcon.colcon_core.package_identification:_identify(/home/student/yolov5/data/images) by extensions ['ros']
[0.245s] Level 1:colcon.colcon_core.package_identification:_identify(/home/student/yolov5/data/images) by extension 'ros'
[0.245s] Level 1:colcon.colcon_core.package_identification:_identify(/home/student/yolov5/data/images) by extensions ['cmake', 'python']
[0.245s] Level 1:colcon.colcon_core.package_identification:_identify(/home/student/yolov5/data/images) by extension 'cmake'
[0.245s] Level 1:colcon.colcon_core.package_identification:_identify(/home/student/yolov5/data/images) by extension 'python'
[0.245s] Level 1:colcon.colcon_core.package_identification:_identify(/home/student/yolov5/data/images) by extensions ['python_setup_py']
[0.245s] Level 1:colcon.colcon_core.package_identification:_identify(/home/student/yolov5/data/images) by extension 'python_setup_py'
[0.246s] Level 1:colcon.colcon_core.package_identification:_identify(/home/student/yolov5/data/scripts) by extensions ['ignore', 'ignore_ament_install']
[0.246s] Level 1:colcon.colcon_core.package_identification:_identify(/home/student/yolov5/data/scripts) by extension 'ignore'
[0.246s] Level 1:colcon.colcon_core.package_identification:_identify(/home/student/yolov5/data/scripts) by extension 'ignore_ament_install'
[0.246s] Level 1:colcon.colcon_core.package_identification:_identify(/home/student/yolov5/data/scripts) by extensions ['colcon_pkg']
[0.246s] Level 1:colcon.colcon_core.package_identification:_identify(/home/student/yolov5/data/scripts) by extension 'colcon_pkg'
[0.246s] Level 1:colcon.colcon_core.package_identification:_identify(/home/student/yolov5/data/scripts) by extensions ['colcon_meta']
[0.246s] Level 1:colcon.colcon_core.package_identification:_identify(/home/student/yolov5/data/scripts) by extension 'colcon_meta'
[0.246s] Level 1:colcon.colcon_core.package_identification:_identify(/home/student/yolov5/data/scripts) by extensions ['ros']
[0.246s] Level 1:colcon.colcon_core.package_identification:_identify(/home/student/yolov5/data/scripts) by extension 'ros'
[0.246s] Level 1:colcon.colcon_core.package_identification:_identify(/home/student/yolov5/data/scripts) by extensions ['cmake', 'python']
[0.246s] Level 1:colcon.colcon_core.package_identification:_identify(/home/student/yolov5/data/scripts) by extension 'cmake'
[0.246s] Level 1:colcon.colcon_core.package_identification:_identify(/home/student/yolov5/data/scripts) by extension 'python'
[0.246s] Level 1:colcon.colcon_core.package_identification:_identify(/home/student/yolov5/data/scripts) by extensions ['python_setup_py']
[0.247s] Level 1:colcon.colcon_core.package_identification:_identify(/home/student/yolov5/data/scripts) by extension 'python_setup_py'
[0.247s] Level 1:colcon.colcon_core.package_identification:_identify(/home/student/yolov5/dataset) by extensions ['ignore', 'ignore_ament_install']
[0.247s] Level 1:colcon.colcon_core.package_identification:_identify(/home/student/yolov5/dataset) by extension 'ignore'
[0.247s] Level 1:colcon.colcon_core.package_identification:_identify(/home/student/yolov5/dataset) by extension 'ignore_ament_install'
[0.247s] Level 1:colcon.colcon_core.package_identification:_identify(/home/student/yolov5/dataset) by extensions ['colcon_pkg']
[0.247s] Level 1:colcon.colcon_core.package_identification:_identify(/home/student/yolov5/dataset) by extension 'colcon_pkg'
[0.247s] Level 1:colcon.colcon_core.package_identification:_identify(/home/student/yolov5/dataset) by extensions ['colcon_meta']
[0.247s] Level 1:colcon.colcon_core.package_identification:_identify(/home/student/yolov5/dataset) by extension 'colcon_meta'
[0.247s] Level 1:colcon.colcon_core.package_identification:_identify(/home/student/yolov5/dataset) by extensions ['ros']
[0.247s] Level 1:colcon.colcon_core.package_identification:_identify(/home/student/yolov5/dataset) by extension 'ros'
[0.247s] Level 1:colcon.colcon_core.package_identification:_identify(/home/student/yolov5/dataset) by extensions ['cmake', 'python']
[0.247s] Level 1:colcon.colcon_core.package_identification:_identify(/home/student/yolov5/dataset) by extension 'cmake'
[0.247s] Level 1:colcon.colcon_core.package_identification:_identify(/home/student/yolov5/dataset) by extension 'python'
[0.248s] Level 1:colcon.colcon_core.package_identification:_identify(/home/student/yolov5/dataset) by extensions ['python_setup_py']
[0.248s] Level 1:colcon.colcon_core.package_identification:_identify(/home/student/yolov5/dataset) by extension 'python_setup_py'
[0.248s] Level 1:colcon.colcon_core.package_identification:_identify(/home/student/yolov5/dataset/test) by extensions ['ignore', 'ignore_ament_install']
[0.248s] Level 1:colcon.colcon_core.package_identification:_identify(/home/student/yolov5/dataset/test) by extension 'ignore'
[0.248s] Level 1:colcon.colcon_core.package_identification:_identify(/home/student/yolov5/dataset/test) by extension 'ignore_ament_install'
[0.248s] Level 1:colcon.colcon_core.package_identification:_identify(/home/student/yolov5/dataset/test) by extensions ['colcon_pkg']
[0.248s] Level 1:colcon.colcon_core.package_identification:_identify(/home/student/yolov5/dataset/test) by extension 'colcon_pkg'
[0.248s] Level 1:colcon.colcon_core.package_identification:_identify(/home/student/yolov5/dataset/test) by extensions ['colcon_meta']
[0.248s] Level 1:colcon.colcon_core.package_identification:_identify(/home/student/yolov5/dataset/test) by extension 'colcon_meta'
[0.248s] Level 1:colcon.colcon_core.package_identification:_identify(/home/student/yolov5/dataset/test) by extensions ['ros']
[0.248s] Level 1:colcon.colcon_core.package_identification:_identify(/home/student/yolov5/dataset/test) by extension 'ros'
[0.248s] Level 1:colcon.colcon_core.package_identification:_identify(/home/student/yolov5/dataset/test) by extensions ['cmake', 'python']
[0.249s] Level 1:colcon.colcon_core.package_identification:_identify(/home/student/yolov5/dataset/test) by extension 'cmake'
[0.249s] Level 1:colcon.colcon_core.package_identification:_identify(/home/student/yolov5/dataset/test) by extension 'python'
[0.249s] Level 1:colcon.colcon_core.package_identification:_identify(/home/student/yolov5/dataset/test) by extensions ['python_setup_py']
[0.249s] Level 1:colcon.colcon_core.package_identification:_identify(/home/student/yolov5/dataset/test) by extension 'python_setup_py'
[0.252s] Level 1:colcon.colcon_core.package_identification:_identify(/home/student/yolov5/dataset/test/Doors) by extensions ['ignore', 'ignore_ament_install']
[0.252s] Level 1:colcon.colcon_core.package_identification:_identify(/home/student/yolov5/dataset/test/Doors) by extension 'ignore'
[0.252s] Level 1:colcon.colcon_core.package_identification:_identify(/home/student/yolov5/dataset/test/Doors) by extension 'ignore_ament_install'
[0.252s] Level 1:colcon.colcon_core.package_identification:_identify(/home/student/yolov5/dataset/test/Doors) by extensions ['colcon_pkg']
[0.252s] Level 1:colcon.colcon_core.package_identification:_identify(/home/student/yolov5/dataset/test/Doors) by extension 'colcon_pkg'
[0.253s] Level 1:colcon.colcon_core.package_identification:_identify(/home/student/yolov5/dataset/test/Doors) by extensions ['colcon_meta']
[0.253s] Level 1:colcon.colcon_core.package_identification:_identify(/home/student/yolov5/dataset/test/Doors) by extension 'colcon_meta'
[0.253s] Level 1:colcon.colcon_core.package_identification:_identify(/home/student/yolov5/dataset/test/Doors) by extensions ['ros']
[0.253s] Level 1:colcon.colcon_core.package_identification:_identify(/home/student/yolov5/dataset/test/Doors) by extension 'ros'
[0.253s] Level 1:colcon.colcon_core.package_identification:_identify(/home/student/yolov5/dataset/test/Doors) by extensions ['cmake', 'python']
[0.253s] Level 1:colcon.colcon_core.package_identification:_identify(/home/student/yolov5/dataset/test/Doors) by extension 'cmake'
[0.253s] Level 1:colcon.colcon_core.package_identification:_identify(/home/student/yolov5/dataset/test/Doors) by extension 'python'
[0.253s] Level 1:colcon.colcon_core.package_identification:_identify(/home/student/yolov5/dataset/test/Doors) by extensions ['python_setup_py']
[0.253s] Level 1:colcon.colcon_core.package_identification:_identify(/home/student/yolov5/dataset/test/Doors) by extension 'python_setup_py'
[0.253s] Level 1:colcon.colcon_core.package_identification:_identify(/home/student/yolov5/dataset/train) by extensions ['ignore', 'ignore_ament_install']
[0.253s] Level 1:colcon.colcon_core.package_identification:_identify(/home/student/yolov5/dataset/train) by extension 'ignore'
[0.254s] Level 1:colcon.colcon_core.package_identification:_identify(/home/student/yolov5/dataset/train) by extension 'ignore_ament_install'
[0.254s] Level 1:colcon.colcon_core.package_identification:_identify(/home/student/yolov5/dataset/train) by extensions ['colcon_pkg']
[0.254s] Level 1:colcon.colcon_core.package_identification:_identify(/home/student/yolov5/dataset/train) by extension 'colcon_pkg'
[0.254s] Level 1:colcon.colcon_core.package_identification:_identify(/home/student/yolov5/dataset/train) by extensions ['colcon_meta']
[0.254s] Level 1:colcon.colcon_core.package_identification:_identify(/home/student/yolov5/dataset/train) by extension 'colcon_meta'
[0.254s] Level 1:colcon.colcon_core.package_identification:_identify(/home/student/yolov5/dataset/train) by extensions ['ros']
[0.254s] Level 1:colcon.colcon_core.package_identification:_identify(/home/student/yolov5/dataset/train) by extension 'ros'
[0.254s] Level 1:colcon.colcon_core.package_identification:_identify(/home/student/yolov5/dataset/train) by extensions ['cmake', 'python']
[0.254s] Level 1:colcon.colcon_core.package_identification:_identify(/home/student/yolov5/dataset/train) by extension 'cmake'
[0.254s] Level 1:colcon.colcon_core.package_identification:_identify(/home/student/yolov5/dataset/train) by extension 'python'
[0.254s] Level 1:colcon.colcon_core.package_identification:_identify(/home/student/yolov5/dataset/train) by extensions ['python_setup_py']
[0.254s] Level 1:colcon.colcon_core.package_identification:_identify(/home/student/yolov5/dataset/train) by extension 'python_setup_py'
[0.257s] Level 1:colcon.colcon_core.package_identification:_identify(/home/student/yolov5/dataset/train/Doors) by extensions ['ignore', 'ignore_ament_install']
[0.257s] Level 1:colcon.colcon_core.package_identification:_identify(/home/student/yolov5/dataset/train/Doors) by extension 'ignore'
[0.257s] Level 1:colcon.colcon_core.package_identification:_identify(/home/student/yolov5/dataset/train/Doors) by extension 'ignore_ament_install'
[0.257s] Level 1:colcon.colcon_core.package_identification:_identify(/home/student/yolov5/dataset/train/Doors) by extensions ['colcon_pkg']
[0.257s] Level 1:colcon.colcon_core.package_identification:_identify(/home/student/yolov5/dataset/train/Doors) by extension 'colcon_pkg'
[0.257s] Level 1:colcon.colcon_core.package_identification:_identify(/home/student/yolov5/dataset/train/Doors) by extensions ['colcon_meta']
[0.258s] Level 1:colcon.colcon_core.package_identification:_identify(/home/student/yolov5/dataset/train/Doors) by extension 'colcon_meta'
[0.258s] Level 1:colcon.colcon_core.package_identification:_identify(/home/student/yolov5/dataset/train/Doors) by extensions ['ros']
[0.258s] Level 1:colcon.colcon_core.package_identification:_identify(/home/student/yolov5/dataset/train/Doors) by extension 'ros'
[0.258s] Level 1:colcon.colcon_core.package_identification:_identify(/home/student/yolov5/dataset/train/Doors) by extensions ['cmake', 'python']
[0.258s] Level 1:colcon.colcon_core.package_identification:_identify(/home/student/yolov5/dataset/train/Doors) by extension 'cmake'
[0.258s] Level 1:colcon.colcon_core.package_identification:_identify(/home/student/yolov5/dataset/train/Doors) by extension 'python'
[0.258s] Level 1:colcon.colcon_core.package_identification:_identify(/home/student/yolov5/dataset/train/Doors) by extensions ['python_setup_py']
[0.258s] Level 1:colcon.colcon_core.package_identification:_identify(/home/student/yolov5/dataset/train/Doors) by extension 'python_setup_py'
[0.258s] Level 1:colcon.colcon_core.package_identification:_identify(/home/student/yolov5/dataset/val) by extensions ['ignore', 'ignore_ament_install']
[0.259s] Level 1:colcon.colcon_core.package_identification:_identify(/home/student/yolov5/dataset/val) by extension 'ignore'
[0.259s] Level 1:colcon.colcon_core.package_identification:_identify(/home/student/yolov5/dataset/val) by extension 'ignore_ament_install'
[0.259s] Level 1:colcon.colcon_core.package_identification:_identify(/home/student/yolov5/dataset/val) by extensions ['colcon_pkg']
[0.259s] Level 1:colcon.colcon_core.package_identification:_identify(/home/student/yolov5/dataset/val) by extension 'colcon_pkg'
[0.259s] Level 1:colcon.colcon_core.package_identification:_identify(/home/student/yolov5/dataset/val) by extensions ['colcon_meta']
[0.259s] Level 1:colcon.colcon_core.package_identification:_identify(/home/student/yolov5/dataset/val) by extension 'colcon_meta'
[0.259s] Level 1:colcon.colcon_core.package_identification:_identify(/home/student/yolov5/dataset/val) by extensions ['ros']
[0.259s] Level 1:colcon.colcon_core.package_identification:_identify(/home/student/yolov5/dataset/val) by extension 'ros'
[0.259s] Level 1:colcon.colcon_core.package_identification:_identify(/home/student/yolov5/dataset/val) by extensions ['cmake', 'python']
[0.259s] Level 1:colcon.colcon_core.package_identification:_identify(/home/student/yolov5/dataset/val) by extension 'cmake'
[0.259s] Level 1:colcon.colcon_core.package_identification:_identify(/home/student/yolov5/dataset/val) by extension 'python'
[0.259s] Level 1:colcon.colcon_core.package_identification:_identify(/home/student/yolov5/dataset/val) by extensions ['python_setup_py']
[0.259s] Level 1:colcon.colcon_core.package_identification:_identify(/home/student/yolov5/dataset/val) by extension 'python_setup_py'
[0.262s] Level 1:colcon.colcon_core.package_identification:_identify(/home/student/yolov5/dataset/val/Doors) by extensions ['ignore', 'ignore_ament_install']
[0.263s] Level 1:colcon.colcon_core.package_identification:_identify(/home/student/yolov5/dataset/val/Doors) by extension 'ignore'
[0.263s] Level 1:colcon.colcon_core.package_identification:_identify(/home/student/yolov5/dataset/val/Doors) by extension 'ignore_ament_install'
[0.263s] Level 1:colcon.colcon_core.package_identification:_identify(/home/student/yolov5/dataset/val/Doors) by extensions ['colcon_pkg']
[0.263s] Level 1:colcon.colcon_core.package_identification:_identify(/home/student/yolov5/dataset/val/Doors) by extension 'colcon_pkg'
[0.263s] Level 1:colcon.colcon_core.package_identification:_identify(/home/student/yolov5/dataset/val/Doors) by extensions ['colcon_meta']
[0.263s] Level 1:colcon.colcon_core.package_identification:_identify(/home/student/yolov5/dataset/val/Doors) by extension 'colcon_meta'
[0.263s] Level 1:colcon.colcon_core.package_identification:_identify(/home/student/yolov5/dataset/val/Doors) by extensions ['ros']
[0.263s] Level 1:colcon.colcon_core.package_identification:_identify(/home/student/yolov5/dataset/val/Doors) by extension 'ros'
[0.264s] Level 1:colcon.colcon_core.package_identification:_identify(/home/student/yolov5/dataset/val/Doors) by extensions ['cmake', 'python']
[0.264s] Level 1:colcon.colcon_core.package_identification:_identify(/home/student/yolov5/dataset/val/Doors) by extension 'cmake'
[0.264s] Level 1:colcon.colcon_core.package_identification:_identify(/home/student/yolov5/dataset/val/Doors) by extension 'python'
[0.264s] Level 1:colcon.colcon_core.package_identification:_identify(/home/student/yolov5/dataset/val/Doors) by extensions ['python_setup_py']
[0.264s] Level 1:colcon.colcon_core.package_identification:_identify(/home/student/yolov5/dataset/val/Doors) by extension 'python_setup_py'
[0.264s] Level 1:colcon.colcon_core.package_identification:_identify(/home/student/yolov5/log) by extensions ['ignore', 'ignore_ament_install']
[0.264s] Level 1:colcon.colcon_core.package_identification:_identify(/home/student/yolov5/log) by extension 'ignore'
[0.264s] Level 1:colcon.colcon_core.package_identification:_identify(/home/student/yolov5/log) ignored
[0.264s] Level 1:colcon.colcon_core.package_identification:_identify(/home/student/yolov5/models) by extensions ['ignore', 'ignore_ament_install']
[0.265s] Level 1:colcon.colcon_core.package_identification:_identify(/home/student/yolov5/models) by extension 'ignore'
[0.265s] Level 1:colcon.colcon_core.package_identification:_identify(/home/student/yolov5/models) by extension 'ignore_ament_install'
[0.265s] Level 1:colcon.colcon_core.package_identification:_identify(/home/student/yolov5/models) by extensions ['colcon_pkg']
[0.265s] Level 1:colcon.colcon_core.package_identification:_identify(/home/student/yolov5/models) by extension 'colcon_pkg'
[0.265s] Level 1:colcon.colcon_core.package_identification:_identify(/home/student/yolov5/models) by extensions ['colcon_meta']
[0.265s] Level 1:colcon.colcon_core.package_identification:_identify(/home/student/yolov5/models) by extension 'colcon_meta'
[0.265s] Level 1:colcon.colcon_core.package_identification:_identify(/home/student/yolov5/models) by extensions ['ros']
[0.265s] Level 1:colcon.colcon_core.package_identification:_identify(/home/student/yolov5/models) by extension 'ros'
[0.265s] Level 1:colcon.colcon_core.package_identification:_identify(/home/student/yolov5/models) by extensions ['cmake', 'python']
[0.265s] Level 1:colcon.colcon_core.package_identification:_identify(/home/student/yolov5/models) by extension 'cmake'
[0.265s] Level 1:colcon.colcon_core.package_identification:_identify(/home/student/yolov5/models) by extension 'python'
[0.265s] Level 1:colcon.colcon_core.package_identification:_identify(/home/student/yolov5/models) by extensions ['python_setup_py']
[0.265s] Level 1:colcon.colcon_core.package_identification:_identify(/home/student/yolov5/models) by extension 'python_setup_py'
[0.266s] Level 1:colcon.colcon_core.package_identification:_identify(/home/student/yolov5/models/__pycache__) by extensions ['ignore', 'ignore_ament_install']
[0.266s] Level 1:colcon.colcon_core.package_identification:_identify(/home/student/yolov5/models/__pycache__) by extension 'ignore'
[0.266s] Level 1:colcon.colcon_core.package_identification:_identify(/home/student/yolov5/models/__pycache__) by extension 'ignore_ament_install'
[0.266s] Level 1:colcon.colcon_core.package_identification:_identify(/home/student/yolov5/models/__pycache__) by extensions ['colcon_pkg']
[0.266s] Level 1:colcon.colcon_core.package_identification:_identify(/home/student/yolov5/models/__pycache__) by extension 'colcon_pkg'
[0.266s] Level 1:colcon.colcon_core.package_identification:_identify(/home/student/yolov5/models/__pycache__) by extensions ['colcon_meta']
[0.266s] Level 1:colcon.colcon_core.package_identification:_identify(/home/student/yolov5/models/__pycache__) by extension 'colcon_meta'
[0.266s] Level 1:colcon.colcon_core.package_identification:_identify(/home/student/yolov5/models/__pycache__) by extensions ['ros']
[0.266s] Level 1:colcon.colcon_core.package_identification:_identify(/home/student/yolov5/models/__pycache__) by extension 'ros'
[0.266s] Level 1:colcon.colcon_core.package_identification:_identify(/home/student/yolov5/models/__pycache__) by extensions ['cmake', 'python']
[0.266s] Level 1:colcon.colcon_core.package_identification:_identify(/home/student/yolov5/models/__pycache__) by extension 'cmake'
[0.266s] Level 1:colcon.colcon_core.package_identification:_identify(/home/student/yolov5/models/__pycache__) by extension 'python'
[0.266s] Level 1:colcon.colcon_core.package_identification:_identify(/home/student/yolov5/models/__pycache__) by extensions ['python_setup_py']
[0.266s] Level 1:colcon.colcon_core.package_identification:_identify(/home/student/yolov5/models/__pycache__) by extension 'python_setup_py'
[0.267s] Level 1:colcon.colcon_core.package_identification:_identify(/home/student/yolov5/models/hub) by extensions ['ignore', 'ignore_ament_install']
[0.267s] Level 1:colcon.colcon_core.package_identification:_identify(/home/student/yolov5/models/hub) by extension 'ignore'
[0.267s] Level 1:colcon.colcon_core.package_identification:_identify(/home/student/yolov5/models/hub) by extension 'ignore_ament_install'
[0.267s] Level 1:colcon.colcon_core.package_identification:_identify(/home/student/yolov5/models/hub) by extensions ['colcon_pkg']
[0.267s] Level 1:colcon.colcon_core.package_identification:_identify(/home/student/yolov5/models/hub) by extension 'colcon_pkg'
[0.267s] Level 1:colcon.colcon_core.package_identification:_identify(/home/student/yolov5/models/hub) by extensions ['colcon_meta']
[0.267s] Level 1:colcon.colcon_core.package_identification:_identify(/home/student/yolov5/models/hub) by extension 'colcon_meta'
[0.267s] Level 1:colcon.colcon_core.package_identification:_identify(/home/student/yolov5/models/hub) by extensions ['ros']
[0.267s] Level 1:colcon.colcon_core.package_identification:_identify(/home/student/yolov5/models/hub) by extension 'ros'
[0.267s] Level 1:colcon.colcon_core.package_identification:_identify(/home/student/yolov5/models/hub) by extensions ['cmake', 'python']
[0.267s] Level 1:colcon.colcon_core.package_identification:_identify(/home/student/yolov5/models/hub) by extension 'cmake'
[0.268s] Level 1:colcon.colcon_core.package_identification:_identify(/home/student/yolov5/models/hub) by extension 'python'
[0.268s] Level 1:colcon.colcon_core.package_identification:_identify(/home/student/yolov5/models/hub) by extensions ['python_setup_py']
[0.268s] Level 1:colcon.colcon_core.package_identification:_identify(/home/student/yolov5/models/hub) by extension 'python_setup_py'
[0.268s] Level 1:colcon.colcon_core.package_identification:_identify(/home/student/yolov5/runs) by extensions ['ignore', 'ignore_ament_install']
[0.268s] Level 1:colcon.colcon_core.package_identification:_identify(/home/student/yolov5/runs) by extension 'ignore'
[0.268s] Level 1:colcon.colcon_core.package_identification:_identify(/home/student/yolov5/runs) by extension 'ignore_ament_install'
[0.268s] Level 1:colcon.colcon_core.package_identification:_identify(/home/student/yolov5/runs) by extensions ['colcon_pkg']
[0.268s] Level 1:colcon.colcon_core.package_identification:_identify(/home/student/yolov5/runs) by extension 'colcon_pkg'
[0.268s] Level 1:colcon.colcon_core.package_identification:_identify(/home/student/yolov5/runs) by extensions ['colcon_meta']
[0.268s] Level 1:colcon.colcon_core.package_identification:_identify(/home/student/yolov5/runs) by extension 'colcon_meta'
[0.268s] Level 1:colcon.colcon_core.package_identification:_identify(/home/student/yolov5/runs) by extensions ['ros']
[0.268s] Level 1:colcon.colcon_core.package_identification:_identify(/home/student/yolov5/runs) by extension 'ros'
[0.269s] Level 1:colcon.colcon_core.package_identification:_identify(/home/student/yolov5/runs) by extensions ['cmake', 'python']
[0.269s] Level 1:colcon.colcon_core.package_identification:_identify(/home/student/yolov5/runs) by extension 'cmake'
[0.269s] Level 1:colcon.colcon_core.package_identification:_identify(/home/student/yolov5/runs) by extension 'python'
[0.269s] Level 1:colcon.colcon_core.package_identification:_identify(/home/student/yolov5/runs) by extensions ['python_setup_py']
[0.269s] Level 1:colcon.colcon_core.package_identification:_identify(/home/student/yolov5/runs) by extension 'python_setup_py'
[0.269s] Level 1:colcon.colcon_core.package_identification:_identify(/home/student/yolov5/runs/detect) by extensions ['ignore', 'ignore_ament_install']
[0.269s] Level 1:colcon.colcon_core.package_identification:_identify(/home/student/yolov5/runs/detect) by extension 'ignore'
[0.269s] Level 1:colcon.colcon_core.package_identification:_identify(/home/student/yolov5/runs/detect) by extension 'ignore_ament_install'
[0.269s] Level 1:colcon.colcon_core.package_identification:_identify(/home/student/yolov5/runs/detect) by extensions ['colcon_pkg']
[0.269s] Level 1:colcon.colcon_core.package_identification:_identify(/home/student/yolov5/runs/detect) by extension 'colcon_pkg'
[0.269s] Level 1:colcon.colcon_core.package_identification:_identify(/home/student/yolov5/runs/detect) by extensions ['colcon_meta']
[0.269s] Level 1:colcon.colcon_core.package_identification:_identify(/home/student/yolov5/runs/detect) by extension 'colcon_meta'
[0.269s] Level 1:colcon.colcon_core.package_identification:_identify(/home/student/yolov5/runs/detect) by extensions ['ros']
[0.269s] Level 1:colcon.colcon_core.package_identification:_identify(/home/student/yolov5/runs/detect) by extension 'ros'
[0.270s] Level 1:colcon.colcon_core.package_identification:_identify(/home/student/yolov5/runs/detect) by extensions ['cmake', 'python']
[0.270s] Level 1:colcon.colcon_core.package_identification:_identify(/home/student/yolov5/runs/detect) by extension 'cmake'
[0.270s] Level 1:colcon.colcon_core.package_identification:_identify(/home/student/yolov5/runs/detect) by extension 'python'
[0.270s] Level 1:colcon.colcon_core.package_identification:_identify(/home/student/yolov5/runs/detect) by extensions ['python_setup_py']
[0.270s] Level 1:colcon.colcon_core.package_identification:_identify(/home/student/yolov5/runs/detect) by extension 'python_setup_py'
[0.270s] Level 1:colcon.colcon_core.package_identification:_identify(/home/student/yolov5/runs/detect/exp) by extensions ['ignore', 'ignore_ament_install']
[0.270s] Level 1:colcon.colcon_core.package_identification:_identify(/home/student/yolov5/runs/detect/exp) by extension 'ignore'
[0.270s] Level 1:colcon.colcon_core.package_identification:_identify(/home/student/yolov5/runs/detect/exp) by extension 'ignore_ament_install'
[0.270s] Level 1:colcon.colcon_core.package_identification:_identify(/home/student/yolov5/runs/detect/exp) by extensions ['colcon_pkg']
[0.270s] Level 1:colcon.colcon_core.package_identification:_identify(/home/student/yolov5/runs/detect/exp) by extension 'colcon_pkg'
[0.270s] Level 1:colcon.colcon_core.package_identification:_identify(/home/student/yolov5/runs/detect/exp) by extensions ['colcon_meta']
[0.270s] Level 1:colcon.colcon_core.package_identification:_identify(/home/student/yolov5/runs/detect/exp) by extension 'colcon_meta'
[0.271s] Level 1:colcon.colcon_core.package_identification:_identify(/home/student/yolov5/runs/detect/exp) by extensions ['ros']
[0.271s] Level 1:colcon.colcon_core.package_identification:_identify(/home/student/yolov5/runs/detect/exp) by extension 'ros'
[0.271s] Level 1:colcon.colcon_core.package_identification:_identify(/home/student/yolov5/runs/detect/exp) by extensions ['cmake', 'python']
[0.271s] Level 1:colcon.colcon_core.package_identification:_identify(/home/student/yolov5/runs/detect/exp) by extension 'cmake'
[0.271s] Level 1:colcon.colcon_core.package_identification:_identify(/home/student/yolov5/runs/detect/exp) by extension 'python'
[0.271s] Level 1:colcon.colcon_core.package_identification:_identify(/home/student/yolov5/runs/detect/exp) by extensions ['python_setup_py']
[0.271s] Level 1:colcon.colcon_core.package_identification:_identify(/home/student/yolov5/runs/detect/exp) by extension 'python_setup_py'
[0.271s] Level 1:colcon.colcon_core.package_identification:_identify(/home/student/yolov5/runs/detect/exp2) by extensions ['ignore', 'ignore_ament_install']
[0.271s] Level 1:colcon.colcon_core.package_identification:_identify(/home/student/yolov5/runs/detect/exp2) by extension 'ignore'
[0.271s] Level 1:colcon.colcon_core.package_identification:_identify(/home/student/yolov5/runs/detect/exp2) by extension 'ignore_ament_install'
[0.271s] Level 1:colcon.colcon_core.package_identification:_identify(/home/student/yolov5/runs/detect/exp2) by extensions ['colcon_pkg']
[0.271s] Level 1:colcon.colcon_core.package_identification:_identify(/home/student/yolov5/runs/detect/exp2) by extension 'colcon_pkg'
[0.272s] Level 1:colcon.colcon_core.package_identification:_identify(/home/student/yolov5/runs/detect/exp2) by extensions ['colcon_meta']
[0.272s] Level 1:colcon.colcon_core.package_identification:_identify(/home/student/yolov5/runs/detect/exp2) by extension 'colcon_meta'
[0.272s] Level 1:colcon.colcon_core.package_identification:_identify(/home/student/yolov5/runs/detect/exp2) by extensions ['ros']
[0.272s] Level 1:colcon.colcon_core.package_identification:_identify(/home/student/yolov5/runs/detect/exp2) by extension 'ros'
[0.272s] Level 1:colcon.colcon_core.package_identification:_identify(/home/student/yolov5/runs/detect/exp2) by extensions ['cmake', 'python']
[0.272s] Level 1:colcon.colcon_core.package_identification:_identify(/home/student/yolov5/runs/detect/exp2) by extension 'cmake'
[0.272s] Level 1:colcon.colcon_core.package_identification:_identify(/home/student/yolov5/runs/detect/exp2) by extension 'python'
[0.272s] Level 1:colcon.colcon_core.package_identification:_identify(/home/student/yolov5/runs/detect/exp2) by extensions ['python_setup_py']
[0.272s] Level 1:colcon.colcon_core.package_identification:_identify(/home/student/yolov5/runs/detect/exp2) by extension 'python_setup_py'
[0.272s] Level 1:colcon.colcon_core.package_identification:_identify(/home/student/yolov5/runs/detect/exp3) by extensions ['ignore', 'ignore_ament_install']
[0.272s] Level 1:colcon.colcon_core.package_identification:_identify(/home/student/yolov5/runs/detect/exp3) by extension 'ignore'
[0.272s] Level 1:colcon.colcon_core.package_identification:_identify(/home/student/yolov5/runs/detect/exp3) by extension 'ignore_ament_install'
[0.272s] Level 1:colcon.colcon_core.package_identification:_identify(/home/student/yolov5/runs/detect/exp3) by extensions ['colcon_pkg']
[0.273s] Level 1:colcon.colcon_core.package_identification:_identify(/home/student/yolov5/runs/detect/exp3) by extension 'colcon_pkg'
[0.273s] Level 1:colcon.colcon_core.package_identification:_identify(/home/student/yolov5/runs/detect/exp3) by extensions ['colcon_meta']
[0.273s] Level 1:colcon.colcon_core.package_identification:_identify(/home/student/yolov5/runs/detect/exp3) by extension 'colcon_meta'
[0.273s] Level 1:colcon.colcon_core.package_identification:_identify(/home/student/yolov5/runs/detect/exp3) by extensions ['ros']
[0.273s] Level 1:colcon.colcon_core.package_identification:_identify(/home/student/yolov5/runs/detect/exp3) by extension 'ros'
[0.273s] Level 1:colcon.colcon_core.package_identification:_identify(/home/student/yolov5/runs/detect/exp3) by extensions ['cmake', 'python']
[0.273s] Level 1:colcon.colcon_core.package_identification:_identify(/home/student/yolov5/runs/detect/exp3) by extension 'cmake'
[0.273s] Level 1:colcon.colcon_core.package_identification:_identify(/home/student/yolov5/runs/detect/exp3) by extension 'python'
[0.273s] Level 1:colcon.colcon_core.package_identification:_identify(/home/student/yolov5/runs/detect/exp3) by extensions ['python_setup_py']
[0.273s] Level 1:colcon.colcon_core.package_identification:_identify(/home/student/yolov5/runs/detect/exp3) by extension 'python_setup_py'
[0.273s] Level 1:colcon.colcon_core.package_identification:_identify(/home/student/yolov5/runs/detect/exp4) by extensions ['ignore', 'ignore_ament_install']
[0.273s] Level 1:colcon.colcon_core.package_identification:_identify(/home/student/yolov5/runs/detect/exp4) by extension 'ignore'
[0.274s] Level 1:colcon.colcon_core.package_identification:_identify(/home/student/yolov5/runs/detect/exp4) by extension 'ignore_ament_install'
[0.274s] Level 1:colcon.colcon_core.package_identification:_identify(/home/student/yolov5/runs/detect/exp4) by extensions ['colcon_pkg']
[0.274s] Level 1:colcon.colcon_core.package_identification:_identify(/home/student/yolov5/runs/detect/exp4) by extension 'colcon_pkg'
[0.274s] Level 1:colcon.colcon_core.package_identification:_identify(/home/student/yolov5/runs/detect/exp4) by extensions ['colcon_meta']
[0.274s] Level 1:colcon.colcon_core.package_identification:_identify(/home/student/yolov5/runs/detect/exp4) by extension 'colcon_meta'
[0.274s] Level 1:colcon.colcon_core.package_identification:_identify(/home/student/yolov5/runs/detect/exp4) by extensions ['ros']
[0.274s] Level 1:colcon.colcon_core.package_identification:_identify(/home/student/yolov5/runs/detect/exp4) by extension 'ros'
[0.274s] Level 1:colcon.colcon_core.package_identification:_identify(/home/student/yolov5/runs/detect/exp4) by extensions ['cmake', 'python']
[0.274s] Level 1:colcon.colcon_core.package_identification:_identify(/home/student/yolov5/runs/detect/exp4) by extension 'cmake'
[0.274s] Level 1:colcon.colcon_core.package_identification:_identify(/home/student/yolov5/runs/detect/exp4) by extension 'python'
[0.274s] Level 1:colcon.colcon_core.package_identification:_identify(/home/student/yolov5/runs/detect/exp4) by extensions ['python_setup_py']
[0.274s] Level 1:colcon.colcon_core.package_identification:_identify(/home/student/yolov5/runs/detect/exp4) by extension 'python_setup_py'
[0.274s] Level 1:colcon.colcon_core.package_identification:_identify(/home/student/yolov5/runs/detect/exp5) by extensions ['ignore', 'ignore_ament_install']
[0.275s] Level 1:colcon.colcon_core.package_identification:_identify(/home/student/yolov5/runs/detect/exp5) by extension 'ignore'
[0.275s] Level 1:colcon.colcon_core.package_identification:_identify(/home/student/yolov5/runs/detect/exp5) by extension 'ignore_ament_install'
[0.275s] Level 1:colcon.colcon_core.package_identification:_identify(/home/student/yolov5/runs/detect/exp5) by extensions ['colcon_pkg']
[0.275s] Level 1:colcon.colcon_core.package_identification:_identify(/home/student/yolov5/runs/detect/exp5) by extension 'colcon_pkg'
[0.275s] Level 1:colcon.colcon_core.package_identification:_identify(/home/student/yolov5/runs/detect/exp5) by extensions ['colcon_meta']
[0.275s] Level 1:colcon.colcon_core.package_identification:_identify(/home/student/yolov5/runs/detect/exp5) by extension 'colcon_meta'
[0.275s] Level 1:colcon.colcon_core.package_identification:_identify(/home/student/yolov5/runs/detect/exp5) by extensions ['ros']
[0.275s] Level 1:colcon.colcon_core.package_identification:_identify(/home/student/yolov5/runs/detect/exp5) by extension 'ros'
[0.275s] Level 1:colcon.colcon_core.package_identification:_identify(/home/student/yolov5/runs/detect/exp5) by extensions ['cmake', 'python']
[0.275s] Level 1:colcon.colcon_core.package_identification:_identify(/home/student/yolov5/runs/detect/exp5) by extension 'cmake'
[0.275s] Level 1:colcon.colcon_core.package_identification:_identify(/home/student/yolov5/runs/detect/exp5) by extension 'python'
[0.275s] Level 1:colcon.colcon_core.package_identification:_identify(/home/student/yolov5/runs/detect/exp5) by extensions ['python_setup_py']
[0.275s] Level 1:colcon.colcon_core.package_identification:_identify(/home/student/yolov5/runs/detect/exp5) by extension 'python_setup_py'
[0.276s] Level 1:colcon.colcon_core.package_identification:_identify(/home/student/yolov5/runs/detect/exp6) by extensions ['ignore', 'ignore_ament_install']
[0.276s] Level 1:colcon.colcon_core.package_identification:_identify(/home/student/yolov5/runs/detect/exp6) by extension 'ignore'
[0.276s] Level 1:colcon.colcon_core.package_identification:_identify(/home/student/yolov5/runs/detect/exp6) by extension 'ignore_ament_install'
[0.276s] Level 1:colcon.colcon_core.package_identification:_identify(/home/student/yolov5/runs/detect/exp6) by extensions ['colcon_pkg']
[0.276s] Level 1:colcon.colcon_core.package_identification:_identify(/home/student/yolov5/runs/detect/exp6) by extension 'colcon_pkg'
[0.276s] Level 1:colcon.colcon_core.package_identification:_identify(/home/student/yolov5/runs/detect/exp6) by extensions ['colcon_meta']
[0.276s] Level 1:colcon.colcon_core.package_identification:_identify(/home/student/yolov5/runs/detect/exp6) by extension 'colcon_meta'
[0.276s] Level 1:colcon.colcon_core.package_identification:_identify(/home/student/yolov5/runs/detect/exp6) by extensions ['ros']
[0.276s] Level 1:colcon.colcon_core.package_identification:_identify(/home/student/yolov5/runs/detect/exp6) by extension 'ros'
[0.276s] Level 1:colcon.colcon_core.package_identification:_identify(/home/student/yolov5/runs/detect/exp6) by extensions ['cmake', 'python']
[0.276s] Level 1:colcon.colcon_core.package_identification:_identify(/home/student/yolov5/runs/detect/exp6) by extension 'cmake'
[0.276s] Level 1:colcon.colcon_core.package_identification:_identify(/home/student/yolov5/runs/detect/exp6) by extension 'python'
[0.276s] Level 1:colcon.colcon_core.package_identification:_identify(/home/student/yolov5/runs/detect/exp6) by extensions ['python_setup_py']
[0.277s] Level 1:colcon.colcon_core.package_identification:_identify(/home/student/yolov5/runs/detect/exp6) by extension 'python_setup_py'
[0.277s] Level 1:colcon.colcon_core.package_identification:_identify(/home/student/yolov5/utils) by extensions ['ignore', 'ignore_ament_install']
[0.277s] Level 1:colcon.colcon_core.package_identification:_identify(/home/student/yolov5/utils) by extension 'ignore'
[0.277s] Level 1:colcon.colcon_core.package_identification:_identify(/home/student/yolov5/utils) by extension 'ignore_ament_install'
[0.277s] Level 1:colcon.colcon_core.package_identification:_identify(/home/student/yolov5/utils) by extensions ['colcon_pkg']
[0.277s] Level 1:colcon.colcon_core.package_identification:_identify(/home/student/yolov5/utils) by extension 'colcon_pkg'
[0.277s] Level 1:colcon.colcon_core.package_identification:_identify(/home/student/yolov5/utils) by extensions ['colcon_meta']
[0.277s] Level 1:colcon.colcon_core.package_identification:_identify(/home/student/yolov5/utils) by extension 'colcon_meta'
[0.277s] Level 1:colcon.colcon_core.package_identification:_identify(/home/student/yolov5/utils) by extensions ['ros']
[0.277s] Level 1:colcon.colcon_core.package_identification:_identify(/home/student/yolov5/utils) by extension 'ros'
[0.277s] Level 1:colcon.colcon_core.package_identification:_identify(/home/student/yolov5/utils) by extensions ['cmake', 'python']
[0.277s] Level 1:colcon.colcon_core.package_identification:_identify(/home/student/yolov5/utils) by extension 'cmake'
[0.277s] Level 1:colcon.colcon_core.package_identification:_identify(/home/student/yolov5/utils) by extension 'python'
[0.278s] Level 1:colcon.colcon_core.package_identification:_identify(/home/student/yolov5/utils) by extensions ['python_setup_py']
[0.278s] Level 1:colcon.colcon_core.package_identification:_identify(/home/student/yolov5/utils) by extension 'python_setup_py'
[0.278s] Level 1:colcon.colcon_core.package_identification:_identify(/home/student/yolov5/utils/__pycache__) by extensions ['ignore', 'ignore_ament_install']
[0.278s] Level 1:colcon.colcon_core.package_identification:_identify(/home/student/yolov5/utils/__pycache__) by extension 'ignore'
[0.278s] Level 1:colcon.colcon_core.package_identification:_identify(/home/student/yolov5/utils/__pycache__) by extension 'ignore_ament_install'
[0.278s] Level 1:colcon.colcon_core.package_identification:_identify(/home/student/yolov5/utils/__pycache__) by extensions ['colcon_pkg']
[0.278s] Level 1:colcon.colcon_core.package_identification:_identify(/home/student/yolov5/utils/__pycache__) by extension 'colcon_pkg'
[0.278s] Level 1:colcon.colcon_core.package_identification:_identify(/home/student/yolov5/utils/__pycache__) by extensions ['colcon_meta']
[0.278s] Level 1:colcon.colcon_core.package_identification:_identify(/home/student/yolov5/utils/__pycache__) by extension 'colcon_meta'
[0.278s] Level 1:colcon.colcon_core.package_identification:_identify(/home/student/yolov5/utils/__pycache__) by extensions ['ros']
[0.278s] Level 1:colcon.colcon_core.package_identification:_identify(/home/student/yolov5/utils/__pycache__) by extension 'ros'
[0.278s] Level 1:colcon.colcon_core.package_identification:_identify(/home/student/yolov5/utils/__pycache__) by extensions ['cmake', 'python']
[0.279s] Level 1:colcon.colcon_core.package_identification:_identify(/home/student/yolov5/utils/__pycache__) by extension 'cmake'
[0.279s] Level 1:colcon.colcon_core.package_identification:_identify(/home/student/yolov5/utils/__pycache__) by extension 'python'
[0.279s] Level 1:colcon.colcon_core.package_identification:_identify(/home/student/yolov5/utils/__pycache__) by extensions ['python_setup_py']
[0.279s] Level 1:colcon.colcon_core.package_identification:_identify(/home/student/yolov5/utils/__pycache__) by extension 'python_setup_py'
[0.279s] Level 1:colcon.colcon_core.package_identification:_identify(/home/student/yolov5/utils/aws) by extensions ['ignore', 'ignore_ament_install']
[0.279s] Level 1:colcon.colcon_core.package_identification:_identify(/home/student/yolov5/utils/aws) by extension 'ignore'
[0.279s] Level 1:colcon.colcon_core.package_identification:_identify(/home/student/yolov5/utils/aws) by extension 'ignore_ament_install'
[0.279s] Level 1:colcon.colcon_core.package_identification:_identify(/home/student/yolov5/utils/aws) by extensions ['colcon_pkg']
[0.279s] Level 1:colcon.colcon_core.package_identification:_identify(/home/student/yolov5/utils/aws) by extension 'colcon_pkg'
[0.279s] Level 1:colcon.colcon_core.package_identification:_identify(/home/student/yolov5/utils/aws) by extensions ['colcon_meta']
[0.279s] Level 1:colcon.colcon_core.package_identification:_identify(/home/student/yolov5/utils/aws) by extension 'colcon_meta'
[0.279s] Level 1:colcon.colcon_core.package_identification:_identify(/home/student/yolov5/utils/aws) by extensions ['ros']
[0.279s] Level 1:colcon.colcon_core.package_identification:_identify(/home/student/yolov5/utils/aws) by extension 'ros'
[0.280s] Level 1:colcon.colcon_core.package_identification:_identify(/home/student/yolov5/utils/aws) by extensions ['cmake', 'python']
[0.280s] Level 1:colcon.colcon_core.package_identification:_identify(/home/student/yolov5/utils/aws) by extension 'cmake'
[0.280s] Level 1:colcon.colcon_core.package_identification:_identify(/home/student/yolov5/utils/aws) by extension 'python'
[0.280s] Level 1:colcon.colcon_core.package_identification:_identify(/home/student/yolov5/utils/aws) by extensions ['python_setup_py']
[0.280s] Level 1:colcon.colcon_core.package_identification:_identify(/home/student/yolov5/utils/aws) by extension 'python_setup_py'
[0.280s] Level 1:colcon.colcon_core.package_identification:_identify(/home/student/yolov5/utils/docker) by extensions ['ignore', 'ignore_ament_install']
[0.280s] Level 1:colcon.colcon_core.package_identification:_identify(/home/student/yolov5/utils/docker) by extension 'ignore'
[0.280s] Level 1:colcon.colcon_core.package_identification:_identify(/home/student/yolov5/utils/docker) by extension 'ignore_ament_install'
[0.280s] Level 1:colcon.colcon_core.package_identification:_identify(/home/student/yolov5/utils/docker) by extensions ['colcon_pkg']
[0.280s] Level 1:colcon.colcon_core.package_identification:_identify(/home/student/yolov5/utils/docker) by extension 'colcon_pkg'
[0.280s] Level 1:colcon.colcon_core.package_identification:_identify(/home/student/yolov5/utils/docker) by extensions ['colcon_meta']
[0.280s] Level 1:colcon.colcon_core.package_identification:_identify(/home/student/yolov5/utils/docker) by extension 'colcon_meta'
[0.280s] Level 1:colcon.colcon_core.package_identification:_identify(/home/student/yolov5/utils/docker) by extensions ['ros']
[0.280s] Level 1:colcon.colcon_core.package_identification:_identify(/home/student/yolov5/utils/docker) by extension 'ros'
[0.281s] Level 1:colcon.colcon_core.package_identification:_identify(/home/student/yolov5/utils/docker) by extensions ['cmake', 'python']
[0.281s] Level 1:colcon.colcon_core.package_identification:_identify(/home/student/yolov5/utils/docker) by extension 'cmake'
[0.281s] Level 1:colcon.colcon_core.package_identification:_identify(/home/student/yolov5/utils/docker) by extension 'python'
[0.281s] Level 1:colcon.colcon_core.package_identification:_identify(/home/student/yolov5/utils/docker) by extensions ['python_setup_py']
[0.281s] Level 1:colcon.colcon_core.package_identification:_identify(/home/student/yolov5/utils/docker) by extension 'python_setup_py'
[0.281s] Level 1:colcon.colcon_core.package_identification:_identify(/home/student/yolov5/utils/flask_rest_api) by extensions ['ignore', 'ignore_ament_install']
[0.281s] Level 1:colcon.colcon_core.package_identification:_identify(/home/student/yolov5/utils/flask_rest_api) by extension 'ignore'
[0.281s] Level 1:colcon.colcon_core.package_identification:_identify(/home/student/yolov5/utils/flask_rest_api) by extension 'ignore_ament_install'
[0.281s] Level 1:colcon.colcon_core.package_identification:_identify(/home/student/yolov5/utils/flask_rest_api) by extensions ['colcon_pkg']
[0.281s] Level 1:colcon.colcon_core.package_identification:_identify(/home/student/yolov5/utils/flask_rest_api) by extension 'colcon_pkg'
[0.281s] Level 1:colcon.colcon_core.package_identification:_identify(/home/student/yolov5/utils/flask_rest_api) by extensions ['colcon_meta']
[0.281s] Level 1:colcon.colcon_core.package_identification:_identify(/home/student/yolov5/utils/flask_rest_api) by extension 'colcon_meta'
[0.281s] Level 1:colcon.colcon_core.package_identification:_identify(/home/student/yolov5/utils/flask_rest_api) by extensions ['ros']
[0.282s] Level 1:colcon.colcon_core.package_identification:_identify(/home/student/yolov5/utils/flask_rest_api) by extension 'ros'
[0.282s] Level 1:colcon.colcon_core.package_identification:_identify(/home/student/yolov5/utils/flask_rest_api) by extensions ['cmake', 'python']
[0.282s] Level 1:colcon.colcon_core.package_identification:_identify(/home/student/yolov5/utils/flask_rest_api) by extension 'cmake'
[0.282s] Level 1:colcon.colcon_core.package_identification:_identify(/home/student/yolov5/utils/flask_rest_api) by extension 'python'
[0.282s] Level 1:colcon.colcon_core.package_identification:_identify(/home/student/yolov5/utils/flask_rest_api) by extensions ['python_setup_py']
[0.282s] Level 1:colcon.colcon_core.package_identification:_identify(/home/student/yolov5/utils/flask_rest_api) by extension 'python_setup_py'
[0.282s] Level 1:colcon.colcon_core.package_identification:_identify(/home/student/yolov5/utils/google_app_engine) by extensions ['ignore', 'ignore_ament_install']
[0.282s] Level 1:colcon.colcon_core.package_identification:_identify(/home/student/yolov5/utils/google_app_engine) by extension 'ignore'
[0.282s] Level 1:colcon.colcon_core.package_identification:_identify(/home/student/yolov5/utils/google_app_engine) by extension 'ignore_ament_install'
[0.282s] Level 1:colcon.colcon_core.package_identification:_identify(/home/student/yolov5/utils/google_app_engine) by extensions ['colcon_pkg']
[0.282s] Level 1:colcon.colcon_core.package_identification:_identify(/home/student/yolov5/utils/google_app_engine) by extension 'colcon_pkg'
[0.282s] Level 1:colcon.colcon_core.package_identification:_identify(/home/student/yolov5/utils/google_app_engine) by extensions ['colcon_meta']
[0.282s] Level 1:colcon.colcon_core.package_identification:_identify(/home/student/yolov5/utils/google_app_engine) by extension 'colcon_meta'
[0.283s] Level 1:colcon.colcon_core.package_identification:_identify(/home/student/yolov5/utils/google_app_engine) by extensions ['ros']
[0.283s] Level 1:colcon.colcon_core.package_identification:_identify(/home/student/yolov5/utils/google_app_engine) by extension 'ros'
[0.283s] Level 1:colcon.colcon_core.package_identification:_identify(/home/student/yolov5/utils/google_app_engine) by extensions ['cmake', 'python']
[0.283s] Level 1:colcon.colcon_core.package_identification:_identify(/home/student/yolov5/utils/google_app_engine) by extension 'cmake'
[0.283s] Level 1:colcon.colcon_core.package_identification:_identify(/home/student/yolov5/utils/google_app_engine) by extension 'python'
[0.283s] Level 1:colcon.colcon_core.package_identification:_identify(/home/student/yolov5/utils/google_app_engine) by extensions ['python_setup_py']
[0.283s] Level 1:colcon.colcon_core.package_identification:_identify(/home/student/yolov5/utils/google_app_engine) by extension 'python_setup_py'
[0.283s] Level 1:colcon.colcon_core.package_identification:_identify(/home/student/yolov5/utils/loggers) by extensions ['ignore', 'ignore_ament_install']
[0.283s] Level 1:colcon.colcon_core.package_identification:_identify(/home/student/yolov5/utils/loggers) by extension 'ignore'
[0.283s] Level 1:colcon.colcon_core.package_identification:_identify(/home/student/yolov5/utils/loggers) by extension 'ignore_ament_install'
[0.283s] Level 1:colcon.colcon_core.package_identification:_identify(/home/student/yolov5/utils/loggers) by extensions ['colcon_pkg']
[0.283s] Level 1:colcon.colcon_core.package_identification:_identify(/home/student/yolov5/utils/loggers) by extension 'colcon_pkg'
[0.283s] Level 1:colcon.colcon_core.package_identification:_identify(/home/student/yolov5/utils/loggers) by extensions ['colcon_meta']
[0.284s] Level 1:colcon.colcon_core.package_identification:_identify(/home/student/yolov5/utils/loggers) by extension 'colcon_meta'
[0.284s] Level 1:colcon.colcon_core.package_identification:_identify(/home/student/yolov5/utils/loggers) by extensions ['ros']
[0.284s] Level 1:colcon.colcon_core.package_identification:_identify(/home/student/yolov5/utils/loggers) by extension 'ros'
[0.284s] Level 1:colcon.colcon_core.package_identification:_identify(/home/student/yolov5/utils/loggers) by extensions ['cmake', 'python']
[0.284s] Level 1:colcon.colcon_core.package_identification:_identify(/home/student/yolov5/utils/loggers) by extension 'cmake'
[0.284s] Level 1:colcon.colcon_core.package_identification:_identify(/home/student/yolov5/utils/loggers) by extension 'python'
[0.284s] Level 1:colcon.colcon_core.package_identification:_identify(/home/student/yolov5/utils/loggers) by extensions ['python_setup_py']
[0.284s] Level 1:colcon.colcon_core.package_identification:_identify(/home/student/yolov5/utils/loggers) by extension 'python_setup_py'
[0.284s] Level 1:colcon.colcon_core.package_identification:_identify(/home/student/yolov5/utils/loggers/wandb) by extensions ['ignore', 'ignore_ament_install']
[0.284s] Level 1:colcon.colcon_core.package_identification:_identify(/home/student/yolov5/utils/loggers/wandb) by extension 'ignore'
[0.284s] Level 1:colcon.colcon_core.package_identification:_identify(/home/student/yolov5/utils/loggers/wandb) by extension 'ignore_ament_install'
[0.285s] Level 1:colcon.colcon_core.package_identification:_identify(/home/student/yolov5/utils/loggers/wandb) by extensions ['colcon_pkg']
[0.285s] Level 1:colcon.colcon_core.package_identification:_identify(/home/student/yolov5/utils/loggers/wandb) by extension 'colcon_pkg'
[0.285s] Level 1:colcon.colcon_core.package_identification:_identify(/home/student/yolov5/utils/loggers/wandb) by extensions ['colcon_meta']
[0.285s] Level 1:colcon.colcon_core.package_identification:_identify(/home/student/yolov5/utils/loggers/wandb) by extension 'colcon_meta'
[0.285s] Level 1:colcon.colcon_core.package_identification:_identify(/home/student/yolov5/utils/loggers/wandb) by extensions ['ros']
[0.285s] Level 1:colcon.colcon_core.package_identification:_identify(/home/student/yolov5/utils/loggers/wandb) by extension 'ros'
[0.285s] Level 1:colcon.colcon_core.package_identification:_identify(/home/student/yolov5/utils/loggers/wandb) by extensions ['cmake', 'python']
[0.285s] Level 1:colcon.colcon_core.package_identification:_identify(/home/student/yolov5/utils/loggers/wandb) by extension 'cmake'
[0.285s] Level 1:colcon.colcon_core.package_identification:_identify(/home/student/yolov5/utils/loggers/wandb) by extension 'python'
[0.285s] Level 1:colcon.colcon_core.package_identification:_identify(/home/student/yolov5/utils/loggers/wandb) by extensions ['python_setup_py']
[0.285s] Level 1:colcon.colcon_core.package_identification:_identify(/home/student/yolov5/utils/loggers/wandb) by extension 'python_setup_py'
[0.285s] Level 1:colcon.colcon_core.package_discovery:discover_packages(recursive) using defaults
