running egg_info
writing ../../build/riley/riley.egg-info/PKG-INFO
writing dependency_links to ../../build/riley/riley.egg-info/dependency_links.txt
writing entry points to ../../build/riley/riley.egg-info/entry_points.txt
writing requirements to ../../build/riley/riley.egg-info/requires.txt
writing top-level names to ../../build/riley/riley.egg-info/top_level.txt
reading manifest file '../../build/riley/riley.egg-info/SOURCES.txt'
writing manifest file '../../build/riley/riley.egg-info/SOURCES.txt'
running build
running build_py
running install
running install_lib
running install_data
copying Riley_URDF/riley_robot.urdf -> /home/student/rileyRobot_ws/install/riley/share/riley/Riley_URDF
copying models/riley/model.sdf -> /home/student/rileyRobot_ws/install/riley/share/riley/models/riley
running install_egg_info
removing '/home/student/rileyRobot_ws/install/riley/lib/python3.8/site-packages/riley-0.0.0-py3.8.egg-info' (and everything under it)
Copying ../../build/riley/riley.egg-info to /home/student/rileyRobot_ws/install/riley/lib/python3.8/site-packages/riley-0.0.0-py3.8.egg-info
running install_scripts
writing list of installed files to '/home/student/rileyRobot_ws/build/riley/install.log'
