[0.177s] DEBUG:colcon:Command line arguments: ['/usr/bin/colcon', 'build']
[0.177s] DEBUG:colcon:Parsed command line arguments: Namespace(allow_overriding=[], ament_cmake_args=None, base_paths=['.'], build_base='build', catkin_cmake_args=None, catkin_skip_building_tests=False, cmake_args=None, cmake_clean_cache=False, cmake_clean_first=False, cmake_force_configure=False, cmake_target=None, cmake_target_skip_unavailable=False, continue_on_error=False, event_handlers=None, executor='parallel', ignore_user_meta=False, install_base='install', log_base=None, log_level=None, main=<bound method BuildVerb.main of <colcon_core.verb.build.BuildVerb object at 0x7f34bd643190>>, merge_install=False, metas=['./colcon.meta'], packages_above=None, packages_above_and_dependencies=None, packages_above_depth=None, packages_end=None, packages_ignore=None, packages_ignore_regex=None, packages_select=None, packages_select_build_failed=False, packages_select_by_dep=None, packages_select_regex=None, packages_select_test_failures=False, packages_skip=None, packages_skip_build_finished=False, packages_skip_by_dep=None, packages_skip_regex=None, packages_skip_test_passed=False, packages_skip_up_to=None, packages_start=None, packages_up_to=None, packages_up_to_regex=None, parallel_workers=12, paths=None, symlink_install=False, test_result_base=None, verb_extension=<colcon_core.verb.build.BuildVerb object at 0x7f34bd643190>, verb_name='build', verb_parser=<colcon_defaults.argument_parser.defaults.DefaultArgumentsDecorator object at 0x7f34bd6436d0>)
[0.183s] Level 1:colcon.colcon_core.package_discovery:discover_packages(colcon_meta) check parameters
[0.183s] Level 1:colcon.colcon_core.package_discovery:discover_packages(recursive) check parameters
[0.183s] Level 1:colcon.colcon_core.package_discovery:discover_packages(ignore) check parameters
[0.183s] Level 1:colcon.colcon_core.package_discovery:discover_packages(path) check parameters
[0.183s] Level 1:colcon.colcon_core.package_discovery:discover_packages(colcon_meta) discover
[0.183s] Level 1:colcon.colcon_core.package_discovery:discover_packages(recursive) discover
[0.183s] INFO:colcon.colcon_core.package_discovery:Crawling recursively for packages in '/home/student/rileyRobot_ws'
[0.183s] Level 1:colcon.colcon_core.package_identification:_identify(.) by extensions ['ignore', 'ignore_ament_install']
[0.183s] Level 1:colcon.colcon_core.package_identification:_identify(.) by extension 'ignore'
[0.183s] Level 1:colcon.colcon_core.package_identification:_identify(.) by extension 'ignore_ament_install'
[0.184s] Level 1:colcon.colcon_core.package_identification:_identify(.) by extensions ['colcon_pkg']
[0.184s] Level 1:colcon.colcon_core.package_identification:_identify(.) by extension 'colcon_pkg'
[0.184s] Level 1:colcon.colcon_core.package_identification:_identify(.) by extensions ['colcon_meta']
[0.184s] Level 1:colcon.colcon_core.package_identification:_identify(.) by extension 'colcon_meta'
[0.184s] Level 1:colcon.colcon_core.package_identification:_identify(.) by extensions ['ros']
[0.184s] Level 1:colcon.colcon_core.package_identification:_identify(.) by extension 'ros'
[0.198s] Level 1:colcon.colcon_core.package_identification:_identify(.) by extensions ['cmake', 'python']
[0.198s] Level 1:colcon.colcon_core.package_identification:_identify(.) by extension 'cmake'
[0.198s] Level 1:colcon.colcon_core.package_identification:_identify(.) by extension 'python'
[0.198s] Level 1:colcon.colcon_core.package_identification:_identify(.) by extensions ['python_setup_py']
[0.198s] Level 1:colcon.colcon_core.package_identification:_identify(.) by extension 'python_setup_py'
[0.198s] Level 1:colcon.colcon_core.package_identification:_identify(build) by extensions ['ignore', 'ignore_ament_install']
[0.198s] Level 1:colcon.colcon_core.package_identification:_identify(build) by extension 'ignore'
[0.198s] Level 1:colcon.colcon_core.package_identification:_identify(build) ignored
[0.198s] Level 1:colcon.colcon_core.package_identification:_identify(install) by extensions ['ignore', 'ignore_ament_install']
[0.199s] Level 1:colcon.colcon_core.package_identification:_identify(install) by extension 'ignore'
[0.199s] Level 1:colcon.colcon_core.package_identification:_identify(install) ignored
[0.199s] Level 1:colcon.colcon_core.package_identification:_identify(log) by extensions ['ignore', 'ignore_ament_install']
[0.199s] Level 1:colcon.colcon_core.package_identification:_identify(log) by extension 'ignore'
[0.199s] Level 1:colcon.colcon_core.package_identification:_identify(log) ignored
[0.199s] Level 1:colcon.colcon_core.package_identification:_identify(src) by extensions ['ignore', 'ignore_ament_install']
[0.199s] Level 1:colcon.colcon_core.package_identification:_identify(src) by extension 'ignore'
[0.199s] Level 1:colcon.colcon_core.package_identification:_identify(src) by extension 'ignore_ament_install'
[0.199s] Level 1:colcon.colcon_core.package_identification:_identify(src) by extensions ['colcon_pkg']
[0.199s] Level 1:colcon.colcon_core.package_identification:_identify(src) by extension 'colcon_pkg'
[0.199s] Level 1:colcon.colcon_core.package_identification:_identify(src) by extensions ['colcon_meta']
[0.199s] Level 1:colcon.colcon_core.package_identification:_identify(src) by extension 'colcon_meta'
[0.200s] Level 1:colcon.colcon_core.package_identification:_identify(src) by extensions ['ros']
[0.200s] Level 1:colcon.colcon_core.package_identification:_identify(src) by extension 'ros'
[0.200s] Level 1:colcon.colcon_core.package_identification:_identify(src) by extensions ['cmake', 'python']
[0.200s] Level 1:colcon.colcon_core.package_identification:_identify(src) by extension 'cmake'
[0.200s] Level 1:colcon.colcon_core.package_identification:_identify(src) by extension 'python'
[0.200s] Level 1:colcon.colcon_core.package_identification:_identify(src) by extensions ['python_setup_py']
[0.200s] Level 1:colcon.colcon_core.package_identification:_identify(src) by extension 'python_setup_py'
[0.200s] Level 1:colcon.colcon_core.package_identification:_identify(src/my_riley_robot_description) by extensions ['ignore', 'ignore_ament_install']
[0.200s] Level 1:colcon.colcon_core.package_identification:_identify(src/my_riley_robot_description) by extension 'ignore'
[0.200s] Level 1:colcon.colcon_core.package_identification:_identify(src/my_riley_robot_description) by extension 'ignore_ament_install'
[0.200s] Level 1:colcon.colcon_core.package_identification:_identify(src/my_riley_robot_description) by extensions ['colcon_pkg']
[0.200s] Level 1:colcon.colcon_core.package_identification:_identify(src/my_riley_robot_description) by extension 'colcon_pkg'
[0.200s] Level 1:colcon.colcon_core.package_identification:_identify(src/my_riley_robot_description) by extensions ['colcon_meta']
[0.200s] Level 1:colcon.colcon_core.package_identification:_identify(src/my_riley_robot_description) by extension 'colcon_meta'
[0.201s] Level 1:colcon.colcon_core.package_identification:_identify(src/my_riley_robot_description) by extensions ['ros']
[0.201s] Level 1:colcon.colcon_core.package_identification:_identify(src/my_riley_robot_description) by extension 'ros'
[0.203s] DEBUG:colcon.colcon_core.package_identification:Package 'src/my_riley_robot_description' with type 'ros.ament_cmake' and name 'my_riley_robot_description'
[0.204s] Level 1:colcon.colcon_core.package_identification:_identify(src/my_riley_robot_launcher) by extensions ['ignore', 'ignore_ament_install']
[0.204s] Level 1:colcon.colcon_core.package_identification:_identify(src/my_riley_robot_launcher) by extension 'ignore'
[0.204s] Level 1:colcon.colcon_core.package_identification:_identify(src/my_riley_robot_launcher) by extension 'ignore_ament_install'
[0.204s] Level 1:colcon.colcon_core.package_identification:_identify(src/my_riley_robot_launcher) by extensions ['colcon_pkg']
[0.204s] Level 1:colcon.colcon_core.package_identification:_identify(src/my_riley_robot_launcher) by extension 'colcon_pkg'
[0.204s] Level 1:colcon.colcon_core.package_identification:_identify(src/my_riley_robot_launcher) by extensions ['colcon_meta']
[0.204s] Level 1:colcon.colcon_core.package_identification:_identify(src/my_riley_robot_launcher) by extension 'colcon_meta'
[0.204s] Level 1:colcon.colcon_core.package_identification:_identify(src/my_riley_robot_launcher) by extensions ['ros']
[0.204s] Level 1:colcon.colcon_core.package_identification:_identify(src/my_riley_robot_launcher) by extension 'ros'
[0.205s] DEBUG:colcon.colcon_core.package_identification:Package 'src/my_riley_robot_launcher' with type 'ros.ament_cmake' and name 'my_riley_robot_launcher'
[0.205s] Level 1:colcon.colcon_core.package_identification:_identify(src/my_riley_robot_nav2) by extensions ['ignore', 'ignore_ament_install']
[0.205s] Level 1:colcon.colcon_core.package_identification:_identify(src/my_riley_robot_nav2) by extension 'ignore'
[0.205s] Level 1:colcon.colcon_core.package_identification:_identify(src/my_riley_robot_nav2) by extension 'ignore_ament_install'
[0.205s] Level 1:colcon.colcon_core.package_identification:_identify(src/my_riley_robot_nav2) by extensions ['colcon_pkg']
[0.205s] Level 1:colcon.colcon_core.package_identification:_identify(src/my_riley_robot_nav2) by extension 'colcon_pkg'
[0.205s] Level 1:colcon.colcon_core.package_identification:_identify(src/my_riley_robot_nav2) by extensions ['colcon_meta']
[0.206s] Level 1:colcon.colcon_core.package_identification:_identify(src/my_riley_robot_nav2) by extension 'colcon_meta'
[0.206s] Level 1:colcon.colcon_core.package_identification:_identify(src/my_riley_robot_nav2) by extensions ['ros']
[0.206s] Level 1:colcon.colcon_core.package_identification:_identify(src/my_riley_robot_nav2) by extension 'ros'
[0.206s] DEBUG:colcon.colcon_core.package_identification:Package 'src/my_riley_robot_nav2' with type 'ros.ament_cmake' and name 'my_riley_robot_nav2'
[0.206s] Level 1:colcon.colcon_core.package_identification:_identify(src/riley) by extensions ['ignore', 'ignore_ament_install']
[0.206s] Level 1:colcon.colcon_core.package_identification:_identify(src/riley) by extension 'ignore'
[0.206s] Level 1:colcon.colcon_core.package_identification:_identify(src/riley) by extension 'ignore_ament_install'
[0.207s] Level 1:colcon.colcon_core.package_identification:_identify(src/riley) by extensions ['colcon_pkg']
[0.207s] Level 1:colcon.colcon_core.package_identification:_identify(src/riley) by extension 'colcon_pkg'
[0.207s] Level 1:colcon.colcon_core.package_identification:_identify(src/riley) by extensions ['colcon_meta']
[0.207s] Level 1:colcon.colcon_core.package_identification:_identify(src/riley) by extension 'colcon_meta'
[0.207s] Level 1:colcon.colcon_core.package_identification:_identify(src/riley) by extensions ['ros']
[0.207s] Level 1:colcon.colcon_core.package_identification:_identify(src/riley) by extension 'ros'
[0.207s] DEBUG:colcon.colcon_core.package_identification:Package 'src/riley' with type 'ros.ament_python' and name 'riley'
[0.208s] Level 1:colcon.colcon_core.package_identification:_identify(src/riley_interfaces) by extensions ['ignore', 'ignore_ament_install']
[0.208s] Level 1:colcon.colcon_core.package_identification:_identify(src/riley_interfaces) by extension 'ignore'
[0.208s] Level 1:colcon.colcon_core.package_identification:_identify(src/riley_interfaces) by extension 'ignore_ament_install'
[0.208s] Level 1:colcon.colcon_core.package_identification:_identify(src/riley_interfaces) by extensions ['colcon_pkg']
[0.208s] Level 1:colcon.colcon_core.package_identification:_identify(src/riley_interfaces) by extension 'colcon_pkg'
[0.208s] Level 1:colcon.colcon_core.package_identification:_identify(src/riley_interfaces) by extensions ['colcon_meta']
[0.208s] Level 1:colcon.colcon_core.package_identification:_identify(src/riley_interfaces) by extension 'colcon_meta'
[0.208s] Level 1:colcon.colcon_core.package_identification:_identify(src/riley_interfaces) by extensions ['ros']
[0.208s] Level 1:colcon.colcon_core.package_identification:_identify(src/riley_interfaces) by extension 'ros'
[0.209s] DEBUG:colcon.colcon_core.package_identification:Package 'src/riley_interfaces' with type 'ros.ament_cmake' and name 'riley_interfaces'
[0.209s] Level 1:colcon.colcon_core.package_identification:_identify(src/riley_robot_bringup) by extensions ['ignore', 'ignore_ament_install']
[0.209s] Level 1:colcon.colcon_core.package_identification:_identify(src/riley_robot_bringup) by extension 'ignore'
[0.209s] Level 1:colcon.colcon_core.package_identification:_identify(src/riley_robot_bringup) by extension 'ignore_ament_install'
[0.209s] Level 1:colcon.colcon_core.package_identification:_identify(src/riley_robot_bringup) by extensions ['colcon_pkg']
[0.209s] Level 1:colcon.colcon_core.package_identification:_identify(src/riley_robot_bringup) by extension 'colcon_pkg'
[0.209s] Level 1:colcon.colcon_core.package_identification:_identify(src/riley_robot_bringup) by extensions ['colcon_meta']
[0.209s] Level 1:colcon.colcon_core.package_identification:_identify(src/riley_robot_bringup) by extension 'colcon_meta'
[0.209s] Level 1:colcon.colcon_core.package_identification:_identify(src/riley_robot_bringup) by extensions ['ros']
[0.209s] Level 1:colcon.colcon_core.package_identification:_identify(src/riley_robot_bringup) by extension 'ros'
[0.210s] DEBUG:colcon.colcon_core.package_identification:Failed to parse potential ROS package manifest in'src/riley_robot_bringup': Error(s) in package 'src/riley_robot_bringup/package.xml':
The manifest contains invalid XML:
no element found: line 1, column 0
[0.210s] Level 1:colcon.colcon_core.package_identification:_identify(src/riley_robot_bringup) by extensions ['cmake', 'python']
[0.210s] Level 1:colcon.colcon_core.package_identification:_identify(src/riley_robot_bringup) by extension 'cmake'
[0.210s] Level 1:colcon.colcon_core.package_identification:_identify(src/riley_robot_bringup) by extension 'python'
[0.210s] DEBUG:colcon.colcon_core.package_identification:Python package in 'src/riley_robot_bringup' passes arguments to the setup() function which requires a different identification extension than 'python'
[0.210s] Level 1:colcon.colcon_core.package_identification:_identify(src/riley_robot_bringup) by extensions ['python_setup_py']
[0.210s] Level 1:colcon.colcon_core.package_identification:_identify(src/riley_robot_bringup) by extension 'python_setup_py'
[0.581s] ERROR:colcon.colcon_core.package_identification:Exception in package identification extension 'python_setup_py' in 'src/riley_robot_bringup': Command '['/usr/bin/python3', '-c', "import sys;from setuptools.extern.packaging.specifiers import SpecifierSet;from distutils.core import run_setup;dist = run_setup(    'setup.py', script_args=('--dry-run',), stop_after='config');skip_keys = ('cmdclass', 'distclass', 'ext_modules', 'metadata');data = {    key: value for key, value in dist.__dict__.items()     if (        not key.startswith('_') and         not callable(value) and         key not in skip_keys and         key not in dist.display_option_names    )};data['metadata'] = {    k: v for k, v in dist.metadata.__dict__.items()     if k not in ('license_files', 'provides_extras')};sys.stdout.buffer.write(repr(data).encode('utf-8'))"]' returned non-zero exit status 1.
Traceback (most recent call last):
  File "/usr/lib/python3/dist-packages/colcon_core/package_identification/__init__.py", line 143, in _identify
    retval = extension.identify(_reused_descriptor_instance)
  File "/usr/lib/python3/dist-packages/colcon_python_setup_py/package_identification/python_setup_py.py", line 48, in identify
    config = get_setup_information(setup_py)
  File "/usr/lib/python3/dist-packages/colcon_python_setup_py/package_identification/python_setup_py.py", line 241, in get_setup_information
    _setup_information_cache[hashable_env] = _get_setup_information(
  File "/usr/lib/python3/dist-packages/colcon_python_setup_py/package_identification/python_setup_py.py", line 281, in _get_setup_information
    result = subprocess.run(
  File "/usr/lib/python3.8/subprocess.py", line 516, in run
    raise CalledProcessError(retcode, process.args,
subprocess.CalledProcessError: Command '['/usr/bin/python3', '-c', "import sys;from setuptools.extern.packaging.specifiers import SpecifierSet;from distutils.core import run_setup;dist = run_setup(    'setup.py', script_args=('--dry-run',), stop_after='config');skip_keys = ('cmdclass', 'distclass', 'ext_modules', 'metadata');data = {    key: value for key, value in dist.__dict__.items()     if (        not key.startswith('_') and         not callable(value) and         key not in skip_keys and         key not in dist.display_option_names    )};data['metadata'] = {    k: v for k, v in dist.metadata.__dict__.items()     if k not in ('license_files', 'provides_extras')};sys.stdout.buffer.write(repr(data).encode('utf-8'))"]' returned non-zero exit status 1.

[0.581s] Level 1:colcon.colcon_core.package_identification:_identify(src/riley_robot_bringup/resource) by extensions ['ignore', 'ignore_ament_install']
[0.582s] Level 1:colcon.colcon_core.package_identification:_identify(src/riley_robot_bringup/resource) by extension 'ignore'
[0.582s] Level 1:colcon.colcon_core.package_identification:_identify(src/riley_robot_bringup/resource) by extension 'ignore_ament_install'
[0.582s] Level 1:colcon.colcon_core.package_identification:_identify(src/riley_robot_bringup/resource) by extensions ['colcon_pkg']
[0.582s] Level 1:colcon.colcon_core.package_identification:_identify(src/riley_robot_bringup/resource) by extension 'colcon_pkg'
[0.582s] Level 1:colcon.colcon_core.package_identification:_identify(src/riley_robot_bringup/resource) by extensions ['colcon_meta']
[0.582s] Level 1:colcon.colcon_core.package_identification:_identify(src/riley_robot_bringup/resource) by extension 'colcon_meta'
[0.582s] Level 1:colcon.colcon_core.package_identification:_identify(src/riley_robot_bringup/resource) by extensions ['ros']
[0.582s] Level 1:colcon.colcon_core.package_identification:_identify(src/riley_robot_bringup/resource) by extension 'ros'
[0.582s] Level 1:colcon.colcon_core.package_identification:_identify(src/riley_robot_bringup/resource) by extensions ['cmake', 'python']
[0.582s] Level 1:colcon.colcon_core.package_identification:_identify(src/riley_robot_bringup/resource) by extension 'cmake'
[0.582s] Level 1:colcon.colcon_core.package_identification:_identify(src/riley_robot_bringup/resource) by extension 'python'
[0.582s] Level 1:colcon.colcon_core.package_identification:_identify(src/riley_robot_bringup/resource) by extensions ['python_setup_py']
[0.582s] Level 1:colcon.colcon_core.package_identification:_identify(src/riley_robot_bringup/resource) by extension 'python_setup_py'
[0.583s] Level 1:colcon.colcon_core.package_identification:_identify(src/riley_robot_bringup/riley_robot_bringup) by extensions ['ignore', 'ignore_ament_install']
[0.583s] Level 1:colcon.colcon_core.package_identification:_identify(src/riley_robot_bringup/riley_robot_bringup) by extension 'ignore'
[0.583s] Level 1:colcon.colcon_core.package_identification:_identify(src/riley_robot_bringup/riley_robot_bringup) by extension 'ignore_ament_install'
[0.583s] Level 1:colcon.colcon_core.package_identification:_identify(src/riley_robot_bringup/riley_robot_bringup) by extensions ['colcon_pkg']
[0.583s] Level 1:colcon.colcon_core.package_identification:_identify(src/riley_robot_bringup/riley_robot_bringup) by extension 'colcon_pkg'
[0.583s] Level 1:colcon.colcon_core.package_identification:_identify(src/riley_robot_bringup/riley_robot_bringup) by extensions ['colcon_meta']
[0.583s] Level 1:colcon.colcon_core.package_identification:_identify(src/riley_robot_bringup/riley_robot_bringup) by extension 'colcon_meta'
[0.583s] Level 1:colcon.colcon_core.package_identification:_identify(src/riley_robot_bringup/riley_robot_bringup) by extensions ['ros']
[0.583s] Level 1:colcon.colcon_core.package_identification:_identify(src/riley_robot_bringup/riley_robot_bringup) by extension 'ros'
[0.583s] Level 1:colcon.colcon_core.package_identification:_identify(src/riley_robot_bringup/riley_robot_bringup) by extensions ['cmake', 'python']
[0.583s] Level 1:colcon.colcon_core.package_identification:_identify(src/riley_robot_bringup/riley_robot_bringup) by extension 'cmake'
[0.583s] Level 1:colcon.colcon_core.package_identification:_identify(src/riley_robot_bringup/riley_robot_bringup) by extension 'python'
[0.583s] Level 1:colcon.colcon_core.package_identification:_identify(src/riley_robot_bringup/riley_robot_bringup) by extensions ['python_setup_py']
[0.583s] Level 1:colcon.colcon_core.package_identification:_identify(src/riley_robot_bringup/riley_robot_bringup) by extension 'python_setup_py'
[0.583s] Level 1:colcon.colcon_core.package_identification:_identify(src/riley_robot_bringup/test) by extensions ['ignore', 'ignore_ament_install']
[0.584s] Level 1:colcon.colcon_core.package_identification:_identify(src/riley_robot_bringup/test) by extension 'ignore'
[0.584s] Level 1:colcon.colcon_core.package_identification:_identify(src/riley_robot_bringup/test) by extension 'ignore_ament_install'
[0.584s] Level 1:colcon.colcon_core.package_identification:_identify(src/riley_robot_bringup/test) by extensions ['colcon_pkg']
[0.584s] Level 1:colcon.colcon_core.package_identification:_identify(src/riley_robot_bringup/test) by extension 'colcon_pkg'
[0.584s] Level 1:colcon.colcon_core.package_identification:_identify(src/riley_robot_bringup/test) by extensions ['colcon_meta']
[0.584s] Level 1:colcon.colcon_core.package_identification:_identify(src/riley_robot_bringup/test) by extension 'colcon_meta'
[0.584s] Level 1:colcon.colcon_core.package_identification:_identify(src/riley_robot_bringup/test) by extensions ['ros']
[0.584s] Level 1:colcon.colcon_core.package_identification:_identify(src/riley_robot_bringup/test) by extension 'ros'
[0.584s] Level 1:colcon.colcon_core.package_identification:_identify(src/riley_robot_bringup/test) by extensions ['cmake', 'python']
[0.584s] Level 1:colcon.colcon_core.package_identification:_identify(src/riley_robot_bringup/test) by extension 'cmake'
[0.584s] Level 1:colcon.colcon_core.package_identification:_identify(src/riley_robot_bringup/test) by extension 'python'
[0.584s] Level 1:colcon.colcon_core.package_identification:_identify(src/riley_robot_bringup/test) by extensions ['python_setup_py']
[0.584s] Level 1:colcon.colcon_core.package_identification:_identify(src/riley_robot_bringup/test) by extension 'python_setup_py'
[0.584s] Level 1:colcon.colcon_core.package_identification:_identify(src/riley_robot_teleop) by extensions ['ignore', 'ignore_ament_install']
[0.585s] Level 1:colcon.colcon_core.package_identification:_identify(src/riley_robot_teleop) by extension 'ignore'
[0.585s] Level 1:colcon.colcon_core.package_identification:_identify(src/riley_robot_teleop) by extension 'ignore_ament_install'
[0.585s] Level 1:colcon.colcon_core.package_identification:_identify(src/riley_robot_teleop) by extensions ['colcon_pkg']
[0.585s] Level 1:colcon.colcon_core.package_identification:_identify(src/riley_robot_teleop) by extension 'colcon_pkg'
[0.585s] Level 1:colcon.colcon_core.package_identification:_identify(src/riley_robot_teleop) by extensions ['colcon_meta']
[0.585s] Level 1:colcon.colcon_core.package_identification:_identify(src/riley_robot_teleop) by extension 'colcon_meta'
[0.585s] Level 1:colcon.colcon_core.package_identification:_identify(src/riley_robot_teleop) by extensions ['ros']
[0.585s] Level 1:colcon.colcon_core.package_identification:_identify(src/riley_robot_teleop) by extension 'ros'
[0.586s] DEBUG:colcon.colcon_core.package_identification:Package 'src/riley_robot_teleop' with type 'ros.ament_cmake' and name 'riley_robot_teleop'
[0.586s] Level 1:colcon.colcon_core.package_identification:_identify(src/xbox_input) by extensions ['ignore', 'ignore_ament_install']
[0.586s] Level 1:colcon.colcon_core.package_identification:_identify(src/xbox_input) by extension 'ignore'
[0.586s] Level 1:colcon.colcon_core.package_identification:_identify(src/xbox_input) by extension 'ignore_ament_install'
[0.586s] Level 1:colcon.colcon_core.package_identification:_identify(src/xbox_input) by extensions ['colcon_pkg']
[0.586s] Level 1:colcon.colcon_core.package_identification:_identify(src/xbox_input) by extension 'colcon_pkg'
[0.586s] Level 1:colcon.colcon_core.package_identification:_identify(src/xbox_input) by extensions ['colcon_meta']
[0.586s] Level 1:colcon.colcon_core.package_identification:_identify(src/xbox_input) by extension 'colcon_meta'
[0.586s] Level 1:colcon.colcon_core.package_identification:_identify(src/xbox_input) by extensions ['ros']
[0.586s] Level 1:colcon.colcon_core.package_identification:_identify(src/xbox_input) by extension 'ros'
[0.587s] DEBUG:colcon.colcon_core.package_identification:Package 'src/xbox_input' with type 'ros.ament_python' and name 'xbox_input'
[0.587s] Level 1:colcon.colcon_core.package_discovery:discover_packages(recursive) using defaults
[0.587s] Level 1:colcon.colcon_core.package_discovery:discover_packages(ignore) discover
[0.587s] Level 1:colcon.colcon_core.package_discovery:discover_packages(ignore) using defaults
[0.587s] Level 1:colcon.colcon_core.package_discovery:discover_packages(path) discover
[0.587s] Level 1:colcon.colcon_core.package_discovery:discover_packages(path) using defaults
[0.612s] Level 5:colcon.colcon_core.verb:set package 'my_riley_robot_description' build argument 'cmake_args' from command line to 'None'
[0.612s] Level 5:colcon.colcon_core.verb:set package 'my_riley_robot_description' build argument 'cmake_target' from command line to 'None'
[0.612s] Level 5:colcon.colcon_core.verb:set package 'my_riley_robot_description' build argument 'cmake_target_skip_unavailable' from command line to 'False'
[0.612s] Level 5:colcon.colcon_core.verb:set package 'my_riley_robot_description' build argument 'cmake_clean_cache' from command line to 'False'
[0.612s] Level 5:colcon.colcon_core.verb:set package 'my_riley_robot_description' build argument 'cmake_clean_first' from command line to 'False'
[0.612s] Level 5:colcon.colcon_core.verb:set package 'my_riley_robot_description' build argument 'cmake_force_configure' from command line to 'False'
[0.612s] Level 5:colcon.colcon_core.verb:set package 'my_riley_robot_description' build argument 'ament_cmake_args' from command line to 'None'
[0.612s] Level 5:colcon.colcon_core.verb:set package 'my_riley_robot_description' build argument 'catkin_cmake_args' from command line to 'None'
[0.612s] Level 5:colcon.colcon_core.verb:set package 'my_riley_robot_description' build argument 'catkin_skip_building_tests' from command line to 'False'
[0.612s] DEBUG:colcon.colcon_core.verb:Building package 'my_riley_robot_description' with the following arguments: {'ament_cmake_args': None, 'build_base': '/home/student/rileyRobot_ws/build/my_riley_robot_description', 'catkin_cmake_args': None, 'catkin_skip_building_tests': False, 'cmake_args': None, 'cmake_clean_cache': False, 'cmake_clean_first': False, 'cmake_force_configure': False, 'cmake_target': None, 'cmake_target_skip_unavailable': False, 'install_base': '/home/student/rileyRobot_ws/install/my_riley_robot_description', 'merge_install': False, 'path': '/home/student/rileyRobot_ws/src/my_riley_robot_description', 'symlink_install': False, 'test_result_base': None}
[0.613s] Level 5:colcon.colcon_core.verb:set package 'my_riley_robot_launcher' build argument 'cmake_args' from command line to 'None'
[0.613s] Level 5:colcon.colcon_core.verb:set package 'my_riley_robot_launcher' build argument 'cmake_target' from command line to 'None'
[0.613s] Level 5:colcon.colcon_core.verb:set package 'my_riley_robot_launcher' build argument 'cmake_target_skip_unavailable' from command line to 'False'
[0.613s] Level 5:colcon.colcon_core.verb:set package 'my_riley_robot_launcher' build argument 'cmake_clean_cache' from command line to 'False'
[0.613s] Level 5:colcon.colcon_core.verb:set package 'my_riley_robot_launcher' build argument 'cmake_clean_first' from command line to 'False'
[0.613s] Level 5:colcon.colcon_core.verb:set package 'my_riley_robot_launcher' build argument 'cmake_force_configure' from command line to 'False'
[0.613s] Level 5:colcon.colcon_core.verb:set package 'my_riley_robot_launcher' build argument 'ament_cmake_args' from command line to 'None'
[0.613s] Level 5:colcon.colcon_core.verb:set package 'my_riley_robot_launcher' build argument 'catkin_cmake_args' from command line to 'None'
[0.613s] Level 5:colcon.colcon_core.verb:set package 'my_riley_robot_launcher' build argument 'catkin_skip_building_tests' from command line to 'False'
[0.613s] DEBUG:colcon.colcon_core.verb:Building package 'my_riley_robot_launcher' with the following arguments: {'ament_cmake_args': None, 'build_base': '/home/student/rileyRobot_ws/build/my_riley_robot_launcher', 'catkin_cmake_args': None, 'catkin_skip_building_tests': False, 'cmake_args': None, 'cmake_clean_cache': False, 'cmake_clean_first': False, 'cmake_force_configure': False, 'cmake_target': None, 'cmake_target_skip_unavailable': False, 'install_base': '/home/student/rileyRobot_ws/install/my_riley_robot_launcher', 'merge_install': False, 'path': '/home/student/rileyRobot_ws/src/my_riley_robot_launcher', 'symlink_install': False, 'test_result_base': None}
[0.614s] Level 5:colcon.colcon_core.verb:set package 'my_riley_robot_nav2' build argument 'cmake_args' from command line to 'None'
[0.614s] Level 5:colcon.colcon_core.verb:set package 'my_riley_robot_nav2' build argument 'cmake_target' from command line to 'None'
[0.614s] Level 5:colcon.colcon_core.verb:set package 'my_riley_robot_nav2' build argument 'cmake_target_skip_unavailable' from command line to 'False'
[0.614s] Level 5:colcon.colcon_core.verb:set package 'my_riley_robot_nav2' build argument 'cmake_clean_cache' from command line to 'False'
[0.614s] Level 5:colcon.colcon_core.verb:set package 'my_riley_robot_nav2' build argument 'cmake_clean_first' from command line to 'False'
[0.614s] Level 5:colcon.colcon_core.verb:set package 'my_riley_robot_nav2' build argument 'cmake_force_configure' from command line to 'False'
[0.614s] Level 5:colcon.colcon_core.verb:set package 'my_riley_robot_nav2' build argument 'ament_cmake_args' from command line to 'None'
[0.615s] Level 5:colcon.colcon_core.verb:set package 'my_riley_robot_nav2' build argument 'catkin_cmake_args' from command line to 'None'
[0.615s] Level 5:colcon.colcon_core.verb:set package 'my_riley_robot_nav2' build argument 'catkin_skip_building_tests' from command line to 'False'
[0.615s] DEBUG:colcon.colcon_core.verb:Building package 'my_riley_robot_nav2' with the following arguments: {'ament_cmake_args': None, 'build_base': '/home/student/rileyRobot_ws/build/my_riley_robot_nav2', 'catkin_cmake_args': None, 'catkin_skip_building_tests': False, 'cmake_args': None, 'cmake_clean_cache': False, 'cmake_clean_first': False, 'cmake_force_configure': False, 'cmake_target': None, 'cmake_target_skip_unavailable': False, 'install_base': '/home/student/rileyRobot_ws/install/my_riley_robot_nav2', 'merge_install': False, 'path': '/home/student/rileyRobot_ws/src/my_riley_robot_nav2', 'symlink_install': False, 'test_result_base': None}
[0.615s] Level 5:colcon.colcon_core.verb:set package 'riley' build argument 'cmake_args' from command line to 'None'
[0.615s] Level 5:colcon.colcon_core.verb:set package 'riley' build argument 'cmake_target' from command line to 'None'
[0.615s] Level 5:colcon.colcon_core.verb:set package 'riley' build argument 'cmake_target_skip_unavailable' from command line to 'False'
[0.616s] Level 5:colcon.colcon_core.verb:set package 'riley' build argument 'cmake_clean_cache' from command line to 'False'
[0.616s] Level 5:colcon.colcon_core.verb:set package 'riley' build argument 'cmake_clean_first' from command line to 'False'
[0.616s] Level 5:colcon.colcon_core.verb:set package 'riley' build argument 'cmake_force_configure' from command line to 'False'
[0.616s] Level 5:colcon.colcon_core.verb:set package 'riley' build argument 'ament_cmake_args' from command line to 'None'
[0.616s] Level 5:colcon.colcon_core.verb:set package 'riley' build argument 'catkin_cmake_args' from command line to 'None'
[0.616s] Level 5:colcon.colcon_core.verb:set package 'riley' build argument 'catkin_skip_building_tests' from command line to 'False'
[0.616s] DEBUG:colcon.colcon_core.verb:Building package 'riley' with the following arguments: {'ament_cmake_args': None, 'build_base': '/home/student/rileyRobot_ws/build/riley', 'catkin_cmake_args': None, 'catkin_skip_building_tests': False, 'cmake_args': None, 'cmake_clean_cache': False, 'cmake_clean_first': False, 'cmake_force_configure': False, 'cmake_target': None, 'cmake_target_skip_unavailable': False, 'install_base': '/home/student/rileyRobot_ws/install/riley', 'merge_install': False, 'path': '/home/student/rileyRobot_ws/src/riley', 'symlink_install': False, 'test_result_base': None}
[0.617s] Level 5:colcon.colcon_core.verb:set package 'riley_interfaces' build argument 'cmake_args' from command line to 'None'
[0.617s] Level 5:colcon.colcon_core.verb:set package 'riley_interfaces' build argument 'cmake_target' from command line to 'None'
[0.617s] Level 5:colcon.colcon_core.verb:set package 'riley_interfaces' build argument 'cmake_target_skip_unavailable' from command line to 'False'
[0.617s] Level 5:colcon.colcon_core.verb:set package 'riley_interfaces' build argument 'cmake_clean_cache' from command line to 'False'
[0.617s] Level 5:colcon.colcon_core.verb:set package 'riley_interfaces' build argument 'cmake_clean_first' from command line to 'False'
[0.617s] Level 5:colcon.colcon_core.verb:set package 'riley_interfaces' build argument 'cmake_force_configure' from command line to 'False'
[0.617s] Level 5:colcon.colcon_core.verb:set package 'riley_interfaces' build argument 'ament_cmake_args' from command line to 'None'
[0.617s] Level 5:colcon.colcon_core.verb:set package 'riley_interfaces' build argument 'catkin_cmake_args' from command line to 'None'
[0.617s] Level 5:colcon.colcon_core.verb:set package 'riley_interfaces' build argument 'catkin_skip_building_tests' from command line to 'False'
[0.617s] DEBUG:colcon.colcon_core.verb:Building package 'riley_interfaces' with the following arguments: {'ament_cmake_args': None, 'build_base': '/home/student/rileyRobot_ws/build/riley_interfaces', 'catkin_cmake_args': None, 'catkin_skip_building_tests': False, 'cmake_args': None, 'cmake_clean_cache': False, 'cmake_clean_first': False, 'cmake_force_configure': False, 'cmake_target': None, 'cmake_target_skip_unavailable': False, 'install_base': '/home/student/rileyRobot_ws/install/riley_interfaces', 'merge_install': False, 'path': '/home/student/rileyRobot_ws/src/riley_interfaces', 'symlink_install': False, 'test_result_base': None}
[0.618s] Level 5:colcon.colcon_core.verb:set package 'riley_robot_teleop' build argument 'cmake_args' from command line to 'None'
[0.618s] Level 5:colcon.colcon_core.verb:set package 'riley_robot_teleop' build argument 'cmake_target' from command line to 'None'
[0.618s] Level 5:colcon.colcon_core.verb:set package 'riley_robot_teleop' build argument 'cmake_target_skip_unavailable' from command line to 'False'
[0.618s] Level 5:colcon.colcon_core.verb:set package 'riley_robot_teleop' build argument 'cmake_clean_cache' from command line to 'False'
[0.618s] Level 5:colcon.colcon_core.verb:set package 'riley_robot_teleop' build argument 'cmake_clean_first' from command line to 'False'
[0.618s] Level 5:colcon.colcon_core.verb:set package 'riley_robot_teleop' build argument 'cmake_force_configure' from command line to 'False'
[0.618s] Level 5:colcon.colcon_core.verb:set package 'riley_robot_teleop' build argument 'ament_cmake_args' from command line to 'None'
[0.618s] Level 5:colcon.colcon_core.verb:set package 'riley_robot_teleop' build argument 'catkin_cmake_args' from command line to 'None'
[0.618s] Level 5:colcon.colcon_core.verb:set package 'riley_robot_teleop' build argument 'catkin_skip_building_tests' from command line to 'False'
[0.618s] DEBUG:colcon.colcon_core.verb:Building package 'riley_robot_teleop' with the following arguments: {'ament_cmake_args': None, 'build_base': '/home/student/rileyRobot_ws/build/riley_robot_teleop', 'catkin_cmake_args': None, 'catkin_skip_building_tests': False, 'cmake_args': None, 'cmake_clean_cache': False, 'cmake_clean_first': False, 'cmake_force_configure': False, 'cmake_target': None, 'cmake_target_skip_unavailable': False, 'install_base': '/home/student/rileyRobot_ws/install/riley_robot_teleop', 'merge_install': False, 'path': '/home/student/rileyRobot_ws/src/riley_robot_teleop', 'symlink_install': False, 'test_result_base': None}
[0.619s] Level 5:colcon.colcon_core.verb:set package 'xbox_input' build argument 'cmake_args' from command line to 'None'
[0.619s] Level 5:colcon.colcon_core.verb:set package 'xbox_input' build argument 'cmake_target' from command line to 'None'
[0.619s] Level 5:colcon.colcon_core.verb:set package 'xbox_input' build argument 'cmake_target_skip_unavailable' from command line to 'False'
[0.619s] Level 5:colcon.colcon_core.verb:set package 'xbox_input' build argument 'cmake_clean_cache' from command line to 'False'
[0.619s] Level 5:colcon.colcon_core.verb:set package 'xbox_input' build argument 'cmake_clean_first' from command line to 'False'
[0.619s] Level 5:colcon.colcon_core.verb:set package 'xbox_input' build argument 'cmake_force_configure' from command line to 'False'
[0.619s] Level 5:colcon.colcon_core.verb:set package 'xbox_input' build argument 'ament_cmake_args' from command line to 'None'
[0.619s] Level 5:colcon.colcon_core.verb:set package 'xbox_input' build argument 'catkin_cmake_args' from command line to 'None'
[0.619s] Level 5:colcon.colcon_core.verb:set package 'xbox_input' build argument 'catkin_skip_building_tests' from command line to 'False'
[0.619s] DEBUG:colcon.colcon_core.verb:Building package 'xbox_input' with the following arguments: {'ament_cmake_args': None, 'build_base': '/home/student/rileyRobot_ws/build/xbox_input', 'catkin_cmake_args': None, 'catkin_skip_building_tests': False, 'cmake_args': None, 'cmake_clean_cache': False, 'cmake_clean_first': False, 'cmake_force_configure': False, 'cmake_target': None, 'cmake_target_skip_unavailable': False, 'install_base': '/home/student/rileyRobot_ws/install/xbox_input', 'merge_install': False, 'path': '/home/student/rileyRobot_ws/src/xbox_input', 'symlink_install': False, 'test_result_base': None}
[0.623s] INFO:colcon.colcon_core.executor:Executing jobs using 'parallel' executor
[0.626s] DEBUG:colcon.colcon_parallel_executor.executor.parallel:run_until_complete
[0.627s] INFO:colcon.colcon_ros.task.ament_cmake.build:Building ROS package in '/home/student/rileyRobot_ws/src/riley_interfaces' with build type 'ament_cmake'
[0.627s] INFO:colcon.colcon_cmake.task.cmake.build:Building CMake package in '/home/student/rileyRobot_ws/src/riley_interfaces'
[0.631s] INFO:colcon.colcon_core.plugin_system:Skipping extension 'colcon_core.shell.bat': Not used on non-Windows systems
[0.631s] INFO:colcon.colcon_core.shell:Skip shell extension 'powershell' for command environment: Not usable outside of PowerShell
[0.631s] DEBUG:colcon.colcon_core.shell:Skip shell extension 'dsv' for command environment
[0.637s] INFO:colcon.colcon_ros.task.ament_cmake.build:Building ROS package in '/home/student/rileyRobot_ws/src/my_riley_robot_description' with build type 'ament_cmake'
[0.637s] INFO:colcon.colcon_cmake.task.cmake.build:Building CMake package in '/home/student/rileyRobot_ws/src/my_riley_robot_description'
[0.638s] INFO:colcon.colcon_core.shell:Skip shell extension 'powershell' for command environment: Not usable outside of PowerShell
[0.638s] DEBUG:colcon.colcon_core.shell:Skip shell extension 'dsv' for command environment
[0.643s] INFO:colcon.colcon_ros.task.ament_cmake.build:Building ROS package in '/home/student/rileyRobot_ws/src/my_riley_robot_launcher' with build type 'ament_cmake'
[0.644s] INFO:colcon.colcon_cmake.task.cmake.build:Building CMake package in '/home/student/rileyRobot_ws/src/my_riley_robot_launcher'
[0.645s] INFO:colcon.colcon_core.shell:Skip shell extension 'powershell' for command environment: Not usable outside of PowerShell
[0.645s] DEBUG:colcon.colcon_core.shell:Skip shell extension 'dsv' for command environment
[0.650s] INFO:colcon.colcon_ros.task.ament_cmake.build:Building ROS package in '/home/student/rileyRobot_ws/src/my_riley_robot_nav2' with build type 'ament_cmake'
[0.650s] INFO:colcon.colcon_cmake.task.cmake.build:Building CMake package in '/home/student/rileyRobot_ws/src/my_riley_robot_nav2'
[0.651s] INFO:colcon.colcon_core.shell:Skip shell extension 'powershell' for command environment: Not usable outside of PowerShell
[0.651s] DEBUG:colcon.colcon_core.shell:Skip shell extension 'dsv' for command environment
[0.656s] INFO:colcon.colcon_ros.task.ament_python.build:Building ROS package in '/home/student/rileyRobot_ws/src/riley' with build type 'ament_python'
[0.657s] Level 1:colcon.colcon_core.shell:create_environment_hook('riley', 'ament_prefix_path')
[0.657s] INFO:colcon.colcon_core.shell:Creating environment hook '/home/student/rileyRobot_ws/install/riley/share/riley/hook/ament_prefix_path.ps1'
[0.659s] INFO:colcon.colcon_core.shell:Creating environment descriptor '/home/student/rileyRobot_ws/install/riley/share/riley/hook/ament_prefix_path.dsv'
[0.659s] INFO:colcon.colcon_core.shell:Creating environment hook '/home/student/rileyRobot_ws/install/riley/share/riley/hook/ament_prefix_path.sh'
[0.660s] INFO:colcon.colcon_core.shell:Skip shell extension 'powershell' for command environment: Not usable outside of PowerShell
[0.660s] DEBUG:colcon.colcon_core.shell:Skip shell extension 'dsv' for command environment
[0.665s] INFO:colcon.colcon_ros.task.ament_cmake.build:Building ROS package in '/home/student/rileyRobot_ws/src/riley_robot_teleop' with build type 'ament_cmake'
[0.665s] INFO:colcon.colcon_cmake.task.cmake.build:Building CMake package in '/home/student/rileyRobot_ws/src/riley_robot_teleop'
[0.666s] INFO:colcon.colcon_core.shell:Skip shell extension 'powershell' for command environment: Not usable outside of PowerShell
[0.666s] DEBUG:colcon.colcon_core.shell:Skip shell extension 'dsv' for command environment
[0.680s] DEBUG:colcon.colcon_core.event_handler.log_command:Invoking command in '/home/student/rileyRobot_ws/build/riley_interfaces': CMAKE_PREFIX_PATH=/opt/ros/foxy /usr/bin/cmake /home/student/rileyRobot_ws/src/riley_interfaces -DCMAKE_INSTALL_PREFIX=/home/student/rileyRobot_ws/install/riley_interfaces
[0.685s] DEBUG:colcon.colcon_core.event_handler.log_command:Invoking command in '/home/student/rileyRobot_ws/build/my_riley_robot_description': CMAKE_PREFIX_PATH=/opt/ros/foxy /usr/bin/cmake /home/student/rileyRobot_ws/src/my_riley_robot_description -DCMAKE_INSTALL_PREFIX=/home/student/rileyRobot_ws/install/my_riley_robot_description
[0.688s] DEBUG:colcon.colcon_core.event_handler.log_command:Invoking command in '/home/student/rileyRobot_ws/build/my_riley_robot_launcher': CMAKE_PREFIX_PATH=/opt/ros/foxy /usr/bin/cmake /home/student/rileyRobot_ws/src/my_riley_robot_launcher -DCMAKE_INSTALL_PREFIX=/home/student/rileyRobot_ws/install/my_riley_robot_launcher
[0.693s] DEBUG:colcon.colcon_core.event_handler.log_command:Invoking command in '/home/student/rileyRobot_ws/build/my_riley_robot_nav2': CMAKE_PREFIX_PATH=/opt/ros/foxy /usr/bin/cmake /home/student/rileyRobot_ws/src/my_riley_robot_nav2 -DCMAKE_INSTALL_PREFIX=/home/student/rileyRobot_ws/install/my_riley_robot_nav2
[1.004s] INFO:colcon.colcon_core.task.python.build:Building Python package in '/home/student/rileyRobot_ws/src/riley'
[1.005s] INFO:colcon.colcon_core.shell:Skip shell extension 'powershell' for command environment: Not usable outside of PowerShell
[1.005s] DEBUG:colcon.colcon_core.shell:Skip shell extension 'dsv' for command environment
[1.018s] DEBUG:colcon.colcon_core.event_handler.log_command:Invoking command in '/home/student/rileyRobot_ws/build/riley_robot_teleop': CMAKE_PREFIX_PATH=/opt/ros/foxy /usr/bin/cmake /home/student/rileyRobot_ws/src/riley_robot_teleop -DCMAKE_INSTALL_PREFIX=/home/student/rileyRobot_ws/install/riley_robot_teleop
[1.572s] DEBUG:colcon.colcon_core.event_handler.log_command:Invoking command in '/home/student/rileyRobot_ws/src/riley': PYTHONPATH=/home/student/rileyRobot_ws/install/riley/lib/python3.8/site-packages:${PYTHONPATH} /usr/bin/python3 setup.py egg_info --egg-base ../../build/riley build --build-base /home/student/rileyRobot_ws/build/riley/build install --prefix /home/student/rileyRobot_ws/install/riley --record /home/student/rileyRobot_ws/build/riley/install.log --single-version-externally-managed
[1.681s] DEBUG:colcon.colcon_core.event_handler.log_command:Invoked command in '/home/student/rileyRobot_ws/build/my_riley_robot_nav2' returned '0': CMAKE_PREFIX_PATH=/opt/ros/foxy /usr/bin/cmake /home/student/rileyRobot_ws/src/my_riley_robot_nav2 -DCMAKE_INSTALL_PREFIX=/home/student/rileyRobot_ws/install/my_riley_robot_nav2
[1.686s] DEBUG:colcon.colcon_core.event_handler.log_command:Invoking command in '/home/student/rileyRobot_ws/build/my_riley_robot_nav2': CMAKE_PREFIX_PATH=/opt/ros/foxy /usr/bin/cmake --build /home/student/rileyRobot_ws/build/my_riley_robot_nav2 -- -j12 -l12
[1.736s] DEBUG:colcon.colcon_core.event_handler.log_command:Invoked command in '/home/student/rileyRobot_ws/build/my_riley_robot_nav2' returned '0': CMAKE_PREFIX_PATH=/opt/ros/foxy /usr/bin/cmake --build /home/student/rileyRobot_ws/build/my_riley_robot_nav2 -- -j12 -l12
[1.780s] DEBUG:colcon.colcon_core.event_handler.log_command:Invoking command in '/home/student/rileyRobot_ws/build/my_riley_robot_nav2': CMAKE_PREFIX_PATH=/opt/ros/foxy /usr/bin/cmake --install /home/student/rileyRobot_ws/build/my_riley_robot_nav2
[1.794s] Level 1:colcon.colcon_core.environment:create_environment_scripts_only(my_riley_robot_nav2)
[1.795s] DEBUG:colcon.colcon_core.event_handler.log_command:Invoked command in '/home/student/rileyRobot_ws/build/my_riley_robot_nav2' returned '0': CMAKE_PREFIX_PATH=/opt/ros/foxy /usr/bin/cmake --install /home/student/rileyRobot_ws/build/my_riley_robot_nav2
[1.800s] Level 1:colcon.colcon_core.environment:checking '/home/student/rileyRobot_ws/install/my_riley_robot_nav2' for CMake module files
[1.800s] Level 1:colcon.colcon_core.environment:checking '/home/student/rileyRobot_ws/install/my_riley_robot_nav2' for CMake config files
[1.800s] Level 1:colcon.colcon_core.shell:create_environment_hook('my_riley_robot_nav2', 'cmake_prefix_path')
[1.801s] INFO:colcon.colcon_core.shell:Creating environment hook '/home/student/rileyRobot_ws/install/my_riley_robot_nav2/share/my_riley_robot_nav2/hook/cmake_prefix_path.ps1'
[1.802s] INFO:colcon.colcon_core.shell:Creating environment descriptor '/home/student/rileyRobot_ws/install/my_riley_robot_nav2/share/my_riley_robot_nav2/hook/cmake_prefix_path.dsv'
[1.802s] INFO:colcon.colcon_core.shell:Creating environment hook '/home/student/rileyRobot_ws/install/my_riley_robot_nav2/share/my_riley_robot_nav2/hook/cmake_prefix_path.sh'
[1.803s] Level 1:colcon.colcon_core.environment:checking '/home/student/rileyRobot_ws/install/my_riley_robot_nav2/bin'
[1.803s] Level 1:colcon.colcon_core.environment:checking '/home/student/rileyRobot_ws/install/my_riley_robot_nav2/lib/pkgconfig/my_riley_robot_nav2.pc'
[1.803s] Level 1:colcon.colcon_core.environment:checking '/home/student/rileyRobot_ws/install/my_riley_robot_nav2/lib/python3.8/site-packages'
[1.804s] INFO:colcon.colcon_core.shell:Creating package script '/home/student/rileyRobot_ws/install/my_riley_robot_nav2/share/my_riley_robot_nav2/package.ps1'
[1.805s] INFO:colcon.colcon_core.shell:Creating package descriptor '/home/student/rileyRobot_ws/install/my_riley_robot_nav2/share/my_riley_robot_nav2/package.dsv'
[1.806s] INFO:colcon.colcon_core.shell:Creating package script '/home/student/rileyRobot_ws/install/my_riley_robot_nav2/share/my_riley_robot_nav2/package.sh'
[1.806s] INFO:colcon.colcon_core.shell:Creating package script '/home/student/rileyRobot_ws/install/my_riley_robot_nav2/share/my_riley_robot_nav2/package.bash'
[1.807s] INFO:colcon.colcon_core.shell:Creating package script '/home/student/rileyRobot_ws/install/my_riley_robot_nav2/share/my_riley_robot_nav2/package.zsh'
[1.808s] Level 1:colcon.colcon_core.environment:create_file_with_runtime_dependencies(/home/student/rileyRobot_ws/install/my_riley_robot_nav2/share/colcon-core/packages/my_riley_robot_nav2)
[1.834s] Level 1:colcon.colcon_core.environment:create_environment_scripts_only(my_riley_robot_nav2)
[1.836s] Level 1:colcon.colcon_core.environment:checking '/home/student/rileyRobot_ws/install/my_riley_robot_nav2' for CMake module files
[1.837s] Level 1:colcon.colcon_core.environment:checking '/home/student/rileyRobot_ws/install/my_riley_robot_nav2' for CMake config files
[1.837s] Level 1:colcon.colcon_core.shell:create_environment_hook('my_riley_robot_nav2', 'cmake_prefix_path')
[1.838s] INFO:colcon.colcon_core.shell:Creating environment hook '/home/student/rileyRobot_ws/install/my_riley_robot_nav2/share/my_riley_robot_nav2/hook/cmake_prefix_path.ps1'
[1.839s] INFO:colcon.colcon_core.shell:Creating environment descriptor '/home/student/rileyRobot_ws/install/my_riley_robot_nav2/share/my_riley_robot_nav2/hook/cmake_prefix_path.dsv'
[1.840s] INFO:colcon.colcon_core.shell:Creating environment hook '/home/student/rileyRobot_ws/install/my_riley_robot_nav2/share/my_riley_robot_nav2/hook/cmake_prefix_path.sh'
[1.841s] Level 1:colcon.colcon_core.environment:checking '/home/student/rileyRobot_ws/install/my_riley_robot_nav2/bin'
[1.841s] Level 1:colcon.colcon_core.environment:checking '/home/student/rileyRobot_ws/install/my_riley_robot_nav2/lib/pkgconfig/my_riley_robot_nav2.pc'
[1.841s] Level 1:colcon.colcon_core.environment:checking '/home/student/rileyRobot_ws/install/my_riley_robot_nav2/lib/python3.8/site-packages'
[1.842s] INFO:colcon.colcon_core.shell:Creating package script '/home/student/rileyRobot_ws/install/my_riley_robot_nav2/share/my_riley_robot_nav2/package.ps1'
[1.843s] INFO:colcon.colcon_core.shell:Creating package descriptor '/home/student/rileyRobot_ws/install/my_riley_robot_nav2/share/my_riley_robot_nav2/package.dsv'
[1.844s] INFO:colcon.colcon_core.shell:Creating package script '/home/student/rileyRobot_ws/install/my_riley_robot_nav2/share/my_riley_robot_nav2/package.sh'
[1.847s] INFO:colcon.colcon_core.shell:Creating package script '/home/student/rileyRobot_ws/install/my_riley_robot_nav2/share/my_riley_robot_nav2/package.bash'
[1.847s] INFO:colcon.colcon_core.shell:Creating package script '/home/student/rileyRobot_ws/install/my_riley_robot_nav2/share/my_riley_robot_nav2/package.zsh'
[1.848s] Level 1:colcon.colcon_core.environment:create_file_with_runtime_dependencies(/home/student/rileyRobot_ws/install/my_riley_robot_nav2/share/colcon-core/packages/my_riley_robot_nav2)
[1.999s] DEBUG:colcon.colcon_core.event_handler.log_command:Invoked command in '/home/student/rileyRobot_ws/build/riley_robot_teleop' returned '0': CMAKE_PREFIX_PATH=/opt/ros/foxy /usr/bin/cmake /home/student/rileyRobot_ws/src/riley_robot_teleop -DCMAKE_INSTALL_PREFIX=/home/student/rileyRobot_ws/install/riley_robot_teleop
[2.004s] DEBUG:colcon.colcon_core.event_handler.log_command:Invoking command in '/home/student/rileyRobot_ws/build/riley_robot_teleop': CMAKE_PREFIX_PATH=/opt/ros/foxy /usr/bin/cmake --build /home/student/rileyRobot_ws/build/riley_robot_teleop -- -j12 -l12
[2.013s] Level 1:colcon.colcon_core.environment:checking '/home/student/rileyRobot_ws/install/riley' for CMake module files
[2.014s] DEBUG:colcon.colcon_core.event_handler.log_command:Invoked command in '/home/student/rileyRobot_ws/src/riley' returned '0': PYTHONPATH=/home/student/rileyRobot_ws/install/riley/lib/python3.8/site-packages:${PYTHONPATH} /usr/bin/python3 setup.py egg_info --egg-base ../../build/riley build --build-base /home/student/rileyRobot_ws/build/riley/build install --prefix /home/student/rileyRobot_ws/install/riley --record /home/student/rileyRobot_ws/build/riley/install.log --single-version-externally-managed
[2.015s] Level 1:colcon.colcon_core.environment:checking '/home/student/rileyRobot_ws/install/riley' for CMake config files
[2.016s] Level 1:colcon.colcon_core.environment:checking '/home/student/rileyRobot_ws/install/riley/lib'
[2.017s] Level 1:colcon.colcon_core.environment:checking '/home/student/rileyRobot_ws/install/riley/bin'
[2.017s] Level 1:colcon.colcon_core.environment:checking '/home/student/rileyRobot_ws/install/riley/lib/pkgconfig/riley.pc'
[2.017s] Level 1:colcon.colcon_core.environment:checking '/home/student/rileyRobot_ws/install/riley/lib/python3.8/site-packages'
[2.017s] Level 1:colcon.colcon_core.shell:create_environment_hook('riley', 'pythonpath')
[2.018s] INFO:colcon.colcon_core.shell:Creating environment hook '/home/student/rileyRobot_ws/install/riley/share/riley/hook/pythonpath.ps1'
[2.018s] INFO:colcon.colcon_core.shell:Creating environment descriptor '/home/student/rileyRobot_ws/install/riley/share/riley/hook/pythonpath.dsv'
[2.019s] INFO:colcon.colcon_core.shell:Creating environment hook '/home/student/rileyRobot_ws/install/riley/share/riley/hook/pythonpath.sh'
[2.019s] Level 1:colcon.colcon_core.environment:create_environment_scripts_only(riley)
[2.020s] INFO:colcon.colcon_core.shell:Creating package script '/home/student/rileyRobot_ws/install/riley/share/riley/package.ps1'
[2.020s] INFO:colcon.colcon_core.shell:Creating package descriptor '/home/student/rileyRobot_ws/install/riley/share/riley/package.dsv'
[2.021s] INFO:colcon.colcon_core.shell:Creating package script '/home/student/rileyRobot_ws/install/riley/share/riley/package.sh'
[2.021s] INFO:colcon.colcon_core.shell:Creating package script '/home/student/rileyRobot_ws/install/riley/share/riley/package.bash'
[2.022s] INFO:colcon.colcon_core.shell:Creating package script '/home/student/rileyRobot_ws/install/riley/share/riley/package.zsh'
[2.022s] Level 1:colcon.colcon_core.environment:create_file_with_runtime_dependencies(/home/student/rileyRobot_ws/install/riley/share/colcon-core/packages/riley)
[2.052s] DEBUG:colcon.colcon_core.event_handler.log_command:Invoked command in '/home/student/rileyRobot_ws/build/riley_robot_teleop' returned '0': CMAKE_PREFIX_PATH=/opt/ros/foxy /usr/bin/cmake --build /home/student/rileyRobot_ws/build/riley_robot_teleop -- -j12 -l12
[2.079s] DEBUG:colcon.colcon_core.event_handler.log_command:Invoking command in '/home/student/rileyRobot_ws/build/riley_robot_teleop': CMAKE_PREFIX_PATH=/opt/ros/foxy /usr/bin/cmake --install /home/student/rileyRobot_ws/build/riley_robot_teleop
[2.094s] Level 1:colcon.colcon_core.environment:create_environment_scripts_only(riley_robot_teleop)
[2.096s] Level 1:colcon.colcon_core.environment:checking '/home/student/rileyRobot_ws/install/riley_robot_teleop' for CMake module files
[2.096s] DEBUG:colcon.colcon_core.event_handler.log_command:Invoked command in '/home/student/rileyRobot_ws/build/riley_robot_teleop' returned '0': CMAKE_PREFIX_PATH=/opt/ros/foxy /usr/bin/cmake --install /home/student/rileyRobot_ws/build/riley_robot_teleop
[2.097s] Level 1:colcon.colcon_core.environment:checking '/home/student/rileyRobot_ws/install/riley_robot_teleop' for CMake config files
[2.097s] Level 1:colcon.colcon_core.shell:create_environment_hook('riley_robot_teleop', 'cmake_prefix_path')
[2.098s] INFO:colcon.colcon_core.shell:Creating environment hook '/home/student/rileyRobot_ws/install/riley_robot_teleop/share/riley_robot_teleop/hook/cmake_prefix_path.ps1'
[2.098s] INFO:colcon.colcon_core.shell:Creating environment descriptor '/home/student/rileyRobot_ws/install/riley_robot_teleop/share/riley_robot_teleop/hook/cmake_prefix_path.dsv'
[2.099s] INFO:colcon.colcon_core.shell:Creating environment hook '/home/student/rileyRobot_ws/install/riley_robot_teleop/share/riley_robot_teleop/hook/cmake_prefix_path.sh'
[2.099s] Level 1:colcon.colcon_core.environment:checking '/home/student/rileyRobot_ws/install/riley_robot_teleop/bin'
[2.099s] Level 1:colcon.colcon_core.environment:checking '/home/student/rileyRobot_ws/install/riley_robot_teleop/lib/pkgconfig/riley_robot_teleop.pc'
[2.100s] Level 1:colcon.colcon_core.environment:checking '/home/student/rileyRobot_ws/install/riley_robot_teleop/lib/python3.8/site-packages'
[2.100s] INFO:colcon.colcon_core.shell:Creating package script '/home/student/rileyRobot_ws/install/riley_robot_teleop/share/riley_robot_teleop/package.ps1'
[2.101s] INFO:colcon.colcon_core.shell:Creating package descriptor '/home/student/rileyRobot_ws/install/riley_robot_teleop/share/riley_robot_teleop/package.dsv'
[2.101s] INFO:colcon.colcon_core.shell:Creating package script '/home/student/rileyRobot_ws/install/riley_robot_teleop/share/riley_robot_teleop/package.sh'
[2.102s] INFO:colcon.colcon_core.shell:Creating package script '/home/student/rileyRobot_ws/install/riley_robot_teleop/share/riley_robot_teleop/package.bash'
[2.102s] INFO:colcon.colcon_core.shell:Creating package script '/home/student/rileyRobot_ws/install/riley_robot_teleop/share/riley_robot_teleop/package.zsh'
[2.102s] Level 1:colcon.colcon_core.environment:create_file_with_runtime_dependencies(/home/student/rileyRobot_ws/install/riley_robot_teleop/share/colcon-core/packages/riley_robot_teleop)
[2.128s] Level 1:colcon.colcon_core.environment:create_environment_scripts_only(riley_robot_teleop)
[2.129s] Level 1:colcon.colcon_core.environment:checking '/home/student/rileyRobot_ws/install/riley_robot_teleop' for CMake module files
[2.130s] Level 1:colcon.colcon_core.environment:checking '/home/student/rileyRobot_ws/install/riley_robot_teleop' for CMake config files
[2.130s] Level 1:colcon.colcon_core.shell:create_environment_hook('riley_robot_teleop', 'cmake_prefix_path')
[2.131s] INFO:colcon.colcon_core.shell:Creating environment hook '/home/student/rileyRobot_ws/install/riley_robot_teleop/share/riley_robot_teleop/hook/cmake_prefix_path.ps1'
[2.131s] INFO:colcon.colcon_core.shell:Creating environment descriptor '/home/student/rileyRobot_ws/install/riley_robot_teleop/share/riley_robot_teleop/hook/cmake_prefix_path.dsv'
[2.132s] INFO:colcon.colcon_core.shell:Creating environment hook '/home/student/rileyRobot_ws/install/riley_robot_teleop/share/riley_robot_teleop/hook/cmake_prefix_path.sh'
[2.132s] Level 1:colcon.colcon_core.environment:checking '/home/student/rileyRobot_ws/install/riley_robot_teleop/bin'
[2.132s] Level 1:colcon.colcon_core.environment:checking '/home/student/rileyRobot_ws/install/riley_robot_teleop/lib/pkgconfig/riley_robot_teleop.pc'
[2.132s] Level 1:colcon.colcon_core.environment:checking '/home/student/rileyRobot_ws/install/riley_robot_teleop/lib/python3.8/site-packages'
[2.133s] INFO:colcon.colcon_core.shell:Creating package script '/home/student/rileyRobot_ws/install/riley_robot_teleop/share/riley_robot_teleop/package.ps1'
[2.134s] INFO:colcon.colcon_core.shell:Creating package descriptor '/home/student/rileyRobot_ws/install/riley_robot_teleop/share/riley_robot_teleop/package.dsv'
[2.134s] INFO:colcon.colcon_core.shell:Creating package script '/home/student/rileyRobot_ws/install/riley_robot_teleop/share/riley_robot_teleop/package.sh'
[2.135s] INFO:colcon.colcon_core.shell:Creating package script '/home/student/rileyRobot_ws/install/riley_robot_teleop/share/riley_robot_teleop/package.bash'
[2.135s] INFO:colcon.colcon_core.shell:Creating package script '/home/student/rileyRobot_ws/install/riley_robot_teleop/share/riley_robot_teleop/package.zsh'
[2.136s] Level 1:colcon.colcon_core.environment:create_file_with_runtime_dependencies(/home/student/rileyRobot_ws/install/riley_robot_teleop/share/colcon-core/packages/riley_robot_teleop)
[2.494s] DEBUG:colcon.colcon_core.event_handler.log_command:Invoked command in '/home/student/rileyRobot_ws/build/riley_interfaces' returned '0': CMAKE_PREFIX_PATH=/opt/ros/foxy /usr/bin/cmake /home/student/rileyRobot_ws/src/riley_interfaces -DCMAKE_INSTALL_PREFIX=/home/student/rileyRobot_ws/install/riley_interfaces
[2.498s] DEBUG:colcon.colcon_core.event_handler.log_command:Invoking command in '/home/student/rileyRobot_ws/build/riley_interfaces': CMAKE_PREFIX_PATH=/opt/ros/foxy /usr/bin/cmake --build /home/student/rileyRobot_ws/build/riley_interfaces -- -j12 -l12
[4.787s] DEBUG:colcon.colcon_core.event_handler.log_command:Invoked command in '/home/student/rileyRobot_ws/build/my_riley_robot_launcher' returned '0': CMAKE_PREFIX_PATH=/opt/ros/foxy /usr/bin/cmake /home/student/rileyRobot_ws/src/my_riley_robot_launcher -DCMAKE_INSTALL_PREFIX=/home/student/rileyRobot_ws/install/my_riley_robot_launcher
[4.792s] DEBUG:colcon.colcon_core.event_handler.log_command:Invoking command in '/home/student/rileyRobot_ws/build/my_riley_robot_launcher': CMAKE_PREFIX_PATH=/opt/ros/foxy /usr/bin/cmake --build /home/student/rileyRobot_ws/build/my_riley_robot_launcher -- -j12 -l12
[4.840s] DEBUG:colcon.colcon_core.event_handler.log_command:Invoked command in '/home/student/rileyRobot_ws/build/my_riley_robot_description' returned '0': CMAKE_PREFIX_PATH=/opt/ros/foxy /usr/bin/cmake /home/student/rileyRobot_ws/src/my_riley_robot_description -DCMAKE_INSTALL_PREFIX=/home/student/rileyRobot_ws/install/my_riley_robot_description
[4.846s] DEBUG:colcon.colcon_core.event_handler.log_command:Invoking command in '/home/student/rileyRobot_ws/build/my_riley_robot_description': CMAKE_PREFIX_PATH=/opt/ros/foxy /usr/bin/cmake --build /home/student/rileyRobot_ws/build/my_riley_robot_description -- -j12 -l12
[4.859s] DEBUG:colcon.colcon_core.event_handler.log_command:Invoked command in '/home/student/rileyRobot_ws/build/my_riley_robot_launcher' returned '0': CMAKE_PREFIX_PATH=/opt/ros/foxy /usr/bin/cmake --build /home/student/rileyRobot_ws/build/my_riley_robot_launcher -- -j12 -l12
[4.903s] DEBUG:colcon.colcon_core.event_handler.log_command:Invoking command in '/home/student/rileyRobot_ws/build/my_riley_robot_launcher': CMAKE_PREFIX_PATH=/opt/ros/foxy /usr/bin/cmake --install /home/student/rileyRobot_ws/build/my_riley_robot_launcher
[4.906s] DEBUG:colcon.colcon_core.event_handler.log_command:Invoked command in '/home/student/rileyRobot_ws/build/my_riley_robot_description' returned '0': CMAKE_PREFIX_PATH=/opt/ros/foxy /usr/bin/cmake --build /home/student/rileyRobot_ws/build/my_riley_robot_description -- -j12 -l12
[4.921s] Level 1:colcon.colcon_core.environment:create_environment_scripts_only(my_riley_robot_launcher)
[4.924s] Level 1:colcon.colcon_core.environment:checking '/home/student/rileyRobot_ws/install/my_riley_robot_launcher' for CMake module files
[4.925s] DEBUG:colcon.colcon_core.event_handler.log_command:Invoked command in '/home/student/rileyRobot_ws/build/my_riley_robot_launcher' returned '0': CMAKE_PREFIX_PATH=/opt/ros/foxy /usr/bin/cmake --install /home/student/rileyRobot_ws/build/my_riley_robot_launcher
[4.925s] Level 1:colcon.colcon_core.environment:checking '/home/student/rileyRobot_ws/install/my_riley_robot_launcher' for CMake config files
[4.926s] Level 1:colcon.colcon_core.shell:create_environment_hook('my_riley_robot_launcher', 'cmake_prefix_path')
[4.927s] INFO:colcon.colcon_core.shell:Creating environment hook '/home/student/rileyRobot_ws/install/my_riley_robot_launcher/share/my_riley_robot_launcher/hook/cmake_prefix_path.ps1'
[4.928s] INFO:colcon.colcon_core.shell:Creating environment descriptor '/home/student/rileyRobot_ws/install/my_riley_robot_launcher/share/my_riley_robot_launcher/hook/cmake_prefix_path.dsv'
[4.929s] INFO:colcon.colcon_core.shell:Creating environment hook '/home/student/rileyRobot_ws/install/my_riley_robot_launcher/share/my_riley_robot_launcher/hook/cmake_prefix_path.sh'
[4.930s] Level 1:colcon.colcon_core.environment:checking '/home/student/rileyRobot_ws/install/my_riley_robot_launcher/bin'
[4.930s] Level 1:colcon.colcon_core.environment:checking '/home/student/rileyRobot_ws/install/my_riley_robot_launcher/lib/pkgconfig/my_riley_robot_launcher.pc'
[4.930s] Level 1:colcon.colcon_core.environment:checking '/home/student/rileyRobot_ws/install/my_riley_robot_launcher/lib/python3.8/site-packages'
[4.931s] INFO:colcon.colcon_core.shell:Creating package script '/home/student/rileyRobot_ws/install/my_riley_robot_launcher/share/my_riley_robot_launcher/package.ps1'
[4.933s] INFO:colcon.colcon_core.shell:Creating package descriptor '/home/student/rileyRobot_ws/install/my_riley_robot_launcher/share/my_riley_robot_launcher/package.dsv'
[4.934s] INFO:colcon.colcon_core.shell:Creating package script '/home/student/rileyRobot_ws/install/my_riley_robot_launcher/share/my_riley_robot_launcher/package.sh'
[4.934s] INFO:colcon.colcon_core.shell:Creating package script '/home/student/rileyRobot_ws/install/my_riley_robot_launcher/share/my_riley_robot_launcher/package.bash'
[4.935s] INFO:colcon.colcon_core.shell:Creating package script '/home/student/rileyRobot_ws/install/my_riley_robot_launcher/share/my_riley_robot_launcher/package.zsh'
[4.935s] Level 1:colcon.colcon_core.environment:create_file_with_runtime_dependencies(/home/student/rileyRobot_ws/install/my_riley_robot_launcher/share/colcon-core/packages/my_riley_robot_launcher)
[4.947s] DEBUG:colcon.colcon_core.event_handler.log_command:Invoking command in '/home/student/rileyRobot_ws/build/my_riley_robot_description': CMAKE_PREFIX_PATH=/opt/ros/foxy /usr/bin/cmake --install /home/student/rileyRobot_ws/build/my_riley_robot_description
[4.972s] Level 1:colcon.colcon_core.environment:create_environment_scripts_only(my_riley_robot_launcher)
[4.974s] Level 1:colcon.colcon_core.environment:checking '/home/student/rileyRobot_ws/install/my_riley_robot_launcher' for CMake module files
[4.977s] Level 1:colcon.colcon_core.environment:checking '/home/student/rileyRobot_ws/install/my_riley_robot_launcher' for CMake config files
[4.977s] Level 1:colcon.colcon_core.shell:create_environment_hook('my_riley_robot_launcher', 'cmake_prefix_path')
[4.978s] INFO:colcon.colcon_core.shell:Creating environment hook '/home/student/rileyRobot_ws/install/my_riley_robot_launcher/share/my_riley_robot_launcher/hook/cmake_prefix_path.ps1'
[4.979s] INFO:colcon.colcon_core.shell:Creating environment descriptor '/home/student/rileyRobot_ws/install/my_riley_robot_launcher/share/my_riley_robot_launcher/hook/cmake_prefix_path.dsv'
[4.979s] INFO:colcon.colcon_core.shell:Creating environment hook '/home/student/rileyRobot_ws/install/my_riley_robot_launcher/share/my_riley_robot_launcher/hook/cmake_prefix_path.sh'
[4.980s] Level 1:colcon.colcon_core.environment:checking '/home/student/rileyRobot_ws/install/my_riley_robot_launcher/bin'
[4.980s] Level 1:colcon.colcon_core.environment:checking '/home/student/rileyRobot_ws/install/my_riley_robot_launcher/lib/pkgconfig/my_riley_robot_launcher.pc'
[4.980s] Level 1:colcon.colcon_core.environment:checking '/home/student/rileyRobot_ws/install/my_riley_robot_launcher/lib/python3.8/site-packages'
[4.981s] INFO:colcon.colcon_core.shell:Creating package script '/home/student/rileyRobot_ws/install/my_riley_robot_launcher/share/my_riley_robot_launcher/package.ps1'
[4.983s] INFO:colcon.colcon_core.shell:Creating package descriptor '/home/student/rileyRobot_ws/install/my_riley_robot_launcher/share/my_riley_robot_launcher/package.dsv'
[4.985s] INFO:colcon.colcon_core.shell:Creating package script '/home/student/rileyRobot_ws/install/my_riley_robot_launcher/share/my_riley_robot_launcher/package.sh'
[4.987s] INFO:colcon.colcon_core.shell:Creating package script '/home/student/rileyRobot_ws/install/my_riley_robot_launcher/share/my_riley_robot_launcher/package.bash'
[4.988s] INFO:colcon.colcon_core.shell:Creating package script '/home/student/rileyRobot_ws/install/my_riley_robot_launcher/share/my_riley_robot_launcher/package.zsh'
[4.989s] Level 1:colcon.colcon_core.environment:create_file_with_runtime_dependencies(/home/student/rileyRobot_ws/install/my_riley_robot_launcher/share/colcon-core/packages/my_riley_robot_launcher)
[5.039s] Level 1:colcon.colcon_core.environment:create_environment_scripts_only(my_riley_robot_description)
[5.041s] Level 1:colcon.colcon_core.environment:checking '/home/student/rileyRobot_ws/install/my_riley_robot_description' for CMake module files
[5.041s] DEBUG:colcon.colcon_core.event_handler.log_command:Invoked command in '/home/student/rileyRobot_ws/build/my_riley_robot_description' returned '0': CMAKE_PREFIX_PATH=/opt/ros/foxy /usr/bin/cmake --install /home/student/rileyRobot_ws/build/my_riley_robot_description
[5.042s] Level 1:colcon.colcon_core.environment:checking '/home/student/rileyRobot_ws/install/my_riley_robot_description' for CMake config files
[5.043s] Level 1:colcon.colcon_core.shell:create_environment_hook('my_riley_robot_description', 'cmake_prefix_path')
[5.043s] INFO:colcon.colcon_core.shell:Creating environment hook '/home/student/rileyRobot_ws/install/my_riley_robot_description/share/my_riley_robot_description/hook/cmake_prefix_path.ps1'
[5.044s] INFO:colcon.colcon_core.shell:Creating environment descriptor '/home/student/rileyRobot_ws/install/my_riley_robot_description/share/my_riley_robot_description/hook/cmake_prefix_path.dsv'
[5.044s] INFO:colcon.colcon_core.shell:Creating environment hook '/home/student/rileyRobot_ws/install/my_riley_robot_description/share/my_riley_robot_description/hook/cmake_prefix_path.sh'
[5.045s] Level 1:colcon.colcon_core.environment:checking '/home/student/rileyRobot_ws/install/my_riley_robot_description/lib'
[5.045s] Level 1:colcon.colcon_core.environment:checking '/home/student/rileyRobot_ws/install/my_riley_robot_description/bin'
[5.045s] Level 1:colcon.colcon_core.environment:checking '/home/student/rileyRobot_ws/install/my_riley_robot_description/lib/pkgconfig/my_riley_robot_description.pc'
[5.045s] Level 1:colcon.colcon_core.environment:checking '/home/student/rileyRobot_ws/install/my_riley_robot_description/lib/python3.8/site-packages'
[5.046s] INFO:colcon.colcon_core.shell:Creating package script '/home/student/rileyRobot_ws/install/my_riley_robot_description/share/my_riley_robot_description/package.ps1'
[5.046s] INFO:colcon.colcon_core.shell:Creating package descriptor '/home/student/rileyRobot_ws/install/my_riley_robot_description/share/my_riley_robot_description/package.dsv'
[5.047s] INFO:colcon.colcon_core.shell:Creating package script '/home/student/rileyRobot_ws/install/my_riley_robot_description/share/my_riley_robot_description/package.sh'
[5.048s] INFO:colcon.colcon_core.shell:Creating package script '/home/student/rileyRobot_ws/install/my_riley_robot_description/share/my_riley_robot_description/package.bash'
[5.048s] INFO:colcon.colcon_core.shell:Creating package script '/home/student/rileyRobot_ws/install/my_riley_robot_description/share/my_riley_robot_description/package.zsh'
[5.048s] Level 1:colcon.colcon_core.environment:create_file_with_runtime_dependencies(/home/student/rileyRobot_ws/install/my_riley_robot_description/share/colcon-core/packages/my_riley_robot_description)
[5.077s] Level 1:colcon.colcon_core.environment:create_environment_scripts_only(my_riley_robot_description)
[5.079s] Level 1:colcon.colcon_core.environment:checking '/home/student/rileyRobot_ws/install/my_riley_robot_description' for CMake module files
[5.081s] Level 1:colcon.colcon_core.environment:checking '/home/student/rileyRobot_ws/install/my_riley_robot_description' for CMake config files
[5.082s] Level 1:colcon.colcon_core.shell:create_environment_hook('my_riley_robot_description', 'cmake_prefix_path')
[5.083s] INFO:colcon.colcon_core.shell:Creating environment hook '/home/student/rileyRobot_ws/install/my_riley_robot_description/share/my_riley_robot_description/hook/cmake_prefix_path.ps1'
[5.084s] INFO:colcon.colcon_core.shell:Creating environment descriptor '/home/student/rileyRobot_ws/install/my_riley_robot_description/share/my_riley_robot_description/hook/cmake_prefix_path.dsv'
[5.084s] INFO:colcon.colcon_core.shell:Creating environment hook '/home/student/rileyRobot_ws/install/my_riley_robot_description/share/my_riley_robot_description/hook/cmake_prefix_path.sh'
[5.104s] Level 1:colcon.colcon_core.environment:checking '/home/student/rileyRobot_ws/install/my_riley_robot_description/lib'
[5.104s] Level 1:colcon.colcon_core.environment:checking '/home/student/rileyRobot_ws/install/my_riley_robot_description/bin'
[5.104s] Level 1:colcon.colcon_core.environment:checking '/home/student/rileyRobot_ws/install/my_riley_robot_description/lib/pkgconfig/my_riley_robot_description.pc'
[5.104s] Level 1:colcon.colcon_core.environment:checking '/home/student/rileyRobot_ws/install/my_riley_robot_description/lib/python3.8/site-packages'
[5.106s] INFO:colcon.colcon_core.shell:Creating package script '/home/student/rileyRobot_ws/install/my_riley_robot_description/share/my_riley_robot_description/package.ps1'
[5.107s] INFO:colcon.colcon_core.shell:Creating package descriptor '/home/student/rileyRobot_ws/install/my_riley_robot_description/share/my_riley_robot_description/package.dsv'
[5.108s] INFO:colcon.colcon_core.shell:Creating package script '/home/student/rileyRobot_ws/install/my_riley_robot_description/share/my_riley_robot_description/package.sh'
[5.108s] INFO:colcon.colcon_core.shell:Creating package script '/home/student/rileyRobot_ws/install/my_riley_robot_description/share/my_riley_robot_description/package.bash'
[5.109s] INFO:colcon.colcon_core.shell:Creating package script '/home/student/rileyRobot_ws/install/my_riley_robot_description/share/my_riley_robot_description/package.zsh'
[5.110s] Level 1:colcon.colcon_core.environment:create_file_with_runtime_dependencies(/home/student/rileyRobot_ws/install/my_riley_robot_description/share/colcon-core/packages/my_riley_robot_description)
[7.703s] DEBUG:colcon.colcon_core.event_handler.log_command:Invoked command in '/home/student/rileyRobot_ws/build/riley_interfaces' returned '0': CMAKE_PREFIX_PATH=/opt/ros/foxy /usr/bin/cmake --build /home/student/rileyRobot_ws/build/riley_interfaces -- -j12 -l12
[7.836s] DEBUG:colcon.colcon_core.event_handler.log_command:Invoking command in '/home/student/rileyRobot_ws/build/riley_interfaces': CMAKE_PREFIX_PATH=/opt/ros/foxy /usr/bin/cmake --install /home/student/rileyRobot_ws/build/riley_interfaces
[7.919s] Level 1:colcon.colcon_core.environment:create_environment_scripts_only(riley_interfaces)
[7.919s] DEBUG:colcon.colcon_core.event_handler.log_command:Invoked command in '/home/student/rileyRobot_ws/build/riley_interfaces' returned '0': CMAKE_PREFIX_PATH=/opt/ros/foxy /usr/bin/cmake --install /home/student/rileyRobot_ws/build/riley_interfaces
[7.921s] Level 1:colcon.colcon_core.environment:checking '/home/student/rileyRobot_ws/install/riley_interfaces' for CMake module files
[7.922s] Level 1:colcon.colcon_core.environment:checking '/home/student/rileyRobot_ws/install/riley_interfaces' for CMake config files
[7.922s] Level 1:colcon.colcon_core.shell:create_environment_hook('riley_interfaces', 'cmake_prefix_path')
[7.923s] INFO:colcon.colcon_core.shell:Creating environment hook '/home/student/rileyRobot_ws/install/riley_interfaces/share/riley_interfaces/hook/cmake_prefix_path.ps1'
[7.923s] INFO:colcon.colcon_core.shell:Creating environment descriptor '/home/student/rileyRobot_ws/install/riley_interfaces/share/riley_interfaces/hook/cmake_prefix_path.dsv'
[7.924s] INFO:colcon.colcon_core.shell:Creating environment hook '/home/student/rileyRobot_ws/install/riley_interfaces/share/riley_interfaces/hook/cmake_prefix_path.sh'
[7.924s] Level 1:colcon.colcon_core.environment:checking '/home/student/rileyRobot_ws/install/riley_interfaces/lib'
[7.924s] Level 1:colcon.colcon_core.shell:create_environment_hook('riley_interfaces', 'ld_library_path_lib')
[7.925s] INFO:colcon.colcon_core.shell:Creating environment hook '/home/student/rileyRobot_ws/install/riley_interfaces/share/riley_interfaces/hook/ld_library_path_lib.ps1'
[7.925s] INFO:colcon.colcon_core.shell:Creating environment descriptor '/home/student/rileyRobot_ws/install/riley_interfaces/share/riley_interfaces/hook/ld_library_path_lib.dsv'
[7.926s] INFO:colcon.colcon_core.shell:Creating environment hook '/home/student/rileyRobot_ws/install/riley_interfaces/share/riley_interfaces/hook/ld_library_path_lib.sh'
[7.926s] Level 1:colcon.colcon_core.environment:checking '/home/student/rileyRobot_ws/install/riley_interfaces/bin'
[7.926s] Level 1:colcon.colcon_core.environment:checking '/home/student/rileyRobot_ws/install/riley_interfaces/lib/pkgconfig/riley_interfaces.pc'
[7.926s] Level 1:colcon.colcon_core.environment:checking '/home/student/rileyRobot_ws/install/riley_interfaces/lib/python3.8/site-packages'
[7.926s] Level 1:colcon.colcon_core.shell:create_environment_hook('riley_interfaces', 'pythonpath')
[7.927s] INFO:colcon.colcon_core.shell:Creating environment hook '/home/student/rileyRobot_ws/install/riley_interfaces/share/riley_interfaces/hook/pythonpath.ps1'
[7.927s] INFO:colcon.colcon_core.shell:Creating environment descriptor '/home/student/rileyRobot_ws/install/riley_interfaces/share/riley_interfaces/hook/pythonpath.dsv'
[7.928s] INFO:colcon.colcon_core.shell:Creating environment hook '/home/student/rileyRobot_ws/install/riley_interfaces/share/riley_interfaces/hook/pythonpath.sh'
[7.929s] INFO:colcon.colcon_core.shell:Creating package script '/home/student/rileyRobot_ws/install/riley_interfaces/share/riley_interfaces/package.ps1'
[7.929s] INFO:colcon.colcon_core.shell:Creating package descriptor '/home/student/rileyRobot_ws/install/riley_interfaces/share/riley_interfaces/package.dsv'
[7.930s] INFO:colcon.colcon_core.shell:Creating package script '/home/student/rileyRobot_ws/install/riley_interfaces/share/riley_interfaces/package.sh'
[7.930s] INFO:colcon.colcon_core.shell:Creating package script '/home/student/rileyRobot_ws/install/riley_interfaces/share/riley_interfaces/package.bash'
[7.931s] INFO:colcon.colcon_core.shell:Creating package script '/home/student/rileyRobot_ws/install/riley_interfaces/share/riley_interfaces/package.zsh'
[7.931s] Level 1:colcon.colcon_core.environment:create_file_with_runtime_dependencies(/home/student/rileyRobot_ws/install/riley_interfaces/share/colcon-core/packages/riley_interfaces)
[8.061s] Level 1:colcon.colcon_core.environment:create_environment_scripts_only(riley_interfaces)
[8.063s] Level 1:colcon.colcon_core.environment:checking '/home/student/rileyRobot_ws/install/riley_interfaces' for CMake module files
[8.063s] Level 1:colcon.colcon_core.environment:checking '/home/student/rileyRobot_ws/install/riley_interfaces' for CMake config files
[8.064s] Level 1:colcon.colcon_core.shell:create_environment_hook('riley_interfaces', 'cmake_prefix_path')
[8.064s] INFO:colcon.colcon_core.shell:Creating environment hook '/home/student/rileyRobot_ws/install/riley_interfaces/share/riley_interfaces/hook/cmake_prefix_path.ps1'
[8.065s] INFO:colcon.colcon_core.shell:Creating environment descriptor '/home/student/rileyRobot_ws/install/riley_interfaces/share/riley_interfaces/hook/cmake_prefix_path.dsv'
[8.065s] INFO:colcon.colcon_core.shell:Creating environment hook '/home/student/rileyRobot_ws/install/riley_interfaces/share/riley_interfaces/hook/cmake_prefix_path.sh'
[8.066s] Level 1:colcon.colcon_core.environment:checking '/home/student/rileyRobot_ws/install/riley_interfaces/lib'
[8.066s] Level 1:colcon.colcon_core.shell:create_environment_hook('riley_interfaces', 'ld_library_path_lib')
[8.067s] INFO:colcon.colcon_core.shell:Creating environment hook '/home/student/rileyRobot_ws/install/riley_interfaces/share/riley_interfaces/hook/ld_library_path_lib.ps1'
[8.067s] INFO:colcon.colcon_core.shell:Creating environment descriptor '/home/student/rileyRobot_ws/install/riley_interfaces/share/riley_interfaces/hook/ld_library_path_lib.dsv'
[8.067s] INFO:colcon.colcon_core.shell:Creating environment hook '/home/student/rileyRobot_ws/install/riley_interfaces/share/riley_interfaces/hook/ld_library_path_lib.sh'
[8.068s] Level 1:colcon.colcon_core.environment:checking '/home/student/rileyRobot_ws/install/riley_interfaces/bin'
[8.068s] Level 1:colcon.colcon_core.environment:checking '/home/student/rileyRobot_ws/install/riley_interfaces/lib/pkgconfig/riley_interfaces.pc'
[8.068s] Level 1:colcon.colcon_core.environment:checking '/home/student/rileyRobot_ws/install/riley_interfaces/lib/python3.8/site-packages'
[8.068s] Level 1:colcon.colcon_core.shell:create_environment_hook('riley_interfaces', 'pythonpath')
[8.069s] INFO:colcon.colcon_core.shell:Creating environment hook '/home/student/rileyRobot_ws/install/riley_interfaces/share/riley_interfaces/hook/pythonpath.ps1'
[8.069s] INFO:colcon.colcon_core.shell:Creating environment descriptor '/home/student/rileyRobot_ws/install/riley_interfaces/share/riley_interfaces/hook/pythonpath.dsv'
[8.069s] INFO:colcon.colcon_core.shell:Creating environment hook '/home/student/rileyRobot_ws/install/riley_interfaces/share/riley_interfaces/hook/pythonpath.sh'
[8.071s] INFO:colcon.colcon_core.shell:Creating package script '/home/student/rileyRobot_ws/install/riley_interfaces/share/riley_interfaces/package.ps1'
[8.071s] INFO:colcon.colcon_core.shell:Creating package descriptor '/home/student/rileyRobot_ws/install/riley_interfaces/share/riley_interfaces/package.dsv'
[8.072s] INFO:colcon.colcon_core.shell:Creating package script '/home/student/rileyRobot_ws/install/riley_interfaces/share/riley_interfaces/package.sh'
[8.072s] INFO:colcon.colcon_core.shell:Creating package script '/home/student/rileyRobot_ws/install/riley_interfaces/share/riley_interfaces/package.bash'
[8.073s] INFO:colcon.colcon_core.shell:Creating package script '/home/student/rileyRobot_ws/install/riley_interfaces/share/riley_interfaces/package.zsh'
[8.074s] Level 1:colcon.colcon_core.environment:create_file_with_runtime_dependencies(/home/student/rileyRobot_ws/install/riley_interfaces/share/colcon-core/packages/riley_interfaces)
[8.074s] INFO:colcon.colcon_ros.task.ament_python.build:Building ROS package in '/home/student/rileyRobot_ws/src/xbox_input' with build type 'ament_python'
[8.074s] Level 1:colcon.colcon_core.shell:create_environment_hook('xbox_input', 'ament_prefix_path')
[8.075s] INFO:colcon.colcon_core.shell:Creating environment hook '/home/student/rileyRobot_ws/install/xbox_input/share/xbox_input/hook/ament_prefix_path.ps1'
[8.076s] INFO:colcon.colcon_core.shell:Creating environment descriptor '/home/student/rileyRobot_ws/install/xbox_input/share/xbox_input/hook/ament_prefix_path.dsv'
[8.076s] INFO:colcon.colcon_core.shell:Creating environment hook '/home/student/rileyRobot_ws/install/xbox_input/share/xbox_input/hook/ament_prefix_path.sh'
[8.077s] INFO:colcon.colcon_core.shell:Skip shell extension 'powershell' for command environment: Not usable outside of PowerShell
[8.077s] DEBUG:colcon.colcon_core.shell:Skip shell extension 'dsv' for command environment
[8.381s] INFO:colcon.colcon_core.task.python.build:Building Python package in '/home/student/rileyRobot_ws/src/xbox_input'
[8.382s] INFO:colcon.colcon_core.shell:Skip shell extension 'powershell' for command environment: Not usable outside of PowerShell
[8.382s] DEBUG:colcon.colcon_core.shell:Skip shell extension 'dsv' for command environment
[8.870s] DEBUG:colcon.colcon_core.event_handler.log_command:Invoking command in '/home/student/rileyRobot_ws/src/xbox_input': AMENT_PREFIX_PATH=/home/student/rileyRobot_ws/install/riley_interfaces:${AMENT_PREFIX_PATH} CMAKE_PREFIX_PATH=/home/student/rileyRobot_ws/install/riley_interfaces LD_LIBRARY_PATH=/home/student/rileyRobot_ws/install/riley_interfaces/lib:${LD_LIBRARY_PATH} PYTHONPATH=/home/student/rileyRobot_ws/install/xbox_input/lib/python3.8/site-packages:/home/student/rileyRobot_ws/install/riley_interfaces/lib/python3.8/site-packages:${PYTHONPATH} /usr/bin/python3 setup.py egg_info --egg-base ../../build/xbox_input build --build-base /home/student/rileyRobot_ws/build/xbox_input/build install --prefix /home/student/rileyRobot_ws/install/xbox_input --record /home/student/rileyRobot_ws/build/xbox_input/install.log --single-version-externally-managed
[9.247s] Level 1:colcon.colcon_core.environment:checking '/home/student/rileyRobot_ws/install/xbox_input' for CMake module files
[9.247s] DEBUG:colcon.colcon_core.event_handler.log_command:Invoked command in '/home/student/rileyRobot_ws/src/xbox_input' returned '0': AMENT_PREFIX_PATH=/home/student/rileyRobot_ws/install/riley_interfaces:${AMENT_PREFIX_PATH} CMAKE_PREFIX_PATH=/home/student/rileyRobot_ws/install/riley_interfaces LD_LIBRARY_PATH=/home/student/rileyRobot_ws/install/riley_interfaces/lib:${LD_LIBRARY_PATH} PYTHONPATH=/home/student/rileyRobot_ws/install/xbox_input/lib/python3.8/site-packages:/home/student/rileyRobot_ws/install/riley_interfaces/lib/python3.8/site-packages:${PYTHONPATH} /usr/bin/python3 setup.py egg_info --egg-base ../../build/xbox_input build --build-base /home/student/rileyRobot_ws/build/xbox_input/build install --prefix /home/student/rileyRobot_ws/install/xbox_input --record /home/student/rileyRobot_ws/build/xbox_input/install.log --single-version-externally-managed
[9.248s] Level 1:colcon.colcon_core.environment:checking '/home/student/rileyRobot_ws/install/xbox_input' for CMake config files
[9.248s] Level 1:colcon.colcon_core.environment:checking '/home/student/rileyRobot_ws/install/xbox_input/lib'
[9.249s] Level 1:colcon.colcon_core.environment:checking '/home/student/rileyRobot_ws/install/xbox_input/bin'
[9.249s] Level 1:colcon.colcon_core.environment:checking '/home/student/rileyRobot_ws/install/xbox_input/lib/pkgconfig/xbox_input.pc'
[9.249s] Level 1:colcon.colcon_core.environment:checking '/home/student/rileyRobot_ws/install/xbox_input/lib/python3.8/site-packages'
[9.249s] Level 1:colcon.colcon_core.shell:create_environment_hook('xbox_input', 'pythonpath')
[9.249s] INFO:colcon.colcon_core.shell:Creating environment hook '/home/student/rileyRobot_ws/install/xbox_input/share/xbox_input/hook/pythonpath.ps1'
[9.250s] INFO:colcon.colcon_core.shell:Creating environment descriptor '/home/student/rileyRobot_ws/install/xbox_input/share/xbox_input/hook/pythonpath.dsv'
[9.250s] INFO:colcon.colcon_core.shell:Creating environment hook '/home/student/rileyRobot_ws/install/xbox_input/share/xbox_input/hook/pythonpath.sh'
[9.251s] Level 1:colcon.colcon_core.environment:create_environment_scripts_only(xbox_input)
[9.251s] INFO:colcon.colcon_core.shell:Creating package script '/home/student/rileyRobot_ws/install/xbox_input/share/xbox_input/package.ps1'
[9.252s] INFO:colcon.colcon_core.shell:Creating package descriptor '/home/student/rileyRobot_ws/install/xbox_input/share/xbox_input/package.dsv'
[9.252s] INFO:colcon.colcon_core.shell:Creating package script '/home/student/rileyRobot_ws/install/xbox_input/share/xbox_input/package.sh'
[9.253s] INFO:colcon.colcon_core.shell:Creating package script '/home/student/rileyRobot_ws/install/xbox_input/share/xbox_input/package.bash'
[9.253s] INFO:colcon.colcon_core.shell:Creating package script '/home/student/rileyRobot_ws/install/xbox_input/share/xbox_input/package.zsh'
[9.254s] Level 1:colcon.colcon_core.environment:create_file_with_runtime_dependencies(/home/student/rileyRobot_ws/install/xbox_input/share/colcon-core/packages/xbox_input)
[9.254s] DEBUG:colcon.colcon_parallel_executor.executor.parallel:closing loop
[9.254s] DEBUG:colcon.colcon_parallel_executor.executor.parallel:loop closed
[9.254s] DEBUG:colcon.colcon_parallel_executor.executor.parallel:run_until_complete finished with '0'
[9.255s] DEBUG:colcon.colcon_core.event_reactor:joining thread
[9.262s] INFO:colcon.colcon_core.plugin_system:Skipping extension 'colcon_notification.desktop_notification.terminal_notifier': Not used on non-Darwin systems
[9.262s] INFO:colcon.colcon_core.plugin_system:Skipping extension 'colcon_notification.desktop_notification.win32': Not used on non-Windows systems
[9.262s] INFO:colcon.colcon_notification.desktop_notification:Sending desktop notification using 'notify2'
[9.279s] DEBUG:colcon.colcon_core.event_reactor:joined thread
[9.279s] INFO:colcon.colcon_core.shell:Creating prefix script '/home/student/rileyRobot_ws/install/local_setup.ps1'
[9.280s] INFO:colcon.colcon_core.shell:Creating prefix util module '/home/student/rileyRobot_ws/install/_local_setup_util_ps1.py'
[9.282s] INFO:colcon.colcon_core.shell:Creating prefix chain script '/home/student/rileyRobot_ws/install/setup.ps1'
[9.283s] INFO:colcon.colcon_core.shell:Creating prefix script '/home/student/rileyRobot_ws/install/local_setup.sh'
[9.284s] INFO:colcon.colcon_core.shell:Creating prefix util module '/home/student/rileyRobot_ws/install/_local_setup_util_sh.py'
[9.284s] INFO:colcon.colcon_core.shell:Creating prefix chain script '/home/student/rileyRobot_ws/install/setup.sh'
[9.286s] INFO:colcon.colcon_core.shell:Creating prefix script '/home/student/rileyRobot_ws/install/local_setup.bash'
[9.286s] INFO:colcon.colcon_core.shell:Creating prefix chain script '/home/student/rileyRobot_ws/install/setup.bash'
[9.287s] INFO:colcon.colcon_core.shell:Creating prefix script '/home/student/rileyRobot_ws/install/local_setup.zsh'
[9.288s] INFO:colcon.colcon_core.shell:Creating prefix chain script '/home/student/rileyRobot_ws/install/setup.zsh'
