[1.241s] Invoking command in '/home/student/rileyRobot_ws/src/riley': PYTHONPATH=/home/student/rileyRobot_ws/install/riley/lib/python3.8/site-packages:${PYTHONPATH} /usr/bin/python3 setup.py egg_info --egg-base ../../build/riley build --build-base /home/student/rileyRobot_ws/build/riley/build install --prefix /home/student/rileyRobot_ws/install/riley --record /home/student/rileyRobot_ws/build/riley/install.log --single-version-externally-managed
[1.546s] running egg_info
[1.547s] writing ../../build/riley/riley.egg-info/PKG-INFO
[1.548s] writing dependency_links to ../../build/riley/riley.egg-info/dependency_links.txt
[1.548s] writing entry points to ../../build/riley/riley.egg-info/entry_points.txt
[1.548s] writing requirements to ../../build/riley/riley.egg-info/requires.txt
[1.548s] writing top-level names to ../../build/riley/riley.egg-info/top_level.txt
[1.596s] reading manifest file '../../build/riley/riley.egg-info/SOURCES.txt'
[1.598s] writing manifest file '../../build/riley/riley.egg-info/SOURCES.txt'
[1.598s] running build
[1.598s] running build_py
[1.599s] running install
[1.600s] running install_lib
[1.602s] running install_data
[1.606s] copying models/riley/model.sdf -> /home/student/rileyRobot_ws/install/riley/share/riley/models/riley
[1.607s] running install_egg_info
[1.609s] removing '/home/student/rileyRobot_ws/install/riley/lib/python3.8/site-packages/riley-0.0.0-py3.8.egg-info' (and everything under it)
[1.610s] Copying ../../build/riley/riley.egg-info to /home/student/rileyRobot_ws/install/riley/lib/python3.8/site-packages/riley-0.0.0-py3.8.egg-info
[1.611s] running install_scripts
[1.633s] writing list of installed files to '/home/student/rileyRobot_ws/build/riley/install.log'
[1.657s] Invoked command in '/home/student/rileyRobot_ws/src/riley' returned '0': PYTHONPATH=/home/student/rileyRobot_ws/install/riley/lib/python3.8/site-packages:${PYTHONPATH} /usr/bin/python3 setup.py egg_info --egg-base ../../build/riley build --build-base /home/student/rileyRobot_ws/build/riley/build install --prefix /home/student/rileyRobot_ws/install/riley --record /home/student/rileyRobot_ws/build/riley/install.log --single-version-externally-managed
