running egg_info
writing ../../build/xbox_input/xbox_input.egg-info/PKG-INFO
writing dependency_links to ../../build/xbox_input/xbox_input.egg-info/dependency_links.txt
writing entry points to ../../build/xbox_input/xbox_input.egg-info/entry_points.txt
writing requirements to ../../build/xbox_input/xbox_input.egg-info/requires.txt
writing top-level names to ../../build/xbox_input/xbox_input.egg-info/top_level.txt
reading manifest file '../../build/xbox_input/xbox_input.egg-info/SOURCES.txt'
writing manifest file '../../build/xbox_input/xbox_input.egg-info/SOURCES.txt'
running build
running build_py
running install
running install_lib
running install_data
running install_egg_info
removing '/home/student/rileyRobot_ws/install/xbox_input/lib/python3.8/site-packages/xbox_input-0.0.0-py3.8.egg-info' (and everything under it)
Copying ../../build/xbox_input/xbox_input.egg-info to /home/student/rileyRobot_ws/install/xbox_input/lib/python3.8/site-packages/xbox_input-0.0.0-py3.8.egg-info
running install_scripts
Installing publisher script to /home/student/rileyRobot_ws/install/xbox_input/lib/xbox_input
Installing subscriber script to /home/student/rileyRobot_ws/install/xbox_input/lib/xbox_input
writing list of installed files to '/home/student/rileyRobot_ws/build/xbox_input/install.log'
