/home/student/rileyRobot_ws/install/riley/lib/python3.8/site-packages/riley/__init__.py
/home/student/rileyRobot_ws/install/riley/lib/python3.8/site-packages/riley/__pycache__/__init__.cpython-38.pyc
/home/student/rileyRobot_ws/install/riley/share/ament_index/resource_index/packages/riley
/home/student/rileyRobot_ws/install/riley/share/riley/package.xml
/home/student/rileyRobot_ws/install/riley/share/riley/launch/rviz2.launch.py
/home/student/rileyRobot_ws/install/riley/share/riley/launch/slam_toolbox.launch.py
/home/student/rileyRobot_ws/install/riley/share/riley/launch/riley_empty_world.launch.py
/home/student/rileyRobot_ws/install/riley/share/riley/launch/riley_world.launch.py
/home/student/rileyRobot_ws/install/riley/share/riley/launch/riley_teleop.launch.py
/home/student/rileyRobot_ws/install/riley/share/riley/launch/multi_riley.launch.py
/home/student/rileyRobot_ws/install/riley/share/riley/launch/multi_nav2_slam.launch.py
/home/student/rileyRobot_ws/install/riley/share/riley/launch/nav2_slam.launch.py
/home/student/rileyRobot_ws/install/riley/share/riley/launch/display.launch.py
/home/student/rileyRobot_ws/install/riley/share/riley/worlds/world.model
/home/student/rileyRobot_ws/install/riley/share/riley/worlds/my_world.sdf
/home/student/rileyRobot_ws/install/riley/share/riley/Riley_URDF/riley_robot.urdf
/home/student/rileyRobot_ws/install/riley/share/riley/Riley_URDF/riley_robot_original.urdf.xacro
/home/student/rileyRobot_ws/install/riley/share/riley/Riley_URDF/riley_robot.urdf.xacro
/home/student/rileyRobot_ws/install/riley/share/riley/config/slam/mapping.yaml
/home/student/rileyRobot_ws/install/riley/share/riley/config/slam/localization.yaml
/home/student/rileyRobot_ws/install/riley/share/riley/config/nav2/controller_dwb.yaml
/home/student/rileyRobot_ws/install/riley/share/riley/config/nav2/recoveries.yaml
/home/student/rileyRobot_ws/install/riley/share/riley/config/nav2/waypoint.yaml
/home/student/rileyRobot_ws/install/riley/share/riley/config/nav2/bt_navigator.yaml
/home/student/rileyRobot_ws/install/riley/share/riley/config/nav2/planner.yaml
/home/student/rileyRobot_ws/install/riley/share/riley/config/nav2_params.yaml
/home/student/rileyRobot_ws/install/riley/share/riley/config/ekf.yaml
/home/student/rileyRobot_ws/install/riley/share/riley/rviz/urdf.rviz
/home/student/rileyRobot_ws/install/riley/share/riley/models/riley/model.sdf
/home/student/rileyRobot_ws/install/riley/share/riley/models/rileyWorld/model.sdf
/home/student/rileyRobot_ws/install/riley/share/riley/models/riley/meshes/MiddlepartV2.STL
/home/student/rileyRobot_ws/install/riley/share/riley/models/riley/meshes/SwivelWheel-SwivelWheelWheel-1.STL
/home/student/rileyRobot_ws/install/riley/share/riley/models/riley/meshes/IMU.STL
/home/student/rileyRobot_ws/install/riley/share/riley/models/riley/meshes/ReelyBuggyWheel_Left.STL
/home/student/rileyRobot_ws/install/riley/share/riley/models/riley/meshes/Camera.STL
/home/student/rileyRobot_ws/install/riley/share/riley/models/riley/meshes/SwivelWheel-SwivelWheelMid-1.STL
/home/student/rileyRobot_ws/install/riley/share/riley/models/riley/meshes/ReelyBuggyWheel_Right.STL
/home/student/rileyRobot_ws/install/riley/share/riley/models/riley/meshes/Lidar.STL
/home/student/rileyRobot_ws/install/riley/share/riley/models/riley/meshes/SwivelWheel-SwivelWheelBase-1.STL
/home/student/rileyRobot_ws/install/riley/share/riley/models/riley/meshes/MiddlepartTailV2.STL
/home/student/rileyRobot_ws/install/riley/share/riley/models/rileyWorld/meshes/maze.STL
/home/student/rileyRobot_ws/install/riley/share/riley/models/riley/model.config
/home/student/rileyRobot_ws/install/riley/share/riley/models/rileyWorld/model.config
/home/student/rileyRobot_ws/install/riley/lib/python3.8/site-packages/riley-0.0.0-py3.8.egg-info/dependency_links.txt
/home/student/rileyRobot_ws/install/riley/lib/python3.8/site-packages/riley-0.0.0-py3.8.egg-info/entry_points.txt
/home/student/rileyRobot_ws/install/riley/lib/python3.8/site-packages/riley-0.0.0-py3.8.egg-info/requires.txt
/home/student/rileyRobot_ws/install/riley/lib/python3.8/site-packages/riley-0.0.0-py3.8.egg-info/top_level.txt
/home/student/rileyRobot_ws/install/riley/lib/python3.8/site-packages/riley-0.0.0-py3.8.egg-info/zip-safe
/home/student/rileyRobot_ws/install/riley/lib/python3.8/site-packages/riley-0.0.0-py3.8.egg-info/PKG-INFO
/home/student/rileyRobot_ws/install/riley/lib/python3.8/site-packages/riley-0.0.0-py3.8.egg-info/SOURCES.txt
