[0.052s] Invoking command in '/home/student/rileyRobot_ws/build/riley_interfaces': CMAKE_PREFIX_PATH=/opt/ros/foxy /usr/bin/cmake /home/student/rileyRobot_ws/src/riley_interfaces -DCMAKE_INSTALL_PREFIX=/home/student/rileyRobot_ws/install/riley_interfaces
[0.390s] -- The C compiler identification is GNU 9.4.0
[0.392s] -- The CXX compiler identification is GNU 9.4.0
[0.392s] -- Check for working C compiler: /usr/bin/cc
[0.393s] -- Check for working C compiler: /usr/bin/cc -- works
[0.394s] -- Detecting C compiler ABI info
[0.394s] -- Detecting C compiler ABI info - done
[0.394s] -- Detecting C compile features
[0.396s] -- Detecting C compile features - done
[0.402s] -- Check for working CXX compiler: /usr/bin/c++
[0.500s] -- Check for working CXX compiler: /usr/bin/c++ -- works
[0.502s] -- Detecting CXX compiler ABI info
[0.605s] -- Detecting CXX compiler ABI info - done
[0.621s] -- Detecting CXX compile features
[0.622s] -- Detecting CXX compile features - done
[0.625s] -- Found ament_cmake: 0.9.8 (/opt/ros/foxy/share/ament_cmake/cmake)
[0.657s] -- Found PythonInterp: /usr/bin/python3 (found suitable version "3.8.10", minimum required is "3") 
[0.657s] -- Using PYTHON_EXECUTABLE: /usr/bin/python3
[0.944s] -- Found rosidl_default_generators: 1.0.0 (/opt/ros/foxy/share/rosidl_default_generators/cmake)
[0.946s] -- Using all available rosidl_typesupport_c: rosidl_typesupport_fastrtps_c;rosidl_typesupport_introspection_c
[0.955s] -- Found rosidl_adapter: 1.2.0 (/opt/ros/foxy/share/rosidl_adapter/cmake)
[1.083s] -- Found OpenSSL: /usr/lib/x86_64-linux-gnu/libcrypto.so (found version "1.1.1f")  
[1.124s] -- Found FastRTPS: /opt/ros/foxy/include  
[1.232s] -- Using all available rosidl_typesupport_cpp: rosidl_typesupport_fastrtps_cpp;rosidl_typesupport_introspection_cpp
[1.300s] -- Found PythonInterp: /usr/bin/python3 (found version "3.8.10") 
[1.481s] -- Found ament_cmake_ros: 0.9.1 (/opt/ros/foxy/share/ament_cmake_ros/cmake)
[1.610s] -- Using all available rosidl_typesupport_c: rosidl_typesupport_fastrtps_c;rosidl_typesupport_introspection_c
[1.620s] -- Using all available rosidl_typesupport_cpp: rosidl_typesupport_fastrtps_cpp;rosidl_typesupport_introspection_cpp
[1.651s] -- Found PythonInterp: /usr/bin/python3 (found suitable version "3.8.10", minimum required is "3.5") 
[1.653s] -- Found python_cmake_module: 0.8.0 (/opt/ros/foxy/share/python_cmake_module/cmake)
[1.688s] -- Found PythonLibs: /usr/lib/x86_64-linux-gnu/libpython3.8.so (found suitable version "3.8.10", minimum required is "3.5") 
[1.688s] -- Using PYTHON_EXECUTABLE: /usr/bin/python3
[1.688s] -- Using PYTHON_INCLUDE_DIRS: /usr/include/python3.8
[1.688s] -- Using PYTHON_LIBRARIES: /usr/lib/x86_64-linux-gnu/libpython3.8.so
[1.715s] -- Found PythonExtra: .so  
[1.766s] -- Found ament_lint_auto: 0.9.6 (/opt/ros/foxy/share/ament_lint_auto/cmake)
[1.792s] -- Added test 'copyright' to check source files copyright and LICENSE
[1.795s] -- Added test 'lint_cmake' to check CMake code style
[1.796s] -- Added test 'xmllint' to check XML markup files
[1.802s] -- Configuring done
[1.856s] -- Generating done
[1.859s] -- Build files have been written to: /home/student/rileyRobot_ws/build/riley_interfaces
[1.865s] Invoked command in '/home/student/rileyRobot_ws/build/riley_interfaces' returned '0': CMAKE_PREFIX_PATH=/opt/ros/foxy /usr/bin/cmake /home/student/rileyRobot_ws/src/riley_interfaces -DCMAKE_INSTALL_PREFIX=/home/student/rileyRobot_ws/install/riley_interfaces
[1.869s] Invoking command in '/home/student/rileyRobot_ws/build/riley_interfaces': CMAKE_PREFIX_PATH=/opt/ros/foxy /usr/bin/cmake --build /home/student/rileyRobot_ws/build/riley_interfaces -- -j12 -l12
[1.918s] [  1%] [34m[1mGenerating C code for ROS interfaces[0m
[1.919s] [35m[1mScanning dependencies of target riley_interfaces__cpp[0m
[1.931s] [  2%] [34m[1mGenerating C++ code for ROS interfaces[0m
[2.451s] [  2%] Built target riley_interfaces__cpp
[2.464s] [  7%] [34m[1mGenerating C++ type support for eProsima Fast-RTPS[0m
[2.464s] [  7%] [34m[1mGenerating C++ introspection for ROS interfaces[0m
[2.464s] [  7%] [34m[1mGenerating C++ type support dispatch for ROS interfaces[0m
[2.572s] [35m[1mScanning dependencies of target riley_interfaces__rosidl_generator_c[0m
[2.588s] [  8%] [32mBuilding C object CMakeFiles/riley_interfaces__rosidl_generator_c.dir/rosidl_generator_c/riley_interfaces/msg/detail/accelerometer__functions.c.o[0m
[2.591s] [  9%] [32mBuilding C object CMakeFiles/riley_interfaces__rosidl_generator_c.dir/rosidl_generator_c/riley_interfaces/msg/detail/battery_status__functions.c.o[0m
[2.591s] [ 11%] [32mBuilding C object CMakeFiles/riley_interfaces__rosidl_generator_c.dir/rosidl_generator_c/riley_interfaces/msg/detail/gyroscope__functions.c.o[0m
[2.592s] [ 14%] [32mBuilding C object CMakeFiles/riley_interfaces__rosidl_generator_c.dir/rosidl_generator_c/riley_interfaces/msg/detail/xbox_input__functions.c.o[0m
[2.593s] [ 14%] [32mBuilding C object CMakeFiles/riley_interfaces__rosidl_generator_c.dir/rosidl_generator_c/riley_interfaces/msg/detail/camera_image__functions.c.o[0m
[2.593s] [ 15%] [32mBuilding C object CMakeFiles/riley_interfaces__rosidl_generator_c.dir/rosidl_generator_c/riley_interfaces/msg/detail/imu_sensor_data__functions.c.o[0m
[2.673s] [ 16%] [32m[1mLinking C shared library libriley_interfaces__rosidl_generator_c.so[0m
[2.715s] [ 16%] Built target riley_interfaces__rosidl_generator_c
[2.729s] [ 18%] [34m[1mGenerating C introspection for ROS interfaces[0m
[2.733s] [ 19%] [34m[1mGenerating C type support dispatch for ROS interfaces[0m
[2.880s] [35m[1mScanning dependencies of target riley_interfaces__rosidl_typesupport_cpp[0m
[2.902s] [ 26%] [32mBuilding CXX object CMakeFiles/riley_interfaces__rosidl_typesupport_cpp.dir/rosidl_typesupport_cpp/riley_interfaces/msg/accelerometer__type_support.cpp.o[0m
[2.902s] [ 26%] [32mBuilding CXX object CMakeFiles/riley_interfaces__rosidl_typesupport_cpp.dir/rosidl_typesupport_cpp/riley_interfaces/msg/camera_image__type_support.cpp.o[0m
[2.902s] [ 26%] [32mBuilding CXX object CMakeFiles/riley_interfaces__rosidl_typesupport_cpp.dir/rosidl_typesupport_cpp/riley_interfaces/msg/battery_status__type_support.cpp.o[0m
[2.902s] [ 26%] [32mBuilding CXX object CMakeFiles/riley_interfaces__rosidl_typesupport_cpp.dir/rosidl_typesupport_cpp/riley_interfaces/msg/imu_sensor_data__type_support.cpp.o[0m
[2.902s] [ 26%] [32mBuilding CXX object CMakeFiles/riley_interfaces__rosidl_typesupport_cpp.dir/rosidl_typesupport_cpp/riley_interfaces/msg/gyroscope__type_support.cpp.o[0m
[2.904s] [ 28%] [32mBuilding CXX object CMakeFiles/riley_interfaces__rosidl_typesupport_cpp.dir/rosidl_typesupport_cpp/riley_interfaces/msg/xbox_input__type_support.cpp.o[0m
[3.197s] [35m[1mScanning dependencies of target riley_interfaces__rosidl_typesupport_introspection_cpp[0m
[3.229s] [ 29%] [32mBuilding CXX object CMakeFiles/riley_interfaces__rosidl_typesupport_introspection_cpp.dir/rosidl_typesupport_introspection_cpp/riley_interfaces/msg/detail/accelerometer__type_support.cpp.o[0m
[3.241s] [ 30%] [32mBuilding CXX object CMakeFiles/riley_interfaces__rosidl_typesupport_introspection_cpp.dir/rosidl_typesupport_introspection_cpp/riley_interfaces/msg/detail/battery_status__type_support.cpp.o[0m
[3.255s] [ 32%] [32mBuilding CXX object CMakeFiles/riley_interfaces__rosidl_typesupport_introspection_cpp.dir/rosidl_typesupport_introspection_cpp/riley_interfaces/msg/detail/camera_image__type_support.cpp.o[0m
[3.260s] [35m[1mScanning dependencies of target riley_interfaces__rosidl_typesupport_fastrtps_cpp[0m
[3.316s] [ 33%] [32mBuilding CXX object CMakeFiles/riley_interfaces__rosidl_typesupport_fastrtps_cpp.dir/rosidl_typesupport_fastrtps_cpp/riley_interfaces/msg/detail/dds_fastrtps/accelerometer__type_support.cpp.o[0m
[3.476s] [35m[1mScanning dependencies of target riley_interfaces__rosidl_typesupport_c[0m
[3.490s] [ 35%] [32mBuilding CXX object CMakeFiles/riley_interfaces__rosidl_typesupport_fastrtps_cpp.dir/rosidl_typesupport_fastrtps_cpp/riley_interfaces/msg/detail/dds_fastrtps/battery_status__type_support.cpp.o[0m
[3.499s] [ 36%] [32mBuilding CXX object CMakeFiles/riley_interfaces__rosidl_typesupport_fastrtps_cpp.dir/rosidl_typesupport_fastrtps_cpp/riley_interfaces/msg/detail/dds_fastrtps/camera_image__type_support.cpp.o[0m
[3.502s] [ 38%] [32mBuilding CXX object CMakeFiles/riley_interfaces__rosidl_typesupport_c.dir/rosidl_typesupport_c/riley_interfaces/msg/accelerometer__type_support.cpp.o[0m
[3.503s] [ 39%] [32mBuilding CXX object CMakeFiles/riley_interfaces__rosidl_typesupport_c.dir/rosidl_typesupport_c/riley_interfaces/msg/battery_status__type_support.cpp.o[0m
[3.508s] [ 40%] [32mBuilding CXX object CMakeFiles/riley_interfaces__rosidl_typesupport_c.dir/rosidl_typesupport_c/riley_interfaces/msg/camera_image__type_support.cpp.o[0m
[3.517s] [ 42%] [32mBuilding CXX object CMakeFiles/riley_interfaces__rosidl_typesupport_introspection_cpp.dir/rosidl_typesupport_introspection_cpp/riley_interfaces/msg/detail/gyroscope__type_support.cpp.o[0m
[3.522s] [ 43%] [32m[1mLinking CXX shared library libriley_interfaces__rosidl_typesupport_cpp.so[0m
[3.574s] [ 45%] [32mBuilding CXX object CMakeFiles/riley_interfaces__rosidl_typesupport_c.dir/rosidl_typesupport_c/riley_interfaces/msg/gyroscope__type_support.cpp.o[0m
[3.578s] [ 46%] [32mBuilding CXX object CMakeFiles/riley_interfaces__rosidl_typesupport_c.dir/rosidl_typesupport_c/riley_interfaces/msg/imu_sensor_data__type_support.cpp.o[0m
[3.594s] [ 47%] [32mBuilding CXX object CMakeFiles/riley_interfaces__rosidl_typesupport_c.dir/rosidl_typesupport_c/riley_interfaces/msg/xbox_input__type_support.cpp.o[0m
[3.632s] [ 47%] Built target riley_interfaces__rosidl_typesupport_cpp
[3.667s] [ 49%] [32mBuilding CXX object CMakeFiles/riley_interfaces__rosidl_typesupport_fastrtps_cpp.dir/rosidl_typesupport_fastrtps_cpp/riley_interfaces/msg/detail/dds_fastrtps/gyroscope__type_support.cpp.o[0m
[3.675s] [ 50%] [32mBuilding CXX object CMakeFiles/riley_interfaces__rosidl_typesupport_fastrtps_cpp.dir/rosidl_typesupport_fastrtps_cpp/riley_interfaces/msg/detail/dds_fastrtps/imu_sensor_data__type_support.cpp.o[0m
[3.683s] [ 52%] [32m[1mLinking CXX shared library libriley_interfaces__rosidl_typesupport_c.so[0m
[3.697s] [35m[1mScanning dependencies of target riley_interfaces__rosidl_typesupport_introspection_c[0m
[3.701s] [ 53%] [32mBuilding CXX object CMakeFiles/riley_interfaces__rosidl_typesupport_fastrtps_cpp.dir/rosidl_typesupport_fastrtps_cpp/riley_interfaces/msg/detail/dds_fastrtps/xbox_input__type_support.cpp.o[0m
[3.733s] [ 54%] [32mBuilding C object CMakeFiles/riley_interfaces__rosidl_typesupport_introspection_c.dir/rosidl_typesupport_introspection_c/riley_interfaces/msg/detail/accelerometer__type_support.c.o[0m
[3.829s] [ 54%] Built target riley_interfaces__rosidl_typesupport_c
[3.848s] [ 56%] [32mBuilding C object CMakeFiles/riley_interfaces__rosidl_typesupport_introspection_c.dir/rosidl_typesupport_introspection_c/riley_interfaces/msg/detail/camera_image__type_support.c.o[0m
[3.863s] [ 57%] [32mBuilding C object CMakeFiles/riley_interfaces__rosidl_typesupport_introspection_c.dir/rosidl_typesupport_introspection_c/riley_interfaces/msg/detail/battery_status__type_support.c.o[0m
[3.876s] [ 59%] [32mBuilding CXX object CMakeFiles/riley_interfaces__rosidl_typesupport_introspection_cpp.dir/rosidl_typesupport_introspection_cpp/riley_interfaces/msg/detail/imu_sensor_data__type_support.cpp.o[0m
[3.899s] [ 60%] [32mBuilding CXX object CMakeFiles/riley_interfaces__rosidl_typesupport_introspection_cpp.dir/rosidl_typesupport_introspection_cpp/riley_interfaces/msg/detail/xbox_input__type_support.cpp.o[0m
[3.936s] [ 61%] [32mBuilding C object CMakeFiles/riley_interfaces__rosidl_typesupport_introspection_c.dir/rosidl_typesupport_introspection_c/riley_interfaces/msg/detail/gyroscope__type_support.c.o[0m
[3.993s] [ 63%] [32mBuilding C object CMakeFiles/riley_interfaces__rosidl_typesupport_introspection_c.dir/rosidl_typesupport_introspection_c/riley_interfaces/msg/detail/imu_sensor_data__type_support.c.o[0m
[4.079s] [ 64%] [32mBuilding C object CMakeFiles/riley_interfaces__rosidl_typesupport_introspection_c.dir/rosidl_typesupport_introspection_c/riley_interfaces/msg/detail/xbox_input__type_support.c.o[0m
[4.134s] [ 66%] [32m[1mLinking C shared library libriley_interfaces__rosidl_typesupport_introspection_c.so[0m
[4.191s] [ 66%] Built target riley_interfaces__rosidl_typesupport_introspection_c
[4.523s] [ 67%] [32m[1mLinking CXX shared library libriley_interfaces__rosidl_typesupport_introspection_cpp.so[0m
[4.528s] [ 69%] [32m[1mLinking CXX shared library libriley_interfaces__rosidl_typesupport_fastrtps_cpp.so[0m
[4.608s] [ 69%] Built target riley_interfaces__rosidl_typesupport_introspection_cpp
[4.632s] [ 69%] Built target riley_interfaces__rosidl_typesupport_fastrtps_cpp
[4.644s] [ 70%] [34m[1mGenerating C type support for eProsima Fast-RTPS[0m
[5.107s] [35m[1mScanning dependencies of target riley_interfaces__rosidl_typesupport_fastrtps_c[0m
[5.128s] [ 73%] [32mBuilding CXX object CMakeFiles/riley_interfaces__rosidl_typesupport_fastrtps_c.dir/rosidl_typesupport_fastrtps_c/riley_interfaces/msg/detail/battery_status__type_support_c.cpp.o[0m
[5.128s] [ 73%] [32mBuilding CXX object CMakeFiles/riley_interfaces__rosidl_typesupport_fastrtps_c.dir/rosidl_typesupport_fastrtps_c/riley_interfaces/msg/detail/camera_image__type_support_c.cpp.o[0m
[5.128s] [ 74%] [32mBuilding CXX object CMakeFiles/riley_interfaces__rosidl_typesupport_fastrtps_c.dir/rosidl_typesupport_fastrtps_c/riley_interfaces/msg/detail/gyroscope__type_support_c.cpp.o[0m
[5.129s] [ 76%] [32mBuilding CXX object CMakeFiles/riley_interfaces__rosidl_typesupport_fastrtps_c.dir/rosidl_typesupport_fastrtps_c/riley_interfaces/msg/detail/imu_sensor_data__type_support_c.cpp.o[0m
[5.132s] [ 77%] [32mBuilding CXX object CMakeFiles/riley_interfaces__rosidl_typesupport_fastrtps_c.dir/rosidl_typesupport_fastrtps_c/riley_interfaces/msg/detail/accelerometer__type_support_c.cpp.o[0m
[5.133s] [ 78%] [32mBuilding CXX object CMakeFiles/riley_interfaces__rosidl_typesupport_fastrtps_c.dir/rosidl_typesupport_fastrtps_c/riley_interfaces/msg/detail/xbox_input__type_support_c.cpp.o[0m
[5.574s] [ 80%] [32m[1mLinking CXX shared library libriley_interfaces__rosidl_typesupport_fastrtps_c.so[0m
[5.673s] [ 80%] Built target riley_interfaces__rosidl_typesupport_fastrtps_c
[5.685s] [35m[1mScanning dependencies of target riley_interfaces[0m
[5.696s] [ 80%] Built target riley_interfaces
[5.708s] [35m[1mScanning dependencies of target riley_interfaces__py[0m
[5.721s] [ 81%] [34m[1mGenerating Python code for ROS interfaces[0m
[6.624s] [ 81%] Built target riley_interfaces__py
[6.635s] [35m[1mScanning dependencies of target riley_interfaces__python[0m
[6.669s] [ 85%] [32mBuilding C object CMakeFiles/riley_interfaces__python.dir/rosidl_generator_py/riley_interfaces/msg/_battery_status_s.c.o[0m
[6.669s] [ 85%] [32mBuilding C object CMakeFiles/riley_interfaces__python.dir/rosidl_generator_py/riley_interfaces/msg/_camera_image_s.c.o[0m
[6.669s] [ 85%] [32mBuilding C object CMakeFiles/riley_interfaces__python.dir/rosidl_generator_py/riley_interfaces/msg/_gyroscope_s.c.o[0m
[6.669s] [ 87%] [32mBuilding C object CMakeFiles/riley_interfaces__python.dir/rosidl_generator_py/riley_interfaces/msg/_imu_sensor_data_s.c.o[0m
[6.672s] [ 88%] [32mBuilding C object CMakeFiles/riley_interfaces__python.dir/rosidl_generator_py/riley_interfaces/msg/_accelerometer_s.c.o[0m
[6.673s] [ 90%] [32mBuilding C object CMakeFiles/riley_interfaces__python.dir/rosidl_generator_py/riley_interfaces/msg/_xbox_input_s.c.o[0m
[6.784s] [ 91%] [32m[1mLinking C shared library rosidl_generator_py/riley_interfaces/libriley_interfaces__python.so[0m
[6.831s] [ 91%] Built target riley_interfaces__python
[6.844s] [35m[1mScanning dependencies of target riley_interfaces__rosidl_typesupport_introspection_c__pyext[0m
[6.844s] [35m[1mScanning dependencies of target riley_interfaces__rosidl_typesupport_fastrtps_c__pyext[0m
[6.845s] [35m[1mScanning dependencies of target riley_interfaces__rosidl_typesupport_c__pyext[0m
[6.866s] [ 95%] [32mBuilding C object CMakeFiles/riley_interfaces__rosidl_typesupport_fastrtps_c__pyext.dir/rosidl_generator_py/riley_interfaces/_riley_interfaces_s.ep.rosidl_typesupport_fastrtps_c.c.o[0m
[6.866s] [ 95%] [32mBuilding C object CMakeFiles/riley_interfaces__rosidl_typesupport_introspection_c__pyext.dir/rosidl_generator_py/riley_interfaces/_riley_interfaces_s.ep.rosidl_typesupport_introspection_c.c.o[0m
[6.866s] [ 95%] [32mBuilding C object CMakeFiles/riley_interfaces__rosidl_typesupport_c__pyext.dir/rosidl_generator_py/riley_interfaces/_riley_interfaces_s.ep.rosidl_typesupport_c.c.o[0m
[6.981s] [ 97%] [32m[1mLinking C shared library rosidl_generator_py/riley_interfaces/riley_interfaces_s__rosidl_typesupport_c.cpython-38-x86_64-linux-gnu.so[0m
[6.983s] [ 98%] [32m[1mLinking C shared library rosidl_generator_py/riley_interfaces/riley_interfaces_s__rosidl_typesupport_introspection_c.cpython-38-x86_64-linux-gnu.so[0m
[6.984s] [100%] [32m[1mLinking CXX shared library rosidl_generator_py/riley_interfaces/riley_interfaces_s__rosidl_typesupport_fastrtps_c.cpython-38-x86_64-linux-gnu.so[0m
[7.023s] [100%] Built target riley_interfaces__rosidl_typesupport_c__pyext
[7.024s] [100%] Built target riley_interfaces__rosidl_typesupport_introspection_c__pyext
[7.061s] [100%] Built target riley_interfaces__rosidl_typesupport_fastrtps_c__pyext
[7.074s] Invoked command in '/home/student/rileyRobot_ws/build/riley_interfaces' returned '0': CMAKE_PREFIX_PATH=/opt/ros/foxy /usr/bin/cmake --build /home/student/rileyRobot_ws/build/riley_interfaces -- -j12 -l12
[7.206s] Invoking command in '/home/student/rileyRobot_ws/build/riley_interfaces': CMAKE_PREFIX_PATH=/opt/ros/foxy /usr/bin/cmake --install /home/student/rileyRobot_ws/build/riley_interfaces
[7.216s] -- Install configuration: ""
[7.216s] -- Installing: /home/student/rileyRobot_ws/install/riley_interfaces/share/ament_index/resource_index/rosidl_interfaces/riley_interfaces
[7.217s] -- Installing: /home/student/rileyRobot_ws/install/riley_interfaces/include/riley_interfaces
[7.217s] -- Installing: /home/student/rileyRobot_ws/install/riley_interfaces/include/riley_interfaces/msg
[7.217s] -- Installing: /home/student/rileyRobot_ws/install/riley_interfaces/include/riley_interfaces/msg/detail
[7.217s] -- Installing: /home/student/rileyRobot_ws/install/riley_interfaces/include/riley_interfaces/msg/detail/accelerometer__type_support.h
[7.217s] -- Installing: /home/student/rileyRobot_ws/install/riley_interfaces/include/riley_interfaces/msg/detail/battery_status__struct.h
[7.218s] -- Installing: /home/student/rileyRobot_ws/install/riley_interfaces/include/riley_interfaces/msg/detail/xbox_input__functions.c
[7.218s] -- Installing: /home/student/rileyRobot_ws/install/riley_interfaces/include/riley_interfaces/msg/detail/battery_status__functions.h
[7.218s] -- Installing: /home/student/rileyRobot_ws/install/riley_interfaces/include/riley_interfaces/msg/detail/accelerometer__functions.c
[7.218s] -- Installing: /home/student/rileyRobot_ws/install/riley_interfaces/include/riley_interfaces/msg/detail/xbox_input__struct.h
[7.218s] -- Installing: /home/student/rileyRobot_ws/install/riley_interfaces/include/riley_interfaces/msg/detail/xbox_input__type_support.h
[7.218s] -- Installing: /home/student/rileyRobot_ws/install/riley_interfaces/include/riley_interfaces/msg/detail/battery_status__functions.c
[7.218s] -- Installing: /home/student/rileyRobot_ws/install/riley_interfaces/include/riley_interfaces/msg/detail/xbox_input__functions.h
[7.218s] -- Installing: /home/student/rileyRobot_ws/install/riley_interfaces/include/riley_interfaces/msg/detail/accelerometer__struct.h
[7.218s] -- Installing: /home/student/rileyRobot_ws/install/riley_interfaces/include/riley_interfaces/msg/detail/camera_image__functions.c
[7.218s] -- Installing: /home/student/rileyRobot_ws/install/riley_interfaces/include/riley_interfaces/msg/detail/imu_sensor_data__functions.c
[7.219s] -- Installing: /home/student/rileyRobot_ws/install/riley_interfaces/include/riley_interfaces/msg/detail/gyroscope__type_support.h
[7.219s] -- Installing: /home/student/rileyRobot_ws/install/riley_interfaces/include/riley_interfaces/msg/detail/gyroscope__functions.h
[7.219s] -- Installing: /home/student/rileyRobot_ws/install/riley_interfaces/include/riley_interfaces/msg/detail/accelerometer__functions.h
[7.219s] -- Installing: /home/student/rileyRobot_ws/install/riley_interfaces/include/riley_interfaces/msg/detail/battery_status__type_support.h
[7.219s] -- Installing: /home/student/rileyRobot_ws/install/riley_interfaces/include/riley_interfaces/msg/detail/camera_image__functions.h
[7.219s] -- Installing: /home/student/rileyRobot_ws/install/riley_interfaces/include/riley_interfaces/msg/detail/imu_sensor_data__struct.h
[7.219s] -- Installing: /home/student/rileyRobot_ws/install/riley_interfaces/include/riley_interfaces/msg/detail/camera_image__struct.h
[7.219s] -- Installing: /home/student/rileyRobot_ws/install/riley_interfaces/include/riley_interfaces/msg/detail/imu_sensor_data__functions.h
[7.219s] -- Installing: /home/student/rileyRobot_ws/install/riley_interfaces/include/riley_interfaces/msg/detail/camera_image__type_support.h
[7.220s] -- Installing: /home/student/rileyRobot_ws/install/riley_interfaces/include/riley_interfaces/msg/detail/gyroscope__struct.h
[7.220s] -- Installing: /home/student/rileyRobot_ws/install/riley_interfaces/include/riley_interfaces/msg/detail/imu_sensor_data__type_support.h
[7.220s] -- Installing: /home/student/rileyRobot_ws/install/riley_interfaces/include/riley_interfaces/msg/detail/gyroscope__functions.c
[7.220s] -- Installing: /home/student/rileyRobot_ws/install/riley_interfaces/include/riley_interfaces/msg/accelerometer.h
[7.220s] -- Installing: /home/student/rileyRobot_ws/install/riley_interfaces/include/riley_interfaces/msg/camera_image.h
[7.220s] -- Installing: /home/student/rileyRobot_ws/install/riley_interfaces/include/riley_interfaces/msg/battery_status.h
[7.220s] -- Installing: /home/student/rileyRobot_ws/install/riley_interfaces/include/riley_interfaces/msg/rosidl_generator_c__visibility_control.h
[7.220s] -- Installing: /home/student/rileyRobot_ws/install/riley_interfaces/include/riley_interfaces/msg/gyroscope.h
[7.220s] -- Installing: /home/student/rileyRobot_ws/install/riley_interfaces/include/riley_interfaces/msg/xbox_input.h
[7.220s] -- Installing: /home/student/rileyRobot_ws/install/riley_interfaces/include/riley_interfaces/msg/imu_sensor_data.h
[7.220s] -- Installing: /home/student/rileyRobot_ws/install/riley_interfaces/share/riley_interfaces/environment/library_path.sh
[7.221s] -- Installing: /home/student/rileyRobot_ws/install/riley_interfaces/share/riley_interfaces/environment/library_path.dsv
[7.221s] -- Installing: /home/student/rileyRobot_ws/install/riley_interfaces/lib/libriley_interfaces__rosidl_generator_c.so
[7.221s] -- Set runtime path of "/home/student/rileyRobot_ws/install/riley_interfaces/lib/libriley_interfaces__rosidl_generator_c.so" to ""
[7.221s] -- Up-to-date: /home/student/rileyRobot_ws/install/riley_interfaces/include/riley_interfaces
[7.221s] -- Up-to-date: /home/student/rileyRobot_ws/install/riley_interfaces/include/riley_interfaces/msg
[7.221s] -- Up-to-date: /home/student/rileyRobot_ws/install/riley_interfaces/include/riley_interfaces/msg/detail
[7.222s] -- Installing: /home/student/rileyRobot_ws/install/riley_interfaces/include/riley_interfaces/msg/detail/imu_sensor_data__rosidl_typesupport_fastrtps_c.h
[7.222s] -- Installing: /home/student/rileyRobot_ws/install/riley_interfaces/include/riley_interfaces/msg/detail/camera_image__rosidl_typesupport_fastrtps_c.h
[7.222s] -- Installing: /home/student/rileyRobot_ws/install/riley_interfaces/include/riley_interfaces/msg/detail/accelerometer__rosidl_typesupport_fastrtps_c.h
[7.222s] -- Installing: /home/student/rileyRobot_ws/install/riley_interfaces/include/riley_interfaces/msg/detail/battery_status__rosidl_typesupport_fastrtps_c.h
[7.222s] -- Installing: /home/student/rileyRobot_ws/install/riley_interfaces/include/riley_interfaces/msg/detail/gyroscope__rosidl_typesupport_fastrtps_c.h
[7.222s] -- Installing: /home/student/rileyRobot_ws/install/riley_interfaces/include/riley_interfaces/msg/detail/xbox_input__rosidl_typesupport_fastrtps_c.h
[7.222s] -- Installing: /home/student/rileyRobot_ws/install/riley_interfaces/include/riley_interfaces/msg/rosidl_typesupport_fastrtps_c__visibility_control.h
[7.222s] -- Installing: /home/student/rileyRobot_ws/install/riley_interfaces/lib/libriley_interfaces__rosidl_typesupport_fastrtps_c.so
[7.223s] -- Set runtime path of "/home/student/rileyRobot_ws/install/riley_interfaces/lib/libriley_interfaces__rosidl_typesupport_fastrtps_c.so" to ""
[7.223s] -- Up-to-date: /home/student/rileyRobot_ws/install/riley_interfaces/include/riley_interfaces
[7.223s] -- Up-to-date: /home/student/rileyRobot_ws/install/riley_interfaces/include/riley_interfaces/msg
[7.223s] -- Installing: /home/student/rileyRobot_ws/install/riley_interfaces/include/riley_interfaces/msg/rosidl_typesupport_fastrtps_cpp__visibility_control.h
[7.223s] -- Up-to-date: /home/student/rileyRobot_ws/install/riley_interfaces/include/riley_interfaces/msg/detail
[7.223s] -- Installing: /home/student/rileyRobot_ws/install/riley_interfaces/include/riley_interfaces/msg/detail/dds_fastrtps
[7.223s] -- Installing: /home/student/rileyRobot_ws/install/riley_interfaces/include/riley_interfaces/msg/detail/battery_status__rosidl_typesupport_fastrtps_cpp.hpp
[7.223s] -- Installing: /home/student/rileyRobot_ws/install/riley_interfaces/include/riley_interfaces/msg/detail/xbox_input__rosidl_typesupport_fastrtps_cpp.hpp
[7.224s] -- Installing: /home/student/rileyRobot_ws/install/riley_interfaces/include/riley_interfaces/msg/detail/gyroscope__rosidl_typesupport_fastrtps_cpp.hpp
[7.224s] -- Installing: /home/student/rileyRobot_ws/install/riley_interfaces/include/riley_interfaces/msg/detail/camera_image__rosidl_typesupport_fastrtps_cpp.hpp
[7.224s] -- Installing: /home/student/rileyRobot_ws/install/riley_interfaces/include/riley_interfaces/msg/detail/accelerometer__rosidl_typesupport_fastrtps_cpp.hpp
[7.224s] -- Installing: /home/student/rileyRobot_ws/install/riley_interfaces/include/riley_interfaces/msg/detail/imu_sensor_data__rosidl_typesupport_fastrtps_cpp.hpp
[7.224s] -- Installing: /home/student/rileyRobot_ws/install/riley_interfaces/lib/libriley_interfaces__rosidl_typesupport_fastrtps_cpp.so
[7.224s] -- Set runtime path of "/home/student/rileyRobot_ws/install/riley_interfaces/lib/libriley_interfaces__rosidl_typesupport_fastrtps_cpp.so" to ""
[7.225s] -- Up-to-date: /home/student/rileyRobot_ws/install/riley_interfaces/include/riley_interfaces
[7.225s] -- Up-to-date: /home/student/rileyRobot_ws/install/riley_interfaces/include/riley_interfaces/msg
[7.225s] -- Up-to-date: /home/student/rileyRobot_ws/install/riley_interfaces/include/riley_interfaces/msg/detail
[7.225s] -- Installing: /home/student/rileyRobot_ws/install/riley_interfaces/include/riley_interfaces/msg/detail/battery_status__rosidl_typesupport_introspection_c.h
[7.225s] -- Installing: /home/student/rileyRobot_ws/install/riley_interfaces/include/riley_interfaces/msg/detail/gyroscope__rosidl_typesupport_introspection_c.h
[7.225s] -- Installing: /home/student/rileyRobot_ws/install/riley_interfaces/include/riley_interfaces/msg/detail/gyroscope__type_support.c
[7.225s] -- Installing: /home/student/rileyRobot_ws/install/riley_interfaces/include/riley_interfaces/msg/detail/camera_image__type_support.c
[7.225s] -- Installing: /home/student/rileyRobot_ws/install/riley_interfaces/include/riley_interfaces/msg/detail/imu_sensor_data__rosidl_typesupport_introspection_c.h
[7.225s] -- Installing: /home/student/rileyRobot_ws/install/riley_interfaces/include/riley_interfaces/msg/detail/battery_status__type_support.c
[7.226s] -- Installing: /home/student/rileyRobot_ws/install/riley_interfaces/include/riley_interfaces/msg/detail/camera_image__rosidl_typesupport_introspection_c.h
[7.226s] -- Installing: /home/student/rileyRobot_ws/install/riley_interfaces/include/riley_interfaces/msg/detail/xbox_input__rosidl_typesupport_introspection_c.h
[7.226s] -- Installing: /home/student/rileyRobot_ws/install/riley_interfaces/include/riley_interfaces/msg/detail/accelerometer__rosidl_typesupport_introspection_c.h
[7.226s] -- Installing: /home/student/rileyRobot_ws/install/riley_interfaces/include/riley_interfaces/msg/detail/imu_sensor_data__type_support.c
[7.226s] -- Installing: /home/student/rileyRobot_ws/install/riley_interfaces/include/riley_interfaces/msg/detail/accelerometer__type_support.c
[7.226s] -- Installing: /home/student/rileyRobot_ws/install/riley_interfaces/include/riley_interfaces/msg/detail/xbox_input__type_support.c
[7.226s] -- Installing: /home/student/rileyRobot_ws/install/riley_interfaces/include/riley_interfaces/msg/rosidl_typesupport_introspection_c__visibility_control.h
[7.226s] -- Installing: /home/student/rileyRobot_ws/install/riley_interfaces/lib/libriley_interfaces__rosidl_typesupport_introspection_c.so
[7.227s] -- Set runtime path of "/home/student/rileyRobot_ws/install/riley_interfaces/lib/libriley_interfaces__rosidl_typesupport_introspection_c.so" to ""
[7.227s] -- Installing: /home/student/rileyRobot_ws/install/riley_interfaces/lib/libriley_interfaces__rosidl_typesupport_c.so
[7.227s] -- Set runtime path of "/home/student/rileyRobot_ws/install/riley_interfaces/lib/libriley_interfaces__rosidl_typesupport_c.so" to ""
[7.228s] -- Up-to-date: /home/student/rileyRobot_ws/install/riley_interfaces/include/riley_interfaces
[7.228s] -- Up-to-date: /home/student/rileyRobot_ws/install/riley_interfaces/include/riley_interfaces/msg
[7.228s] -- Installing: /home/student/rileyRobot_ws/install/riley_interfaces/include/riley_interfaces/msg/accelerometer.hpp
[7.228s] -- Installing: /home/student/rileyRobot_ws/install/riley_interfaces/include/riley_interfaces/msg/xbox_input.hpp
[7.228s] -- Installing: /home/student/rileyRobot_ws/install/riley_interfaces/include/riley_interfaces/msg/battery_status.hpp
[7.228s] -- Up-to-date: /home/student/rileyRobot_ws/install/riley_interfaces/include/riley_interfaces/msg/detail
[7.228s] -- Installing: /home/student/rileyRobot_ws/install/riley_interfaces/include/riley_interfaces/msg/detail/battery_status__struct.hpp
[7.228s] -- Installing: /home/student/rileyRobot_ws/install/riley_interfaces/include/riley_interfaces/msg/detail/camera_image__builder.hpp
[7.228s] -- Installing: /home/student/rileyRobot_ws/install/riley_interfaces/include/riley_interfaces/msg/detail/imu_sensor_data__struct.hpp
[7.228s] -- Installing: /home/student/rileyRobot_ws/install/riley_interfaces/include/riley_interfaces/msg/detail/battery_status__builder.hpp
[7.229s] -- Installing: /home/student/rileyRobot_ws/install/riley_interfaces/include/riley_interfaces/msg/detail/accelerometer__struct.hpp
[7.229s] -- Installing: /home/student/rileyRobot_ws/install/riley_interfaces/include/riley_interfaces/msg/detail/gyroscope__traits.hpp
[7.229s] -- Installing: /home/student/rileyRobot_ws/install/riley_interfaces/include/riley_interfaces/msg/detail/imu_sensor_data__traits.hpp
[7.229s] -- Installing: /home/student/rileyRobot_ws/install/riley_interfaces/include/riley_interfaces/msg/detail/xbox_input__builder.hpp
[7.229s] -- Installing: /home/student/rileyRobot_ws/install/riley_interfaces/include/riley_interfaces/msg/detail/gyroscope__struct.hpp
[7.229s] -- Installing: /home/student/rileyRobot_ws/install/riley_interfaces/include/riley_interfaces/msg/detail/camera_image__struct.hpp
[7.229s] -- Installing: /home/student/rileyRobot_ws/install/riley_interfaces/include/riley_interfaces/msg/detail/accelerometer__traits.hpp
[7.229s] -- Installing: /home/student/rileyRobot_ws/install/riley_interfaces/include/riley_interfaces/msg/detail/camera_image__traits.hpp
[7.229s] -- Installing: /home/student/rileyRobot_ws/install/riley_interfaces/include/riley_interfaces/msg/detail/gyroscope__builder.hpp
[7.230s] -- Installing: /home/student/rileyRobot_ws/install/riley_interfaces/include/riley_interfaces/msg/detail/imu_sensor_data__builder.hpp
[7.230s] -- Installing: /home/student/rileyRobot_ws/install/riley_interfaces/include/riley_interfaces/msg/detail/accelerometer__builder.hpp
[7.230s] -- Installing: /home/student/rileyRobot_ws/install/riley_interfaces/include/riley_interfaces/msg/detail/battery_status__traits.hpp
[7.230s] -- Installing: /home/student/rileyRobot_ws/install/riley_interfaces/include/riley_interfaces/msg/detail/xbox_input__traits.hpp
[7.230s] -- Installing: /home/student/rileyRobot_ws/install/riley_interfaces/include/riley_interfaces/msg/detail/xbox_input__struct.hpp
[7.230s] -- Installing: /home/student/rileyRobot_ws/install/riley_interfaces/include/riley_interfaces/msg/imu_sensor_data.hpp
[7.230s] -- Installing: /home/student/rileyRobot_ws/install/riley_interfaces/include/riley_interfaces/msg/gyroscope.hpp
[7.230s] -- Installing: /home/student/rileyRobot_ws/install/riley_interfaces/include/riley_interfaces/msg/camera_image.hpp
[7.230s] -- Up-to-date: /home/student/rileyRobot_ws/install/riley_interfaces/include/riley_interfaces
[7.230s] -- Up-to-date: /home/student/rileyRobot_ws/install/riley_interfaces/include/riley_interfaces/msg
[7.231s] -- Up-to-date: /home/student/rileyRobot_ws/install/riley_interfaces/include/riley_interfaces/msg/detail
[7.231s] -- Installing: /home/student/rileyRobot_ws/install/riley_interfaces/include/riley_interfaces/msg/detail/gyroscope__type_support.cpp
[7.231s] -- Installing: /home/student/rileyRobot_ws/install/riley_interfaces/include/riley_interfaces/msg/detail/xbox_input__rosidl_typesupport_introspection_cpp.hpp
[7.231s] -- Installing: /home/student/rileyRobot_ws/install/riley_interfaces/include/riley_interfaces/msg/detail/camera_image__rosidl_typesupport_introspection_cpp.hpp
[7.231s] -- Installing: /home/student/rileyRobot_ws/install/riley_interfaces/include/riley_interfaces/msg/detail/xbox_input__type_support.cpp
[7.231s] -- Installing: /home/student/rileyRobot_ws/install/riley_interfaces/include/riley_interfaces/msg/detail/imu_sensor_data__rosidl_typesupport_introspection_cpp.hpp
[7.231s] -- Installing: /home/student/rileyRobot_ws/install/riley_interfaces/include/riley_interfaces/msg/detail/imu_sensor_data__type_support.cpp
[7.231s] -- Installing: /home/student/rileyRobot_ws/install/riley_interfaces/include/riley_interfaces/msg/detail/gyroscope__rosidl_typesupport_introspection_cpp.hpp
[7.231s] -- Installing: /home/student/rileyRobot_ws/install/riley_interfaces/include/riley_interfaces/msg/detail/battery_status__rosidl_typesupport_introspection_cpp.hpp
[7.232s] -- Installing: /home/student/rileyRobot_ws/install/riley_interfaces/include/riley_interfaces/msg/detail/accelerometer__type_support.cpp
[7.232s] -- Installing: /home/student/rileyRobot_ws/install/riley_interfaces/include/riley_interfaces/msg/detail/accelerometer__rosidl_typesupport_introspection_cpp.hpp
[7.232s] -- Installing: /home/student/rileyRobot_ws/install/riley_interfaces/include/riley_interfaces/msg/detail/camera_image__type_support.cpp
[7.232s] -- Installing: /home/student/rileyRobot_ws/install/riley_interfaces/include/riley_interfaces/msg/detail/battery_status__type_support.cpp
[7.232s] -- Installing: /home/student/rileyRobot_ws/install/riley_interfaces/lib/libriley_interfaces__rosidl_typesupport_introspection_cpp.so
[7.233s] -- Set runtime path of "/home/student/rileyRobot_ws/install/riley_interfaces/lib/libriley_interfaces__rosidl_typesupport_introspection_cpp.so" to ""
[7.233s] -- Installing: /home/student/rileyRobot_ws/install/riley_interfaces/lib/libriley_interfaces__rosidl_typesupport_cpp.so
[7.233s] -- Set runtime path of "/home/student/rileyRobot_ws/install/riley_interfaces/lib/libriley_interfaces__rosidl_typesupport_cpp.so" to ""
[7.233s] -- Installing: /home/student/rileyRobot_ws/install/riley_interfaces/share/riley_interfaces/environment/pythonpath.sh
[7.233s] -- Installing: /home/student/rileyRobot_ws/install/riley_interfaces/share/riley_interfaces/environment/pythonpath.dsv
[7.234s] -- Installing: /home/student/rileyRobot_ws/install/riley_interfaces/lib/python3.8/site-packages/riley_interfaces/__init__.py
[7.271s] Compiling '/home/student/rileyRobot_ws/install/riley_interfaces/lib/python3.8/site-packages/riley_interfaces/__init__.py'...
[7.275s] -- Installing: /home/student/rileyRobot_ws/install/riley_interfaces/lib/python3.8/site-packages/riley_interfaces/msg
[7.276s] -- Installing: /home/student/rileyRobot_ws/install/riley_interfaces/lib/python3.8/site-packages/riley_interfaces/msg/_gyroscope_s.c
[7.276s] -- Installing: /home/student/rileyRobot_ws/install/riley_interfaces/lib/python3.8/site-packages/riley_interfaces/msg/_accelerometer_s.c
[7.276s] -- Installing: /home/student/rileyRobot_ws/install/riley_interfaces/lib/python3.8/site-packages/riley_interfaces/msg/_gyroscope.py
[7.276s] -- Installing: /home/student/rileyRobot_ws/install/riley_interfaces/lib/python3.8/site-packages/riley_interfaces/msg/_battery_status.py
[7.276s] -- Installing: /home/student/rileyRobot_ws/install/riley_interfaces/lib/python3.8/site-packages/riley_interfaces/msg/_battery_status_s.c
[7.276s] -- Installing: /home/student/rileyRobot_ws/install/riley_interfaces/lib/python3.8/site-packages/riley_interfaces/msg/_camera_image_s.c
[7.276s] -- Installing: /home/student/rileyRobot_ws/install/riley_interfaces/lib/python3.8/site-packages/riley_interfaces/msg/_imu_sensor_data.py
[7.277s] -- Installing: /home/student/rileyRobot_ws/install/riley_interfaces/lib/python3.8/site-packages/riley_interfaces/msg/_camera_image.py
[7.277s] -- Installing: /home/student/rileyRobot_ws/install/riley_interfaces/lib/python3.8/site-packages/riley_interfaces/msg/_accelerometer.py
[7.277s] -- Installing: /home/student/rileyRobot_ws/install/riley_interfaces/lib/python3.8/site-packages/riley_interfaces/msg/_imu_sensor_data_s.c
[7.277s] -- Installing: /home/student/rileyRobot_ws/install/riley_interfaces/lib/python3.8/site-packages/riley_interfaces/msg/_xbox_input.py
[7.277s] -- Installing: /home/student/rileyRobot_ws/install/riley_interfaces/lib/python3.8/site-packages/riley_interfaces/msg/_xbox_input_s.c
[7.277s] -- Installing: /home/student/rileyRobot_ws/install/riley_interfaces/lib/python3.8/site-packages/riley_interfaces/msg/__init__.py
[7.277s] -- Installing: /home/student/rileyRobot_ws/install/riley_interfaces/lib/python3.8/site-packages/riley_interfaces/riley_interfaces_s__rosidl_typesupport_fastrtps_c.cpython-38-x86_64-linux-gnu.so
[7.278s] -- Set runtime path of "/home/student/rileyRobot_ws/install/riley_interfaces/lib/python3.8/site-packages/riley_interfaces/riley_interfaces_s__rosidl_typesupport_fastrtps_c.cpython-38-x86_64-linux-gnu.so" to ""
[7.278s] -- Installing: /home/student/rileyRobot_ws/install/riley_interfaces/lib/python3.8/site-packages/riley_interfaces/riley_interfaces_s__rosidl_typesupport_introspection_c.cpython-38-x86_64-linux-gnu.so
[7.279s] -- Set runtime path of "/home/student/rileyRobot_ws/install/riley_interfaces/lib/python3.8/site-packages/riley_interfaces/riley_interfaces_s__rosidl_typesupport_introspection_c.cpython-38-x86_64-linux-gnu.so" to ""
[7.279s] -- Installing: /home/student/rileyRobot_ws/install/riley_interfaces/lib/python3.8/site-packages/riley_interfaces/riley_interfaces_s__rosidl_typesupport_c.cpython-38-x86_64-linux-gnu.so
[7.280s] -- Set runtime path of "/home/student/rileyRobot_ws/install/riley_interfaces/lib/python3.8/site-packages/riley_interfaces/riley_interfaces_s__rosidl_typesupport_c.cpython-38-x86_64-linux-gnu.so" to ""
[7.280s] -- Installing: /home/student/rileyRobot_ws/install/riley_interfaces/lib/libriley_interfaces__python.so
[7.280s] -- Set runtime path of "/home/student/rileyRobot_ws/install/riley_interfaces/lib/libriley_interfaces__python.so" to ""
[7.281s] -- Installing: /home/student/rileyRobot_ws/install/riley_interfaces/share/riley_interfaces/msg/Accelerometer.idl
[7.281s] -- Installing: /home/student/rileyRobot_ws/install/riley_interfaces/share/riley_interfaces/msg/BatteryStatus.idl
[7.281s] -- Installing: /home/student/rileyRobot_ws/install/riley_interfaces/share/riley_interfaces/msg/CameraImage.idl
[7.281s] -- Installing: /home/student/rileyRobot_ws/install/riley_interfaces/share/riley_interfaces/msg/Gyroscope.idl
[7.281s] -- Installing: /home/student/rileyRobot_ws/install/riley_interfaces/share/riley_interfaces/msg/IMUSensorData.idl
[7.281s] -- Installing: /home/student/rileyRobot_ws/install/riley_interfaces/share/riley_interfaces/msg/XboxInput.idl
[7.281s] -- Installing: /home/student/rileyRobot_ws/install/riley_interfaces/share/riley_interfaces/msg/Accelerometer.msg
[7.281s] -- Installing: /home/student/rileyRobot_ws/install/riley_interfaces/share/riley_interfaces/msg/BatteryStatus.msg
[7.282s] -- Installing: /home/student/rileyRobot_ws/install/riley_interfaces/share/riley_interfaces/msg/CameraImage.msg
[7.282s] -- Installing: /home/student/rileyRobot_ws/install/riley_interfaces/share/riley_interfaces/msg/Gyroscope.msg
[7.282s] -- Installing: /home/student/rileyRobot_ws/install/riley_interfaces/share/riley_interfaces/msg/IMUSensorData.msg
[7.282s] -- Installing: /home/student/rileyRobot_ws/install/riley_interfaces/share/riley_interfaces/msg/XboxInput.msg
[7.282s] -- Installing: /home/student/rileyRobot_ws/install/riley_interfaces/share/ament_index/resource_index/package_run_dependencies/riley_interfaces
[7.283s] -- Installing: /home/student/rileyRobot_ws/install/riley_interfaces/share/ament_index/resource_index/parent_prefix_path/riley_interfaces
[7.283s] -- Installing: /home/student/rileyRobot_ws/install/riley_interfaces/share/riley_interfaces/environment/ament_prefix_path.sh
[7.283s] -- Installing: /home/student/rileyRobot_ws/install/riley_interfaces/share/riley_interfaces/environment/ament_prefix_path.dsv
[7.283s] -- Installing: /home/student/rileyRobot_ws/install/riley_interfaces/share/riley_interfaces/environment/path.sh
[7.283s] -- Installing: /home/student/rileyRobot_ws/install/riley_interfaces/share/riley_interfaces/environment/path.dsv
[7.284s] -- Installing: /home/student/rileyRobot_ws/install/riley_interfaces/share/riley_interfaces/local_setup.bash
[7.284s] -- Installing: /home/student/rileyRobot_ws/install/riley_interfaces/share/riley_interfaces/local_setup.sh
[7.284s] -- Installing: /home/student/rileyRobot_ws/install/riley_interfaces/share/riley_interfaces/local_setup.zsh
[7.284s] -- Installing: /home/student/rileyRobot_ws/install/riley_interfaces/share/riley_interfaces/local_setup.dsv
[7.284s] -- Installing: /home/student/rileyRobot_ws/install/riley_interfaces/share/riley_interfaces/package.dsv
[7.284s] -- Installing: /home/student/rileyRobot_ws/install/riley_interfaces/share/ament_index/resource_index/packages/riley_interfaces
[7.284s] -- Installing: /home/student/rileyRobot_ws/install/riley_interfaces/share/riley_interfaces/cmake/riley_interfaces__rosidl_generator_cExport.cmake
[7.285s] -- Installing: /home/student/rileyRobot_ws/install/riley_interfaces/share/riley_interfaces/cmake/riley_interfaces__rosidl_generator_cExport-noconfig.cmake
[7.285s] -- Installing: /home/student/rileyRobot_ws/install/riley_interfaces/share/riley_interfaces/cmake/riley_interfaces__rosidl_typesupport_introspection_cExport.cmake
[7.285s] -- Installing: /home/student/rileyRobot_ws/install/riley_interfaces/share/riley_interfaces/cmake/riley_interfaces__rosidl_typesupport_introspection_cExport-noconfig.cmake
[7.285s] -- Installing: /home/student/rileyRobot_ws/install/riley_interfaces/share/riley_interfaces/cmake/riley_interfaces__rosidl_typesupport_cExport.cmake
[7.286s] -- Installing: /home/student/rileyRobot_ws/install/riley_interfaces/share/riley_interfaces/cmake/riley_interfaces__rosidl_typesupport_cExport-noconfig.cmake
[7.286s] -- Installing: /home/student/rileyRobot_ws/install/riley_interfaces/share/riley_interfaces/cmake/riley_interfaces__rosidl_generator_cppExport.cmake
[7.286s] -- Installing: /home/student/rileyRobot_ws/install/riley_interfaces/share/riley_interfaces/cmake/riley_interfaces__rosidl_typesupport_introspection_cppExport.cmake
[7.286s] -- Installing: /home/student/rileyRobot_ws/install/riley_interfaces/share/riley_interfaces/cmake/riley_interfaces__rosidl_typesupport_introspection_cppExport-noconfig.cmake
[7.286s] -- Installing: /home/student/rileyRobot_ws/install/riley_interfaces/share/riley_interfaces/cmake/riley_interfaces__rosidl_typesupport_cppExport.cmake
[7.287s] -- Installing: /home/student/rileyRobot_ws/install/riley_interfaces/share/riley_interfaces/cmake/riley_interfaces__rosidl_typesupport_cppExport-noconfig.cmake
[7.287s] -- Installing: /home/student/rileyRobot_ws/install/riley_interfaces/share/riley_interfaces/cmake/rosidl_cmake-extras.cmake
[7.287s] -- Installing: /home/student/rileyRobot_ws/install/riley_interfaces/share/riley_interfaces/cmake/ament_cmake_export_dependencies-extras.cmake
[7.287s] -- Installing: /home/student/rileyRobot_ws/install/riley_interfaces/share/riley_interfaces/cmake/ament_cmake_export_libraries-extras.cmake
[7.287s] -- Installing: /home/student/rileyRobot_ws/install/riley_interfaces/share/riley_interfaces/cmake/ament_cmake_export_targets-extras.cmake
[7.287s] -- Installing: /home/student/rileyRobot_ws/install/riley_interfaces/share/riley_interfaces/cmake/ament_cmake_export_include_directories-extras.cmake
[7.288s] -- Installing: /home/student/rileyRobot_ws/install/riley_interfaces/share/riley_interfaces/cmake/rosidl_cmake_export_typesupport_libraries-extras.cmake
[7.288s] -- Installing: /home/student/rileyRobot_ws/install/riley_interfaces/share/riley_interfaces/cmake/rosidl_cmake_export_typesupport_targets-extras.cmake
[7.288s] -- Installing: /home/student/rileyRobot_ws/install/riley_interfaces/share/riley_interfaces/cmake/riley_interfacesConfig.cmake
[7.288s] -- Installing: /home/student/rileyRobot_ws/install/riley_interfaces/share/riley_interfaces/cmake/riley_interfacesConfig-version.cmake
[7.288s] -- Installing: /home/student/rileyRobot_ws/install/riley_interfaces/share/riley_interfaces/package.xml
[7.291s] Invoked command in '/home/student/rileyRobot_ws/build/riley_interfaces' returned '0': CMAKE_PREFIX_PATH=/opt/ros/foxy /usr/bin/cmake --install /home/student/rileyRobot_ws/build/riley_interfaces
